用户：zjp
时间：2016-11-02 08:52:44
操作：从index.html把数据更新到data.txt
----------------------------------------------------------------
用户：zjp
时间：2016-11-02 00:56:09
系统名称：黄金高可用系统（2016）-黄金APP前置机1
所在地：亦庄中金
SERVICEID:L526
主机名：hjappqz1
操作系统：Linux
应用：
----------------------------------------------------------------
用户：zjp
时间：2016-11-02 08:56:11
操作：从index.html把数据更新到data.txt
----------------------------------------------------------------
用户：zjp
时间：2016-11-02 00:57:20
系统名称：黄金高可用系统（2016）-黄金APP前置机2
所在地：亦庄中金
SERVICEID:L527
主机名：hjappqz2
操作系统：Linux
应用：
----------------------------------------------------------------
用户：zjp
时间：2016-11-02 08:57:22
操作：从index.html把数据更新到data.txt
----------------------------------------------------------------
用户：zjp
时间：2016-11-02 00:57:53
系统名称：黄金高可用系统（2016）-黄金报盘机1
所在地：亦庄中金
SERVICEID:L528
主机名：hjbpj1
操作系统：Linux
应用：
----------------------------------------------------------------
用户：zjp
时间：2016-11-02 08:57:54
操作：从index.html把数据更新到data.txt
----------------------------------------------------------------
用户：zjp
时间：2016-11-02 00:58:34
系统名称：黄金高可用系统（2016）-黄金报盘机2
所在地：亦庄中金
SERVICEID:L529
主机名：hjbpj2
操作系统：Linux
应用：
----------------------------------------------------------------
用户：zjp
时间：2016-11-02 08:58:36
操作：从index.html把数据更新到data.txt
----------------------------------------------------------------
