用户：zjp
时间：2016-11-23 16:32:55
操作：从index.html把数据更新到data.txt
----------------------------------------------------------------
用户：zjp
时间：2016-11-23 08:39:13
系统名称：手机银行日志服务器
所在地：亦庄中金
SERVICEID:L576
主机名：sjyhlog1
操作系统：Linux
应用：WAS
----------------------------------------------------------------
用户：zjp
时间：2016-11-23 08:39:13
系统名称：手机银行日志服务器
所在地：亦庄中金
SERVICEID:L576
主机名：sjyhlog1
操作系统：Linux
应用：WAS系统名称：自动化二期zdhhdca01
所在地：亦庄中金
SERVICEID:L577
主机名：zdhhdca01
操作系统：Linux
应用：WAS
----------------------------------------------------------------
用户：zjp
时间：2016-11-23 08:39:13
系统名称：手机银行日志服务器
所在地：亦庄中金
SERVICEID:L576
主机名：sjyhlog1
操作系统：Linux
应用：WAS系统名称：自动化二期zdhhdca01
所在地：亦庄中金
SERVICEID:L577
主机名：zdhhdca01
操作系统：Linux
应用：WAS系统名称：自动化二期zdhhdca01
所在地：亦庄中金
SERVICEID:L578
主机名：zdhhdca02
操作系统：Linux
应用：WAS
----------------------------------------------------------------
用户：zjp
时间：2016-11-23 16:39:15
操作：从index.html把数据更新到data.txt
----------------------------------------------------------------
