用户：zjp
时间：2016-11-10 09:01:11
操作：从index.html把数据更新到data.txt
----------------------------------------------------------------
用户：zjp
时间：2016-11-10 09:03:58
操作：从index.html把数据更新到data.txt
----------------------------------------------------------------
用户：zjp
时间：2016-11-10 01:53:11
系统名称：手机银行金融web1
所在地：亦庄中金
SERVICEID:L531
主机名：sjyhwebjr1
操作系统：Linux
应用：
----------------------------------------------------------------
用户：zjp
时间：2016-11-10 01:53:11
系统名称：手机银行金融web1
所在地：亦庄中金
SERVICEID:L531
主机名：sjyhwebjr1
操作系统：Linux
应用：系统名称：手机银行金融web2
所在地：亦庄中金
SERVICEID:L532
主机名：sjyhwebjr2
操作系统：Linux
应用：
----------------------------------------------------------------
用户：zjp
时间：2016-11-10 01:53:11
系统名称：手机银行金融web1
所在地：亦庄中金
SERVICEID:L531
主机名：sjyhwebjr1
操作系统：Linux
应用：系统名称：手机银行金融web2
所在地：亦庄中金
SERVICEID:L532
主机名：sjyhwebjr2
操作系统：Linux
应用：系统名称：手机银行金融web3
所在地：亦庄中金
SERVICEID:L533
主机名：sjyhwebjr3
操作系统：Linux
应用：
----------------------------------------------------------------
用户：zjp
时间：2016-11-10 01:53:11
系统名称：手机银行金融web1
所在地：亦庄中金
SERVICEID:L531
主机名：sjyhwebjr1
操作系统：Linux
应用：系统名称：手机银行金融web2
所在地：亦庄中金
SERVICEID:L532
主机名：sjyhwebjr2
操作系统：Linux
应用：系统名称：手机银行金融web3
所在地：亦庄中金
SERVICEID:L533
主机名：sjyhwebjr3
操作系统：Linux
应用：系统名称：手机银行金融web4
所在地：亦庄中金
SERVICEID:L534
主机名：sjyhwebjr4
操作系统：Linux
应用：
----------------------------------------------------------------
用户：zjp
时间：2016-11-10 01:53:11
系统名称：手机银行金融web1
所在地：亦庄中金
SERVICEID:L531
主机名：sjyhwebjr1
操作系统：Linux
应用：系统名称：手机银行金融web2
所在地：亦庄中金
SERVICEID:L532
主机名：sjyhwebjr2
操作系统：Linux
应用：系统名称：手机银行金融web3
所在地：亦庄中金
SERVICEID:L533
主机名：sjyhwebjr3
操作系统：Linux
应用：系统名称：手机银行金融web4
所在地：亦庄中金
SERVICEID:L534
主机名：sjyhwebjr4
操作系统：Linux
应用：系统名称：手机银行金融web5
所在地：亦庄中金
SERVICEID:L535
主机名：sjyhwebjr5
操作系统：Linux
应用：
----------------------------------------------------------------
用户：zjp
时间：2016-11-10 01:53:11
系统名称：手机银行金融web1
所在地：亦庄中金
SERVICEID:L531
主机名：sjyhwebjr1
操作系统：Linux
应用：系统名称：手机银行金融web2
所在地：亦庄中金
SERVICEID:L532
主机名：sjyhwebjr2
操作系统：Linux
应用：系统名称：手机银行金融web3
所在地：亦庄中金
SERVICEID:L533
主机名：sjyhwebjr3
操作系统：Linux
应用：系统名称：手机银行金融web4
所在地：亦庄中金
SERVICEID:L534
主机名：sjyhwebjr4
操作系统：Linux
应用：系统名称：手机银行金融web5
所在地：亦庄中金
SERVICEID:L535
主机名：sjyhwebjr5
操作系统：Linux
应用：系统名称：手机银行金融web6
所在地：亦庄中金
SERVICEID:L536
主机名：sjyhwebjr6
操作系统：Linux
应用：
----------------------------------------------------------------
用户：zjp
时间：2016-11-10 01:53:11
系统名称：手机银行金融web1
所在地：亦庄中金
SERVICEID:L531
主机名：sjyhwebjr1
操作系统：Linux
应用：系统名称：手机银行金融web2
所在地：亦庄中金
SERVICEID:L532
主机名：sjyhwebjr2
操作系统：Linux
应用：系统名称：手机银行金融web3
所在地：亦庄中金
SERVICEID:L533
主机名：sjyhwebjr3
操作系统：Linux
应用：系统名称：手机银行金融web4
所在地：亦庄中金
SERVICEID:L534
主机名：sjyhwebjr4
操作系统：Linux
应用：系统名称：手机银行金融web5
所在地：亦庄中金
SERVICEID:L535
主机名：sjyhwebjr5
操作系统：Linux
应用：系统名称：手机银行金融web6
所在地：亦庄中金
SERVICEID:L536
主机名：sjyhwebjr6
操作系统：Linux
应用：系统名称：手机银行金融web7
所在地：亦庄中金
SERVICEID:L537
主机名：sjyhwebjr7
操作系统：Linux
应用：
----------------------------------------------------------------
用户：zjp
时间：2016-11-10 01:53:11
系统名称：手机银行金融web1
所在地：亦庄中金
SERVICEID:L531
主机名：sjyhwebjr1
操作系统：Linux
应用：系统名称：手机银行金融web2
所在地：亦庄中金
SERVICEID:L532
主机名：sjyhwebjr2
操作系统：Linux
应用：系统名称：手机银行金融web3
所在地：亦庄中金
SERVICEID:L533
主机名：sjyhwebjr3
操作系统：Linux
应用：系统名称：手机银行金融web4
所在地：亦庄中金
SERVICEID:L534
主机名：sjyhwebjr4
操作系统：Linux
应用：系统名称：手机银行金融web5
所在地：亦庄中金
SERVICEID:L535
主机名：sjyhwebjr5
操作系统：Linux
应用：系统名称：手机银行金融web6
所在地：亦庄中金
SERVICEID:L536
主机名：sjyhwebjr6
操作系统：Linux
应用：系统名称：手机银行金融web7
所在地：亦庄中金
SERVICEID:L537
主机名：sjyhwebjr7
操作系统：Linux
应用：系统名称：手机银行金融web8
所在地：亦庄中金
SERVICEID:L538
主机名：sjyhwebjr8
操作系统：Linux
应用：
----------------------------------------------------------------
用户：zjp
时间：2016-11-10 01:53:11
系统名称：手机银行金融web1
所在地：亦庄中金
SERVICEID:L531
主机名：sjyhwebjr1
操作系统：Linux
应用：系统名称：手机银行金融web2
所在地：亦庄中金
SERVICEID:L532
主机名：sjyhwebjr2
操作系统：Linux
应用：系统名称：手机银行金融web3
所在地：亦庄中金
SERVICEID:L533
主机名：sjyhwebjr3
操作系统：Linux
应用：系统名称：手机银行金融web4
所在地：亦庄中金
SERVICEID:L534
主机名：sjyhwebjr4
操作系统：Linux
应用：系统名称：手机银行金融web5
所在地：亦庄中金
SERVICEID:L535
主机名：sjyhwebjr5
操作系统：Linux
应用：系统名称：手机银行金融web6
所在地：亦庄中金
SERVICEID:L536
主机名：sjyhwebjr6
操作系统：Linux
应用：系统名称：手机银行金融web7
所在地：亦庄中金
SERVICEID:L537
主机名：sjyhwebjr7
操作系统：Linux
应用：系统名称：手机银行金融web8
所在地：亦庄中金
SERVICEID:L538
主机名：sjyhwebjr8
操作系统：Linux
应用：系统名称：手机银行金融web9
所在地：亦庄中金
SERVICEID:L539
主机名：sjyhwebjr9
操作系统：Linux
应用：
----------------------------------------------------------------
用户：zjp
时间：2016-11-10 01:53:11
系统名称：手机银行金融web1
所在地：亦庄中金
SERVICEID:L531
主机名：sjyhwebjr1
操作系统：Linux
应用：系统名称：手机银行金融web2
所在地：亦庄中金
SERVICEID:L532
主机名：sjyhwebjr2
操作系统：Linux
应用：系统名称：手机银行金融web3
所在地：亦庄中金
SERVICEID:L533
主机名：sjyhwebjr3
操作系统：Linux
应用：系统名称：手机银行金融web4
所在地：亦庄中金
SERVICEID:L534
主机名：sjyhwebjr4
操作系统：Linux
应用：系统名称：手机银行金融web5
所在地：亦庄中金
SERVICEID:L535
主机名：sjyhwebjr5
操作系统：Linux
应用：系统名称：手机银行金融web6
所在地：亦庄中金
SERVICEID:L536
主机名：sjyhwebjr6
操作系统：Linux
应用：系统名称：手机银行金融web7
所在地：亦庄中金
SERVICEID:L537
主机名：sjyhwebjr7
操作系统：Linux
应用：系统名称：手机银行金融web8
所在地：亦庄中金
SERVICEID:L538
主机名：sjyhwebjr8
操作系统：Linux
应用：系统名称：手机银行金融web9
所在地：亦庄中金
SERVICEID:L539
主机名：sjyhwebjr9
操作系统：Linux
应用：系统名称：手机银行金融web10
所在地：亦庄中金
SERVICEID:L540
主机名：sjyhwebjr10
操作系统：Linux
应用：
----------------------------------------------------------------
用户：zjp
时间：2016-11-10 01:53:11
系统名称：手机银行金融web1
所在地：亦庄中金
SERVICEID:L531
主机名：sjyhwebjr1
操作系统：Linux
应用：系统名称：手机银行金融web2
所在地：亦庄中金
SERVICEID:L532
主机名：sjyhwebjr2
操作系统：Linux
应用：系统名称：手机银行金融web3
所在地：亦庄中金
SERVICEID:L533
主机名：sjyhwebjr3
操作系统：Linux
应用：系统名称：手机银行金融web4
所在地：亦庄中金
SERVICEID:L534
主机名：sjyhwebjr4
操作系统：Linux
应用：系统名称：手机银行金融web5
所在地：亦庄中金
SERVICEID:L535
主机名：sjyhwebjr5
操作系统：Linux
应用：系统名称：手机银行金融web6
所在地：亦庄中金
SERVICEID:L536
主机名：sjyhwebjr6
操作系统：Linux
应用：系统名称：手机银行金融web7
所在地：亦庄中金
SERVICEID:L537
主机名：sjyhwebjr7
操作系统：Linux
应用：系统名称：手机银行金融web8
所在地：亦庄中金
SERVICEID:L538
主机名：sjyhwebjr8
操作系统：Linux
应用：系统名称：手机银行金融web9
所在地：亦庄中金
SERVICEID:L539
主机名：sjyhwebjr9
操作系统：Linux
应用：系统名称：手机银行金融web10
所在地：亦庄中金
SERVICEID:L540
主机名：sjyhwebjr10
操作系统：Linux
应用：系统名称：手机银行Android推送服务器1
所在地：亦庄中金
SERVICEID:L541
主机名：sjyhxxts1
操作系统：Linux
应用：
----------------------------------------------------------------
用户：zjp
时间：2016-11-10 01:53:11
系统名称：手机银行金融web1
所在地：亦庄中金
SERVICEID:L531
主机名：sjyhwebjr1
操作系统：Linux
应用：系统名称：手机银行金融web2
所在地：亦庄中金
SERVICEID:L532
主机名：sjyhwebjr2
操作系统：Linux
应用：系统名称：手机银行金融web3
所在地：亦庄中金
SERVICEID:L533
主机名：sjyhwebjr3
操作系统：Linux
应用：系统名称：手机银行金融web4
所在地：亦庄中金
SERVICEID:L534
主机名：sjyhwebjr4
操作系统：Linux
应用：系统名称：手机银行金融web5
所在地：亦庄中金
SERVICEID:L535
主机名：sjyhwebjr5
操作系统：Linux
应用：系统名称：手机银行金融web6
所在地：亦庄中金
SERVICEID:L536
主机名：sjyhwebjr6
操作系统：Linux
应用：系统名称：手机银行金融web7
所在地：亦庄中金
SERVICEID:L537
主机名：sjyhwebjr7
操作系统：Linux
应用：系统名称：手机银行金融web8
所在地：亦庄中金
SERVICEID:L538
主机名：sjyhwebjr8
操作系统：Linux
应用：系统名称：手机银行金融web9
所在地：亦庄中金
SERVICEID:L539
主机名：sjyhwebjr9
操作系统：Linux
应用：系统名称：手机银行金融web10
所在地：亦庄中金
SERVICEID:L540
主机名：sjyhwebjr10
操作系统：Linux
应用：系统名称：手机银行Android推送服务器1
所在地：亦庄中金
SERVICEID:L541
主机名：sjyhxxts1
操作系统：Linux
应用：系统名称：手机银行Android推送服务器2
所在地：亦庄中金
SERVICEID:L542
主机名：sjyhxxts2
操作系统：Linux
应用：
----------------------------------------------------------------
用户：zjp
时间：2016-11-10 01:53:11
系统名称：手机银行金融web1
所在地：亦庄中金
SERVICEID:L531
主机名：sjyhwebjr1
操作系统：Linux
应用：系统名称：手机银行金融web2
所在地：亦庄中金
SERVICEID:L532
主机名：sjyhwebjr2
操作系统：Linux
应用：系统名称：手机银行金融web3
所在地：亦庄中金
SERVICEID:L533
主机名：sjyhwebjr3
操作系统：Linux
应用：系统名称：手机银行金融web4
所在地：亦庄中金
SERVICEID:L534
主机名：sjyhwebjr4
操作系统：Linux
应用：系统名称：手机银行金融web5
所在地：亦庄中金
SERVICEID:L535
主机名：sjyhwebjr5
操作系统：Linux
应用：系统名称：手机银行金融web6
所在地：亦庄中金
SERVICEID:L536
主机名：sjyhwebjr6
操作系统：Linux
应用：系统名称：手机银行金融web7
所在地：亦庄中金
SERVICEID:L537
主机名：sjyhwebjr7
操作系统：Linux
应用：系统名称：手机银行金融web8
所在地：亦庄中金
SERVICEID:L538
主机名：sjyhwebjr8
操作系统：Linux
应用：系统名称：手机银行金融web9
所在地：亦庄中金
SERVICEID:L539
主机名：sjyhwebjr9
操作系统：Linux
应用：系统名称：手机银行金融web10
所在地：亦庄中金
SERVICEID:L540
主机名：sjyhwebjr10
操作系统：Linux
应用：系统名称：手机银行Android推送服务器1
所在地：亦庄中金
SERVICEID:L541
主机名：sjyhxxts1
操作系统：Linux
应用：系统名称：手机银行Android推送服务器2
所在地：亦庄中金
SERVICEID:L542
主机名：sjyhxxts2
操作系统：Linux
应用：系统名称：手机银行推送应用服务器1
所在地：亦庄中金
SERVICEID:L543
主机名：sjyhtsapp1
操作系统：Linux
应用：
----------------------------------------------------------------
用户：zjp
时间：2016-11-10 01:53:11
系统名称：手机银行金融web1
所在地：亦庄中金
SERVICEID:L531
主机名：sjyhwebjr1
操作系统：Linux
应用：系统名称：手机银行金融web2
所在地：亦庄中金
SERVICEID:L532
主机名：sjyhwebjr2
操作系统：Linux
应用：系统名称：手机银行金融web3
所在地：亦庄中金
SERVICEID:L533
主机名：sjyhwebjr3
操作系统：Linux
应用：系统名称：手机银行金融web4
所在地：亦庄中金
SERVICEID:L534
主机名：sjyhwebjr4
操作系统：Linux
应用：系统名称：手机银行金融web5
所在地：亦庄中金
SERVICEID:L535
主机名：sjyhwebjr5
操作系统：Linux
应用：系统名称：手机银行金融web6
所在地：亦庄中金
SERVICEID:L536
主机名：sjyhwebjr6
操作系统：Linux
应用：系统名称：手机银行金融web7
所在地：亦庄中金
SERVICEID:L537
主机名：sjyhwebjr7
操作系统：Linux
应用：系统名称：手机银行金融web8
所在地：亦庄中金
SERVICEID:L538
主机名：sjyhwebjr8
操作系统：Linux
应用：系统名称：手机银行金融web9
所在地：亦庄中金
SERVICEID:L539
主机名：sjyhwebjr9
操作系统：Linux
应用：系统名称：手机银行金融web10
所在地：亦庄中金
SERVICEID:L540
主机名：sjyhwebjr10
操作系统：Linux
应用：系统名称：手机银行Android推送服务器1
所在地：亦庄中金
SERVICEID:L541
主机名：sjyhxxts1
操作系统：Linux
应用：系统名称：手机银行Android推送服务器2
所在地：亦庄中金
SERVICEID:L542
主机名：sjyhxxts2
操作系统：Linux
应用：系统名称：手机银行推送应用服务器1
所在地：亦庄中金
SERVICEID:L543
主机名：sjyhtsapp1
操作系统：Linux
应用：系统名称：手机银行推送应用服务器2
所在地：亦庄中金
SERVICEID:L544
主机名：sjyhtsapp2
操作系统：Linux
应用：
----------------------------------------------------------------
用户：zjp
时间：2016-11-10 01:53:11
系统名称：手机银行金融web1
所在地：亦庄中金
SERVICEID:L531
主机名：sjyhwebjr1
操作系统：Linux
应用：系统名称：手机银行金融web2
所在地：亦庄中金
SERVICEID:L532
主机名：sjyhwebjr2
操作系统：Linux
应用：系统名称：手机银行金融web3
所在地：亦庄中金
SERVICEID:L533
主机名：sjyhwebjr3
操作系统：Linux
应用：系统名称：手机银行金融web4
所在地：亦庄中金
SERVICEID:L534
主机名：sjyhwebjr4
操作系统：Linux
应用：系统名称：手机银行金融web5
所在地：亦庄中金
SERVICEID:L535
主机名：sjyhwebjr5
操作系统：Linux
应用：系统名称：手机银行金融web6
所在地：亦庄中金
SERVICEID:L536
主机名：sjyhwebjr6
操作系统：Linux
应用：系统名称：手机银行金融web7
所在地：亦庄中金
SERVICEID:L537
主机名：sjyhwebjr7
操作系统：Linux
应用：系统名称：手机银行金融web8
所在地：亦庄中金
SERVICEID:L538
主机名：sjyhwebjr8
操作系统：Linux
应用：系统名称：手机银行金融web9
所在地：亦庄中金
SERVICEID:L539
主机名：sjyhwebjr9
操作系统：Linux
应用：系统名称：手机银行金融web10
所在地：亦庄中金
SERVICEID:L540
主机名：sjyhwebjr10
操作系统：Linux
应用：系统名称：手机银行Android推送服务器1
所在地：亦庄中金
SERVICEID:L541
主机名：sjyhxxts1
操作系统：Linux
应用：系统名称：手机银行Android推送服务器2
所在地：亦庄中金
SERVICEID:L542
主机名：sjyhxxts2
操作系统：Linux
应用：系统名称：手机银行推送应用服务器1
所在地：亦庄中金
SERVICEID:L543
主机名：sjyhtsapp1
操作系统：Linux
应用：系统名称：手机银行推送应用服务器2
所在地：亦庄中金
SERVICEID:L544
主机名：sjyhtsapp2
操作系统：Linux
应用：系统名称：手机银行推送任务管理服务器1
所在地：亦庄中金
SERVICEID:L545
主机名：sjyhtsmng1
操作系统：Linux
应用：
----------------------------------------------------------------
用户：zjp
时间：2016-11-10 01:53:11
系统名称：手机银行金融web1
所在地：亦庄中金
SERVICEID:L531
主机名：sjyhwebjr1
操作系统：Linux
应用：系统名称：手机银行金融web2
所在地：亦庄中金
SERVICEID:L532
主机名：sjyhwebjr2
操作系统：Linux
应用：系统名称：手机银行金融web3
所在地：亦庄中金
SERVICEID:L533
主机名：sjyhwebjr3
操作系统：Linux
应用：系统名称：手机银行金融web4
所在地：亦庄中金
SERVICEID:L534
主机名：sjyhwebjr4
操作系统：Linux
应用：系统名称：手机银行金融web5
所在地：亦庄中金
SERVICEID:L535
主机名：sjyhwebjr5
操作系统：Linux
应用：系统名称：手机银行金融web6
所在地：亦庄中金
SERVICEID:L536
主机名：sjyhwebjr6
操作系统：Linux
应用：系统名称：手机银行金融web7
所在地：亦庄中金
SERVICEID:L537
主机名：sjyhwebjr7
操作系统：Linux
应用：系统名称：手机银行金融web8
所在地：亦庄中金
SERVICEID:L538
主机名：sjyhwebjr8
操作系统：Linux
应用：系统名称：手机银行金融web9
所在地：亦庄中金
SERVICEID:L539
主机名：sjyhwebjr9
操作系统：Linux
应用：系统名称：手机银行金融web10
所在地：亦庄中金
SERVICEID:L540
主机名：sjyhwebjr10
操作系统：Linux
应用：系统名称：手机银行Android推送服务器1
所在地：亦庄中金
SERVICEID:L541
主机名：sjyhxxts1
操作系统：Linux
应用：系统名称：手机银行Android推送服务器2
所在地：亦庄中金
SERVICEID:L542
主机名：sjyhxxts2
操作系统：Linux
应用：系统名称：手机银行推送应用服务器1
所在地：亦庄中金
SERVICEID:L543
主机名：sjyhtsapp1
操作系统：Linux
应用：系统名称：手机银行推送应用服务器2
所在地：亦庄中金
SERVICEID:L544
主机名：sjyhtsapp2
操作系统：Linux
应用：系统名称：手机银行推送任务管理服务器1
所在地：亦庄中金
SERVICEID:L545
主机名：sjyhtsmng1
操作系统：Linux
应用：系统名称：手机银行推送任务管理服务器2
所在地：亦庄中金
SERVICEID:L546
主机名：sjyhtsmng2
操作系统：Linux
应用：
----------------------------------------------------------------
用户：zjp
时间：2016-11-10 01:53:11
系统名称：手机银行金融web1
所在地：亦庄中金
SERVICEID:L531
主机名：sjyhwebjr1
操作系统：Linux
应用：系统名称：手机银行金融web2
所在地：亦庄中金
SERVICEID:L532
主机名：sjyhwebjr2
操作系统：Linux
应用：系统名称：手机银行金融web3
所在地：亦庄中金
SERVICEID:L533
主机名：sjyhwebjr3
操作系统：Linux
应用：系统名称：手机银行金融web4
所在地：亦庄中金
SERVICEID:L534
主机名：sjyhwebjr4
操作系统：Linux
应用：系统名称：手机银行金融web5
所在地：亦庄中金
SERVICEID:L535
主机名：sjyhwebjr5
操作系统：Linux
应用：系统名称：手机银行金融web6
所在地：亦庄中金
SERVICEID:L536
主机名：sjyhwebjr6
操作系统：Linux
应用：系统名称：手机银行金融web7
所在地：亦庄中金
SERVICEID:L537
主机名：sjyhwebjr7
操作系统：Linux
应用：系统名称：手机银行金融web8
所在地：亦庄中金
SERVICEID:L538
主机名：sjyhwebjr8
操作系统：Linux
应用：系统名称：手机银行金融web9
所在地：亦庄中金
SERVICEID:L539
主机名：sjyhwebjr9
操作系统：Linux
应用：系统名称：手机银行金融web10
所在地：亦庄中金
SERVICEID:L540
主机名：sjyhwebjr10
操作系统：Linux
应用：系统名称：手机银行Android推送服务器1
所在地：亦庄中金
SERVICEID:L541
主机名：sjyhxxts1
操作系统：Linux
应用：系统名称：手机银行Android推送服务器2
所在地：亦庄中金
SERVICEID:L542
主机名：sjyhxxts2
操作系统：Linux
应用：系统名称：手机银行推送应用服务器1
所在地：亦庄中金
SERVICEID:L543
主机名：sjyhtsapp1
操作系统：Linux
应用：系统名称：手机银行推送应用服务器2
所在地：亦庄中金
SERVICEID:L544
主机名：sjyhtsapp2
操作系统：Linux
应用：系统名称：手机银行推送任务管理服务器1
所在地：亦庄中金
SERVICEID:L545
主机名：sjyhtsmng1
操作系统：Linux
应用：系统名称：手机银行推送任务管理服务器2
所在地：亦庄中金
SERVICEID:L546
主机名：sjyhtsmng2
操作系统：Linux
应用：系统名称：callcenter在线客服系统APP
所在地：亦庄中金
SERVICEID:L547
主机名：znzxkfapp1
操作系统：Linux
应用：
----------------------------------------------------------------
用户：zjp
时间：2016-11-10 01:53:11
系统名称：手机银行金融web1
所在地：亦庄中金
SERVICEID:L531
主机名：sjyhwebjr1
操作系统：Linux
应用：系统名称：手机银行金融web2
所在地：亦庄中金
SERVICEID:L532
主机名：sjyhwebjr2
操作系统：Linux
应用：系统名称：手机银行金融web3
所在地：亦庄中金
SERVICEID:L533
主机名：sjyhwebjr3
操作系统：Linux
应用：系统名称：手机银行金融web4
所在地：亦庄中金
SERVICEID:L534
主机名：sjyhwebjr4
操作系统：Linux
应用：系统名称：手机银行金融web5
所在地：亦庄中金
SERVICEID:L535
主机名：sjyhwebjr5
操作系统：Linux
应用：系统名称：手机银行金融web6
所在地：亦庄中金
SERVICEID:L536
主机名：sjyhwebjr6
操作系统：Linux
应用：系统名称：手机银行金融web7
所在地：亦庄中金
SERVICEID:L537
主机名：sjyhwebjr7
操作系统：Linux
应用：系统名称：手机银行金融web8
所在地：亦庄中金
SERVICEID:L538
主机名：sjyhwebjr8
操作系统：Linux
应用：系统名称：手机银行金融web9
所在地：亦庄中金
SERVICEID:L539
主机名：sjyhwebjr9
操作系统：Linux
应用：系统名称：手机银行金融web10
所在地：亦庄中金
SERVICEID:L540
主机名：sjyhwebjr10
操作系统：Linux
应用：系统名称：手机银行Android推送服务器1
所在地：亦庄中金
SERVICEID:L541
主机名：sjyhxxts1
操作系统：Linux
应用：系统名称：手机银行Android推送服务器2
所在地：亦庄中金
SERVICEID:L542
主机名：sjyhxxts2
操作系统：Linux
应用：系统名称：手机银行推送应用服务器1
所在地：亦庄中金
SERVICEID:L543
主机名：sjyhtsapp1
操作系统：Linux
应用：系统名称：手机银行推送应用服务器2
所在地：亦庄中金
SERVICEID:L544
主机名：sjyhtsapp2
操作系统：Linux
应用：系统名称：手机银行推送任务管理服务器1
所在地：亦庄中金
SERVICEID:L545
主机名：sjyhtsmng1
操作系统：Linux
应用：系统名称：手机银行推送任务管理服务器2
所在地：亦庄中金
SERVICEID:L546
主机名：sjyhtsmng2
操作系统：Linux
应用：系统名称：callcenter在线客服系统APP
所在地：亦庄中金
SERVICEID:L547
主机名：znzxkfapp1
操作系统：Linux
应用：系统名称：callcenter在线客服系统WEB1
所在地：亦庄中金
SERVICEID:L548
主机名：znzxkfweb1
操作系统：Linux
应用：
----------------------------------------------------------------
用户：zjp
时间：2016-11-10 01:53:11
系统名称：手机银行金融web1
所在地：亦庄中金
SERVICEID:L531
主机名：sjyhwebjr1
操作系统：Linux
应用：系统名称：手机银行金融web2
所在地：亦庄中金
SERVICEID:L532
主机名：sjyhwebjr2
操作系统：Linux
应用：系统名称：手机银行金融web3
所在地：亦庄中金
SERVICEID:L533
主机名：sjyhwebjr3
操作系统：Linux
应用：系统名称：手机银行金融web4
所在地：亦庄中金
SERVICEID:L534
主机名：sjyhwebjr4
操作系统：Linux
应用：系统名称：手机银行金融web5
所在地：亦庄中金
SERVICEID:L535
主机名：sjyhwebjr5
操作系统：Linux
应用：系统名称：手机银行金融web6
所在地：亦庄中金
SERVICEID:L536
主机名：sjyhwebjr6
操作系统：Linux
应用：系统名称：手机银行金融web7
所在地：亦庄中金
SERVICEID:L537
主机名：sjyhwebjr7
操作系统：Linux
应用：系统名称：手机银行金融web8
所在地：亦庄中金
SERVICEID:L538
主机名：sjyhwebjr8
操作系统：Linux
应用：系统名称：手机银行金融web9
所在地：亦庄中金
SERVICEID:L539
主机名：sjyhwebjr9
操作系统：Linux
应用：系统名称：手机银行金融web10
所在地：亦庄中金
SERVICEID:L540
主机名：sjyhwebjr10
操作系统：Linux
应用：系统名称：手机银行Android推送服务器1
所在地：亦庄中金
SERVICEID:L541
主机名：sjyhxxts1
操作系统：Linux
应用：系统名称：手机银行Android推送服务器2
所在地：亦庄中金
SERVICEID:L542
主机名：sjyhxxts2
操作系统：Linux
应用：系统名称：手机银行推送应用服务器1
所在地：亦庄中金
SERVICEID:L543
主机名：sjyhtsapp1
操作系统：Linux
应用：系统名称：手机银行推送应用服务器2
所在地：亦庄中金
SERVICEID:L544
主机名：sjyhtsapp2
操作系统：Linux
应用：系统名称：手机银行推送任务管理服务器1
所在地：亦庄中金
SERVICEID:L545
主机名：sjyhtsmng1
操作系统：Linux
应用：系统名称：手机银行推送任务管理服务器2
所在地：亦庄中金
SERVICEID:L546
主机名：sjyhtsmng2
操作系统：Linux
应用：系统名称：callcenter在线客服系统APP
所在地：亦庄中金
SERVICEID:L547
主机名：znzxkfapp1
操作系统：Linux
应用：系统名称：callcenter在线客服系统WEB1
所在地：亦庄中金
SERVICEID:L548
主机名：znzxkfweb1
操作系统：Linux
应用：系统名称：callcenter在线客服系统WEB2
所在地：亦庄中金
SERVICEID:L549
主机名：znzxkfweb2
操作系统：Linux
应用：
----------------------------------------------------------------
用户：zjp
时间：2016-11-10 01:53:11
系统名称：手机银行金融web1
所在地：亦庄中金
SERVICEID:L531
主机名：sjyhwebjr1
操作系统：Linux
应用：系统名称：手机银行金融web2
所在地：亦庄中金
SERVICEID:L532
主机名：sjyhwebjr2
操作系统：Linux
应用：系统名称：手机银行金融web3
所在地：亦庄中金
SERVICEID:L533
主机名：sjyhwebjr3
操作系统：Linux
应用：系统名称：手机银行金融web4
所在地：亦庄中金
SERVICEID:L534
主机名：sjyhwebjr4
操作系统：Linux
应用：系统名称：手机银行金融web5
所在地：亦庄中金
SERVICEID:L535
主机名：sjyhwebjr5
操作系统：Linux
应用：系统名称：手机银行金融web6
所在地：亦庄中金
SERVICEID:L536
主机名：sjyhwebjr6
操作系统：Linux
应用：系统名称：手机银行金融web7
所在地：亦庄中金
SERVICEID:L537
主机名：sjyhwebjr7
操作系统：Linux
应用：系统名称：手机银行金融web8
所在地：亦庄中金
SERVICEID:L538
主机名：sjyhwebjr8
操作系统：Linux
应用：系统名称：手机银行金融web9
所在地：亦庄中金
SERVICEID:L539
主机名：sjyhwebjr9
操作系统：Linux
应用：系统名称：手机银行金融web10
所在地：亦庄中金
SERVICEID:L540
主机名：sjyhwebjr10
操作系统：Linux
应用：系统名称：手机银行Android推送服务器1
所在地：亦庄中金
SERVICEID:L541
主机名：sjyhxxts1
操作系统：Linux
应用：系统名称：手机银行Android推送服务器2
所在地：亦庄中金
SERVICEID:L542
主机名：sjyhxxts2
操作系统：Linux
应用：系统名称：手机银行推送应用服务器1
所在地：亦庄中金
SERVICEID:L543
主机名：sjyhtsapp1
操作系统：Linux
应用：系统名称：手机银行推送应用服务器2
所在地：亦庄中金
SERVICEID:L544
主机名：sjyhtsapp2
操作系统：Linux
应用：系统名称：手机银行推送任务管理服务器1
所在地：亦庄中金
SERVICEID:L545
主机名：sjyhtsmng1
操作系统：Linux
应用：系统名称：手机银行推送任务管理服务器2
所在地：亦庄中金
SERVICEID:L546
主机名：sjyhtsmng2
操作系统：Linux
应用：系统名称：callcenter在线客服系统APP
所在地：亦庄中金
SERVICEID:L547
主机名：znzxkfapp1
操作系统：Linux
应用：系统名称：callcenter在线客服系统WEB1
所在地：亦庄中金
SERVICEID:L548
主机名：znzxkfweb1
操作系统：Linux
应用：系统名称：callcenter在线客服系统WEB2
所在地：亦庄中金
SERVICEID:L549
主机名：znzxkfweb2
操作系统：Linux
应用：系统名称：手机银行登录AP1
所在地：亦庄中金
SERVICEID:L550
主机名：sjyhapp1
操作系统：Linux
应用：
----------------------------------------------------------------
用户：zjp
时间：2016-11-10 01:53:11
系统名称：手机银行金融web1
所在地：亦庄中金
SERVICEID:L531
主机名：sjyhwebjr1
操作系统：Linux
应用：系统名称：手机银行金融web2
所在地：亦庄中金
SERVICEID:L532
主机名：sjyhwebjr2
操作系统：Linux
应用：系统名称：手机银行金融web3
所在地：亦庄中金
SERVICEID:L533
主机名：sjyhwebjr3
操作系统：Linux
应用：系统名称：手机银行金融web4
所在地：亦庄中金
SERVICEID:L534
主机名：sjyhwebjr4
操作系统：Linux
应用：系统名称：手机银行金融web5
所在地：亦庄中金
SERVICEID:L535
主机名：sjyhwebjr5
操作系统：Linux
应用：系统名称：手机银行金融web6
所在地：亦庄中金
SERVICEID:L536
主机名：sjyhwebjr6
操作系统：Linux
应用：系统名称：手机银行金融web7
所在地：亦庄中金
SERVICEID:L537
主机名：sjyhwebjr7
操作系统：Linux
应用：系统名称：手机银行金融web8
所在地：亦庄中金
SERVICEID:L538
主机名：sjyhwebjr8
操作系统：Linux
应用：系统名称：手机银行金融web9
所在地：亦庄中金
SERVICEID:L539
主机名：sjyhwebjr9
操作系统：Linux
应用：系统名称：手机银行金融web10
所在地：亦庄中金
SERVICEID:L540
主机名：sjyhwebjr10
操作系统：Linux
应用：系统名称：手机银行Android推送服务器1
所在地：亦庄中金
SERVICEID:L541
主机名：sjyhxxts1
操作系统：Linux
应用：系统名称：手机银行Android推送服务器2
所在地：亦庄中金
SERVICEID:L542
主机名：sjyhxxts2
操作系统：Linux
应用：系统名称：手机银行推送应用服务器1
所在地：亦庄中金
SERVICEID:L543
主机名：sjyhtsapp1
操作系统：Linux
应用：系统名称：手机银行推送应用服务器2
所在地：亦庄中金
SERVICEID:L544
主机名：sjyhtsapp2
操作系统：Linux
应用：系统名称：手机银行推送任务管理服务器1
所在地：亦庄中金
SERVICEID:L545
主机名：sjyhtsmng1
操作系统：Linux
应用：系统名称：手机银行推送任务管理服务器2
所在地：亦庄中金
SERVICEID:L546
主机名：sjyhtsmng2
操作系统：Linux
应用：系统名称：callcenter在线客服系统APP
所在地：亦庄中金
SERVICEID:L547
主机名：znzxkfapp1
操作系统：Linux
应用：系统名称：callcenter在线客服系统WEB1
所在地：亦庄中金
SERVICEID:L548
主机名：znzxkfweb1
操作系统：Linux
应用：系统名称：callcenter在线客服系统WEB2
所在地：亦庄中金
SERVICEID:L549
主机名：znzxkfweb2
操作系统：Linux
应用：系统名称：手机银行登录AP1
所在地：亦庄中金
SERVICEID:L550
主机名：sjyhapp1
操作系统：Linux
应用：系统名称：手机银行登录AP2
所在地：亦庄中金
SERVICEID:L551
主机名：sjyhapp2
操作系统：Linux
应用：
----------------------------------------------------------------
用户：zjp
时间：2016-11-10 01:53:11
系统名称：手机银行金融web1
所在地：亦庄中金
SERVICEID:L531
主机名：sjyhwebjr1
操作系统：Linux
应用：系统名称：手机银行金融web2
所在地：亦庄中金
SERVICEID:L532
主机名：sjyhwebjr2
操作系统：Linux
应用：系统名称：手机银行金融web3
所在地：亦庄中金
SERVICEID:L533
主机名：sjyhwebjr3
操作系统：Linux
应用：系统名称：手机银行金融web4
所在地：亦庄中金
SERVICEID:L534
主机名：sjyhwebjr4
操作系统：Linux
应用：系统名称：手机银行金融web5
所在地：亦庄中金
SERVICEID:L535
主机名：sjyhwebjr5
操作系统：Linux
应用：系统名称：手机银行金融web6
所在地：亦庄中金
SERVICEID:L536
主机名：sjyhwebjr6
操作系统：Linux
应用：系统名称：手机银行金融web7
所在地：亦庄中金
SERVICEID:L537
主机名：sjyhwebjr7
操作系统：Linux
应用：系统名称：手机银行金融web8
所在地：亦庄中金
SERVICEID:L538
主机名：sjyhwebjr8
操作系统：Linux
应用：系统名称：手机银行金融web9
所在地：亦庄中金
SERVICEID:L539
主机名：sjyhwebjr9
操作系统：Linux
应用：系统名称：手机银行金融web10
所在地：亦庄中金
SERVICEID:L540
主机名：sjyhwebjr10
操作系统：Linux
应用：系统名称：手机银行Android推送服务器1
所在地：亦庄中金
SERVICEID:L541
主机名：sjyhxxts1
操作系统：Linux
应用：系统名称：手机银行Android推送服务器2
所在地：亦庄中金
SERVICEID:L542
主机名：sjyhxxts2
操作系统：Linux
应用：系统名称：手机银行推送应用服务器1
所在地：亦庄中金
SERVICEID:L543
主机名：sjyhtsapp1
操作系统：Linux
应用：系统名称：手机银行推送应用服务器2
所在地：亦庄中金
SERVICEID:L544
主机名：sjyhtsapp2
操作系统：Linux
应用：系统名称：手机银行推送任务管理服务器1
所在地：亦庄中金
SERVICEID:L545
主机名：sjyhtsmng1
操作系统：Linux
应用：系统名称：手机银行推送任务管理服务器2
所在地：亦庄中金
SERVICEID:L546
主机名：sjyhtsmng2
操作系统：Linux
应用：系统名称：callcenter在线客服系统APP
所在地：亦庄中金
SERVICEID:L547
主机名：znzxkfapp1
操作系统：Linux
应用：系统名称：callcenter在线客服系统WEB1
所在地：亦庄中金
SERVICEID:L548
主机名：znzxkfweb1
操作系统：Linux
应用：系统名称：callcenter在线客服系统WEB2
所在地：亦庄中金
SERVICEID:L549
主机名：znzxkfweb2
操作系统：Linux
应用：系统名称：手机银行登录AP1
所在地：亦庄中金
SERVICEID:L550
主机名：sjyhapp1
操作系统：Linux
应用：系统名称：手机银行登录AP2
所在地：亦庄中金
SERVICEID:L551
主机名：sjyhapp2
操作系统：Linux
应用：系统名称：手机银行生活AP1
所在地：亦庄中金
SERVICEID:L552
主机名：sjyhapp3
操作系统：Linux
应用：
----------------------------------------------------------------
用户：zjp
时间：2016-11-10 01:53:11
系统名称：手机银行金融web1
所在地：亦庄中金
SERVICEID:L531
主机名：sjyhwebjr1
操作系统：Linux
应用：系统名称：手机银行金融web2
所在地：亦庄中金
SERVICEID:L532
主机名：sjyhwebjr2
操作系统：Linux
应用：系统名称：手机银行金融web3
所在地：亦庄中金
SERVICEID:L533
主机名：sjyhwebjr3
操作系统：Linux
应用：系统名称：手机银行金融web4
所在地：亦庄中金
SERVICEID:L534
主机名：sjyhwebjr4
操作系统：Linux
应用：系统名称：手机银行金融web5
所在地：亦庄中金
SERVICEID:L535
主机名：sjyhwebjr5
操作系统：Linux
应用：系统名称：手机银行金融web6
所在地：亦庄中金
SERVICEID:L536
主机名：sjyhwebjr6
操作系统：Linux
应用：系统名称：手机银行金融web7
所在地：亦庄中金
SERVICEID:L537
主机名：sjyhwebjr7
操作系统：Linux
应用：系统名称：手机银行金融web8
所在地：亦庄中金
SERVICEID:L538
主机名：sjyhwebjr8
操作系统：Linux
应用：系统名称：手机银行金融web9
所在地：亦庄中金
SERVICEID:L539
主机名：sjyhwebjr9
操作系统：Linux
应用：系统名称：手机银行金融web10
所在地：亦庄中金
SERVICEID:L540
主机名：sjyhwebjr10
操作系统：Linux
应用：系统名称：手机银行Android推送服务器1
所在地：亦庄中金
SERVICEID:L541
主机名：sjyhxxts1
操作系统：Linux
应用：系统名称：手机银行Android推送服务器2
所在地：亦庄中金
SERVICEID:L542
主机名：sjyhxxts2
操作系统：Linux
应用：系统名称：手机银行推送应用服务器1
所在地：亦庄中金
SERVICEID:L543
主机名：sjyhtsapp1
操作系统：Linux
应用：系统名称：手机银行推送应用服务器2
所在地：亦庄中金
SERVICEID:L544
主机名：sjyhtsapp2
操作系统：Linux
应用：系统名称：手机银行推送任务管理服务器1
所在地：亦庄中金
SERVICEID:L545
主机名：sjyhtsmng1
操作系统：Linux
应用：系统名称：手机银行推送任务管理服务器2
所在地：亦庄中金
SERVICEID:L546
主机名：sjyhtsmng2
操作系统：Linux
应用：系统名称：callcenter在线客服系统APP
所在地：亦庄中金
SERVICEID:L547
主机名：znzxkfapp1
操作系统：Linux
应用：系统名称：callcenter在线客服系统WEB1
所在地：亦庄中金
SERVICEID:L548
主机名：znzxkfweb1
操作系统：Linux
应用：系统名称：callcenter在线客服系统WEB2
所在地：亦庄中金
SERVICEID:L549
主机名：znzxkfweb2
操作系统：Linux
应用：系统名称：手机银行登录AP1
所在地：亦庄中金
SERVICEID:L550
主机名：sjyhapp1
操作系统：Linux
应用：系统名称：手机银行登录AP2
所在地：亦庄中金
SERVICEID:L551
主机名：sjyhapp2
操作系统：Linux
应用：系统名称：手机银行生活AP1
所在地：亦庄中金
SERVICEID:L552
主机名：sjyhapp3
操作系统：Linux
应用：系统名称：手机银行生活AP2
所在地：亦庄中金
SERVICEID:L553
主机名：sjyhapp4
操作系统：Linux
应用：
----------------------------------------------------------------
用户：zjp
时间：2016-11-10 01:53:11
系统名称：手机银行金融web1
所在地：亦庄中金
SERVICEID:L531
主机名：sjyhwebjr1
操作系统：Linux
应用：系统名称：手机银行金融web2
所在地：亦庄中金
SERVICEID:L532
主机名：sjyhwebjr2
操作系统：Linux
应用：系统名称：手机银行金融web3
所在地：亦庄中金
SERVICEID:L533
主机名：sjyhwebjr3
操作系统：Linux
应用：系统名称：手机银行金融web4
所在地：亦庄中金
SERVICEID:L534
主机名：sjyhwebjr4
操作系统：Linux
应用：系统名称：手机银行金融web5
所在地：亦庄中金
SERVICEID:L535
主机名：sjyhwebjr5
操作系统：Linux
应用：系统名称：手机银行金融web6
所在地：亦庄中金
SERVICEID:L536
主机名：sjyhwebjr6
操作系统：Linux
应用：系统名称：手机银行金融web7
所在地：亦庄中金
SERVICEID:L537
主机名：sjyhwebjr7
操作系统：Linux
应用：系统名称：手机银行金融web8
所在地：亦庄中金
SERVICEID:L538
主机名：sjyhwebjr8
操作系统：Linux
应用：系统名称：手机银行金融web9
所在地：亦庄中金
SERVICEID:L539
主机名：sjyhwebjr9
操作系统：Linux
应用：系统名称：手机银行金融web10
所在地：亦庄中金
SERVICEID:L540
主机名：sjyhwebjr10
操作系统：Linux
应用：系统名称：手机银行Android推送服务器1
所在地：亦庄中金
SERVICEID:L541
主机名：sjyhxxts1
操作系统：Linux
应用：系统名称：手机银行Android推送服务器2
所在地：亦庄中金
SERVICEID:L542
主机名：sjyhxxts2
操作系统：Linux
应用：系统名称：手机银行推送应用服务器1
所在地：亦庄中金
SERVICEID:L543
主机名：sjyhtsapp1
操作系统：Linux
应用：系统名称：手机银行推送应用服务器2
所在地：亦庄中金
SERVICEID:L544
主机名：sjyhtsapp2
操作系统：Linux
应用：系统名称：手机银行推送任务管理服务器1
所在地：亦庄中金
SERVICEID:L545
主机名：sjyhtsmng1
操作系统：Linux
应用：系统名称：手机银行推送任务管理服务器2
所在地：亦庄中金
SERVICEID:L546
主机名：sjyhtsmng2
操作系统：Linux
应用：系统名称：callcenter在线客服系统APP
所在地：亦庄中金
SERVICEID:L547
主机名：znzxkfapp1
操作系统：Linux
应用：系统名称：callcenter在线客服系统WEB1
所在地：亦庄中金
SERVICEID:L548
主机名：znzxkfweb1
操作系统：Linux
应用：系统名称：callcenter在线客服系统WEB2
所在地：亦庄中金
SERVICEID:L549
主机名：znzxkfweb2
操作系统：Linux
应用：系统名称：手机银行登录AP1
所在地：亦庄中金
SERVICEID:L550
主机名：sjyhapp1
操作系统：Linux
应用：系统名称：手机银行登录AP2
所在地：亦庄中金
SERVICEID:L551
主机名：sjyhapp2
操作系统：Linux
应用：系统名称：手机银行生活AP1
所在地：亦庄中金
SERVICEID:L552
主机名：sjyhapp3
操作系统：Linux
应用：系统名称：手机银行生活AP2
所在地：亦庄中金
SERVICEID:L553
主机名：sjyhapp4
操作系统：Linux
应用：系统名称：手机银行金融AP1
所在地：亦庄中金
SERVICEID:L554
主机名：sjyhapp5
操作系统：Linux
应用：
----------------------------------------------------------------
用户：zjp
时间：2016-11-10 01:53:11
系统名称：手机银行金融web1
所在地：亦庄中金
SERVICEID:L531
主机名：sjyhwebjr1
操作系统：Linux
应用：系统名称：手机银行金融web2
所在地：亦庄中金
SERVICEID:L532
主机名：sjyhwebjr2
操作系统：Linux
应用：系统名称：手机银行金融web3
所在地：亦庄中金
SERVICEID:L533
主机名：sjyhwebjr3
操作系统：Linux
应用：系统名称：手机银行金融web4
所在地：亦庄中金
SERVICEID:L534
主机名：sjyhwebjr4
操作系统：Linux
应用：系统名称：手机银行金融web5
所在地：亦庄中金
SERVICEID:L535
主机名：sjyhwebjr5
操作系统：Linux
应用：系统名称：手机银行金融web6
所在地：亦庄中金
SERVICEID:L536
主机名：sjyhwebjr6
操作系统：Linux
应用：系统名称：手机银行金融web7
所在地：亦庄中金
SERVICEID:L537
主机名：sjyhwebjr7
操作系统：Linux
应用：系统名称：手机银行金融web8
所在地：亦庄中金
SERVICEID:L538
主机名：sjyhwebjr8
操作系统：Linux
应用：系统名称：手机银行金融web9
所在地：亦庄中金
SERVICEID:L539
主机名：sjyhwebjr9
操作系统：Linux
应用：系统名称：手机银行金融web10
所在地：亦庄中金
SERVICEID:L540
主机名：sjyhwebjr10
操作系统：Linux
应用：系统名称：手机银行Android推送服务器1
所在地：亦庄中金
SERVICEID:L541
主机名：sjyhxxts1
操作系统：Linux
应用：系统名称：手机银行Android推送服务器2
所在地：亦庄中金
SERVICEID:L542
主机名：sjyhxxts2
操作系统：Linux
应用：系统名称：手机银行推送应用服务器1
所在地：亦庄中金
SERVICEID:L543
主机名：sjyhtsapp1
操作系统：Linux
应用：系统名称：手机银行推送应用服务器2
所在地：亦庄中金
SERVICEID:L544
主机名：sjyhtsapp2
操作系统：Linux
应用：系统名称：手机银行推送任务管理服务器1
所在地：亦庄中金
SERVICEID:L545
主机名：sjyhtsmng1
操作系统：Linux
应用：系统名称：手机银行推送任务管理服务器2
所在地：亦庄中金
SERVICEID:L546
主机名：sjyhtsmng2
操作系统：Linux
应用：系统名称：callcenter在线客服系统APP
所在地：亦庄中金
SERVICEID:L547
主机名：znzxkfapp1
操作系统：Linux
应用：系统名称：callcenter在线客服系统WEB1
所在地：亦庄中金
SERVICEID:L548
主机名：znzxkfweb1
操作系统：Linux
应用：系统名称：callcenter在线客服系统WEB2
所在地：亦庄中金
SERVICEID:L549
主机名：znzxkfweb2
操作系统：Linux
应用：系统名称：手机银行登录AP1
所在地：亦庄中金
SERVICEID:L550
主机名：sjyhapp1
操作系统：Linux
应用：系统名称：手机银行登录AP2
所在地：亦庄中金
SERVICEID:L551
主机名：sjyhapp2
操作系统：Linux
应用：系统名称：手机银行生活AP1
所在地：亦庄中金
SERVICEID:L552
主机名：sjyhapp3
操作系统：Linux
应用：系统名称：手机银行生活AP2
所在地：亦庄中金
SERVICEID:L553
主机名：sjyhapp4
操作系统：Linux
应用：系统名称：手机银行金融AP1
所在地：亦庄中金
SERVICEID:L554
主机名：sjyhapp5
操作系统：Linux
应用：系统名称：手机银行金融AP2
所在地：亦庄中金
SERVICEID:L555
主机名：sjyhapp6
操作系统：Linux
应用：
----------------------------------------------------------------
用户：zjp
时间：2016-11-10 01:53:11
系统名称：手机银行金融web1
所在地：亦庄中金
SERVICEID:L531
主机名：sjyhwebjr1
操作系统：Linux
应用：系统名称：手机银行金融web2
所在地：亦庄中金
SERVICEID:L532
主机名：sjyhwebjr2
操作系统：Linux
应用：系统名称：手机银行金融web3
所在地：亦庄中金
SERVICEID:L533
主机名：sjyhwebjr3
操作系统：Linux
应用：系统名称：手机银行金融web4
所在地：亦庄中金
SERVICEID:L534
主机名：sjyhwebjr4
操作系统：Linux
应用：系统名称：手机银行金融web5
所在地：亦庄中金
SERVICEID:L535
主机名：sjyhwebjr5
操作系统：Linux
应用：系统名称：手机银行金融web6
所在地：亦庄中金
SERVICEID:L536
主机名：sjyhwebjr6
操作系统：Linux
应用：系统名称：手机银行金融web7
所在地：亦庄中金
SERVICEID:L537
主机名：sjyhwebjr7
操作系统：Linux
应用：系统名称：手机银行金融web8
所在地：亦庄中金
SERVICEID:L538
主机名：sjyhwebjr8
操作系统：Linux
应用：系统名称：手机银行金融web9
所在地：亦庄中金
SERVICEID:L539
主机名：sjyhwebjr9
操作系统：Linux
应用：系统名称：手机银行金融web10
所在地：亦庄中金
SERVICEID:L540
主机名：sjyhwebjr10
操作系统：Linux
应用：系统名称：手机银行Android推送服务器1
所在地：亦庄中金
SERVICEID:L541
主机名：sjyhxxts1
操作系统：Linux
应用：系统名称：手机银行Android推送服务器2
所在地：亦庄中金
SERVICEID:L542
主机名：sjyhxxts2
操作系统：Linux
应用：系统名称：手机银行推送应用服务器1
所在地：亦庄中金
SERVICEID:L543
主机名：sjyhtsapp1
操作系统：Linux
应用：系统名称：手机银行推送应用服务器2
所在地：亦庄中金
SERVICEID:L544
主机名：sjyhtsapp2
操作系统：Linux
应用：系统名称：手机银行推送任务管理服务器1
所在地：亦庄中金
SERVICEID:L545
主机名：sjyhtsmng1
操作系统：Linux
应用：系统名称：手机银行推送任务管理服务器2
所在地：亦庄中金
SERVICEID:L546
主机名：sjyhtsmng2
操作系统：Linux
应用：系统名称：callcenter在线客服系统APP
所在地：亦庄中金
SERVICEID:L547
主机名：znzxkfapp1
操作系统：Linux
应用：系统名称：callcenter在线客服系统WEB1
所在地：亦庄中金
SERVICEID:L548
主机名：znzxkfweb1
操作系统：Linux
应用：系统名称：callcenter在线客服系统WEB2
所在地：亦庄中金
SERVICEID:L549
主机名：znzxkfweb2
操作系统：Linux
应用：系统名称：手机银行登录AP1
所在地：亦庄中金
SERVICEID:L550
主机名：sjyhapp1
操作系统：Linux
应用：系统名称：手机银行登录AP2
所在地：亦庄中金
SERVICEID:L551
主机名：sjyhapp2
操作系统：Linux
应用：系统名称：手机银行生活AP1
所在地：亦庄中金
SERVICEID:L552
主机名：sjyhapp3
操作系统：Linux
应用：系统名称：手机银行生活AP2
所在地：亦庄中金
SERVICEID:L553
主机名：sjyhapp4
操作系统：Linux
应用：系统名称：手机银行金融AP1
所在地：亦庄中金
SERVICEID:L554
主机名：sjyhapp5
操作系统：Linux
应用：系统名称：手机银行金融AP2
所在地：亦庄中金
SERVICEID:L555
主机名：sjyhapp6
操作系统：Linux
应用：系统名称：手机银行金融AP3
所在地：亦庄中金
SERVICEID:L556
主机名：sjyhapp7
操作系统：Linux
应用：
----------------------------------------------------------------
用户：zjp
时间：2016-11-10 01:53:11
系统名称：手机银行金融web1
所在地：亦庄中金
SERVICEID:L531
主机名：sjyhwebjr1
操作系统：Linux
应用：系统名称：手机银行金融web2
所在地：亦庄中金
SERVICEID:L532
主机名：sjyhwebjr2
操作系统：Linux
应用：系统名称：手机银行金融web3
所在地：亦庄中金
SERVICEID:L533
主机名：sjyhwebjr3
操作系统：Linux
应用：系统名称：手机银行金融web4
所在地：亦庄中金
SERVICEID:L534
主机名：sjyhwebjr4
操作系统：Linux
应用：系统名称：手机银行金融web5
所在地：亦庄中金
SERVICEID:L535
主机名：sjyhwebjr5
操作系统：Linux
应用：系统名称：手机银行金融web6
所在地：亦庄中金
SERVICEID:L536
主机名：sjyhwebjr6
操作系统：Linux
应用：系统名称：手机银行金融web7
所在地：亦庄中金
SERVICEID:L537
主机名：sjyhwebjr7
操作系统：Linux
应用：系统名称：手机银行金融web8
所在地：亦庄中金
SERVICEID:L538
主机名：sjyhwebjr8
操作系统：Linux
应用：系统名称：手机银行金融web9
所在地：亦庄中金
SERVICEID:L539
主机名：sjyhwebjr9
操作系统：Linux
应用：系统名称：手机银行金融web10
所在地：亦庄中金
SERVICEID:L540
主机名：sjyhwebjr10
操作系统：Linux
应用：系统名称：手机银行Android推送服务器1
所在地：亦庄中金
SERVICEID:L541
主机名：sjyhxxts1
操作系统：Linux
应用：系统名称：手机银行Android推送服务器2
所在地：亦庄中金
SERVICEID:L542
主机名：sjyhxxts2
操作系统：Linux
应用：系统名称：手机银行推送应用服务器1
所在地：亦庄中金
SERVICEID:L543
主机名：sjyhtsapp1
操作系统：Linux
应用：系统名称：手机银行推送应用服务器2
所在地：亦庄中金
SERVICEID:L544
主机名：sjyhtsapp2
操作系统：Linux
应用：系统名称：手机银行推送任务管理服务器1
所在地：亦庄中金
SERVICEID:L545
主机名：sjyhtsmng1
操作系统：Linux
应用：系统名称：手机银行推送任务管理服务器2
所在地：亦庄中金
SERVICEID:L546
主机名：sjyhtsmng2
操作系统：Linux
应用：系统名称：callcenter在线客服系统APP
所在地：亦庄中金
SERVICEID:L547
主机名：znzxkfapp1
操作系统：Linux
应用：系统名称：callcenter在线客服系统WEB1
所在地：亦庄中金
SERVICEID:L548
主机名：znzxkfweb1
操作系统：Linux
应用：系统名称：callcenter在线客服系统WEB2
所在地：亦庄中金
SERVICEID:L549
主机名：znzxkfweb2
操作系统：Linux
应用：系统名称：手机银行登录AP1
所在地：亦庄中金
SERVICEID:L550
主机名：sjyhapp1
操作系统：Linux
应用：系统名称：手机银行登录AP2
所在地：亦庄中金
SERVICEID:L551
主机名：sjyhapp2
操作系统：Linux
应用：系统名称：手机银行生活AP1
所在地：亦庄中金
SERVICEID:L552
主机名：sjyhapp3
操作系统：Linux
应用：系统名称：手机银行生活AP2
所在地：亦庄中金
SERVICEID:L553
主机名：sjyhapp4
操作系统：Linux
应用：系统名称：手机银行金融AP1
所在地：亦庄中金
SERVICEID:L554
主机名：sjyhapp5
操作系统：Linux
应用：系统名称：手机银行金融AP2
所在地：亦庄中金
SERVICEID:L555
主机名：sjyhapp6
操作系统：Linux
应用：系统名称：手机银行金融AP3
所在地：亦庄中金
SERVICEID:L556
主机名：sjyhapp7
操作系统：Linux
应用：系统名称：手机银行金融AP4
所在地：亦庄中金
SERVICEID:L557
主机名：sjyhapp8
操作系统：Linux
应用：
----------------------------------------------------------------
用户：zjp
时间：2016-11-10 01:53:11
系统名称：手机银行金融web1
所在地：亦庄中金
SERVICEID:L531
主机名：sjyhwebjr1
操作系统：Linux
应用：系统名称：手机银行金融web2
所在地：亦庄中金
SERVICEID:L532
主机名：sjyhwebjr2
操作系统：Linux
应用：系统名称：手机银行金融web3
所在地：亦庄中金
SERVICEID:L533
主机名：sjyhwebjr3
操作系统：Linux
应用：系统名称：手机银行金融web4
所在地：亦庄中金
SERVICEID:L534
主机名：sjyhwebjr4
操作系统：Linux
应用：系统名称：手机银行金融web5
所在地：亦庄中金
SERVICEID:L535
主机名：sjyhwebjr5
操作系统：Linux
应用：系统名称：手机银行金融web6
所在地：亦庄中金
SERVICEID:L536
主机名：sjyhwebjr6
操作系统：Linux
应用：系统名称：手机银行金融web7
所在地：亦庄中金
SERVICEID:L537
主机名：sjyhwebjr7
操作系统：Linux
应用：系统名称：手机银行金融web8
所在地：亦庄中金
SERVICEID:L538
主机名：sjyhwebjr8
操作系统：Linux
应用：系统名称：手机银行金融web9
所在地：亦庄中金
SERVICEID:L539
主机名：sjyhwebjr9
操作系统：Linux
应用：系统名称：手机银行金融web10
所在地：亦庄中金
SERVICEID:L540
主机名：sjyhwebjr10
操作系统：Linux
应用：系统名称：手机银行Android推送服务器1
所在地：亦庄中金
SERVICEID:L541
主机名：sjyhxxts1
操作系统：Linux
应用：系统名称：手机银行Android推送服务器2
所在地：亦庄中金
SERVICEID:L542
主机名：sjyhxxts2
操作系统：Linux
应用：系统名称：手机银行推送应用服务器1
所在地：亦庄中金
SERVICEID:L543
主机名：sjyhtsapp1
操作系统：Linux
应用：系统名称：手机银行推送应用服务器2
所在地：亦庄中金
SERVICEID:L544
主机名：sjyhtsapp2
操作系统：Linux
应用：系统名称：手机银行推送任务管理服务器1
所在地：亦庄中金
SERVICEID:L545
主机名：sjyhtsmng1
操作系统：Linux
应用：系统名称：手机银行推送任务管理服务器2
所在地：亦庄中金
SERVICEID:L546
主机名：sjyhtsmng2
操作系统：Linux
应用：系统名称：callcenter在线客服系统APP
所在地：亦庄中金
SERVICEID:L547
主机名：znzxkfapp1
操作系统：Linux
应用：系统名称：callcenter在线客服系统WEB1
所在地：亦庄中金
SERVICEID:L548
主机名：znzxkfweb1
操作系统：Linux
应用：系统名称：callcenter在线客服系统WEB2
所在地：亦庄中金
SERVICEID:L549
主机名：znzxkfweb2
操作系统：Linux
应用：系统名称：手机银行登录AP1
所在地：亦庄中金
SERVICEID:L550
主机名：sjyhapp1
操作系统：Linux
应用：系统名称：手机银行登录AP2
所在地：亦庄中金
SERVICEID:L551
主机名：sjyhapp2
操作系统：Linux
应用：系统名称：手机银行生活AP1
所在地：亦庄中金
SERVICEID:L552
主机名：sjyhapp3
操作系统：Linux
应用：系统名称：手机银行生活AP2
所在地：亦庄中金
SERVICEID:L553
主机名：sjyhapp4
操作系统：Linux
应用：系统名称：手机银行金融AP1
所在地：亦庄中金
SERVICEID:L554
主机名：sjyhapp5
操作系统：Linux
应用：系统名称：手机银行金融AP2
所在地：亦庄中金
SERVICEID:L555
主机名：sjyhapp6
操作系统：Linux
应用：系统名称：手机银行金融AP3
所在地：亦庄中金
SERVICEID:L556
主机名：sjyhapp7
操作系统：Linux
应用：系统名称：手机银行金融AP4
所在地：亦庄中金
SERVICEID:L557
主机名：sjyhapp8
操作系统：Linux
应用：系统名称：手机银行服务AP1
所在地：亦庄中金
SERVICEID:L558
主机名：sjyhapp9
操作系统：Linux
应用：
----------------------------------------------------------------
用户：zjp
时间：2016-11-10 01:53:11
系统名称：手机银行金融web1
所在地：亦庄中金
SERVICEID:L531
主机名：sjyhwebjr1
操作系统：Linux
应用：系统名称：手机银行金融web2
所在地：亦庄中金
SERVICEID:L532
主机名：sjyhwebjr2
操作系统：Linux
应用：系统名称：手机银行金融web3
所在地：亦庄中金
SERVICEID:L533
主机名：sjyhwebjr3
操作系统：Linux
应用：系统名称：手机银行金融web4
所在地：亦庄中金
SERVICEID:L534
主机名：sjyhwebjr4
操作系统：Linux
应用：系统名称：手机银行金融web5
所在地：亦庄中金
SERVICEID:L535
主机名：sjyhwebjr5
操作系统：Linux
应用：系统名称：手机银行金融web6
所在地：亦庄中金
SERVICEID:L536
主机名：sjyhwebjr6
操作系统：Linux
应用：系统名称：手机银行金融web7
所在地：亦庄中金
SERVICEID:L537
主机名：sjyhwebjr7
操作系统：Linux
应用：系统名称：手机银行金融web8
所在地：亦庄中金
SERVICEID:L538
主机名：sjyhwebjr8
操作系统：Linux
应用：系统名称：手机银行金融web9
所在地：亦庄中金
SERVICEID:L539
主机名：sjyhwebjr9
操作系统：Linux
应用：系统名称：手机银行金融web10
所在地：亦庄中金
SERVICEID:L540
主机名：sjyhwebjr10
操作系统：Linux
应用：系统名称：手机银行Android推送服务器1
所在地：亦庄中金
SERVICEID:L541
主机名：sjyhxxts1
操作系统：Linux
应用：系统名称：手机银行Android推送服务器2
所在地：亦庄中金
SERVICEID:L542
主机名：sjyhxxts2
操作系统：Linux
应用：系统名称：手机银行推送应用服务器1
所在地：亦庄中金
SERVICEID:L543
主机名：sjyhtsapp1
操作系统：Linux
应用：系统名称：手机银行推送应用服务器2
所在地：亦庄中金
SERVICEID:L544
主机名：sjyhtsapp2
操作系统：Linux
应用：系统名称：手机银行推送任务管理服务器1
所在地：亦庄中金
SERVICEID:L545
主机名：sjyhtsmng1
操作系统：Linux
应用：系统名称：手机银行推送任务管理服务器2
所在地：亦庄中金
SERVICEID:L546
主机名：sjyhtsmng2
操作系统：Linux
应用：系统名称：callcenter在线客服系统APP
所在地：亦庄中金
SERVICEID:L547
主机名：znzxkfapp1
操作系统：Linux
应用：系统名称：callcenter在线客服系统WEB1
所在地：亦庄中金
SERVICEID:L548
主机名：znzxkfweb1
操作系统：Linux
应用：系统名称：callcenter在线客服系统WEB2
所在地：亦庄中金
SERVICEID:L549
主机名：znzxkfweb2
操作系统：Linux
应用：系统名称：手机银行登录AP1
所在地：亦庄中金
SERVICEID:L550
主机名：sjyhapp1
操作系统：Linux
应用：系统名称：手机银行登录AP2
所在地：亦庄中金
SERVICEID:L551
主机名：sjyhapp2
操作系统：Linux
应用：系统名称：手机银行生活AP1
所在地：亦庄中金
SERVICEID:L552
主机名：sjyhapp3
操作系统：Linux
应用：系统名称：手机银行生活AP2
所在地：亦庄中金
SERVICEID:L553
主机名：sjyhapp4
操作系统：Linux
应用：系统名称：手机银行金融AP1
所在地：亦庄中金
SERVICEID:L554
主机名：sjyhapp5
操作系统：Linux
应用：系统名称：手机银行金融AP2
所在地：亦庄中金
SERVICEID:L555
主机名：sjyhapp6
操作系统：Linux
应用：系统名称：手机银行金融AP3
所在地：亦庄中金
SERVICEID:L556
主机名：sjyhapp7
操作系统：Linux
应用：系统名称：手机银行金融AP4
所在地：亦庄中金
SERVICEID:L557
主机名：sjyhapp8
操作系统：Linux
应用：系统名称：手机银行服务AP1
所在地：亦庄中金
SERVICEID:L558
主机名：sjyhapp9
操作系统：Linux
应用：系统名称：手机银行服务AP2
所在地：亦庄中金
SERVICEID:L559
主机名：sjyhapp10
操作系统：Linux
应用：
----------------------------------------------------------------
用户：zjp
时间：2016-11-10 01:53:11
系统名称：手机银行金融web1
所在地：亦庄中金
SERVICEID:L531
主机名：sjyhwebjr1
操作系统：Linux
应用：系统名称：手机银行金融web2
所在地：亦庄中金
SERVICEID:L532
主机名：sjyhwebjr2
操作系统：Linux
应用：系统名称：手机银行金融web3
所在地：亦庄中金
SERVICEID:L533
主机名：sjyhwebjr3
操作系统：Linux
应用：系统名称：手机银行金融web4
所在地：亦庄中金
SERVICEID:L534
主机名：sjyhwebjr4
操作系统：Linux
应用：系统名称：手机银行金融web5
所在地：亦庄中金
SERVICEID:L535
主机名：sjyhwebjr5
操作系统：Linux
应用：系统名称：手机银行金融web6
所在地：亦庄中金
SERVICEID:L536
主机名：sjyhwebjr6
操作系统：Linux
应用：系统名称：手机银行金融web7
所在地：亦庄中金
SERVICEID:L537
主机名：sjyhwebjr7
操作系统：Linux
应用：系统名称：手机银行金融web8
所在地：亦庄中金
SERVICEID:L538
主机名：sjyhwebjr8
操作系统：Linux
应用：系统名称：手机银行金融web9
所在地：亦庄中金
SERVICEID:L539
主机名：sjyhwebjr9
操作系统：Linux
应用：系统名称：手机银行金融web10
所在地：亦庄中金
SERVICEID:L540
主机名：sjyhwebjr10
操作系统：Linux
应用：系统名称：手机银行Android推送服务器1
所在地：亦庄中金
SERVICEID:L541
主机名：sjyhxxts1
操作系统：Linux
应用：系统名称：手机银行Android推送服务器2
所在地：亦庄中金
SERVICEID:L542
主机名：sjyhxxts2
操作系统：Linux
应用：系统名称：手机银行推送应用服务器1
所在地：亦庄中金
SERVICEID:L543
主机名：sjyhtsapp1
操作系统：Linux
应用：系统名称：手机银行推送应用服务器2
所在地：亦庄中金
SERVICEID:L544
主机名：sjyhtsapp2
操作系统：Linux
应用：系统名称：手机银行推送任务管理服务器1
所在地：亦庄中金
SERVICEID:L545
主机名：sjyhtsmng1
操作系统：Linux
应用：系统名称：手机银行推送任务管理服务器2
所在地：亦庄中金
SERVICEID:L546
主机名：sjyhtsmng2
操作系统：Linux
应用：系统名称：callcenter在线客服系统APP
所在地：亦庄中金
SERVICEID:L547
主机名：znzxkfapp1
操作系统：Linux
应用：系统名称：callcenter在线客服系统WEB1
所在地：亦庄中金
SERVICEID:L548
主机名：znzxkfweb1
操作系统：Linux
应用：系统名称：callcenter在线客服系统WEB2
所在地：亦庄中金
SERVICEID:L549
主机名：znzxkfweb2
操作系统：Linux
应用：系统名称：手机银行登录AP1
所在地：亦庄中金
SERVICEID:L550
主机名：sjyhapp1
操作系统：Linux
应用：系统名称：手机银行登录AP2
所在地：亦庄中金
SERVICEID:L551
主机名：sjyhapp2
操作系统：Linux
应用：系统名称：手机银行生活AP1
所在地：亦庄中金
SERVICEID:L552
主机名：sjyhapp3
操作系统：Linux
应用：系统名称：手机银行生活AP2
所在地：亦庄中金
SERVICEID:L553
主机名：sjyhapp4
操作系统：Linux
应用：系统名称：手机银行金融AP1
所在地：亦庄中金
SERVICEID:L554
主机名：sjyhapp5
操作系统：Linux
应用：系统名称：手机银行金融AP2
所在地：亦庄中金
SERVICEID:L555
主机名：sjyhapp6
操作系统：Linux
应用：系统名称：手机银行金融AP3
所在地：亦庄中金
SERVICEID:L556
主机名：sjyhapp7
操作系统：Linux
应用：系统名称：手机银行金融AP4
所在地：亦庄中金
SERVICEID:L557
主机名：sjyhapp8
操作系统：Linux
应用：系统名称：手机银行服务AP1
所在地：亦庄中金
SERVICEID:L558
主机名：sjyhapp9
操作系统：Linux
应用：系统名称：手机银行服务AP2
所在地：亦庄中金
SERVICEID:L559
主机名：sjyhapp10
操作系统：Linux
应用：系统名称：手机银行图片1
所在地：亦庄中金
SERVICEID:L560
主机名：sjyhpic1
操作系统：Linux
应用：
----------------------------------------------------------------
用户：zjp
时间：2016-11-10 01:53:11
系统名称：手机银行金融web1
所在地：亦庄中金
SERVICEID:L531
主机名：sjyhwebjr1
操作系统：Linux
应用：系统名称：手机银行金融web2
所在地：亦庄中金
SERVICEID:L532
主机名：sjyhwebjr2
操作系统：Linux
应用：系统名称：手机银行金融web3
所在地：亦庄中金
SERVICEID:L533
主机名：sjyhwebjr3
操作系统：Linux
应用：系统名称：手机银行金融web4
所在地：亦庄中金
SERVICEID:L534
主机名：sjyhwebjr4
操作系统：Linux
应用：系统名称：手机银行金融web5
所在地：亦庄中金
SERVICEID:L535
主机名：sjyhwebjr5
操作系统：Linux
应用：系统名称：手机银行金融web6
所在地：亦庄中金
SERVICEID:L536
主机名：sjyhwebjr6
操作系统：Linux
应用：系统名称：手机银行金融web7
所在地：亦庄中金
SERVICEID:L537
主机名：sjyhwebjr7
操作系统：Linux
应用：系统名称：手机银行金融web8
所在地：亦庄中金
SERVICEID:L538
主机名：sjyhwebjr8
操作系统：Linux
应用：系统名称：手机银行金融web9
所在地：亦庄中金
SERVICEID:L539
主机名：sjyhwebjr9
操作系统：Linux
应用：系统名称：手机银行金融web10
所在地：亦庄中金
SERVICEID:L540
主机名：sjyhwebjr10
操作系统：Linux
应用：系统名称：手机银行Android推送服务器1
所在地：亦庄中金
SERVICEID:L541
主机名：sjyhxxts1
操作系统：Linux
应用：系统名称：手机银行Android推送服务器2
所在地：亦庄中金
SERVICEID:L542
主机名：sjyhxxts2
操作系统：Linux
应用：系统名称：手机银行推送应用服务器1
所在地：亦庄中金
SERVICEID:L543
主机名：sjyhtsapp1
操作系统：Linux
应用：系统名称：手机银行推送应用服务器2
所在地：亦庄中金
SERVICEID:L544
主机名：sjyhtsapp2
操作系统：Linux
应用：系统名称：手机银行推送任务管理服务器1
所在地：亦庄中金
SERVICEID:L545
主机名：sjyhtsmng1
操作系统：Linux
应用：系统名称：手机银行推送任务管理服务器2
所在地：亦庄中金
SERVICEID:L546
主机名：sjyhtsmng2
操作系统：Linux
应用：系统名称：callcenter在线客服系统APP
所在地：亦庄中金
SERVICEID:L547
主机名：znzxkfapp1
操作系统：Linux
应用：系统名称：callcenter在线客服系统WEB1
所在地：亦庄中金
SERVICEID:L548
主机名：znzxkfweb1
操作系统：Linux
应用：系统名称：callcenter在线客服系统WEB2
所在地：亦庄中金
SERVICEID:L549
主机名：znzxkfweb2
操作系统：Linux
应用：系统名称：手机银行登录AP1
所在地：亦庄中金
SERVICEID:L550
主机名：sjyhapp1
操作系统：Linux
应用：系统名称：手机银行登录AP2
所在地：亦庄中金
SERVICEID:L551
主机名：sjyhapp2
操作系统：Linux
应用：系统名称：手机银行生活AP1
所在地：亦庄中金
SERVICEID:L552
主机名：sjyhapp3
操作系统：Linux
应用：系统名称：手机银行生活AP2
所在地：亦庄中金
SERVICEID:L553
主机名：sjyhapp4
操作系统：Linux
应用：系统名称：手机银行金融AP1
所在地：亦庄中金
SERVICEID:L554
主机名：sjyhapp5
操作系统：Linux
应用：系统名称：手机银行金融AP2
所在地：亦庄中金
SERVICEID:L555
主机名：sjyhapp6
操作系统：Linux
应用：系统名称：手机银行金融AP3
所在地：亦庄中金
SERVICEID:L556
主机名：sjyhapp7
操作系统：Linux
应用：系统名称：手机银行金融AP4
所在地：亦庄中金
SERVICEID:L557
主机名：sjyhapp8
操作系统：Linux
应用：系统名称：手机银行服务AP1
所在地：亦庄中金
SERVICEID:L558
主机名：sjyhapp9
操作系统：Linux
应用：系统名称：手机银行服务AP2
所在地：亦庄中金
SERVICEID:L559
主机名：sjyhapp10
操作系统：Linux
应用：系统名称：手机银行图片1
所在地：亦庄中金
SERVICEID:L560
主机名：sjyhpic1
操作系统：Linux
应用：系统名称：手机银行图片2
所在地：亦庄中金
SERVICEID:L561
主机名：sjyhpic2
操作系统：Linux
应用：
----------------------------------------------------------------
用户：zjp
时间：2016-11-10 01:53:11
系统名称：手机银行金融web1
所在地：亦庄中金
SERVICEID:L531
主机名：sjyhwebjr1
操作系统：Linux
应用：系统名称：手机银行金融web2
所在地：亦庄中金
SERVICEID:L532
主机名：sjyhwebjr2
操作系统：Linux
应用：系统名称：手机银行金融web3
所在地：亦庄中金
SERVICEID:L533
主机名：sjyhwebjr3
操作系统：Linux
应用：系统名称：手机银行金融web4
所在地：亦庄中金
SERVICEID:L534
主机名：sjyhwebjr4
操作系统：Linux
应用：系统名称：手机银行金融web5
所在地：亦庄中金
SERVICEID:L535
主机名：sjyhwebjr5
操作系统：Linux
应用：系统名称：手机银行金融web6
所在地：亦庄中金
SERVICEID:L536
主机名：sjyhwebjr6
操作系统：Linux
应用：系统名称：手机银行金融web7
所在地：亦庄中金
SERVICEID:L537
主机名：sjyhwebjr7
操作系统：Linux
应用：系统名称：手机银行金融web8
所在地：亦庄中金
SERVICEID:L538
主机名：sjyhwebjr8
操作系统：Linux
应用：系统名称：手机银行金融web9
所在地：亦庄中金
SERVICEID:L539
主机名：sjyhwebjr9
操作系统：Linux
应用：系统名称：手机银行金融web10
所在地：亦庄中金
SERVICEID:L540
主机名：sjyhwebjr10
操作系统：Linux
应用：系统名称：手机银行Android推送服务器1
所在地：亦庄中金
SERVICEID:L541
主机名：sjyhxxts1
操作系统：Linux
应用：系统名称：手机银行Android推送服务器2
所在地：亦庄中金
SERVICEID:L542
主机名：sjyhxxts2
操作系统：Linux
应用：系统名称：手机银行推送应用服务器1
所在地：亦庄中金
SERVICEID:L543
主机名：sjyhtsapp1
操作系统：Linux
应用：系统名称：手机银行推送应用服务器2
所在地：亦庄中金
SERVICEID:L544
主机名：sjyhtsapp2
操作系统：Linux
应用：系统名称：手机银行推送任务管理服务器1
所在地：亦庄中金
SERVICEID:L545
主机名：sjyhtsmng1
操作系统：Linux
应用：系统名称：手机银行推送任务管理服务器2
所在地：亦庄中金
SERVICEID:L546
主机名：sjyhtsmng2
操作系统：Linux
应用：系统名称：callcenter在线客服系统APP
所在地：亦庄中金
SERVICEID:L547
主机名：znzxkfapp1
操作系统：Linux
应用：系统名称：callcenter在线客服系统WEB1
所在地：亦庄中金
SERVICEID:L548
主机名：znzxkfweb1
操作系统：Linux
应用：系统名称：callcenter在线客服系统WEB2
所在地：亦庄中金
SERVICEID:L549
主机名：znzxkfweb2
操作系统：Linux
应用：系统名称：手机银行登录AP1
所在地：亦庄中金
SERVICEID:L550
主机名：sjyhapp1
操作系统：Linux
应用：系统名称：手机银行登录AP2
所在地：亦庄中金
SERVICEID:L551
主机名：sjyhapp2
操作系统：Linux
应用：系统名称：手机银行生活AP1
所在地：亦庄中金
SERVICEID:L552
主机名：sjyhapp3
操作系统：Linux
应用：系统名称：手机银行生活AP2
所在地：亦庄中金
SERVICEID:L553
主机名：sjyhapp4
操作系统：Linux
应用：系统名称：手机银行金融AP1
所在地：亦庄中金
SERVICEID:L554
主机名：sjyhapp5
操作系统：Linux
应用：系统名称：手机银行金融AP2
所在地：亦庄中金
SERVICEID:L555
主机名：sjyhapp6
操作系统：Linux
应用：系统名称：手机银行金融AP3
所在地：亦庄中金
SERVICEID:L556
主机名：sjyhapp7
操作系统：Linux
应用：系统名称：手机银行金融AP4
所在地：亦庄中金
SERVICEID:L557
主机名：sjyhapp8
操作系统：Linux
应用：系统名称：手机银行服务AP1
所在地：亦庄中金
SERVICEID:L558
主机名：sjyhapp9
操作系统：Linux
应用：系统名称：手机银行服务AP2
所在地：亦庄中金
SERVICEID:L559
主机名：sjyhapp10
操作系统：Linux
应用：系统名称：手机银行图片1
所在地：亦庄中金
SERVICEID:L560
主机名：sjyhpic1
操作系统：Linux
应用：系统名称：手机银行图片2
所在地：亦庄中金
SERVICEID:L561
主机名：sjyhpic2
操作系统：Linux
应用：系统名称：手机银行数据采集1
所在地：亦庄中金
SERVICEID:L562
主机名：sjyhcj1
操作系统：Linux
应用：
----------------------------------------------------------------
用户：zjp
时间：2016-11-10 01:53:11
系统名称：手机银行金融web1
所在地：亦庄中金
SERVICEID:L531
主机名：sjyhwebjr1
操作系统：Linux
应用：系统名称：手机银行金融web2
所在地：亦庄中金
SERVICEID:L532
主机名：sjyhwebjr2
操作系统：Linux
应用：系统名称：手机银行金融web3
所在地：亦庄中金
SERVICEID:L533
主机名：sjyhwebjr3
操作系统：Linux
应用：系统名称：手机银行金融web4
所在地：亦庄中金
SERVICEID:L534
主机名：sjyhwebjr4
操作系统：Linux
应用：系统名称：手机银行金融web5
所在地：亦庄中金
SERVICEID:L535
主机名：sjyhwebjr5
操作系统：Linux
应用：系统名称：手机银行金融web6
所在地：亦庄中金
SERVICEID:L536
主机名：sjyhwebjr6
操作系统：Linux
应用：系统名称：手机银行金融web7
所在地：亦庄中金
SERVICEID:L537
主机名：sjyhwebjr7
操作系统：Linux
应用：系统名称：手机银行金融web8
所在地：亦庄中金
SERVICEID:L538
主机名：sjyhwebjr8
操作系统：Linux
应用：系统名称：手机银行金融web9
所在地：亦庄中金
SERVICEID:L539
主机名：sjyhwebjr9
操作系统：Linux
应用：系统名称：手机银行金融web10
所在地：亦庄中金
SERVICEID:L540
主机名：sjyhwebjr10
操作系统：Linux
应用：系统名称：手机银行Android推送服务器1
所在地：亦庄中金
SERVICEID:L541
主机名：sjyhxxts1
操作系统：Linux
应用：系统名称：手机银行Android推送服务器2
所在地：亦庄中金
SERVICEID:L542
主机名：sjyhxxts2
操作系统：Linux
应用：系统名称：手机银行推送应用服务器1
所在地：亦庄中金
SERVICEID:L543
主机名：sjyhtsapp1
操作系统：Linux
应用：系统名称：手机银行推送应用服务器2
所在地：亦庄中金
SERVICEID:L544
主机名：sjyhtsapp2
操作系统：Linux
应用：系统名称：手机银行推送任务管理服务器1
所在地：亦庄中金
SERVICEID:L545
主机名：sjyhtsmng1
操作系统：Linux
应用：系统名称：手机银行推送任务管理服务器2
所在地：亦庄中金
SERVICEID:L546
主机名：sjyhtsmng2
操作系统：Linux
应用：系统名称：callcenter在线客服系统APP
所在地：亦庄中金
SERVICEID:L547
主机名：znzxkfapp1
操作系统：Linux
应用：系统名称：callcenter在线客服系统WEB1
所在地：亦庄中金
SERVICEID:L548
主机名：znzxkfweb1
操作系统：Linux
应用：系统名称：callcenter在线客服系统WEB2
所在地：亦庄中金
SERVICEID:L549
主机名：znzxkfweb2
操作系统：Linux
应用：系统名称：手机银行登录AP1
所在地：亦庄中金
SERVICEID:L550
主机名：sjyhapp1
操作系统：Linux
应用：系统名称：手机银行登录AP2
所在地：亦庄中金
SERVICEID:L551
主机名：sjyhapp2
操作系统：Linux
应用：系统名称：手机银行生活AP1
所在地：亦庄中金
SERVICEID:L552
主机名：sjyhapp3
操作系统：Linux
应用：系统名称：手机银行生活AP2
所在地：亦庄中金
SERVICEID:L553
主机名：sjyhapp4
操作系统：Linux
应用：系统名称：手机银行金融AP1
所在地：亦庄中金
SERVICEID:L554
主机名：sjyhapp5
操作系统：Linux
应用：系统名称：手机银行金融AP2
所在地：亦庄中金
SERVICEID:L555
主机名：sjyhapp6
操作系统：Linux
应用：系统名称：手机银行金融AP3
所在地：亦庄中金
SERVICEID:L556
主机名：sjyhapp7
操作系统：Linux
应用：系统名称：手机银行金融AP4
所在地：亦庄中金
SERVICEID:L557
主机名：sjyhapp8
操作系统：Linux
应用：系统名称：手机银行服务AP1
所在地：亦庄中金
SERVICEID:L558
主机名：sjyhapp9
操作系统：Linux
应用：系统名称：手机银行服务AP2
所在地：亦庄中金
SERVICEID:L559
主机名：sjyhapp10
操作系统：Linux
应用：系统名称：手机银行图片1
所在地：亦庄中金
SERVICEID:L560
主机名：sjyhpic1
操作系统：Linux
应用：系统名称：手机银行图片2
所在地：亦庄中金
SERVICEID:L561
主机名：sjyhpic2
操作系统：Linux
应用：系统名称：手机银行数据采集1
所在地：亦庄中金
SERVICEID:L562
主机名：sjyhcj1
操作系统：Linux
应用：系统名称：手机银行数据采集2
所在地：亦庄中金
SERVICEID:L563
主机名：sjyhcj2
操作系统：Linux
应用：
----------------------------------------------------------------
用户：zjp
时间：2016-11-10 01:53:11
系统名称：手机银行金融web1
所在地：亦庄中金
SERVICEID:L531
主机名：sjyhwebjr1
操作系统：Linux
应用：系统名称：手机银行金融web2
所在地：亦庄中金
SERVICEID:L532
主机名：sjyhwebjr2
操作系统：Linux
应用：系统名称：手机银行金融web3
所在地：亦庄中金
SERVICEID:L533
主机名：sjyhwebjr3
操作系统：Linux
应用：系统名称：手机银行金融web4
所在地：亦庄中金
SERVICEID:L534
主机名：sjyhwebjr4
操作系统：Linux
应用：系统名称：手机银行金融web5
所在地：亦庄中金
SERVICEID:L535
主机名：sjyhwebjr5
操作系统：Linux
应用：系统名称：手机银行金融web6
所在地：亦庄中金
SERVICEID:L536
主机名：sjyhwebjr6
操作系统：Linux
应用：系统名称：手机银行金融web7
所在地：亦庄中金
SERVICEID:L537
主机名：sjyhwebjr7
操作系统：Linux
应用：系统名称：手机银行金融web8
所在地：亦庄中金
SERVICEID:L538
主机名：sjyhwebjr8
操作系统：Linux
应用：系统名称：手机银行金融web9
所在地：亦庄中金
SERVICEID:L539
主机名：sjyhwebjr9
操作系统：Linux
应用：系统名称：手机银行金融web10
所在地：亦庄中金
SERVICEID:L540
主机名：sjyhwebjr10
操作系统：Linux
应用：系统名称：手机银行Android推送服务器1
所在地：亦庄中金
SERVICEID:L541
主机名：sjyhxxts1
操作系统：Linux
应用：系统名称：手机银行Android推送服务器2
所在地：亦庄中金
SERVICEID:L542
主机名：sjyhxxts2
操作系统：Linux
应用：系统名称：手机银行推送应用服务器1
所在地：亦庄中金
SERVICEID:L543
主机名：sjyhtsapp1
操作系统：Linux
应用：系统名称：手机银行推送应用服务器2
所在地：亦庄中金
SERVICEID:L544
主机名：sjyhtsapp2
操作系统：Linux
应用：系统名称：手机银行推送任务管理服务器1
所在地：亦庄中金
SERVICEID:L545
主机名：sjyhtsmng1
操作系统：Linux
应用：系统名称：手机银行推送任务管理服务器2
所在地：亦庄中金
SERVICEID:L546
主机名：sjyhtsmng2
操作系统：Linux
应用：系统名称：callcenter在线客服系统APP
所在地：亦庄中金
SERVICEID:L547
主机名：znzxkfapp1
操作系统：Linux
应用：系统名称：callcenter在线客服系统WEB1
所在地：亦庄中金
SERVICEID:L548
主机名：znzxkfweb1
操作系统：Linux
应用：系统名称：callcenter在线客服系统WEB2
所在地：亦庄中金
SERVICEID:L549
主机名：znzxkfweb2
操作系统：Linux
应用：系统名称：手机银行登录AP1
所在地：亦庄中金
SERVICEID:L550
主机名：sjyhapp1
操作系统：Linux
应用：系统名称：手机银行登录AP2
所在地：亦庄中金
SERVICEID:L551
主机名：sjyhapp2
操作系统：Linux
应用：系统名称：手机银行生活AP1
所在地：亦庄中金
SERVICEID:L552
主机名：sjyhapp3
操作系统：Linux
应用：系统名称：手机银行生活AP2
所在地：亦庄中金
SERVICEID:L553
主机名：sjyhapp4
操作系统：Linux
应用：系统名称：手机银行金融AP1
所在地：亦庄中金
SERVICEID:L554
主机名：sjyhapp5
操作系统：Linux
应用：系统名称：手机银行金融AP2
所在地：亦庄中金
SERVICEID:L555
主机名：sjyhapp6
操作系统：Linux
应用：系统名称：手机银行金融AP3
所在地：亦庄中金
SERVICEID:L556
主机名：sjyhapp7
操作系统：Linux
应用：系统名称：手机银行金融AP4
所在地：亦庄中金
SERVICEID:L557
主机名：sjyhapp8
操作系统：Linux
应用：系统名称：手机银行服务AP1
所在地：亦庄中金
SERVICEID:L558
主机名：sjyhapp9
操作系统：Linux
应用：系统名称：手机银行服务AP2
所在地：亦庄中金
SERVICEID:L559
主机名：sjyhapp10
操作系统：Linux
应用：系统名称：手机银行图片1
所在地：亦庄中金
SERVICEID:L560
主机名：sjyhpic1
操作系统：Linux
应用：系统名称：手机银行图片2
所在地：亦庄中金
SERVICEID:L561
主机名：sjyhpic2
操作系统：Linux
应用：系统名称：手机银行数据采集1
所在地：亦庄中金
SERVICEID:L562
主机名：sjyhcj1
操作系统：Linux
应用：系统名称：手机银行数据采集2
所在地：亦庄中金
SERVICEID:L563
主机名：sjyhcj2
操作系统：Linux
应用：系统名称：手机银行内管1
所在地：亦庄中金
SERVICEID:L564
主机名：sjyhmg1
操作系统：Linux
应用：
----------------------------------------------------------------
用户：zjp
时间：2016-11-10 01:53:11
系统名称：手机银行金融web1
所在地：亦庄中金
SERVICEID:L531
主机名：sjyhwebjr1
操作系统：Linux
应用：系统名称：手机银行金融web2
所在地：亦庄中金
SERVICEID:L532
主机名：sjyhwebjr2
操作系统：Linux
应用：系统名称：手机银行金融web3
所在地：亦庄中金
SERVICEID:L533
主机名：sjyhwebjr3
操作系统：Linux
应用：系统名称：手机银行金融web4
所在地：亦庄中金
SERVICEID:L534
主机名：sjyhwebjr4
操作系统：Linux
应用：系统名称：手机银行金融web5
所在地：亦庄中金
SERVICEID:L535
主机名：sjyhwebjr5
操作系统：Linux
应用：系统名称：手机银行金融web6
所在地：亦庄中金
SERVICEID:L536
主机名：sjyhwebjr6
操作系统：Linux
应用：系统名称：手机银行金融web7
所在地：亦庄中金
SERVICEID:L537
主机名：sjyhwebjr7
操作系统：Linux
应用：系统名称：手机银行金融web8
所在地：亦庄中金
SERVICEID:L538
主机名：sjyhwebjr8
操作系统：Linux
应用：系统名称：手机银行金融web9
所在地：亦庄中金
SERVICEID:L539
主机名：sjyhwebjr9
操作系统：Linux
应用：系统名称：手机银行金融web10
所在地：亦庄中金
SERVICEID:L540
主机名：sjyhwebjr10
操作系统：Linux
应用：系统名称：手机银行Android推送服务器1
所在地：亦庄中金
SERVICEID:L541
主机名：sjyhxxts1
操作系统：Linux
应用：系统名称：手机银行Android推送服务器2
所在地：亦庄中金
SERVICEID:L542
主机名：sjyhxxts2
操作系统：Linux
应用：系统名称：手机银行推送应用服务器1
所在地：亦庄中金
SERVICEID:L543
主机名：sjyhtsapp1
操作系统：Linux
应用：系统名称：手机银行推送应用服务器2
所在地：亦庄中金
SERVICEID:L544
主机名：sjyhtsapp2
操作系统：Linux
应用：系统名称：手机银行推送任务管理服务器1
所在地：亦庄中金
SERVICEID:L545
主机名：sjyhtsmng1
操作系统：Linux
应用：系统名称：手机银行推送任务管理服务器2
所在地：亦庄中金
SERVICEID:L546
主机名：sjyhtsmng2
操作系统：Linux
应用：系统名称：callcenter在线客服系统APP
所在地：亦庄中金
SERVICEID:L547
主机名：znzxkfapp1
操作系统：Linux
应用：系统名称：callcenter在线客服系统WEB1
所在地：亦庄中金
SERVICEID:L548
主机名：znzxkfweb1
操作系统：Linux
应用：系统名称：callcenter在线客服系统WEB2
所在地：亦庄中金
SERVICEID:L549
主机名：znzxkfweb2
操作系统：Linux
应用：系统名称：手机银行登录AP1
所在地：亦庄中金
SERVICEID:L550
主机名：sjyhapp1
操作系统：Linux
应用：系统名称：手机银行登录AP2
所在地：亦庄中金
SERVICEID:L551
主机名：sjyhapp2
操作系统：Linux
应用：系统名称：手机银行生活AP1
所在地：亦庄中金
SERVICEID:L552
主机名：sjyhapp3
操作系统：Linux
应用：系统名称：手机银行生活AP2
所在地：亦庄中金
SERVICEID:L553
主机名：sjyhapp4
操作系统：Linux
应用：系统名称：手机银行金融AP1
所在地：亦庄中金
SERVICEID:L554
主机名：sjyhapp5
操作系统：Linux
应用：系统名称：手机银行金融AP2
所在地：亦庄中金
SERVICEID:L555
主机名：sjyhapp6
操作系统：Linux
应用：系统名称：手机银行金融AP3
所在地：亦庄中金
SERVICEID:L556
主机名：sjyhapp7
操作系统：Linux
应用：系统名称：手机银行金融AP4
所在地：亦庄中金
SERVICEID:L557
主机名：sjyhapp8
操作系统：Linux
应用：系统名称：手机银行服务AP1
所在地：亦庄中金
SERVICEID:L558
主机名：sjyhapp9
操作系统：Linux
应用：系统名称：手机银行服务AP2
所在地：亦庄中金
SERVICEID:L559
主机名：sjyhapp10
操作系统：Linux
应用：系统名称：手机银行图片1
所在地：亦庄中金
SERVICEID:L560
主机名：sjyhpic1
操作系统：Linux
应用：系统名称：手机银行图片2
所在地：亦庄中金
SERVICEID:L561
主机名：sjyhpic2
操作系统：Linux
应用：系统名称：手机银行数据采集1
所在地：亦庄中金
SERVICEID:L562
主机名：sjyhcj1
操作系统：Linux
应用：系统名称：手机银行数据采集2
所在地：亦庄中金
SERVICEID:L563
主机名：sjyhcj2
操作系统：Linux
应用：系统名称：手机银行内管1
所在地：亦庄中金
SERVICEID:L564
主机名：sjyhmg1
操作系统：Linux
应用：系统名称：手机银行内管2
所在地：亦庄中金
SERVICEID:L565
主机名：sjyhmg2
操作系统：Linux
应用：
----------------------------------------------------------------
用户：zjp
时间：2016-11-10 01:53:11
系统名称：手机银行金融web1
所在地：亦庄中金
SERVICEID:L531
主机名：sjyhwebjr1
操作系统：Linux
应用：系统名称：手机银行金融web2
所在地：亦庄中金
SERVICEID:L532
主机名：sjyhwebjr2
操作系统：Linux
应用：系统名称：手机银行金融web3
所在地：亦庄中金
SERVICEID:L533
主机名：sjyhwebjr3
操作系统：Linux
应用：系统名称：手机银行金融web4
所在地：亦庄中金
SERVICEID:L534
主机名：sjyhwebjr4
操作系统：Linux
应用：系统名称：手机银行金融web5
所在地：亦庄中金
SERVICEID:L535
主机名：sjyhwebjr5
操作系统：Linux
应用：系统名称：手机银行金融web6
所在地：亦庄中金
SERVICEID:L536
主机名：sjyhwebjr6
操作系统：Linux
应用：系统名称：手机银行金融web7
所在地：亦庄中金
SERVICEID:L537
主机名：sjyhwebjr7
操作系统：Linux
应用：系统名称：手机银行金融web8
所在地：亦庄中金
SERVICEID:L538
主机名：sjyhwebjr8
操作系统：Linux
应用：系统名称：手机银行金融web9
所在地：亦庄中金
SERVICEID:L539
主机名：sjyhwebjr9
操作系统：Linux
应用：系统名称：手机银行金融web10
所在地：亦庄中金
SERVICEID:L540
主机名：sjyhwebjr10
操作系统：Linux
应用：系统名称：手机银行Android推送服务器1
所在地：亦庄中金
SERVICEID:L541
主机名：sjyhxxts1
操作系统：Linux
应用：系统名称：手机银行Android推送服务器2
所在地：亦庄中金
SERVICEID:L542
主机名：sjyhxxts2
操作系统：Linux
应用：系统名称：手机银行推送应用服务器1
所在地：亦庄中金
SERVICEID:L543
主机名：sjyhtsapp1
操作系统：Linux
应用：系统名称：手机银行推送应用服务器2
所在地：亦庄中金
SERVICEID:L544
主机名：sjyhtsapp2
操作系统：Linux
应用：系统名称：手机银行推送任务管理服务器1
所在地：亦庄中金
SERVICEID:L545
主机名：sjyhtsmng1
操作系统：Linux
应用：系统名称：手机银行推送任务管理服务器2
所在地：亦庄中金
SERVICEID:L546
主机名：sjyhtsmng2
操作系统：Linux
应用：系统名称：callcenter在线客服系统APP
所在地：亦庄中金
SERVICEID:L547
主机名：znzxkfapp1
操作系统：Linux
应用：系统名称：callcenter在线客服系统WEB1
所在地：亦庄中金
SERVICEID:L548
主机名：znzxkfweb1
操作系统：Linux
应用：系统名称：callcenter在线客服系统WEB2
所在地：亦庄中金
SERVICEID:L549
主机名：znzxkfweb2
操作系统：Linux
应用：系统名称：手机银行登录AP1
所在地：亦庄中金
SERVICEID:L550
主机名：sjyhapp1
操作系统：Linux
应用：系统名称：手机银行登录AP2
所在地：亦庄中金
SERVICEID:L551
主机名：sjyhapp2
操作系统：Linux
应用：系统名称：手机银行生活AP1
所在地：亦庄中金
SERVICEID:L552
主机名：sjyhapp3
操作系统：Linux
应用：系统名称：手机银行生活AP2
所在地：亦庄中金
SERVICEID:L553
主机名：sjyhapp4
操作系统：Linux
应用：系统名称：手机银行金融AP1
所在地：亦庄中金
SERVICEID:L554
主机名：sjyhapp5
操作系统：Linux
应用：系统名称：手机银行金融AP2
所在地：亦庄中金
SERVICEID:L555
主机名：sjyhapp6
操作系统：Linux
应用：系统名称：手机银行金融AP3
所在地：亦庄中金
SERVICEID:L556
主机名：sjyhapp7
操作系统：Linux
应用：系统名称：手机银行金融AP4
所在地：亦庄中金
SERVICEID:L557
主机名：sjyhapp8
操作系统：Linux
应用：系统名称：手机银行服务AP1
所在地：亦庄中金
SERVICEID:L558
主机名：sjyhapp9
操作系统：Linux
应用：系统名称：手机银行服务AP2
所在地：亦庄中金
SERVICEID:L559
主机名：sjyhapp10
操作系统：Linux
应用：系统名称：手机银行图片1
所在地：亦庄中金
SERVICEID:L560
主机名：sjyhpic1
操作系统：Linux
应用：系统名称：手机银行图片2
所在地：亦庄中金
SERVICEID:L561
主机名：sjyhpic2
操作系统：Linux
应用：系统名称：手机银行数据采集1
所在地：亦庄中金
SERVICEID:L562
主机名：sjyhcj1
操作系统：Linux
应用：系统名称：手机银行数据采集2
所在地：亦庄中金
SERVICEID:L563
主机名：sjyhcj2
操作系统：Linux
应用：系统名称：手机银行内管1
所在地：亦庄中金
SERVICEID:L564
主机名：sjyhmg1
操作系统：Linux
应用：系统名称：手机银行内管2
所在地：亦庄中金
SERVICEID:L565
主机名：sjyhmg2
操作系统：Linux
应用：系统名称：手机银行内存服务器1
所在地：亦庄中金
SERVICEID:L566
主机名：sjyhmem1
操作系统：Linux
应用：
----------------------------------------------------------------
用户：zjp
时间：2016-11-10 01:53:11
系统名称：手机银行金融web1
所在地：亦庄中金
SERVICEID:L531
主机名：sjyhwebjr1
操作系统：Linux
应用：系统名称：手机银行金融web2
所在地：亦庄中金
SERVICEID:L532
主机名：sjyhwebjr2
操作系统：Linux
应用：系统名称：手机银行金融web3
所在地：亦庄中金
SERVICEID:L533
主机名：sjyhwebjr3
操作系统：Linux
应用：系统名称：手机银行金融web4
所在地：亦庄中金
SERVICEID:L534
主机名：sjyhwebjr4
操作系统：Linux
应用：系统名称：手机银行金融web5
所在地：亦庄中金
SERVICEID:L535
主机名：sjyhwebjr5
操作系统：Linux
应用：系统名称：手机银行金融web6
所在地：亦庄中金
SERVICEID:L536
主机名：sjyhwebjr6
操作系统：Linux
应用：系统名称：手机银行金融web7
所在地：亦庄中金
SERVICEID:L537
主机名：sjyhwebjr7
操作系统：Linux
应用：系统名称：手机银行金融web8
所在地：亦庄中金
SERVICEID:L538
主机名：sjyhwebjr8
操作系统：Linux
应用：系统名称：手机银行金融web9
所在地：亦庄中金
SERVICEID:L539
主机名：sjyhwebjr9
操作系统：Linux
应用：系统名称：手机银行金融web10
所在地：亦庄中金
SERVICEID:L540
主机名：sjyhwebjr10
操作系统：Linux
应用：系统名称：手机银行Android推送服务器1
所在地：亦庄中金
SERVICEID:L541
主机名：sjyhxxts1
操作系统：Linux
应用：系统名称：手机银行Android推送服务器2
所在地：亦庄中金
SERVICEID:L542
主机名：sjyhxxts2
操作系统：Linux
应用：系统名称：手机银行推送应用服务器1
所在地：亦庄中金
SERVICEID:L543
主机名：sjyhtsapp1
操作系统：Linux
应用：系统名称：手机银行推送应用服务器2
所在地：亦庄中金
SERVICEID:L544
主机名：sjyhtsapp2
操作系统：Linux
应用：系统名称：手机银行推送任务管理服务器1
所在地：亦庄中金
SERVICEID:L545
主机名：sjyhtsmng1
操作系统：Linux
应用：系统名称：手机银行推送任务管理服务器2
所在地：亦庄中金
SERVICEID:L546
主机名：sjyhtsmng2
操作系统：Linux
应用：系统名称：callcenter在线客服系统APP
所在地：亦庄中金
SERVICEID:L547
主机名：znzxkfapp1
操作系统：Linux
应用：系统名称：callcenter在线客服系统WEB1
所在地：亦庄中金
SERVICEID:L548
主机名：znzxkfweb1
操作系统：Linux
应用：系统名称：callcenter在线客服系统WEB2
所在地：亦庄中金
SERVICEID:L549
主机名：znzxkfweb2
操作系统：Linux
应用：系统名称：手机银行登录AP1
所在地：亦庄中金
SERVICEID:L550
主机名：sjyhapp1
操作系统：Linux
应用：系统名称：手机银行登录AP2
所在地：亦庄中金
SERVICEID:L551
主机名：sjyhapp2
操作系统：Linux
应用：系统名称：手机银行生活AP1
所在地：亦庄中金
SERVICEID:L552
主机名：sjyhapp3
操作系统：Linux
应用：系统名称：手机银行生活AP2
所在地：亦庄中金
SERVICEID:L553
主机名：sjyhapp4
操作系统：Linux
应用：系统名称：手机银行金融AP1
所在地：亦庄中金
SERVICEID:L554
主机名：sjyhapp5
操作系统：Linux
应用：系统名称：手机银行金融AP2
所在地：亦庄中金
SERVICEID:L555
主机名：sjyhapp6
操作系统：Linux
应用：系统名称：手机银行金融AP3
所在地：亦庄中金
SERVICEID:L556
主机名：sjyhapp7
操作系统：Linux
应用：系统名称：手机银行金融AP4
所在地：亦庄中金
SERVICEID:L557
主机名：sjyhapp8
操作系统：Linux
应用：系统名称：手机银行服务AP1
所在地：亦庄中金
SERVICEID:L558
主机名：sjyhapp9
操作系统：Linux
应用：系统名称：手机银行服务AP2
所在地：亦庄中金
SERVICEID:L559
主机名：sjyhapp10
操作系统：Linux
应用：系统名称：手机银行图片1
所在地：亦庄中金
SERVICEID:L560
主机名：sjyhpic1
操作系统：Linux
应用：系统名称：手机银行图片2
所在地：亦庄中金
SERVICEID:L561
主机名：sjyhpic2
操作系统：Linux
应用：系统名称：手机银行数据采集1
所在地：亦庄中金
SERVICEID:L562
主机名：sjyhcj1
操作系统：Linux
应用：系统名称：手机银行数据采集2
所在地：亦庄中金
SERVICEID:L563
主机名：sjyhcj2
操作系统：Linux
应用：系统名称：手机银行内管1
所在地：亦庄中金
SERVICEID:L564
主机名：sjyhmg1
操作系统：Linux
应用：系统名称：手机银行内管2
所在地：亦庄中金
SERVICEID:L565
主机名：sjyhmg2
操作系统：Linux
应用：系统名称：手机银行内存服务器1
所在地：亦庄中金
SERVICEID:L566
主机名：sjyhmem1
操作系统：Linux
应用：系统名称：手机银行内存服务器2
所在地：亦庄中金
SERVICEID:L567
主机名：sjyhmem2
操作系统：Linux
应用：
----------------------------------------------------------------
用户：zjp
时间：2016-11-10 01:53:11
系统名称：手机银行金融web1
所在地：亦庄中金
SERVICEID:L531
主机名：sjyhwebjr1
操作系统：Linux
应用：系统名称：手机银行金融web2
所在地：亦庄中金
SERVICEID:L532
主机名：sjyhwebjr2
操作系统：Linux
应用：系统名称：手机银行金融web3
所在地：亦庄中金
SERVICEID:L533
主机名：sjyhwebjr3
操作系统：Linux
应用：系统名称：手机银行金融web4
所在地：亦庄中金
SERVICEID:L534
主机名：sjyhwebjr4
操作系统：Linux
应用：系统名称：手机银行金融web5
所在地：亦庄中金
SERVICEID:L535
主机名：sjyhwebjr5
操作系统：Linux
应用：系统名称：手机银行金融web6
所在地：亦庄中金
SERVICEID:L536
主机名：sjyhwebjr6
操作系统：Linux
应用：系统名称：手机银行金融web7
所在地：亦庄中金
SERVICEID:L537
主机名：sjyhwebjr7
操作系统：Linux
应用：系统名称：手机银行金融web8
所在地：亦庄中金
SERVICEID:L538
主机名：sjyhwebjr8
操作系统：Linux
应用：系统名称：手机银行金融web9
所在地：亦庄中金
SERVICEID:L539
主机名：sjyhwebjr9
操作系统：Linux
应用：系统名称：手机银行金融web10
所在地：亦庄中金
SERVICEID:L540
主机名：sjyhwebjr10
操作系统：Linux
应用：系统名称：手机银行Android推送服务器1
所在地：亦庄中金
SERVICEID:L541
主机名：sjyhxxts1
操作系统：Linux
应用：系统名称：手机银行Android推送服务器2
所在地：亦庄中金
SERVICEID:L542
主机名：sjyhxxts2
操作系统：Linux
应用：系统名称：手机银行推送应用服务器1
所在地：亦庄中金
SERVICEID:L543
主机名：sjyhtsapp1
操作系统：Linux
应用：系统名称：手机银行推送应用服务器2
所在地：亦庄中金
SERVICEID:L544
主机名：sjyhtsapp2
操作系统：Linux
应用：系统名称：手机银行推送任务管理服务器1
所在地：亦庄中金
SERVICEID:L545
主机名：sjyhtsmng1
操作系统：Linux
应用：系统名称：手机银行推送任务管理服务器2
所在地：亦庄中金
SERVICEID:L546
主机名：sjyhtsmng2
操作系统：Linux
应用：系统名称：callcenter在线客服系统APP
所在地：亦庄中金
SERVICEID:L547
主机名：znzxkfapp1
操作系统：Linux
应用：系统名称：callcenter在线客服系统WEB1
所在地：亦庄中金
SERVICEID:L548
主机名：znzxkfweb1
操作系统：Linux
应用：系统名称：callcenter在线客服系统WEB2
所在地：亦庄中金
SERVICEID:L549
主机名：znzxkfweb2
操作系统：Linux
应用：系统名称：手机银行登录AP1
所在地：亦庄中金
SERVICEID:L550
主机名：sjyhapp1
操作系统：Linux
应用：系统名称：手机银行登录AP2
所在地：亦庄中金
SERVICEID:L551
主机名：sjyhapp2
操作系统：Linux
应用：系统名称：手机银行生活AP1
所在地：亦庄中金
SERVICEID:L552
主机名：sjyhapp3
操作系统：Linux
应用：系统名称：手机银行生活AP2
所在地：亦庄中金
SERVICEID:L553
主机名：sjyhapp4
操作系统：Linux
应用：系统名称：手机银行金融AP1
所在地：亦庄中金
SERVICEID:L554
主机名：sjyhapp5
操作系统：Linux
应用：系统名称：手机银行金融AP2
所在地：亦庄中金
SERVICEID:L555
主机名：sjyhapp6
操作系统：Linux
应用：系统名称：手机银行金融AP3
所在地：亦庄中金
SERVICEID:L556
主机名：sjyhapp7
操作系统：Linux
应用：系统名称：手机银行金融AP4
所在地：亦庄中金
SERVICEID:L557
主机名：sjyhapp8
操作系统：Linux
应用：系统名称：手机银行服务AP1
所在地：亦庄中金
SERVICEID:L558
主机名：sjyhapp9
操作系统：Linux
应用：系统名称：手机银行服务AP2
所在地：亦庄中金
SERVICEID:L559
主机名：sjyhapp10
操作系统：Linux
应用：系统名称：手机银行图片1
所在地：亦庄中金
SERVICEID:L560
主机名：sjyhpic1
操作系统：Linux
应用：系统名称：手机银行图片2
所在地：亦庄中金
SERVICEID:L561
主机名：sjyhpic2
操作系统：Linux
应用：系统名称：手机银行数据采集1
所在地：亦庄中金
SERVICEID:L562
主机名：sjyhcj1
操作系统：Linux
应用：系统名称：手机银行数据采集2
所在地：亦庄中金
SERVICEID:L563
主机名：sjyhcj2
操作系统：Linux
应用：系统名称：手机银行内管1
所在地：亦庄中金
SERVICEID:L564
主机名：sjyhmg1
操作系统：Linux
应用：系统名称：手机银行内管2
所在地：亦庄中金
SERVICEID:L565
主机名：sjyhmg2
操作系统：Linux
应用：系统名称：手机银行内存服务器1
所在地：亦庄中金
SERVICEID:L566
主机名：sjyhmem1
操作系统：Linux
应用：系统名称：手机银行内存服务器2
所在地：亦庄中金
SERVICEID:L567
主机名：sjyhmem2
操作系统：Linux
应用：系统名称：手机银行内存服务器3
所在地：亦庄中金
SERVICEID:L568
主机名：sjyhmem3
操作系统：Linux
应用：
----------------------------------------------------------------
用户：zjp
时间：2016-11-10 01:53:11
系统名称：手机银行金融web1
所在地：亦庄中金
SERVICEID:L531
主机名：sjyhwebjr1
操作系统：Linux
应用：系统名称：手机银行金融web2
所在地：亦庄中金
SERVICEID:L532
主机名：sjyhwebjr2
操作系统：Linux
应用：系统名称：手机银行金融web3
所在地：亦庄中金
SERVICEID:L533
主机名：sjyhwebjr3
操作系统：Linux
应用：系统名称：手机银行金融web4
所在地：亦庄中金
SERVICEID:L534
主机名：sjyhwebjr4
操作系统：Linux
应用：系统名称：手机银行金融web5
所在地：亦庄中金
SERVICEID:L535
主机名：sjyhwebjr5
操作系统：Linux
应用：系统名称：手机银行金融web6
所在地：亦庄中金
SERVICEID:L536
主机名：sjyhwebjr6
操作系统：Linux
应用：系统名称：手机银行金融web7
所在地：亦庄中金
SERVICEID:L537
主机名：sjyhwebjr7
操作系统：Linux
应用：系统名称：手机银行金融web8
所在地：亦庄中金
SERVICEID:L538
主机名：sjyhwebjr8
操作系统：Linux
应用：系统名称：手机银行金融web9
所在地：亦庄中金
SERVICEID:L539
主机名：sjyhwebjr9
操作系统：Linux
应用：系统名称：手机银行金融web10
所在地：亦庄中金
SERVICEID:L540
主机名：sjyhwebjr10
操作系统：Linux
应用：系统名称：手机银行Android推送服务器1
所在地：亦庄中金
SERVICEID:L541
主机名：sjyhxxts1
操作系统：Linux
应用：系统名称：手机银行Android推送服务器2
所在地：亦庄中金
SERVICEID:L542
主机名：sjyhxxts2
操作系统：Linux
应用：系统名称：手机银行推送应用服务器1
所在地：亦庄中金
SERVICEID:L543
主机名：sjyhtsapp1
操作系统：Linux
应用：系统名称：手机银行推送应用服务器2
所在地：亦庄中金
SERVICEID:L544
主机名：sjyhtsapp2
操作系统：Linux
应用：系统名称：手机银行推送任务管理服务器1
所在地：亦庄中金
SERVICEID:L545
主机名：sjyhtsmng1
操作系统：Linux
应用：系统名称：手机银行推送任务管理服务器2
所在地：亦庄中金
SERVICEID:L546
主机名：sjyhtsmng2
操作系统：Linux
应用：系统名称：callcenter在线客服系统APP
所在地：亦庄中金
SERVICEID:L547
主机名：znzxkfapp1
操作系统：Linux
应用：系统名称：callcenter在线客服系统WEB1
所在地：亦庄中金
SERVICEID:L548
主机名：znzxkfweb1
操作系统：Linux
应用：系统名称：callcenter在线客服系统WEB2
所在地：亦庄中金
SERVICEID:L549
主机名：znzxkfweb2
操作系统：Linux
应用：系统名称：手机银行登录AP1
所在地：亦庄中金
SERVICEID:L550
主机名：sjyhapp1
操作系统：Linux
应用：系统名称：手机银行登录AP2
所在地：亦庄中金
SERVICEID:L551
主机名：sjyhapp2
操作系统：Linux
应用：系统名称：手机银行生活AP1
所在地：亦庄中金
SERVICEID:L552
主机名：sjyhapp3
操作系统：Linux
应用：系统名称：手机银行生活AP2
所在地：亦庄中金
SERVICEID:L553
主机名：sjyhapp4
操作系统：Linux
应用：系统名称：手机银行金融AP1
所在地：亦庄中金
SERVICEID:L554
主机名：sjyhapp5
操作系统：Linux
应用：系统名称：手机银行金融AP2
所在地：亦庄中金
SERVICEID:L555
主机名：sjyhapp6
操作系统：Linux
应用：系统名称：手机银行金融AP3
所在地：亦庄中金
SERVICEID:L556
主机名：sjyhapp7
操作系统：Linux
应用：系统名称：手机银行金融AP4
所在地：亦庄中金
SERVICEID:L557
主机名：sjyhapp8
操作系统：Linux
应用：系统名称：手机银行服务AP1
所在地：亦庄中金
SERVICEID:L558
主机名：sjyhapp9
操作系统：Linux
应用：系统名称：手机银行服务AP2
所在地：亦庄中金
SERVICEID:L559
主机名：sjyhapp10
操作系统：Linux
应用：系统名称：手机银行图片1
所在地：亦庄中金
SERVICEID:L560
主机名：sjyhpic1
操作系统：Linux
应用：系统名称：手机银行图片2
所在地：亦庄中金
SERVICEID:L561
主机名：sjyhpic2
操作系统：Linux
应用：系统名称：手机银行数据采集1
所在地：亦庄中金
SERVICEID:L562
主机名：sjyhcj1
操作系统：Linux
应用：系统名称：手机银行数据采集2
所在地：亦庄中金
SERVICEID:L563
主机名：sjyhcj2
操作系统：Linux
应用：系统名称：手机银行内管1
所在地：亦庄中金
SERVICEID:L564
主机名：sjyhmg1
操作系统：Linux
应用：系统名称：手机银行内管2
所在地：亦庄中金
SERVICEID:L565
主机名：sjyhmg2
操作系统：Linux
应用：系统名称：手机银行内存服务器1
所在地：亦庄中金
SERVICEID:L566
主机名：sjyhmem1
操作系统：Linux
应用：系统名称：手机银行内存服务器2
所在地：亦庄中金
SERVICEID:L567
主机名：sjyhmem2
操作系统：Linux
应用：系统名称：手机银行内存服务器3
所在地：亦庄中金
SERVICEID:L568
主机名：sjyhmem3
操作系统：Linux
应用：系统名称：手机银行内存服务器4
所在地：亦庄中金
SERVICEID:L569
主机名：sjyhmem4
操作系统：Linux
应用：
----------------------------------------------------------------
用户：zjp
时间：2016-11-10 01:53:11
系统名称：手机银行金融web1
所在地：亦庄中金
SERVICEID:L531
主机名：sjyhwebjr1
操作系统：Linux
应用：系统名称：手机银行金融web2
所在地：亦庄中金
SERVICEID:L532
主机名：sjyhwebjr2
操作系统：Linux
应用：系统名称：手机银行金融web3
所在地：亦庄中金
SERVICEID:L533
主机名：sjyhwebjr3
操作系统：Linux
应用：系统名称：手机银行金融web4
所在地：亦庄中金
SERVICEID:L534
主机名：sjyhwebjr4
操作系统：Linux
应用：系统名称：手机银行金融web5
所在地：亦庄中金
SERVICEID:L535
主机名：sjyhwebjr5
操作系统：Linux
应用：系统名称：手机银行金融web6
所在地：亦庄中金
SERVICEID:L536
主机名：sjyhwebjr6
操作系统：Linux
应用：系统名称：手机银行金融web7
所在地：亦庄中金
SERVICEID:L537
主机名：sjyhwebjr7
操作系统：Linux
应用：系统名称：手机银行金融web8
所在地：亦庄中金
SERVICEID:L538
主机名：sjyhwebjr8
操作系统：Linux
应用：系统名称：手机银行金融web9
所在地：亦庄中金
SERVICEID:L539
主机名：sjyhwebjr9
操作系统：Linux
应用：系统名称：手机银行金融web10
所在地：亦庄中金
SERVICEID:L540
主机名：sjyhwebjr10
操作系统：Linux
应用：系统名称：手机银行Android推送服务器1
所在地：亦庄中金
SERVICEID:L541
主机名：sjyhxxts1
操作系统：Linux
应用：系统名称：手机银行Android推送服务器2
所在地：亦庄中金
SERVICEID:L542
主机名：sjyhxxts2
操作系统：Linux
应用：系统名称：手机银行推送应用服务器1
所在地：亦庄中金
SERVICEID:L543
主机名：sjyhtsapp1
操作系统：Linux
应用：系统名称：手机银行推送应用服务器2
所在地：亦庄中金
SERVICEID:L544
主机名：sjyhtsapp2
操作系统：Linux
应用：系统名称：手机银行推送任务管理服务器1
所在地：亦庄中金
SERVICEID:L545
主机名：sjyhtsmng1
操作系统：Linux
应用：系统名称：手机银行推送任务管理服务器2
所在地：亦庄中金
SERVICEID:L546
主机名：sjyhtsmng2
操作系统：Linux
应用：系统名称：callcenter在线客服系统APP
所在地：亦庄中金
SERVICEID:L547
主机名：znzxkfapp1
操作系统：Linux
应用：系统名称：callcenter在线客服系统WEB1
所在地：亦庄中金
SERVICEID:L548
主机名：znzxkfweb1
操作系统：Linux
应用：系统名称：callcenter在线客服系统WEB2
所在地：亦庄中金
SERVICEID:L549
主机名：znzxkfweb2
操作系统：Linux
应用：系统名称：手机银行登录AP1
所在地：亦庄中金
SERVICEID:L550
主机名：sjyhapp1
操作系统：Linux
应用：系统名称：手机银行登录AP2
所在地：亦庄中金
SERVICEID:L551
主机名：sjyhapp2
操作系统：Linux
应用：系统名称：手机银行生活AP1
所在地：亦庄中金
SERVICEID:L552
主机名：sjyhapp3
操作系统：Linux
应用：系统名称：手机银行生活AP2
所在地：亦庄中金
SERVICEID:L553
主机名：sjyhapp4
操作系统：Linux
应用：系统名称：手机银行金融AP1
所在地：亦庄中金
SERVICEID:L554
主机名：sjyhapp5
操作系统：Linux
应用：系统名称：手机银行金融AP2
所在地：亦庄中金
SERVICEID:L555
主机名：sjyhapp6
操作系统：Linux
应用：系统名称：手机银行金融AP3
所在地：亦庄中金
SERVICEID:L556
主机名：sjyhapp7
操作系统：Linux
应用：系统名称：手机银行金融AP4
所在地：亦庄中金
SERVICEID:L557
主机名：sjyhapp8
操作系统：Linux
应用：系统名称：手机银行服务AP1
所在地：亦庄中金
SERVICEID:L558
主机名：sjyhapp9
操作系统：Linux
应用：系统名称：手机银行服务AP2
所在地：亦庄中金
SERVICEID:L559
主机名：sjyhapp10
操作系统：Linux
应用：系统名称：手机银行图片1
所在地：亦庄中金
SERVICEID:L560
主机名：sjyhpic1
操作系统：Linux
应用：系统名称：手机银行图片2
所在地：亦庄中金
SERVICEID:L561
主机名：sjyhpic2
操作系统：Linux
应用：系统名称：手机银行数据采集1
所在地：亦庄中金
SERVICEID:L562
主机名：sjyhcj1
操作系统：Linux
应用：系统名称：手机银行数据采集2
所在地：亦庄中金
SERVICEID:L563
主机名：sjyhcj2
操作系统：Linux
应用：系统名称：手机银行内管1
所在地：亦庄中金
SERVICEID:L564
主机名：sjyhmg1
操作系统：Linux
应用：系统名称：手机银行内管2
所在地：亦庄中金
SERVICEID:L565
主机名：sjyhmg2
操作系统：Linux
应用：系统名称：手机银行内存服务器1
所在地：亦庄中金
SERVICEID:L566
主机名：sjyhmem1
操作系统：Linux
应用：系统名称：手机银行内存服务器2
所在地：亦庄中金
SERVICEID:L567
主机名：sjyhmem2
操作系统：Linux
应用：系统名称：手机银行内存服务器3
所在地：亦庄中金
SERVICEID:L568
主机名：sjyhmem3
操作系统：Linux
应用：系统名称：手机银行内存服务器4
所在地：亦庄中金
SERVICEID:L569
主机名：sjyhmem4
操作系统：Linux
应用：系统名称：自助报账db1机
所在地：亦庄中金
SERVICEID:L570
主机名：zzbzdb1
操作系统：Linux
应用：
----------------------------------------------------------------
用户：zjp
时间：2016-11-10 01:53:11
系统名称：手机银行金融web1
所在地：亦庄中金
SERVICEID:L531
主机名：sjyhwebjr1
操作系统：Linux
应用：系统名称：手机银行金融web2
所在地：亦庄中金
SERVICEID:L532
主机名：sjyhwebjr2
操作系统：Linux
应用：系统名称：手机银行金融web3
所在地：亦庄中金
SERVICEID:L533
主机名：sjyhwebjr3
操作系统：Linux
应用：系统名称：手机银行金融web4
所在地：亦庄中金
SERVICEID:L534
主机名：sjyhwebjr4
操作系统：Linux
应用：系统名称：手机银行金融web5
所在地：亦庄中金
SERVICEID:L535
主机名：sjyhwebjr5
操作系统：Linux
应用：系统名称：手机银行金融web6
所在地：亦庄中金
SERVICEID:L536
主机名：sjyhwebjr6
操作系统：Linux
应用：系统名称：手机银行金融web7
所在地：亦庄中金
SERVICEID:L537
主机名：sjyhwebjr7
操作系统：Linux
应用：系统名称：手机银行金融web8
所在地：亦庄中金
SERVICEID:L538
主机名：sjyhwebjr8
操作系统：Linux
应用：系统名称：手机银行金融web9
所在地：亦庄中金
SERVICEID:L539
主机名：sjyhwebjr9
操作系统：Linux
应用：系统名称：手机银行金融web10
所在地：亦庄中金
SERVICEID:L540
主机名：sjyhwebjr10
操作系统：Linux
应用：系统名称：手机银行Android推送服务器1
所在地：亦庄中金
SERVICEID:L541
主机名：sjyhxxts1
操作系统：Linux
应用：系统名称：手机银行Android推送服务器2
所在地：亦庄中金
SERVICEID:L542
主机名：sjyhxxts2
操作系统：Linux
应用：系统名称：手机银行推送应用服务器1
所在地：亦庄中金
SERVICEID:L543
主机名：sjyhtsapp1
操作系统：Linux
应用：系统名称：手机银行推送应用服务器2
所在地：亦庄中金
SERVICEID:L544
主机名：sjyhtsapp2
操作系统：Linux
应用：系统名称：手机银行推送任务管理服务器1
所在地：亦庄中金
SERVICEID:L545
主机名：sjyhtsmng1
操作系统：Linux
应用：系统名称：手机银行推送任务管理服务器2
所在地：亦庄中金
SERVICEID:L546
主机名：sjyhtsmng2
操作系统：Linux
应用：系统名称：callcenter在线客服系统APP
所在地：亦庄中金
SERVICEID:L547
主机名：znzxkfapp1
操作系统：Linux
应用：系统名称：callcenter在线客服系统WEB1
所在地：亦庄中金
SERVICEID:L548
主机名：znzxkfweb1
操作系统：Linux
应用：系统名称：callcenter在线客服系统WEB2
所在地：亦庄中金
SERVICEID:L549
主机名：znzxkfweb2
操作系统：Linux
应用：系统名称：手机银行登录AP1
所在地：亦庄中金
SERVICEID:L550
主机名：sjyhapp1
操作系统：Linux
应用：系统名称：手机银行登录AP2
所在地：亦庄中金
SERVICEID:L551
主机名：sjyhapp2
操作系统：Linux
应用：系统名称：手机银行生活AP1
所在地：亦庄中金
SERVICEID:L552
主机名：sjyhapp3
操作系统：Linux
应用：系统名称：手机银行生活AP2
所在地：亦庄中金
SERVICEID:L553
主机名：sjyhapp4
操作系统：Linux
应用：系统名称：手机银行金融AP1
所在地：亦庄中金
SERVICEID:L554
主机名：sjyhapp5
操作系统：Linux
应用：系统名称：手机银行金融AP2
所在地：亦庄中金
SERVICEID:L555
主机名：sjyhapp6
操作系统：Linux
应用：系统名称：手机银行金融AP3
所在地：亦庄中金
SERVICEID:L556
主机名：sjyhapp7
操作系统：Linux
应用：系统名称：手机银行金融AP4
所在地：亦庄中金
SERVICEID:L557
主机名：sjyhapp8
操作系统：Linux
应用：系统名称：手机银行服务AP1
所在地：亦庄中金
SERVICEID:L558
主机名：sjyhapp9
操作系统：Linux
应用：系统名称：手机银行服务AP2
所在地：亦庄中金
SERVICEID:L559
主机名：sjyhapp10
操作系统：Linux
应用：系统名称：手机银行图片1
所在地：亦庄中金
SERVICEID:L560
主机名：sjyhpic1
操作系统：Linux
应用：系统名称：手机银行图片2
所在地：亦庄中金
SERVICEID:L561
主机名：sjyhpic2
操作系统：Linux
应用：系统名称：手机银行数据采集1
所在地：亦庄中金
SERVICEID:L562
主机名：sjyhcj1
操作系统：Linux
应用：系统名称：手机银行数据采集2
所在地：亦庄中金
SERVICEID:L563
主机名：sjyhcj2
操作系统：Linux
应用：系统名称：手机银行内管1
所在地：亦庄中金
SERVICEID:L564
主机名：sjyhmg1
操作系统：Linux
应用：系统名称：手机银行内管2
所在地：亦庄中金
SERVICEID:L565
主机名：sjyhmg2
操作系统：Linux
应用：系统名称：手机银行内存服务器1
所在地：亦庄中金
SERVICEID:L566
主机名：sjyhmem1
操作系统：Linux
应用：系统名称：手机银行内存服务器2
所在地：亦庄中金
SERVICEID:L567
主机名：sjyhmem2
操作系统：Linux
应用：系统名称：手机银行内存服务器3
所在地：亦庄中金
SERVICEID:L568
主机名：sjyhmem3
操作系统：Linux
应用：系统名称：手机银行内存服务器4
所在地：亦庄中金
SERVICEID:L569
主机名：sjyhmem4
操作系统：Linux
应用：系统名称：自助报账db1机
所在地：亦庄中金
SERVICEID:L570
主机名：zzbzdb1
操作系统：Linux
应用：系统名称：自助报账db2机
所在地：亦庄中金
SERVICEID:L571
主机名：zzbzdb2
操作系统：Linux
应用：
----------------------------------------------------------------
用户：zjp
时间：2016-11-10 01:53:11
系统名称：手机银行金融web1
所在地：亦庄中金
SERVICEID:L531
主机名：sjyhwebjr1
操作系统：Linux
应用：系统名称：手机银行金融web2
所在地：亦庄中金
SERVICEID:L532
主机名：sjyhwebjr2
操作系统：Linux
应用：系统名称：手机银行金融web3
所在地：亦庄中金
SERVICEID:L533
主机名：sjyhwebjr3
操作系统：Linux
应用：系统名称：手机银行金融web4
所在地：亦庄中金
SERVICEID:L534
主机名：sjyhwebjr4
操作系统：Linux
应用：系统名称：手机银行金融web5
所在地：亦庄中金
SERVICEID:L535
主机名：sjyhwebjr5
操作系统：Linux
应用：系统名称：手机银行金融web6
所在地：亦庄中金
SERVICEID:L536
主机名：sjyhwebjr6
操作系统：Linux
应用：系统名称：手机银行金融web7
所在地：亦庄中金
SERVICEID:L537
主机名：sjyhwebjr7
操作系统：Linux
应用：系统名称：手机银行金融web8
所在地：亦庄中金
SERVICEID:L538
主机名：sjyhwebjr8
操作系统：Linux
应用：系统名称：手机银行金融web9
所在地：亦庄中金
SERVICEID:L539
主机名：sjyhwebjr9
操作系统：Linux
应用：系统名称：手机银行金融web10
所在地：亦庄中金
SERVICEID:L540
主机名：sjyhwebjr10
操作系统：Linux
应用：系统名称：手机银行Android推送服务器1
所在地：亦庄中金
SERVICEID:L541
主机名：sjyhxxts1
操作系统：Linux
应用：系统名称：手机银行Android推送服务器2
所在地：亦庄中金
SERVICEID:L542
主机名：sjyhxxts2
操作系统：Linux
应用：系统名称：手机银行推送应用服务器1
所在地：亦庄中金
SERVICEID:L543
主机名：sjyhtsapp1
操作系统：Linux
应用：系统名称：手机银行推送应用服务器2
所在地：亦庄中金
SERVICEID:L544
主机名：sjyhtsapp2
操作系统：Linux
应用：系统名称：手机银行推送任务管理服务器1
所在地：亦庄中金
SERVICEID:L545
主机名：sjyhtsmng1
操作系统：Linux
应用：系统名称：手机银行推送任务管理服务器2
所在地：亦庄中金
SERVICEID:L546
主机名：sjyhtsmng2
操作系统：Linux
应用：系统名称：callcenter在线客服系统APP
所在地：亦庄中金
SERVICEID:L547
主机名：znzxkfapp1
操作系统：Linux
应用：系统名称：callcenter在线客服系统WEB1
所在地：亦庄中金
SERVICEID:L548
主机名：znzxkfweb1
操作系统：Linux
应用：系统名称：callcenter在线客服系统WEB2
所在地：亦庄中金
SERVICEID:L549
主机名：znzxkfweb2
操作系统：Linux
应用：系统名称：手机银行登录AP1
所在地：亦庄中金
SERVICEID:L550
主机名：sjyhapp1
操作系统：Linux
应用：系统名称：手机银行登录AP2
所在地：亦庄中金
SERVICEID:L551
主机名：sjyhapp2
操作系统：Linux
应用：系统名称：手机银行生活AP1
所在地：亦庄中金
SERVICEID:L552
主机名：sjyhapp3
操作系统：Linux
应用：系统名称：手机银行生活AP2
所在地：亦庄中金
SERVICEID:L553
主机名：sjyhapp4
操作系统：Linux
应用：系统名称：手机银行金融AP1
所在地：亦庄中金
SERVICEID:L554
主机名：sjyhapp5
操作系统：Linux
应用：系统名称：手机银行金融AP2
所在地：亦庄中金
SERVICEID:L555
主机名：sjyhapp6
操作系统：Linux
应用：系统名称：手机银行金融AP3
所在地：亦庄中金
SERVICEID:L556
主机名：sjyhapp7
操作系统：Linux
应用：系统名称：手机银行金融AP4
所在地：亦庄中金
SERVICEID:L557
主机名：sjyhapp8
操作系统：Linux
应用：系统名称：手机银行服务AP1
所在地：亦庄中金
SERVICEID:L558
主机名：sjyhapp9
操作系统：Linux
应用：系统名称：手机银行服务AP2
所在地：亦庄中金
SERVICEID:L559
主机名：sjyhapp10
操作系统：Linux
应用：系统名称：手机银行图片1
所在地：亦庄中金
SERVICEID:L560
主机名：sjyhpic1
操作系统：Linux
应用：系统名称：手机银行图片2
所在地：亦庄中金
SERVICEID:L561
主机名：sjyhpic2
操作系统：Linux
应用：系统名称：手机银行数据采集1
所在地：亦庄中金
SERVICEID:L562
主机名：sjyhcj1
操作系统：Linux
应用：系统名称：手机银行数据采集2
所在地：亦庄中金
SERVICEID:L563
主机名：sjyhcj2
操作系统：Linux
应用：系统名称：手机银行内管1
所在地：亦庄中金
SERVICEID:L564
主机名：sjyhmg1
操作系统：Linux
应用：系统名称：手机银行内管2
所在地：亦庄中金
SERVICEID:L565
主机名：sjyhmg2
操作系统：Linux
应用：系统名称：手机银行内存服务器1
所在地：亦庄中金
SERVICEID:L566
主机名：sjyhmem1
操作系统：Linux
应用：系统名称：手机银行内存服务器2
所在地：亦庄中金
SERVICEID:L567
主机名：sjyhmem2
操作系统：Linux
应用：系统名称：手机银行内存服务器3
所在地：亦庄中金
SERVICEID:L568
主机名：sjyhmem3
操作系统：Linux
应用：系统名称：手机银行内存服务器4
所在地：亦庄中金
SERVICEID:L569
主机名：sjyhmem4
操作系统：Linux
应用：系统名称：自助报账db1机
所在地：亦庄中金
SERVICEID:L570
主机名：zzbzdb1
操作系统：Linux
应用：系统名称：自助报账db2机
所在地：亦庄中金
SERVICEID:L571
主机名：zzbzdb2
操作系统：Linux
应用：系统名称：自助报账ap1机
所在地：亦庄中金
SERVICEID:L572
主机名：zzbzap1
操作系统：Linux
应用：
----------------------------------------------------------------
用户：zjp
时间：2016-11-10 01:53:11
系统名称：手机银行金融web1
所在地：亦庄中金
SERVICEID:L531
主机名：sjyhwebjr1
操作系统：Linux
应用：系统名称：手机银行金融web2
所在地：亦庄中金
SERVICEID:L532
主机名：sjyhwebjr2
操作系统：Linux
应用：系统名称：手机银行金融web3
所在地：亦庄中金
SERVICEID:L533
主机名：sjyhwebjr3
操作系统：Linux
应用：系统名称：手机银行金融web4
所在地：亦庄中金
SERVICEID:L534
主机名：sjyhwebjr4
操作系统：Linux
应用：系统名称：手机银行金融web5
所在地：亦庄中金
SERVICEID:L535
主机名：sjyhwebjr5
操作系统：Linux
应用：系统名称：手机银行金融web6
所在地：亦庄中金
SERVICEID:L536
主机名：sjyhwebjr6
操作系统：Linux
应用：系统名称：手机银行金融web7
所在地：亦庄中金
SERVICEID:L537
主机名：sjyhwebjr7
操作系统：Linux
应用：系统名称：手机银行金融web8
所在地：亦庄中金
SERVICEID:L538
主机名：sjyhwebjr8
操作系统：Linux
应用：系统名称：手机银行金融web9
所在地：亦庄中金
SERVICEID:L539
主机名：sjyhwebjr9
操作系统：Linux
应用：系统名称：手机银行金融web10
所在地：亦庄中金
SERVICEID:L540
主机名：sjyhwebjr10
操作系统：Linux
应用：系统名称：手机银行Android推送服务器1
所在地：亦庄中金
SERVICEID:L541
主机名：sjyhxxts1
操作系统：Linux
应用：系统名称：手机银行Android推送服务器2
所在地：亦庄中金
SERVICEID:L542
主机名：sjyhxxts2
操作系统：Linux
应用：系统名称：手机银行推送应用服务器1
所在地：亦庄中金
SERVICEID:L543
主机名：sjyhtsapp1
操作系统：Linux
应用：系统名称：手机银行推送应用服务器2
所在地：亦庄中金
SERVICEID:L544
主机名：sjyhtsapp2
操作系统：Linux
应用：系统名称：手机银行推送任务管理服务器1
所在地：亦庄中金
SERVICEID:L545
主机名：sjyhtsmng1
操作系统：Linux
应用：系统名称：手机银行推送任务管理服务器2
所在地：亦庄中金
SERVICEID:L546
主机名：sjyhtsmng2
操作系统：Linux
应用：系统名称：callcenter在线客服系统APP
所在地：亦庄中金
SERVICEID:L547
主机名：znzxkfapp1
操作系统：Linux
应用：系统名称：callcenter在线客服系统WEB1
所在地：亦庄中金
SERVICEID:L548
主机名：znzxkfweb1
操作系统：Linux
应用：系统名称：callcenter在线客服系统WEB2
所在地：亦庄中金
SERVICEID:L549
主机名：znzxkfweb2
操作系统：Linux
应用：系统名称：手机银行登录AP1
所在地：亦庄中金
SERVICEID:L550
主机名：sjyhapp1
操作系统：Linux
应用：系统名称：手机银行登录AP2
所在地：亦庄中金
SERVICEID:L551
主机名：sjyhapp2
操作系统：Linux
应用：系统名称：手机银行生活AP1
所在地：亦庄中金
SERVICEID:L552
主机名：sjyhapp3
操作系统：Linux
应用：系统名称：手机银行生活AP2
所在地：亦庄中金
SERVICEID:L553
主机名：sjyhapp4
操作系统：Linux
应用：系统名称：手机银行金融AP1
所在地：亦庄中金
SERVICEID:L554
主机名：sjyhapp5
操作系统：Linux
应用：系统名称：手机银行金融AP2
所在地：亦庄中金
SERVICEID:L555
主机名：sjyhapp6
操作系统：Linux
应用：系统名称：手机银行金融AP3
所在地：亦庄中金
SERVICEID:L556
主机名：sjyhapp7
操作系统：Linux
应用：系统名称：手机银行金融AP4
所在地：亦庄中金
SERVICEID:L557
主机名：sjyhapp8
操作系统：Linux
应用：系统名称：手机银行服务AP1
所在地：亦庄中金
SERVICEID:L558
主机名：sjyhapp9
操作系统：Linux
应用：系统名称：手机银行服务AP2
所在地：亦庄中金
SERVICEID:L559
主机名：sjyhapp10
操作系统：Linux
应用：系统名称：手机银行图片1
所在地：亦庄中金
SERVICEID:L560
主机名：sjyhpic1
操作系统：Linux
应用：系统名称：手机银行图片2
所在地：亦庄中金
SERVICEID:L561
主机名：sjyhpic2
操作系统：Linux
应用：系统名称：手机银行数据采集1
所在地：亦庄中金
SERVICEID:L562
主机名：sjyhcj1
操作系统：Linux
应用：系统名称：手机银行数据采集2
所在地：亦庄中金
SERVICEID:L563
主机名：sjyhcj2
操作系统：Linux
应用：系统名称：手机银行内管1
所在地：亦庄中金
SERVICEID:L564
主机名：sjyhmg1
操作系统：Linux
应用：系统名称：手机银行内管2
所在地：亦庄中金
SERVICEID:L565
主机名：sjyhmg2
操作系统：Linux
应用：系统名称：手机银行内存服务器1
所在地：亦庄中金
SERVICEID:L566
主机名：sjyhmem1
操作系统：Linux
应用：系统名称：手机银行内存服务器2
所在地：亦庄中金
SERVICEID:L567
主机名：sjyhmem2
操作系统：Linux
应用：系统名称：手机银行内存服务器3
所在地：亦庄中金
SERVICEID:L568
主机名：sjyhmem3
操作系统：Linux
应用：系统名称：手机银行内存服务器4
所在地：亦庄中金
SERVICEID:L569
主机名：sjyhmem4
操作系统：Linux
应用：系统名称：自助报账db1机
所在地：亦庄中金
SERVICEID:L570
主机名：zzbzdb1
操作系统：Linux
应用：系统名称：自助报账db2机
所在地：亦庄中金
SERVICEID:L571
主机名：zzbzdb2
操作系统：Linux
应用：系统名称：自助报账ap1机
所在地：亦庄中金
SERVICEID:L572
主机名：zzbzap1
操作系统：Linux
应用：系统名称：自助报账ap2机
所在地：亦庄中金
SERVICEID:L573
主机名：zzbzap2
操作系统：Linux
应用：
----------------------------------------------------------------
用户：zjp
时间：2016-11-10 01:53:11
系统名称：手机银行金融web1
所在地：亦庄中金
SERVICEID:L531
主机名：sjyhwebjr1
操作系统：Linux
应用：系统名称：手机银行金融web2
所在地：亦庄中金
SERVICEID:L532
主机名：sjyhwebjr2
操作系统：Linux
应用：系统名称：手机银行金融web3
所在地：亦庄中金
SERVICEID:L533
主机名：sjyhwebjr3
操作系统：Linux
应用：系统名称：手机银行金融web4
所在地：亦庄中金
SERVICEID:L534
主机名：sjyhwebjr4
操作系统：Linux
应用：系统名称：手机银行金融web5
所在地：亦庄中金
SERVICEID:L535
主机名：sjyhwebjr5
操作系统：Linux
应用：系统名称：手机银行金融web6
所在地：亦庄中金
SERVICEID:L536
主机名：sjyhwebjr6
操作系统：Linux
应用：系统名称：手机银行金融web7
所在地：亦庄中金
SERVICEID:L537
主机名：sjyhwebjr7
操作系统：Linux
应用：系统名称：手机银行金融web8
所在地：亦庄中金
SERVICEID:L538
主机名：sjyhwebjr8
操作系统：Linux
应用：系统名称：手机银行金融web9
所在地：亦庄中金
SERVICEID:L539
主机名：sjyhwebjr9
操作系统：Linux
应用：系统名称：手机银行金融web10
所在地：亦庄中金
SERVICEID:L540
主机名：sjyhwebjr10
操作系统：Linux
应用：系统名称：手机银行Android推送服务器1
所在地：亦庄中金
SERVICEID:L541
主机名：sjyhxxts1
操作系统：Linux
应用：系统名称：手机银行Android推送服务器2
所在地：亦庄中金
SERVICEID:L542
主机名：sjyhxxts2
操作系统：Linux
应用：系统名称：手机银行推送应用服务器1
所在地：亦庄中金
SERVICEID:L543
主机名：sjyhtsapp1
操作系统：Linux
应用：系统名称：手机银行推送应用服务器2
所在地：亦庄中金
SERVICEID:L544
主机名：sjyhtsapp2
操作系统：Linux
应用：系统名称：手机银行推送任务管理服务器1
所在地：亦庄中金
SERVICEID:L545
主机名：sjyhtsmng1
操作系统：Linux
应用：系统名称：手机银行推送任务管理服务器2
所在地：亦庄中金
SERVICEID:L546
主机名：sjyhtsmng2
操作系统：Linux
应用：系统名称：callcenter在线客服系统APP
所在地：亦庄中金
SERVICEID:L547
主机名：znzxkfapp1
操作系统：Linux
应用：系统名称：callcenter在线客服系统WEB1
所在地：亦庄中金
SERVICEID:L548
主机名：znzxkfweb1
操作系统：Linux
应用：系统名称：callcenter在线客服系统WEB2
所在地：亦庄中金
SERVICEID:L549
主机名：znzxkfweb2
操作系统：Linux
应用：系统名称：手机银行登录AP1
所在地：亦庄中金
SERVICEID:L550
主机名：sjyhapp1
操作系统：Linux
应用：系统名称：手机银行登录AP2
所在地：亦庄中金
SERVICEID:L551
主机名：sjyhapp2
操作系统：Linux
应用：系统名称：手机银行生活AP1
所在地：亦庄中金
SERVICEID:L552
主机名：sjyhapp3
操作系统：Linux
应用：系统名称：手机银行生活AP2
所在地：亦庄中金
SERVICEID:L553
主机名：sjyhapp4
操作系统：Linux
应用：系统名称：手机银行金融AP1
所在地：亦庄中金
SERVICEID:L554
主机名：sjyhapp5
操作系统：Linux
应用：系统名称：手机银行金融AP2
所在地：亦庄中金
SERVICEID:L555
主机名：sjyhapp6
操作系统：Linux
应用：系统名称：手机银行金融AP3
所在地：亦庄中金
SERVICEID:L556
主机名：sjyhapp7
操作系统：Linux
应用：系统名称：手机银行金融AP4
所在地：亦庄中金
SERVICEID:L557
主机名：sjyhapp8
操作系统：Linux
应用：系统名称：手机银行服务AP1
所在地：亦庄中金
SERVICEID:L558
主机名：sjyhapp9
操作系统：Linux
应用：系统名称：手机银行服务AP2
所在地：亦庄中金
SERVICEID:L559
主机名：sjyhapp10
操作系统：Linux
应用：系统名称：手机银行图片1
所在地：亦庄中金
SERVICEID:L560
主机名：sjyhpic1
操作系统：Linux
应用：系统名称：手机银行图片2
所在地：亦庄中金
SERVICEID:L561
主机名：sjyhpic2
操作系统：Linux
应用：系统名称：手机银行数据采集1
所在地：亦庄中金
SERVICEID:L562
主机名：sjyhcj1
操作系统：Linux
应用：系统名称：手机银行数据采集2
所在地：亦庄中金
SERVICEID:L563
主机名：sjyhcj2
操作系统：Linux
应用：系统名称：手机银行内管1
所在地：亦庄中金
SERVICEID:L564
主机名：sjyhmg1
操作系统：Linux
应用：系统名称：手机银行内管2
所在地：亦庄中金
SERVICEID:L565
主机名：sjyhmg2
操作系统：Linux
应用：系统名称：手机银行内存服务器1
所在地：亦庄中金
SERVICEID:L566
主机名：sjyhmem1
操作系统：Linux
应用：系统名称：手机银行内存服务器2
所在地：亦庄中金
SERVICEID:L567
主机名：sjyhmem2
操作系统：Linux
应用：系统名称：手机银行内存服务器3
所在地：亦庄中金
SERVICEID:L568
主机名：sjyhmem3
操作系统：Linux
应用：系统名称：手机银行内存服务器4
所在地：亦庄中金
SERVICEID:L569
主机名：sjyhmem4
操作系统：Linux
应用：系统名称：自助报账db1机
所在地：亦庄中金
SERVICEID:L570
主机名：zzbzdb1
操作系统：Linux
应用：系统名称：自助报账db2机
所在地：亦庄中金
SERVICEID:L571
主机名：zzbzdb2
操作系统：Linux
应用：系统名称：自助报账ap1机
所在地：亦庄中金
SERVICEID:L572
主机名：zzbzap1
操作系统：Linux
应用：系统名称：自助报账ap2机
所在地：亦庄中金
SERVICEID:L573
主机名：zzbzap2
操作系统：Linux
应用：系统名称：自助报账影像缓存1机
所在地：亦庄中金
SERVICEID:L574
主机名：zzbzyxhc1
操作系统：Linux
应用：
----------------------------------------------------------------
用户：zjp
时间：2016-11-10 01:53:11
系统名称：手机银行金融web1
所在地：亦庄中金
SERVICEID:L531
主机名：sjyhwebjr1
操作系统：Linux
应用：系统名称：手机银行金融web2
所在地：亦庄中金
SERVICEID:L532
主机名：sjyhwebjr2
操作系统：Linux
应用：系统名称：手机银行金融web3
所在地：亦庄中金
SERVICEID:L533
主机名：sjyhwebjr3
操作系统：Linux
应用：系统名称：手机银行金融web4
所在地：亦庄中金
SERVICEID:L534
主机名：sjyhwebjr4
操作系统：Linux
应用：系统名称：手机银行金融web5
所在地：亦庄中金
SERVICEID:L535
主机名：sjyhwebjr5
操作系统：Linux
应用：系统名称：手机银行金融web6
所在地：亦庄中金
SERVICEID:L536
主机名：sjyhwebjr6
操作系统：Linux
应用：系统名称：手机银行金融web7
所在地：亦庄中金
SERVICEID:L537
主机名：sjyhwebjr7
操作系统：Linux
应用：系统名称：手机银行金融web8
所在地：亦庄中金
SERVICEID:L538
主机名：sjyhwebjr8
操作系统：Linux
应用：系统名称：手机银行金融web9
所在地：亦庄中金
SERVICEID:L539
主机名：sjyhwebjr9
操作系统：Linux
应用：系统名称：手机银行金融web10
所在地：亦庄中金
SERVICEID:L540
主机名：sjyhwebjr10
操作系统：Linux
应用：系统名称：手机银行Android推送服务器1
所在地：亦庄中金
SERVICEID:L541
主机名：sjyhxxts1
操作系统：Linux
应用：系统名称：手机银行Android推送服务器2
所在地：亦庄中金
SERVICEID:L542
主机名：sjyhxxts2
操作系统：Linux
应用：系统名称：手机银行推送应用服务器1
所在地：亦庄中金
SERVICEID:L543
主机名：sjyhtsapp1
操作系统：Linux
应用：系统名称：手机银行推送应用服务器2
所在地：亦庄中金
SERVICEID:L544
主机名：sjyhtsapp2
操作系统：Linux
应用：系统名称：手机银行推送任务管理服务器1
所在地：亦庄中金
SERVICEID:L545
主机名：sjyhtsmng1
操作系统：Linux
应用：系统名称：手机银行推送任务管理服务器2
所在地：亦庄中金
SERVICEID:L546
主机名：sjyhtsmng2
操作系统：Linux
应用：系统名称：callcenter在线客服系统APP
所在地：亦庄中金
SERVICEID:L547
主机名：znzxkfapp1
操作系统：Linux
应用：系统名称：callcenter在线客服系统WEB1
所在地：亦庄中金
SERVICEID:L548
主机名：znzxkfweb1
操作系统：Linux
应用：系统名称：callcenter在线客服系统WEB2
所在地：亦庄中金
SERVICEID:L549
主机名：znzxkfweb2
操作系统：Linux
应用：系统名称：手机银行登录AP1
所在地：亦庄中金
SERVICEID:L550
主机名：sjyhapp1
操作系统：Linux
应用：系统名称：手机银行登录AP2
所在地：亦庄中金
SERVICEID:L551
主机名：sjyhapp2
操作系统：Linux
应用：系统名称：手机银行生活AP1
所在地：亦庄中金
SERVICEID:L552
主机名：sjyhapp3
操作系统：Linux
应用：系统名称：手机银行生活AP2
所在地：亦庄中金
SERVICEID:L553
主机名：sjyhapp4
操作系统：Linux
应用：系统名称：手机银行金融AP1
所在地：亦庄中金
SERVICEID:L554
主机名：sjyhapp5
操作系统：Linux
应用：系统名称：手机银行金融AP2
所在地：亦庄中金
SERVICEID:L555
主机名：sjyhapp6
操作系统：Linux
应用：系统名称：手机银行金融AP3
所在地：亦庄中金
SERVICEID:L556
主机名：sjyhapp7
操作系统：Linux
应用：系统名称：手机银行金融AP4
所在地：亦庄中金
SERVICEID:L557
主机名：sjyhapp8
操作系统：Linux
应用：系统名称：手机银行服务AP1
所在地：亦庄中金
SERVICEID:L558
主机名：sjyhapp9
操作系统：Linux
应用：系统名称：手机银行服务AP2
所在地：亦庄中金
SERVICEID:L559
主机名：sjyhapp10
操作系统：Linux
应用：系统名称：手机银行图片1
所在地：亦庄中金
SERVICEID:L560
主机名：sjyhpic1
操作系统：Linux
应用：系统名称：手机银行图片2
所在地：亦庄中金
SERVICEID:L561
主机名：sjyhpic2
操作系统：Linux
应用：系统名称：手机银行数据采集1
所在地：亦庄中金
SERVICEID:L562
主机名：sjyhcj1
操作系统：Linux
应用：系统名称：手机银行数据采集2
所在地：亦庄中金
SERVICEID:L563
主机名：sjyhcj2
操作系统：Linux
应用：系统名称：手机银行内管1
所在地：亦庄中金
SERVICEID:L564
主机名：sjyhmg1
操作系统：Linux
应用：系统名称：手机银行内管2
所在地：亦庄中金
SERVICEID:L565
主机名：sjyhmg2
操作系统：Linux
应用：系统名称：手机银行内存服务器1
所在地：亦庄中金
SERVICEID:L566
主机名：sjyhmem1
操作系统：Linux
应用：系统名称：手机银行内存服务器2
所在地：亦庄中金
SERVICEID:L567
主机名：sjyhmem2
操作系统：Linux
应用：系统名称：手机银行内存服务器3
所在地：亦庄中金
SERVICEID:L568
主机名：sjyhmem3
操作系统：Linux
应用：系统名称：手机银行内存服务器4
所在地：亦庄中金
SERVICEID:L569
主机名：sjyhmem4
操作系统：Linux
应用：系统名称：自助报账db1机
所在地：亦庄中金
SERVICEID:L570
主机名：zzbzdb1
操作系统：Linux
应用：系统名称：自助报账db2机
所在地：亦庄中金
SERVICEID:L571
主机名：zzbzdb2
操作系统：Linux
应用：系统名称：自助报账ap1机
所在地：亦庄中金
SERVICEID:L572
主机名：zzbzap1
操作系统：Linux
应用：系统名称：自助报账ap2机
所在地：亦庄中金
SERVICEID:L573
主机名：zzbzap2
操作系统：Linux
应用：系统名称：自助报账影像缓存1机
所在地：亦庄中金
SERVICEID:L574
主机名：zzbzyxhc1
操作系统：Linux
应用：系统名称：自助报账影像缓存2机
所在地：亦庄中金
SERVICEID:L575
主机名：zzbzyxhc2
操作系统：Linux
应用：
----------------------------------------------------------------
用户：zjp
时间：2016-11-10 09:53:13
操作：从index.html把数据更新到data.txt
----------------------------------------------------------------
