用户：zjp
时间：2016-11-01 00:43:40
系统名称：创意管理系统应用服务器ap2机
所在地：亦庄中金
SERVICEID:L513
主机名：cyglap2
操作系统：Linux
应用：WAS
----------------------------------------------------------------
用户：zjp
时间：2016-11-01 01:08:02
系统名称：ceshi
所在地：亦庄中金
SERVICEID:1216
主机名：test
操作系统：AIX
应用：WAS
----------------------------------------------------------------
用户：zjp
时间：2016-11-01 10:11:26
操作：从index.html把数据更新到data.txt
----------------------------------------------------------------
用户：zjp
时间：2016-11-01 10:12:29
操作：从index.html把数据更新到data.txt
----------------------------------------------------------------
用户：zjp
时间：2016-11-01 10:12:51
操作：从index.html把数据更新到data.txt
----------------------------------------------------------------
用户：zjp
时间：2016-11-01 10:13:37
操作：从index.html把数据更新到data.txt
----------------------------------------------------------------
用户：zjp
时间：2016-11-01 10:14:49
操作：从index.html把数据更新到data.txt
----------------------------------------------------------------
用户：zjp
时间：2016-11-01 10:15:58
操作：从index.html把数据更新到data.txt
----------------------------------------------------------------
用户：zjp
时间：2016-11-01 02:16:13
系统名称：cds
所在地：亦庄中金
SERVICEID:1217
主机名：sd
操作系统：AIX
应用：MQ
----------------------------------------------------------------
用户：zjp
时间：2016-11-01 10:16:14
操作：从index.html把数据更新到data.txt
----------------------------------------------------------------
用户：zjp
时间：2016-11-01 10:19:13
操作：从index.html把数据更新到data.txt
----------------------------------------------------------------
