用户：root
时间：2016-04-22 08:46:30
系统名称：131
所在地：亦庄中金
SERVICEID:12312
主机名：1231
操作系统：AIX
应用：WAS
----------------------------------------------------------------
用户：root
时间：2016-04-22 08:46:30
系统名称：131
所在地：亦庄中金
SERVICEID:12312
主机名：1231
操作系统：AIX
应用：WAS系统名称：1231
所在地：亦庄中金
SERVICEID:3
主机名：1231
操作系统：AIX
应用：WAS
----------------------------------------------------------------
用户：root
时间：2016-04-22 08:50:56
系统名称：例如：集中监控系统1
所在地：亦庄中金
SERVICEID:
主机名：例如：hxkjkap1
操作系统：AIX
应用：
----------------------------------------------------------------
用户：root
时间：2016-04-22 09:00:41
系统名称：例如：集中监控系统1
所在地：亦庄中金
SERVICEID:6
主机名：例如：hxkjkap1
操作系统：AIX
应用：GTP
----------------------------------------------------------------
用户：root
时间：2016-04-22 09:00:41
系统名称：例如：集中监控系统1
所在地：亦庄中金
SERVICEID:6
主机名：例如：hxkjkap1
操作系统：AIX
应用：GTP系统名称：例如：集中监控系统1
所在地：亦庄中金
SERVICEID:5
主机名：例如：hxkjkap1
操作系统：AIX
应用：Informix
----------------------------------------------------------------
用户：root
时间：2016-04-22 09:07:31
系统名称：例如：集中监控系统1
所在地：亦庄中金
SERVICEID:
主机名：例如：hxkjkap1
操作系统：AIX
应用：
----------------------------------------------------------------
用户：root
时间：2016-04-22 16:27:42
系统名称：22
所在地：亦庄中金
SERVICEID:222
主机名：22
操作系统：AIX
应用：
----------------------------------------------------------------
用户：root
时间：2016-04-22 16:35:58
系统名称：1
所在地：亦庄中金
SERVICEID:1
主机名：1
操作系统：AIX
应用：MQ
----------------------------------------------------------------
用户：root
时间：2016-04-22 16:45:54
系统名称：1
所在地：亦庄中金
SERVICEID:1
主机名：1
操作系统：AIX
应用：MQ
----------------------------------------------------------------
用户：root
时间：2016-04-22 16:46:22
系统名称：1
所在地：亦庄中金
SERVICEID:1
主机名：1
操作系统：AIX
应用：MQ
----------------------------------------------------------------
用户：root
时间：2016-04-22 16:49:24
系统名称：6
所在地：亦庄中金
SERVICEID:6
主机名：6
操作系统：AIX
应用：
----------------------------------------------------------------
