用户：zjp
时间：2016-04-27 07:29:36

系统名称：监控大数据平台1机
所在地：亦庄中金
SERVICEID:L383
主机名：bigdata1
操作系统：Linux
应用：
----------------------------------------------------------------
用户：zjp
时间：2016-04-27 07:30:15

系统名称：监控大数据平台2机
所在地：亦庄中金
SERVICEID:L384
主机名：bigdata2
操作系统：Linux
应用：
----------------------------------------------------------------
用户：zjp
时间：2016-04-27 07:30:42

系统名称：监控大数据平台3机
所在地：亦庄中金
SERVICEID:L385
主机名：bigdata3
操作系统：Linux
应用：
----------------------------------------------------------------
用户：zjp
时间：2016-04-27 07:31:02

系统名称：监控大数据平台4机
所在地：亦庄中金
SERVICEID:L386
主机名：bigdata4
操作系统：Linux
应用：
----------------------------------------------------------------
用户：zjp
时间：2016-04-27 07:31:21

系统名称：监控大数据平台5机
所在地：亦庄中金
SERVICEID:L387
主机名：bigdata5
操作系统：Linux
应用：
----------------------------------------------------------------
用户：zjp
时间：2016-04-27 07:31:44

系统名称：监控大数据平台6机
所在地：亦庄中金
SERVICEID:L388
主机名：bigdata6
操作系统：Linux
应用：
----------------------------------------------------------------
用户：zjp
时间：2016-04-27 07:32:24

系统名称：监控大数据平台7机
所在地：亦庄中金
SERVICEID:L389
主机名：bigdata7
操作系统：Linux
应用：
----------------------------------------------------------------
用户：zjp
时间：2016-04-27 07:32:47

系统名称：监控大数据平台8机
所在地：亦庄中金
SERVICEID:L390
主机名：bigdata8
操作系统：Linux
应用：
----------------------------------------------------------------
用户：zjp
时间：2016-04-27 07:33:10

系统名称：监控大数据平台9机
所在地：亦庄中金
SERVICEID:L391
主机名：bigdata9
操作系统：Linux
应用：
----------------------------------------------------------------
用户：zjp
时间：2016-04-27 07:33:34

系统名称：监控大数据平台10-机
所在地：亦庄中金
SERVICEID:L392
主机名：bigdata10
操作系统：Linux
应用：
----------------------------------------------------------------
