用户：zjp
时间：2017-02-10 10:47:09
操作：从index.html把数据更新到data.txt
----------------------------------------------------------------
用户：zjp
时间：2017-02-10 10:47:36
操作：从index.html把数据更新到data.txt
----------------------------------------------------------------
用户：zjp
时间：2017-02-10 02:48:32
系统名称：结售汇外汇账户1
所在地：亦庄中金
SERVICEID:L588
主机名：jshwhzh01
操作系统：Linux
应用：WAS
----------------------------------------------------------------
用户：zjp
时间：2017-02-10 10:48:34
操作：从index.html把数据更新到data.txt
----------------------------------------------------------------
用户：zjp
时间：2017-02-10 02:48:55
系统名称：结售汇外汇账户2
所在地：亦庄中金
SERVICEID:L589
主机名：jshwhzh02
操作系统：Linux
应用：WAS
----------------------------------------------------------------
用户：zjp
时间：2017-02-10 10:48:57
操作：从index.html把数据更新到data.txt
----------------------------------------------------------------
用户：zjp
时间：2017-02-10 02:49:18
系统名称：结售汇外汇账户3
所在地：亦庄中金
SERVICEID:L590
主机名：jshwhzh03
操作系统：Linux
应用：WAS
----------------------------------------------------------------
用户：zjp
时间：2017-02-10 10:49:20
操作：从index.html把数据更新到data.txt
----------------------------------------------------------------
用户：zjp
时间：2017-02-10 02:49:39
系统名称：结售汇外汇账户4
所在地：亦庄中金
SERVICEID:L591
主机名：jshwhzh04
操作系统：Linux
应用：WAS
----------------------------------------------------------------
用户：zjp
时间：2017-02-10 10:49:41
操作：从index.html把数据更新到data.txt
----------------------------------------------------------------
