用户：wzw
时间：2016-09-21 00:42:23
操作：从index.html把数据更新到data.txt
----------------------------------------------------------------
用户：wzw
时间：2016-09-21 00:54:47
操作：从index.html把数据更新到data.txt
----------------------------------------------------------------
用户：wzw
时间：2016-09-21 00:55:15
操作：从index.html把数据更新到data.txt
----------------------------------------------------------------
用户：zzh
时间：2016-09-21 01:11:05
操作：从index.html把数据更新到data.txt
----------------------------------------------------------------
用户：zzh
时间：2016-09-21 01:11:34
操作：从index.html把数据更新到data.txt
----------------------------------------------------------------
用户：zzh
时间：2016-09-21 01:16:49
操作：从index.html把数据更新到data.txt
----------------------------------------------------------------
用户：zzh
时间：2016-09-21 01:17:15
操作：从index.html把数据更新到data.txt
----------------------------------------------------------------
用户：zzh
时间：2016-09-21 01:18:00
操作：从index.html把数据更新到data.txt
----------------------------------------------------------------
用户：zzh
时间：2016-09-21 01:19:27
操作：从index.html把数据更新到data.txt
----------------------------------------------------------------
用户：zzh
时间：2016-09-21 01:19:55
操作：从index.html把数据更新到data.txt
----------------------------------------------------------------
