用户：wzw
时间：2016-09-18 05:53:32
操作：从index.html把数据更新到data.txt
----------------------------------------------------------------
用户：wzw
时间：2016-09-18 05:53:46
操作：从index.html把数据更新到data.txt
----------------------------------------------------------------
用户：wzw
时间：2016-09-18 05:56:37
系统名称：2
所在地：亦庄中金
SERVICEID:2
主机名：2
操作系统：AIX
应用：MQ
----------------------------------------------------------------
用户：wzw
时间：2016-09-18 05:58:44
操作：从index.html把数据更新到data.txt
----------------------------------------------------------------
用户：wzw
时间：2016-09-18 06:03:55
操作：从index.html把数据更新到data.txt
----------------------------------------------------------------
用户：wzw
时间：2016-09-18 06:13:54
操作：从index.html把数据更新到data.txt
----------------------------------------------------------------
用户：wzw
时间：2016-09-18 06:14:11
操作：从index.html把数据更新到data.txt
----------------------------------------------------------------
用户：wzw
时间：2016-09-18 06:28:57
操作：从index.html把数据更新到data.txt
----------------------------------------------------------------
用户：wzw
时间：2016-09-18 06:29:41
操作：从index.html把数据更新到data.txt
----------------------------------------------------------------
用户：wzw
时间：2016-09-18 06:30:09
操作：从index.html把数据更新到data.txt
----------------------------------------------------------------
用户：wzw
时间：2016-09-18 06:32:10
操作：从index.html把数据更新到data.txt
----------------------------------------------------------------
用户：wzw
时间：2016-09-18 06:32:12
操作：从index.html把数据更新到data.txt
----------------------------------------------------------------
用户：wzw
时间：2016-09-18 06:38:34
系统名称：w
所在地：亦庄中金
SERVICEID:w
主机名：w
操作系统：AIX
应用：MQ
----------------------------------------------------------------
用户：wzw
时间：2016-09-18 06:41:55
系统名称：6
所在地：亦庄中金
SERVICEID:6
主机名：6
操作系统：AIX
应用：MQ
----------------------------------------------------------------
用户：wzw
时间：2016-09-18 06:42:26
系统名称：7
所在地：亦庄中金
SERVICEID:7
主机名：7
操作系统：AIX
应用：MQ
----------------------------------------------------------------
用户：wzw
时间：2016-09-18 06:58:43
操作：从index.html把数据更新到data.txt
----------------------------------------------------------------
用户：wzw
时间：2016-09-18 08:55:20
操作：从index.html把数据更新到data.txt
----------------------------------------------------------------
用户：wzw
时间：2016-09-18 09:09:10
系统名称：ss
所在地：亦庄中金
SERVICEID:ss
主机名：ss
操作系统：AIX
应用：MQ
----------------------------------------------------------------
用户：wzw
时间：2016-09-18 09:10:07
系统名称：ss
所在地：亦庄中金
SERVICEID:sd
主机名：ss
操作系统：AIX
应用：MQ
----------------------------------------------------------------
用户：wzw
时间：2016-09-18 09:11:04
系统名称：ss
所在地：亦庄中金
SERVICEID:dd
主机名：ss
操作系统：AIX
应用：MQ
----------------------------------------------------------------
用户：wzw
时间：2016-09-18 09:12:31
系统名称：ss
所在地：亦庄中金
SERVICEID:sss
主机名：ss
操作系统：AIX
应用：MQ
----------------------------------------------------------------
用户：wzw
时间：2016-09-18 09:13:06
操作：从index.html把数据更新到data.txt
----------------------------------------------------------------
用户：wzw
时间：2016-09-18 09:13:24
系统名称：ss
所在地：亦庄中金
SERVICEID:ssd
主机名：ss
操作系统：AIX
应用：MQ
----------------------------------------------------------------
用户：wzw
时间：2016-09-18 09:14:14
操作：从index.html把数据更新到data.txt
----------------------------------------------------------------
用户：wzw
时间：2016-09-18 09:14:40
系统名称：ww
所在地：亦庄中金
SERVICEID:ww
主机名：ww
操作系统：AIX
应用：MQ
----------------------------------------------------------------
