用户：zzh
时间：2016-09-14 13:53:18
操作：从data.txt把数据更新到index.html
----------------------------------------------------------------
用户：zzh
时间：2016-09-14 13:53:18
操作：从data.txt把数据更新到index.html
----------------------------------------------------------------
用户：zzh
时间：2016-09-14 13:56:06
操作：从data.txt把数据更新到index.html
----------------------------------------------------------------
用户：zzh
时间：2016-09-14 13:56:06
操作：从data.txt把数据更新到index.html
----------------------------------------------------------------
用户：zzh
时间：2016-09-14 13:57:01
操作：从index.html把数据更新到data.txt
----------------------------------------------------------------
用户：zzh
时间：2016-09-14 13:58:13
操作：从index.html把数据更新到data.txt
----------------------------------------------------------------
用户：zzh
时间：2016-09-14 14:05:09
操作：从index.html把数据更新到data.txt
----------------------------------------------------------------
用户：zzh
时间：2016-09-14 14:05:09
操作：从data.txt把数据更新到index.html
----------------------------------------------------------------
用户：zzh
时间：2016-09-14 14:05:09
操作：从data.txt把数据更新到index.html
----------------------------------------------------------------
用户：zzh
时间：2016-09-14 14:05:28
操作：从index.html把数据更新到data.txt
----------------------------------------------------------------
用户：zzh
时间：2016-09-14 14:05:28
操作：从data.txt把数据更新到index.html
----------------------------------------------------------------
用户：zzh
时间：2016-09-14 14:05:28
操作：从data.txt把数据更新到index.html
----------------------------------------------------------------
用户：zzh
时间：2016-09-14 14:06:04
操作：从index.html把数据更新到data.txt
----------------------------------------------------------------
用户：zzh
时间：2016-09-14 14:06:19
操作：从data.txt把数据更新到index.html
----------------------------------------------------------------
用户：zzh
时间：2016-09-14 14:06:19
操作：从data.txt把数据更新到index.html
----------------------------------------------------------------
用户：zzh
时间：2016-09-14 14:07:07
操作：从data.txt把数据更新到index.html
----------------------------------------------------------------
用户：zzh
时间：2016-09-14 14:07:07
操作：从data.txt把数据更新到index.html
----------------------------------------------------------------
用户：zzh
时间：2016-09-14 14:07:10
操作：从index.html把数据更新到data.txt
----------------------------------------------------------------
用户：zzh
时间：2016-09-14 14:08:11
操作：从index.html把数据更新到data.txt
----------------------------------------------------------------
用户：zzh
时间：2016-09-14 14:09:44
操作：从index.html把数据更新到data.txt
----------------------------------------------------------------
用户：zzh
时间：2016-09-14 14:09:51
操作：从data.txt把数据更新到index.html
----------------------------------------------------------------
用户：zzh
时间：2016-09-14 14:09:51
操作：从data.txt把数据更新到index.html
----------------------------------------------------------------
用户：zzh
时间：2016-09-14 14:36:26
操作：从index.html把数据更新到data.txt
----------------------------------------------------------------
