用户：zjp
时间：2017-06-15 10:38:34
操作：从index.html把数据更新到data.txt
----------------------------------------------------------------
用户：zjp
时间：2017-06-15 10:39:43
操作：从index.html把数据更新到data.txt
----------------------------------------------------------------
用户：zjp
时间：2017-06-15 10:57:16
操作：从index.html把数据更新到data.txt
----------------------------------------------------------------
用户：zjp
时间：2017-06-15 03:02:25
系统名称：反洗钱系统-生产环境名单监测应用服务器1
所在地：亦庄中金
SERVICEID:L705
主机名：fxqmdjc1
操作系统：Linux
应用：
----------------------------------------------------------------
用户：zjp
时间：2017-06-15 03:02:25
系统名称：反洗钱系统-生产环境名单监测应用服务器1
所在地：亦庄中金
SERVICEID:L705
主机名：fxqmdjc1
操作系统：Linux
应用：系统名称：反洗钱系统-生产环境名单监测应用服务器2
所在地：亦庄中金
SERVICEID:L706
主机名：fxqmdjc2
操作系统：Linux
应用：
----------------------------------------------------------------
用户：zjp
时间：2017-06-15 03:02:25
系统名称：反洗钱系统-生产环境名单监测应用服务器1
所在地：亦庄中金
SERVICEID:L705
主机名：fxqmdjc1
操作系统：Linux
应用：系统名称：反洗钱系统-生产环境名单监测应用服务器2
所在地：亦庄中金
SERVICEID:L706
主机名：fxqmdjc2
操作系统：Linux
应用：系统名称：新直销银行入金应用服务器1机
所在地：亦庄中金
SERVICEID:L707
主机名：xzxyhrjap1
操作系统：Linux
应用：
----------------------------------------------------------------
用户：zjp
时间：2017-06-15 03:02:25
系统名称：反洗钱系统-生产环境名单监测应用服务器1
所在地：亦庄中金
SERVICEID:L705
主机名：fxqmdjc1
操作系统：Linux
应用：系统名称：反洗钱系统-生产环境名单监测应用服务器2
所在地：亦庄中金
SERVICEID:L706
主机名：fxqmdjc2
操作系统：Linux
应用：系统名称：新直销银行入金应用服务器1机
所在地：亦庄中金
SERVICEID:L707
主机名：xzxyhrjap1
操作系统：Linux
应用：系统名称：新直销银行入金应用服务器2机
所在地：亦庄中金
SERVICEID:L708
主机名：xzxyhrjap2
操作系统：Linux
应用：
----------------------------------------------------------------
用户：zjp
时间：2017-06-15 03:02:25
系统名称：反洗钱系统-生产环境名单监测应用服务器1
所在地：亦庄中金
SERVICEID:L705
主机名：fxqmdjc1
操作系统：Linux
应用：系统名称：反洗钱系统-生产环境名单监测应用服务器2
所在地：亦庄中金
SERVICEID:L706
主机名：fxqmdjc2
操作系统：Linux
应用：系统名称：新直销银行入金应用服务器1机
所在地：亦庄中金
SERVICEID:L707
主机名：xzxyhrjap1
操作系统：Linux
应用：系统名称：新直销银行入金应用服务器2机
所在地：亦庄中金
SERVICEID:L708
主机名：xzxyhrjap2
操作系统：Linux
应用：系统名称：新直销银行入金应用服务器3机
所在地：亦庄中金
SERVICEID:L709
主机名：xzxyhrjap3
操作系统：Linux
应用：
----------------------------------------------------------------
用户：zjp
时间：2017-06-15 03:02:25
系统名称：反洗钱系统-生产环境名单监测应用服务器1
所在地：亦庄中金
SERVICEID:L705
主机名：fxqmdjc1
操作系统：Linux
应用：系统名称：反洗钱系统-生产环境名单监测应用服务器2
所在地：亦庄中金
SERVICEID:L706
主机名：fxqmdjc2
操作系统：Linux
应用：系统名称：新直销银行入金应用服务器1机
所在地：亦庄中金
SERVICEID:L707
主机名：xzxyhrjap1
操作系统：Linux
应用：系统名称：新直销银行入金应用服务器2机
所在地：亦庄中金
SERVICEID:L708
主机名：xzxyhrjap2
操作系统：Linux
应用：系统名称：新直销银行入金应用服务器3机
所在地：亦庄中金
SERVICEID:L709
主机名：xzxyhrjap3
操作系统：Linux
应用：系统名称：新直销银行入金应用服务器4机
所在地：亦庄中金
SERVICEID:L710
主机名：xzxyhrjap4
操作系统：Linux
应用：
----------------------------------------------------------------
用户：zjp
时间：2017-06-15 03:02:25
系统名称：反洗钱系统-生产环境名单监测应用服务器1
所在地：亦庄中金
SERVICEID:L705
主机名：fxqmdjc1
操作系统：Linux
应用：系统名称：反洗钱系统-生产环境名单监测应用服务器2
所在地：亦庄中金
SERVICEID:L706
主机名：fxqmdjc2
操作系统：Linux
应用：系统名称：新直销银行入金应用服务器1机
所在地：亦庄中金
SERVICEID:L707
主机名：xzxyhrjap1
操作系统：Linux
应用：系统名称：新直销银行入金应用服务器2机
所在地：亦庄中金
SERVICEID:L708
主机名：xzxyhrjap2
操作系统：Linux
应用：系统名称：新直销银行入金应用服务器3机
所在地：亦庄中金
SERVICEID:L709
主机名：xzxyhrjap3
操作系统：Linux
应用：系统名称：新直销银行入金应用服务器4机
所在地：亦庄中金
SERVICEID:L710
主机名：xzxyhrjap4
操作系统：Linux
应用：系统名称：新直销银行入金缓存服务器1机
所在地：亦庄中金
SERVICEID:L711
主机名：xzxyhrjhc1
操作系统：Linux
应用：
----------------------------------------------------------------
用户：zjp
时间：2017-06-15 03:02:25
系统名称：反洗钱系统-生产环境名单监测应用服务器1
所在地：亦庄中金
SERVICEID:L705
主机名：fxqmdjc1
操作系统：Linux
应用：系统名称：反洗钱系统-生产环境名单监测应用服务器2
所在地：亦庄中金
SERVICEID:L706
主机名：fxqmdjc2
操作系统：Linux
应用：系统名称：新直销银行入金应用服务器1机
所在地：亦庄中金
SERVICEID:L707
主机名：xzxyhrjap1
操作系统：Linux
应用：系统名称：新直销银行入金应用服务器2机
所在地：亦庄中金
SERVICEID:L708
主机名：xzxyhrjap2
操作系统：Linux
应用：系统名称：新直销银行入金应用服务器3机
所在地：亦庄中金
SERVICEID:L709
主机名：xzxyhrjap3
操作系统：Linux
应用：系统名称：新直销银行入金应用服务器4机
所在地：亦庄中金
SERVICEID:L710
主机名：xzxyhrjap4
操作系统：Linux
应用：系统名称：新直销银行入金缓存服务器1机
所在地：亦庄中金
SERVICEID:L711
主机名：xzxyhrjhc1
操作系统：Linux
应用：系统名称：新直销银行入金缓存服务器2机
所在地：亦庄中金
SERVICEID:L712
主机名：xzxyhrjhc2
操作系统：Linux
应用：
----------------------------------------------------------------
用户：zjp
时间：2017-06-15 03:02:25
系统名称：反洗钱系统-生产环境名单监测应用服务器1
所在地：亦庄中金
SERVICEID:L705
主机名：fxqmdjc1
操作系统：Linux
应用：系统名称：反洗钱系统-生产环境名单监测应用服务器2
所在地：亦庄中金
SERVICEID:L706
主机名：fxqmdjc2
操作系统：Linux
应用：系统名称：新直销银行入金应用服务器1机
所在地：亦庄中金
SERVICEID:L707
主机名：xzxyhrjap1
操作系统：Linux
应用：系统名称：新直销银行入金应用服务器2机
所在地：亦庄中金
SERVICEID:L708
主机名：xzxyhrjap2
操作系统：Linux
应用：系统名称：新直销银行入金应用服务器3机
所在地：亦庄中金
SERVICEID:L709
主机名：xzxyhrjap3
操作系统：Linux
应用：系统名称：新直销银行入金应用服务器4机
所在地：亦庄中金
SERVICEID:L710
主机名：xzxyhrjap4
操作系统：Linux
应用：系统名称：新直销银行入金缓存服务器1机
所在地：亦庄中金
SERVICEID:L711
主机名：xzxyhrjhc1
操作系统：Linux
应用：系统名称：新直销银行入金缓存服务器2机
所在地：亦庄中金
SERVICEID:L712
主机名：xzxyhrjhc2
操作系统：Linux
应用：系统名称：新直销银行入金缓存服务器3机
所在地：亦庄中金
SERVICEID:L713
主机名：xzxyhrjhc3
操作系统：Linux
应用：
----------------------------------------------------------------
用户：zjp
时间：2017-06-15 11:02:27
操作：从index.html把数据更新到data.txt
----------------------------------------------------------------
