用户：zjp
时间：2017-06-08 16:56:40
操作：从index.html把数据更新到data.txt
----------------------------------------------------------------
用户：zjp
时间：2017-06-08 09:07:14
系统名称：E商宝网联平台-WEB服务器3
所在地：亦庄中金
SERVICEID:L680
主机名：esbwlwb3
操作系统：Linux
应用：
----------------------------------------------------------------
用户：zjp
时间：2017-06-08 09:07:14
系统名称：E商宝网联平台-WEB服务器3
所在地：亦庄中金
SERVICEID:L680
主机名：esbwlwb3
操作系统：Linux
应用：系统名称：E商宝网联平台-WEB服务器4
所在地：亦庄中金
SERVICEID:L681
主机名：esbwlwb4
操作系统：Linux
应用：
----------------------------------------------------------------
用户：zjp
时间：2017-06-08 09:07:14
系统名称：E商宝网联平台-WEB服务器3
所在地：亦庄中金
SERVICEID:L680
主机名：esbwlwb3
操作系统：Linux
应用：系统名称：E商宝网联平台-WEB服务器4
所在地：亦庄中金
SERVICEID:L681
主机名：esbwlwb4
操作系统：Linux
应用：系统名称：E商宝网联平台-Zookeeper服务器1
所在地：亦庄中金
SERVICEID:L682
主机名：esbwlzkp1
操作系统：Linux
应用：
----------------------------------------------------------------
用户：zjp
时间：2017-06-08 09:07:14
系统名称：E商宝网联平台-WEB服务器3
所在地：亦庄中金
SERVICEID:L680
主机名：esbwlwb3
操作系统：Linux
应用：系统名称：E商宝网联平台-WEB服务器4
所在地：亦庄中金
SERVICEID:L681
主机名：esbwlwb4
操作系统：Linux
应用：系统名称：E商宝网联平台-Zookeeper服务器1
所在地：亦庄中金
SERVICEID:L682
主机名：esbwlzkp1
操作系统：Linux
应用：系统名称：E商宝网联平台-Zookeeper服务器2
所在地：亦庄中金
SERVICEID:L683
主机名：esbwlzkp2
操作系统：Linux
应用：
----------------------------------------------------------------
用户：zjp
时间：2017-06-08 09:07:14
系统名称：E商宝网联平台-WEB服务器3
所在地：亦庄中金
SERVICEID:L680
主机名：esbwlwb3
操作系统：Linux
应用：系统名称：E商宝网联平台-WEB服务器4
所在地：亦庄中金
SERVICEID:L681
主机名：esbwlwb4
操作系统：Linux
应用：系统名称：E商宝网联平台-Zookeeper服务器1
所在地：亦庄中金
SERVICEID:L682
主机名：esbwlzkp1
操作系统：Linux
应用：系统名称：E商宝网联平台-Zookeeper服务器2
所在地：亦庄中金
SERVICEID:L683
主机名：esbwlzkp2
操作系统：Linux
应用：系统名称：E商宝网联平台-Zookeeper服务器3
所在地：亦庄中金
SERVICEID:L684
主机名：esbwlzkp3
操作系统：Linux
应用：
----------------------------------------------------------------
用户：zjp
时间：2017-06-08 09:07:14
系统名称：E商宝网联平台-WEB服务器3
所在地：亦庄中金
SERVICEID:L680
主机名：esbwlwb3
操作系统：Linux
应用：系统名称：E商宝网联平台-WEB服务器4
所在地：亦庄中金
SERVICEID:L681
主机名：esbwlwb4
操作系统：Linux
应用：系统名称：E商宝网联平台-Zookeeper服务器1
所在地：亦庄中金
SERVICEID:L682
主机名：esbwlzkp1
操作系统：Linux
应用：系统名称：E商宝网联平台-Zookeeper服务器2
所在地：亦庄中金
SERVICEID:L683
主机名：esbwlzkp2
操作系统：Linux
应用：系统名称：E商宝网联平台-Zookeeper服务器3
所在地：亦庄中金
SERVICEID:L684
主机名：esbwlzkp3
操作系统：Linux
应用：系统名称：E商宝网联平台-Redis服务器1
所在地：亦庄中金
SERVICEID:L685
主机名：esbwlredis1
操作系统：Linux
应用：
----------------------------------------------------------------
用户：zjp
时间：2017-06-08 09:07:14
系统名称：E商宝网联平台-WEB服务器3
所在地：亦庄中金
SERVICEID:L680
主机名：esbwlwb3
操作系统：Linux
应用：系统名称：E商宝网联平台-WEB服务器4
所在地：亦庄中金
SERVICEID:L681
主机名：esbwlwb4
操作系统：Linux
应用：系统名称：E商宝网联平台-Zookeeper服务器1
所在地：亦庄中金
SERVICEID:L682
主机名：esbwlzkp1
操作系统：Linux
应用：系统名称：E商宝网联平台-Zookeeper服务器2
所在地：亦庄中金
SERVICEID:L683
主机名：esbwlzkp2
操作系统：Linux
应用：系统名称：E商宝网联平台-Zookeeper服务器3
所在地：亦庄中金
SERVICEID:L684
主机名：esbwlzkp3
操作系统：Linux
应用：系统名称：E商宝网联平台-Redis服务器1
所在地：亦庄中金
SERVICEID:L685
主机名：esbwlredis1
操作系统：Linux
应用：系统名称：E商宝网联平台-Redis服务器2
所在地：亦庄中金
SERVICEID:L686
主机名：esbwlredis2
操作系统：Linux
应用：
----------------------------------------------------------------
用户：zjp
时间：2017-06-08 09:07:14
系统名称：E商宝网联平台-WEB服务器3
所在地：亦庄中金
SERVICEID:L680
主机名：esbwlwb3
操作系统：Linux
应用：系统名称：E商宝网联平台-WEB服务器4
所在地：亦庄中金
SERVICEID:L681
主机名：esbwlwb4
操作系统：Linux
应用：系统名称：E商宝网联平台-Zookeeper服务器1
所在地：亦庄中金
SERVICEID:L682
主机名：esbwlzkp1
操作系统：Linux
应用：系统名称：E商宝网联平台-Zookeeper服务器2
所在地：亦庄中金
SERVICEID:L683
主机名：esbwlzkp2
操作系统：Linux
应用：系统名称：E商宝网联平台-Zookeeper服务器3
所在地：亦庄中金
SERVICEID:L684
主机名：esbwlzkp3
操作系统：Linux
应用：系统名称：E商宝网联平台-Redis服务器1
所在地：亦庄中金
SERVICEID:L685
主机名：esbwlredis1
操作系统：Linux
应用：系统名称：E商宝网联平台-Redis服务器2
所在地：亦庄中金
SERVICEID:L686
主机名：esbwlredis2
操作系统：Linux
应用：系统名称：E商宝网联平台-应用服务器1
所在地：亦庄中金
SERVICEID:L687
主机名：esbwlap1
操作系统：Linux
应用：
----------------------------------------------------------------
用户：zjp
时间：2017-06-08 09:07:14
系统名称：E商宝网联平台-WEB服务器3
所在地：亦庄中金
SERVICEID:L680
主机名：esbwlwb3
操作系统：Linux
应用：系统名称：E商宝网联平台-WEB服务器4
所在地：亦庄中金
SERVICEID:L681
主机名：esbwlwb4
操作系统：Linux
应用：系统名称：E商宝网联平台-Zookeeper服务器1
所在地：亦庄中金
SERVICEID:L682
主机名：esbwlzkp1
操作系统：Linux
应用：系统名称：E商宝网联平台-Zookeeper服务器2
所在地：亦庄中金
SERVICEID:L683
主机名：esbwlzkp2
操作系统：Linux
应用：系统名称：E商宝网联平台-Zookeeper服务器3
所在地：亦庄中金
SERVICEID:L684
主机名：esbwlzkp3
操作系统：Linux
应用：系统名称：E商宝网联平台-Redis服务器1
所在地：亦庄中金
SERVICEID:L685
主机名：esbwlredis1
操作系统：Linux
应用：系统名称：E商宝网联平台-Redis服务器2
所在地：亦庄中金
SERVICEID:L686
主机名：esbwlredis2
操作系统：Linux
应用：系统名称：E商宝网联平台-应用服务器1
所在地：亦庄中金
SERVICEID:L687
主机名：esbwlap1
操作系统：Linux
应用：系统名称：E商宝网联平台-应用服务器2
所在地：亦庄中金
SERVICEID:L688
主机名：esbwlap2
操作系统：Linux
应用：
----------------------------------------------------------------
用户：zjp
时间：2017-06-08 09:07:14
系统名称：E商宝网联平台-WEB服务器3
所在地：亦庄中金
SERVICEID:L680
主机名：esbwlwb3
操作系统：Linux
应用：系统名称：E商宝网联平台-WEB服务器4
所在地：亦庄中金
SERVICEID:L681
主机名：esbwlwb4
操作系统：Linux
应用：系统名称：E商宝网联平台-Zookeeper服务器1
所在地：亦庄中金
SERVICEID:L682
主机名：esbwlzkp1
操作系统：Linux
应用：系统名称：E商宝网联平台-Zookeeper服务器2
所在地：亦庄中金
SERVICEID:L683
主机名：esbwlzkp2
操作系统：Linux
应用：系统名称：E商宝网联平台-Zookeeper服务器3
所在地：亦庄中金
SERVICEID:L684
主机名：esbwlzkp3
操作系统：Linux
应用：系统名称：E商宝网联平台-Redis服务器1
所在地：亦庄中金
SERVICEID:L685
主机名：esbwlredis1
操作系统：Linux
应用：系统名称：E商宝网联平台-Redis服务器2
所在地：亦庄中金
SERVICEID:L686
主机名：esbwlredis2
操作系统：Linux
应用：系统名称：E商宝网联平台-应用服务器1
所在地：亦庄中金
SERVICEID:L687
主机名：esbwlap1
操作系统：Linux
应用：系统名称：E商宝网联平台-应用服务器2
所在地：亦庄中金
SERVICEID:L688
主机名：esbwlap2
操作系统：Linux
应用：系统名称：E商宝网联平台-应用服务器3
所在地：亦庄中金
SERVICEID:L689
主机名：esbwlap3
操作系统：Linux
应用：
----------------------------------------------------------------
用户：zjp
时间：2017-06-08 09:07:14
系统名称：E商宝网联平台-WEB服务器3
所在地：亦庄中金
SERVICEID:L680
主机名：esbwlwb3
操作系统：Linux
应用：系统名称：E商宝网联平台-WEB服务器4
所在地：亦庄中金
SERVICEID:L681
主机名：esbwlwb4
操作系统：Linux
应用：系统名称：E商宝网联平台-Zookeeper服务器1
所在地：亦庄中金
SERVICEID:L682
主机名：esbwlzkp1
操作系统：Linux
应用：系统名称：E商宝网联平台-Zookeeper服务器2
所在地：亦庄中金
SERVICEID:L683
主机名：esbwlzkp2
操作系统：Linux
应用：系统名称：E商宝网联平台-Zookeeper服务器3
所在地：亦庄中金
SERVICEID:L684
主机名：esbwlzkp3
操作系统：Linux
应用：系统名称：E商宝网联平台-Redis服务器1
所在地：亦庄中金
SERVICEID:L685
主机名：esbwlredis1
操作系统：Linux
应用：系统名称：E商宝网联平台-Redis服务器2
所在地：亦庄中金
SERVICEID:L686
主机名：esbwlredis2
操作系统：Linux
应用：系统名称：E商宝网联平台-应用服务器1
所在地：亦庄中金
SERVICEID:L687
主机名：esbwlap1
操作系统：Linux
应用：系统名称：E商宝网联平台-应用服务器2
所在地：亦庄中金
SERVICEID:L688
主机名：esbwlap2
操作系统：Linux
应用：系统名称：E商宝网联平台-应用服务器3
所在地：亦庄中金
SERVICEID:L689
主机名：esbwlap3
操作系统：Linux
应用：系统名称：E商宝网联平台-应用服务器4
所在地：亦庄中金
SERVICEID:L690
主机名：esbwlap4
操作系统：Linux
应用：
----------------------------------------------------------------
用户：zjp
时间：2017-06-08 09:07:14
系统名称：E商宝网联平台-WEB服务器3
所在地：亦庄中金
SERVICEID:L680
主机名：esbwlwb3
操作系统：Linux
应用：系统名称：E商宝网联平台-WEB服务器4
所在地：亦庄中金
SERVICEID:L681
主机名：esbwlwb4
操作系统：Linux
应用：系统名称：E商宝网联平台-Zookeeper服务器1
所在地：亦庄中金
SERVICEID:L682
主机名：esbwlzkp1
操作系统：Linux
应用：系统名称：E商宝网联平台-Zookeeper服务器2
所在地：亦庄中金
SERVICEID:L683
主机名：esbwlzkp2
操作系统：Linux
应用：系统名称：E商宝网联平台-Zookeeper服务器3
所在地：亦庄中金
SERVICEID:L684
主机名：esbwlzkp3
操作系统：Linux
应用：系统名称：E商宝网联平台-Redis服务器1
所在地：亦庄中金
SERVICEID:L685
主机名：esbwlredis1
操作系统：Linux
应用：系统名称：E商宝网联平台-Redis服务器2
所在地：亦庄中金
SERVICEID:L686
主机名：esbwlredis2
操作系统：Linux
应用：系统名称：E商宝网联平台-应用服务器1
所在地：亦庄中金
SERVICEID:L687
主机名：esbwlap1
操作系统：Linux
应用：系统名称：E商宝网联平台-应用服务器2
所在地：亦庄中金
SERVICEID:L688
主机名：esbwlap2
操作系统：Linux
应用：系统名称：E商宝网联平台-应用服务器3
所在地：亦庄中金
SERVICEID:L689
主机名：esbwlap3
操作系统：Linux
应用：系统名称：E商宝网联平台-应用服务器4
所在地：亦庄中金
SERVICEID:L690
主机名：esbwlap4
操作系统：Linux
应用：系统名称：E商宝网联平台-网关应用服务器1
所在地：亦庄中金
SERVICEID:L691
主机名：esbwlwgap1
操作系统：Linux
应用：
----------------------------------------------------------------
用户：zjp
时间：2017-06-08 09:07:14
系统名称：E商宝网联平台-WEB服务器3
所在地：亦庄中金
SERVICEID:L680
主机名：esbwlwb3
操作系统：Linux
应用：系统名称：E商宝网联平台-WEB服务器4
所在地：亦庄中金
SERVICEID:L681
主机名：esbwlwb4
操作系统：Linux
应用：系统名称：E商宝网联平台-Zookeeper服务器1
所在地：亦庄中金
SERVICEID:L682
主机名：esbwlzkp1
操作系统：Linux
应用：系统名称：E商宝网联平台-Zookeeper服务器2
所在地：亦庄中金
SERVICEID:L683
主机名：esbwlzkp2
操作系统：Linux
应用：系统名称：E商宝网联平台-Zookeeper服务器3
所在地：亦庄中金
SERVICEID:L684
主机名：esbwlzkp3
操作系统：Linux
应用：系统名称：E商宝网联平台-Redis服务器1
所在地：亦庄中金
SERVICEID:L685
主机名：esbwlredis1
操作系统：Linux
应用：系统名称：E商宝网联平台-Redis服务器2
所在地：亦庄中金
SERVICEID:L686
主机名：esbwlredis2
操作系统：Linux
应用：系统名称：E商宝网联平台-应用服务器1
所在地：亦庄中金
SERVICEID:L687
主机名：esbwlap1
操作系统：Linux
应用：系统名称：E商宝网联平台-应用服务器2
所在地：亦庄中金
SERVICEID:L688
主机名：esbwlap2
操作系统：Linux
应用：系统名称：E商宝网联平台-应用服务器3
所在地：亦庄中金
SERVICEID:L689
主机名：esbwlap3
操作系统：Linux
应用：系统名称：E商宝网联平台-应用服务器4
所在地：亦庄中金
SERVICEID:L690
主机名：esbwlap4
操作系统：Linux
应用：系统名称：E商宝网联平台-网关应用服务器1
所在地：亦庄中金
SERVICEID:L691
主机名：esbwlwgap1
操作系统：Linux
应用：系统名称：E商宝网联平台-网关应用服务器2
所在地：亦庄中金
SERVICEID:L692
主机名：esbwlwgap2
操作系统：Linux
应用：
----------------------------------------------------------------
用户：zjp
时间：2017-06-08 09:07:14
系统名称：E商宝网联平台-WEB服务器3
所在地：亦庄中金
SERVICEID:L680
主机名：esbwlwb3
操作系统：Linux
应用：系统名称：E商宝网联平台-WEB服务器4
所在地：亦庄中金
SERVICEID:L681
主机名：esbwlwb4
操作系统：Linux
应用：系统名称：E商宝网联平台-Zookeeper服务器1
所在地：亦庄中金
SERVICEID:L682
主机名：esbwlzkp1
操作系统：Linux
应用：系统名称：E商宝网联平台-Zookeeper服务器2
所在地：亦庄中金
SERVICEID:L683
主机名：esbwlzkp2
操作系统：Linux
应用：系统名称：E商宝网联平台-Zookeeper服务器3
所在地：亦庄中金
SERVICEID:L684
主机名：esbwlzkp3
操作系统：Linux
应用：系统名称：E商宝网联平台-Redis服务器1
所在地：亦庄中金
SERVICEID:L685
主机名：esbwlredis1
操作系统：Linux
应用：系统名称：E商宝网联平台-Redis服务器2
所在地：亦庄中金
SERVICEID:L686
主机名：esbwlredis2
操作系统：Linux
应用：系统名称：E商宝网联平台-应用服务器1
所在地：亦庄中金
SERVICEID:L687
主机名：esbwlap1
操作系统：Linux
应用：系统名称：E商宝网联平台-应用服务器2
所在地：亦庄中金
SERVICEID:L688
主机名：esbwlap2
操作系统：Linux
应用：系统名称：E商宝网联平台-应用服务器3
所在地：亦庄中金
SERVICEID:L689
主机名：esbwlap3
操作系统：Linux
应用：系统名称：E商宝网联平台-应用服务器4
所在地：亦庄中金
SERVICEID:L690
主机名：esbwlap4
操作系统：Linux
应用：系统名称：E商宝网联平台-网关应用服务器1
所在地：亦庄中金
SERVICEID:L691
主机名：esbwlwgap1
操作系统：Linux
应用：系统名称：E商宝网联平台-网关应用服务器2
所在地：亦庄中金
SERVICEID:L692
主机名：esbwlwgap2
操作系统：Linux
应用：系统名称：E商宝网联平台批处理服务器1
所在地：亦庄中金
SERVICEID:L693
主机名：esbwlpcl1
操作系统：Linux
应用：
----------------------------------------------------------------
用户：zjp
时间：2017-06-08 09:07:14
系统名称：E商宝网联平台-WEB服务器3
所在地：亦庄中金
SERVICEID:L680
主机名：esbwlwb3
操作系统：Linux
应用：系统名称：E商宝网联平台-WEB服务器4
所在地：亦庄中金
SERVICEID:L681
主机名：esbwlwb4
操作系统：Linux
应用：系统名称：E商宝网联平台-Zookeeper服务器1
所在地：亦庄中金
SERVICEID:L682
主机名：esbwlzkp1
操作系统：Linux
应用：系统名称：E商宝网联平台-Zookeeper服务器2
所在地：亦庄中金
SERVICEID:L683
主机名：esbwlzkp2
操作系统：Linux
应用：系统名称：E商宝网联平台-Zookeeper服务器3
所在地：亦庄中金
SERVICEID:L684
主机名：esbwlzkp3
操作系统：Linux
应用：系统名称：E商宝网联平台-Redis服务器1
所在地：亦庄中金
SERVICEID:L685
主机名：esbwlredis1
操作系统：Linux
应用：系统名称：E商宝网联平台-Redis服务器2
所在地：亦庄中金
SERVICEID:L686
主机名：esbwlredis2
操作系统：Linux
应用：系统名称：E商宝网联平台-应用服务器1
所在地：亦庄中金
SERVICEID:L687
主机名：esbwlap1
操作系统：Linux
应用：系统名称：E商宝网联平台-应用服务器2
所在地：亦庄中金
SERVICEID:L688
主机名：esbwlap2
操作系统：Linux
应用：系统名称：E商宝网联平台-应用服务器3
所在地：亦庄中金
SERVICEID:L689
主机名：esbwlap3
操作系统：Linux
应用：系统名称：E商宝网联平台-应用服务器4
所在地：亦庄中金
SERVICEID:L690
主机名：esbwlap4
操作系统：Linux
应用：系统名称：E商宝网联平台-网关应用服务器1
所在地：亦庄中金
SERVICEID:L691
主机名：esbwlwgap1
操作系统：Linux
应用：系统名称：E商宝网联平台-网关应用服务器2
所在地：亦庄中金
SERVICEID:L692
主机名：esbwlwgap2
操作系统：Linux
应用：系统名称：E商宝网联平台批处理服务器1
所在地：亦庄中金
SERVICEID:L693
主机名：esbwlpcl1
操作系统：Linux
应用：系统名称：E商宝网联平台批处理服务器2
所在地：亦庄中金
SERVICEID:L694
主机名：esbwlpcl2
操作系统：Linux
应用：
----------------------------------------------------------------
用户：zjp
时间：2017-06-08 09:07:14
系统名称：E商宝网联平台-WEB服务器3
所在地：亦庄中金
SERVICEID:L680
主机名：esbwlwb3
操作系统：Linux
应用：系统名称：E商宝网联平台-WEB服务器4
所在地：亦庄中金
SERVICEID:L681
主机名：esbwlwb4
操作系统：Linux
应用：系统名称：E商宝网联平台-Zookeeper服务器1
所在地：亦庄中金
SERVICEID:L682
主机名：esbwlzkp1
操作系统：Linux
应用：系统名称：E商宝网联平台-Zookeeper服务器2
所在地：亦庄中金
SERVICEID:L683
主机名：esbwlzkp2
操作系统：Linux
应用：系统名称：E商宝网联平台-Zookeeper服务器3
所在地：亦庄中金
SERVICEID:L684
主机名：esbwlzkp3
操作系统：Linux
应用：系统名称：E商宝网联平台-Redis服务器1
所在地：亦庄中金
SERVICEID:L685
主机名：esbwlredis1
操作系统：Linux
应用：系统名称：E商宝网联平台-Redis服务器2
所在地：亦庄中金
SERVICEID:L686
主机名：esbwlredis2
操作系统：Linux
应用：系统名称：E商宝网联平台-应用服务器1
所在地：亦庄中金
SERVICEID:L687
主机名：esbwlap1
操作系统：Linux
应用：系统名称：E商宝网联平台-应用服务器2
所在地：亦庄中金
SERVICEID:L688
主机名：esbwlap2
操作系统：Linux
应用：系统名称：E商宝网联平台-应用服务器3
所在地：亦庄中金
SERVICEID:L689
主机名：esbwlap3
操作系统：Linux
应用：系统名称：E商宝网联平台-应用服务器4
所在地：亦庄中金
SERVICEID:L690
主机名：esbwlap4
操作系统：Linux
应用：系统名称：E商宝网联平台-网关应用服务器1
所在地：亦庄中金
SERVICEID:L691
主机名：esbwlwgap1
操作系统：Linux
应用：系统名称：E商宝网联平台-网关应用服务器2
所在地：亦庄中金
SERVICEID:L692
主机名：esbwlwgap2
操作系统：Linux
应用：系统名称：E商宝网联平台批处理服务器1
所在地：亦庄中金
SERVICEID:L693
主机名：esbwlpcl1
操作系统：Linux
应用：系统名称：E商宝网联平台批处理服务器2
所在地：亦庄中金
SERVICEID:L694
主机名：esbwlpcl2
操作系统：Linux
应用：系统名称：E商宝网联平台MyCat服务器1
所在地：亦庄中金
SERVICEID:L695
主机名：esbwlmycat1
操作系统：Linux
应用：
----------------------------------------------------------------
用户：zjp
时间：2017-06-08 09:07:14
系统名称：E商宝网联平台-WEB服务器3
所在地：亦庄中金
SERVICEID:L680
主机名：esbwlwb3
操作系统：Linux
应用：系统名称：E商宝网联平台-WEB服务器4
所在地：亦庄中金
SERVICEID:L681
主机名：esbwlwb4
操作系统：Linux
应用：系统名称：E商宝网联平台-Zookeeper服务器1
所在地：亦庄中金
SERVICEID:L682
主机名：esbwlzkp1
操作系统：Linux
应用：系统名称：E商宝网联平台-Zookeeper服务器2
所在地：亦庄中金
SERVICEID:L683
主机名：esbwlzkp2
操作系统：Linux
应用：系统名称：E商宝网联平台-Zookeeper服务器3
所在地：亦庄中金
SERVICEID:L684
主机名：esbwlzkp3
操作系统：Linux
应用：系统名称：E商宝网联平台-Redis服务器1
所在地：亦庄中金
SERVICEID:L685
主机名：esbwlredis1
操作系统：Linux
应用：系统名称：E商宝网联平台-Redis服务器2
所在地：亦庄中金
SERVICEID:L686
主机名：esbwlredis2
操作系统：Linux
应用：系统名称：E商宝网联平台-应用服务器1
所在地：亦庄中金
SERVICEID:L687
主机名：esbwlap1
操作系统：Linux
应用：系统名称：E商宝网联平台-应用服务器2
所在地：亦庄中金
SERVICEID:L688
主机名：esbwlap2
操作系统：Linux
应用：系统名称：E商宝网联平台-应用服务器3
所在地：亦庄中金
SERVICEID:L689
主机名：esbwlap3
操作系统：Linux
应用：系统名称：E商宝网联平台-应用服务器4
所在地：亦庄中金
SERVICEID:L690
主机名：esbwlap4
操作系统：Linux
应用：系统名称：E商宝网联平台-网关应用服务器1
所在地：亦庄中金
SERVICEID:L691
主机名：esbwlwgap1
操作系统：Linux
应用：系统名称：E商宝网联平台-网关应用服务器2
所在地：亦庄中金
SERVICEID:L692
主机名：esbwlwgap2
操作系统：Linux
应用：系统名称：E商宝网联平台批处理服务器1
所在地：亦庄中金
SERVICEID:L693
主机名：esbwlpcl1
操作系统：Linux
应用：系统名称：E商宝网联平台批处理服务器2
所在地：亦庄中金
SERVICEID:L694
主机名：esbwlpcl2
操作系统：Linux
应用：系统名称：E商宝网联平台MyCat服务器1
所在地：亦庄中金
SERVICEID:L695
主机名：esbwlmycat1
操作系统：Linux
应用：系统名称：E商宝网联平台MyCat服务器2
所在地：亦庄中金
SERVICEID:L696
主机名：esbwlmycat2
操作系统：Linux
应用：
----------------------------------------------------------------
用户：zjp
时间：2017-06-08 09:07:14
系统名称：E商宝网联平台-WEB服务器3
所在地：亦庄中金
SERVICEID:L680
主机名：esbwlwb3
操作系统：Linux
应用：系统名称：E商宝网联平台-WEB服务器4
所在地：亦庄中金
SERVICEID:L681
主机名：esbwlwb4
操作系统：Linux
应用：系统名称：E商宝网联平台-Zookeeper服务器1
所在地：亦庄中金
SERVICEID:L682
主机名：esbwlzkp1
操作系统：Linux
应用：系统名称：E商宝网联平台-Zookeeper服务器2
所在地：亦庄中金
SERVICEID:L683
主机名：esbwlzkp2
操作系统：Linux
应用：系统名称：E商宝网联平台-Zookeeper服务器3
所在地：亦庄中金
SERVICEID:L684
主机名：esbwlzkp3
操作系统：Linux
应用：系统名称：E商宝网联平台-Redis服务器1
所在地：亦庄中金
SERVICEID:L685
主机名：esbwlredis1
操作系统：Linux
应用：系统名称：E商宝网联平台-Redis服务器2
所在地：亦庄中金
SERVICEID:L686
主机名：esbwlredis2
操作系统：Linux
应用：系统名称：E商宝网联平台-应用服务器1
所在地：亦庄中金
SERVICEID:L687
主机名：esbwlap1
操作系统：Linux
应用：系统名称：E商宝网联平台-应用服务器2
所在地：亦庄中金
SERVICEID:L688
主机名：esbwlap2
操作系统：Linux
应用：系统名称：E商宝网联平台-应用服务器3
所在地：亦庄中金
SERVICEID:L689
主机名：esbwlap3
操作系统：Linux
应用：系统名称：E商宝网联平台-应用服务器4
所在地：亦庄中金
SERVICEID:L690
主机名：esbwlap4
操作系统：Linux
应用：系统名称：E商宝网联平台-网关应用服务器1
所在地：亦庄中金
SERVICEID:L691
主机名：esbwlwgap1
操作系统：Linux
应用：系统名称：E商宝网联平台-网关应用服务器2
所在地：亦庄中金
SERVICEID:L692
主机名：esbwlwgap2
操作系统：Linux
应用：系统名称：E商宝网联平台批处理服务器1
所在地：亦庄中金
SERVICEID:L693
主机名：esbwlpcl1
操作系统：Linux
应用：系统名称：E商宝网联平台批处理服务器2
所在地：亦庄中金
SERVICEID:L694
主机名：esbwlpcl2
操作系统：Linux
应用：系统名称：E商宝网联平台MyCat服务器1
所在地：亦庄中金
SERVICEID:L695
主机名：esbwlmycat1
操作系统：Linux
应用：系统名称：E商宝网联平台MyCat服务器2
所在地：亦庄中金
SERVICEID:L696
主机名：esbwlmycat2
操作系统：Linux
应用：系统名称：E商宝网联平台Mysql服务器1
所在地：亦庄中金
SERVICEID:L697
主机名：esbwlmysql1
操作系统：Linux
应用：
----------------------------------------------------------------
用户：zjp
时间：2017-06-08 09:07:14
系统名称：E商宝网联平台-WEB服务器3
所在地：亦庄中金
SERVICEID:L680
主机名：esbwlwb3
操作系统：Linux
应用：系统名称：E商宝网联平台-WEB服务器4
所在地：亦庄中金
SERVICEID:L681
主机名：esbwlwb4
操作系统：Linux
应用：系统名称：E商宝网联平台-Zookeeper服务器1
所在地：亦庄中金
SERVICEID:L682
主机名：esbwlzkp1
操作系统：Linux
应用：系统名称：E商宝网联平台-Zookeeper服务器2
所在地：亦庄中金
SERVICEID:L683
主机名：esbwlzkp2
操作系统：Linux
应用：系统名称：E商宝网联平台-Zookeeper服务器3
所在地：亦庄中金
SERVICEID:L684
主机名：esbwlzkp3
操作系统：Linux
应用：系统名称：E商宝网联平台-Redis服务器1
所在地：亦庄中金
SERVICEID:L685
主机名：esbwlredis1
操作系统：Linux
应用：系统名称：E商宝网联平台-Redis服务器2
所在地：亦庄中金
SERVICEID:L686
主机名：esbwlredis2
操作系统：Linux
应用：系统名称：E商宝网联平台-应用服务器1
所在地：亦庄中金
SERVICEID:L687
主机名：esbwlap1
操作系统：Linux
应用：系统名称：E商宝网联平台-应用服务器2
所在地：亦庄中金
SERVICEID:L688
主机名：esbwlap2
操作系统：Linux
应用：系统名称：E商宝网联平台-应用服务器3
所在地：亦庄中金
SERVICEID:L689
主机名：esbwlap3
操作系统：Linux
应用：系统名称：E商宝网联平台-应用服务器4
所在地：亦庄中金
SERVICEID:L690
主机名：esbwlap4
操作系统：Linux
应用：系统名称：E商宝网联平台-网关应用服务器1
所在地：亦庄中金
SERVICEID:L691
主机名：esbwlwgap1
操作系统：Linux
应用：系统名称：E商宝网联平台-网关应用服务器2
所在地：亦庄中金
SERVICEID:L692
主机名：esbwlwgap2
操作系统：Linux
应用：系统名称：E商宝网联平台批处理服务器1
所在地：亦庄中金
SERVICEID:L693
主机名：esbwlpcl1
操作系统：Linux
应用：系统名称：E商宝网联平台批处理服务器2
所在地：亦庄中金
SERVICEID:L694
主机名：esbwlpcl2
操作系统：Linux
应用：系统名称：E商宝网联平台MyCat服务器1
所在地：亦庄中金
SERVICEID:L695
主机名：esbwlmycat1
操作系统：Linux
应用：系统名称：E商宝网联平台MyCat服务器2
所在地：亦庄中金
SERVICEID:L696
主机名：esbwlmycat2
操作系统：Linux
应用：系统名称：E商宝网联平台Mysql服务器1
所在地：亦庄中金
SERVICEID:L697
主机名：esbwlmysql1
操作系统：Linux
应用：系统名称：E商宝网联平台Mysql服务器2
所在地：亦庄中金
SERVICEID:L698
主机名：esbwlmysql2
操作系统：Linux
应用：
----------------------------------------------------------------
用户：zjp
时间：2017-06-08 09:07:14
系统名称：E商宝网联平台-WEB服务器3
所在地：亦庄中金
SERVICEID:L680
主机名：esbwlwb3
操作系统：Linux
应用：系统名称：E商宝网联平台-WEB服务器4
所在地：亦庄中金
SERVICEID:L681
主机名：esbwlwb4
操作系统：Linux
应用：系统名称：E商宝网联平台-Zookeeper服务器1
所在地：亦庄中金
SERVICEID:L682
主机名：esbwlzkp1
操作系统：Linux
应用：系统名称：E商宝网联平台-Zookeeper服务器2
所在地：亦庄中金
SERVICEID:L683
主机名：esbwlzkp2
操作系统：Linux
应用：系统名称：E商宝网联平台-Zookeeper服务器3
所在地：亦庄中金
SERVICEID:L684
主机名：esbwlzkp3
操作系统：Linux
应用：系统名称：E商宝网联平台-Redis服务器1
所在地：亦庄中金
SERVICEID:L685
主机名：esbwlredis1
操作系统：Linux
应用：系统名称：E商宝网联平台-Redis服务器2
所在地：亦庄中金
SERVICEID:L686
主机名：esbwlredis2
操作系统：Linux
应用：系统名称：E商宝网联平台-应用服务器1
所在地：亦庄中金
SERVICEID:L687
主机名：esbwlap1
操作系统：Linux
应用：系统名称：E商宝网联平台-应用服务器2
所在地：亦庄中金
SERVICEID:L688
主机名：esbwlap2
操作系统：Linux
应用：系统名称：E商宝网联平台-应用服务器3
所在地：亦庄中金
SERVICEID:L689
主机名：esbwlap3
操作系统：Linux
应用：系统名称：E商宝网联平台-应用服务器4
所在地：亦庄中金
SERVICEID:L690
主机名：esbwlap4
操作系统：Linux
应用：系统名称：E商宝网联平台-网关应用服务器1
所在地：亦庄中金
SERVICEID:L691
主机名：esbwlwgap1
操作系统：Linux
应用：系统名称：E商宝网联平台-网关应用服务器2
所在地：亦庄中金
SERVICEID:L692
主机名：esbwlwgap2
操作系统：Linux
应用：系统名称：E商宝网联平台批处理服务器1
所在地：亦庄中金
SERVICEID:L693
主机名：esbwlpcl1
操作系统：Linux
应用：系统名称：E商宝网联平台批处理服务器2
所在地：亦庄中金
SERVICEID:L694
主机名：esbwlpcl2
操作系统：Linux
应用：系统名称：E商宝网联平台MyCat服务器1
所在地：亦庄中金
SERVICEID:L695
主机名：esbwlmycat1
操作系统：Linux
应用：系统名称：E商宝网联平台MyCat服务器2
所在地：亦庄中金
SERVICEID:L696
主机名：esbwlmycat2
操作系统：Linux
应用：系统名称：E商宝网联平台Mysql服务器1
所在地：亦庄中金
SERVICEID:L697
主机名：esbwlmysql1
操作系统：Linux
应用：系统名称：E商宝网联平台Mysql服务器2
所在地：亦庄中金
SERVICEID:L698
主机名：esbwlmysql2
操作系统：Linux
应用：系统名称：E商宝网联平台Mysql服务器3
所在地：亦庄中金
SERVICEID:L699
主机名：esbwlmysql3
操作系统：Linux
应用：
----------------------------------------------------------------
用户：zjp
时间：2017-06-08 09:07:14
系统名称：E商宝网联平台-WEB服务器3
所在地：亦庄中金
SERVICEID:L680
主机名：esbwlwb3
操作系统：Linux
应用：系统名称：E商宝网联平台-WEB服务器4
所在地：亦庄中金
SERVICEID:L681
主机名：esbwlwb4
操作系统：Linux
应用：系统名称：E商宝网联平台-Zookeeper服务器1
所在地：亦庄中金
SERVICEID:L682
主机名：esbwlzkp1
操作系统：Linux
应用：系统名称：E商宝网联平台-Zookeeper服务器2
所在地：亦庄中金
SERVICEID:L683
主机名：esbwlzkp2
操作系统：Linux
应用：系统名称：E商宝网联平台-Zookeeper服务器3
所在地：亦庄中金
SERVICEID:L684
主机名：esbwlzkp3
操作系统：Linux
应用：系统名称：E商宝网联平台-Redis服务器1
所在地：亦庄中金
SERVICEID:L685
主机名：esbwlredis1
操作系统：Linux
应用：系统名称：E商宝网联平台-Redis服务器2
所在地：亦庄中金
SERVICEID:L686
主机名：esbwlredis2
操作系统：Linux
应用：系统名称：E商宝网联平台-应用服务器1
所在地：亦庄中金
SERVICEID:L687
主机名：esbwlap1
操作系统：Linux
应用：系统名称：E商宝网联平台-应用服务器2
所在地：亦庄中金
SERVICEID:L688
主机名：esbwlap2
操作系统：Linux
应用：系统名称：E商宝网联平台-应用服务器3
所在地：亦庄中金
SERVICEID:L689
主机名：esbwlap3
操作系统：Linux
应用：系统名称：E商宝网联平台-应用服务器4
所在地：亦庄中金
SERVICEID:L690
主机名：esbwlap4
操作系统：Linux
应用：系统名称：E商宝网联平台-网关应用服务器1
所在地：亦庄中金
SERVICEID:L691
主机名：esbwlwgap1
操作系统：Linux
应用：系统名称：E商宝网联平台-网关应用服务器2
所在地：亦庄中金
SERVICEID:L692
主机名：esbwlwgap2
操作系统：Linux
应用：系统名称：E商宝网联平台批处理服务器1
所在地：亦庄中金
SERVICEID:L693
主机名：esbwlpcl1
操作系统：Linux
应用：系统名称：E商宝网联平台批处理服务器2
所在地：亦庄中金
SERVICEID:L694
主机名：esbwlpcl2
操作系统：Linux
应用：系统名称：E商宝网联平台MyCat服务器1
所在地：亦庄中金
SERVICEID:L695
主机名：esbwlmycat1
操作系统：Linux
应用：系统名称：E商宝网联平台MyCat服务器2
所在地：亦庄中金
SERVICEID:L696
主机名：esbwlmycat2
操作系统：Linux
应用：系统名称：E商宝网联平台Mysql服务器1
所在地：亦庄中金
SERVICEID:L697
主机名：esbwlmysql1
操作系统：Linux
应用：系统名称：E商宝网联平台Mysql服务器2
所在地：亦庄中金
SERVICEID:L698
主机名：esbwlmysql2
操作系统：Linux
应用：系统名称：E商宝网联平台Mysql服务器3
所在地：亦庄中金
SERVICEID:L699
主机名：esbwlmysql3
操作系统：Linux
应用：系统名称：E商宝网联平台Mysql服务器4
所在地：亦庄中金
SERVICEID:L700
主机名：esbwlmysql4
操作系统：Linux
应用：
----------------------------------------------------------------
用户：zjp
时间：2017-06-08 09:07:14
系统名称：E商宝网联平台-WEB服务器3
所在地：亦庄中金
SERVICEID:L680
主机名：esbwlwb3
操作系统：Linux
应用：系统名称：E商宝网联平台-WEB服务器4
所在地：亦庄中金
SERVICEID:L681
主机名：esbwlwb4
操作系统：Linux
应用：系统名称：E商宝网联平台-Zookeeper服务器1
所在地：亦庄中金
SERVICEID:L682
主机名：esbwlzkp1
操作系统：Linux
应用：系统名称：E商宝网联平台-Zookeeper服务器2
所在地：亦庄中金
SERVICEID:L683
主机名：esbwlzkp2
操作系统：Linux
应用：系统名称：E商宝网联平台-Zookeeper服务器3
所在地：亦庄中金
SERVICEID:L684
主机名：esbwlzkp3
操作系统：Linux
应用：系统名称：E商宝网联平台-Redis服务器1
所在地：亦庄中金
SERVICEID:L685
主机名：esbwlredis1
操作系统：Linux
应用：系统名称：E商宝网联平台-Redis服务器2
所在地：亦庄中金
SERVICEID:L686
主机名：esbwlredis2
操作系统：Linux
应用：系统名称：E商宝网联平台-应用服务器1
所在地：亦庄中金
SERVICEID:L687
主机名：esbwlap1
操作系统：Linux
应用：系统名称：E商宝网联平台-应用服务器2
所在地：亦庄中金
SERVICEID:L688
主机名：esbwlap2
操作系统：Linux
应用：系统名称：E商宝网联平台-应用服务器3
所在地：亦庄中金
SERVICEID:L689
主机名：esbwlap3
操作系统：Linux
应用：系统名称：E商宝网联平台-应用服务器4
所在地：亦庄中金
SERVICEID:L690
主机名：esbwlap4
操作系统：Linux
应用：系统名称：E商宝网联平台-网关应用服务器1
所在地：亦庄中金
SERVICEID:L691
主机名：esbwlwgap1
操作系统：Linux
应用：系统名称：E商宝网联平台-网关应用服务器2
所在地：亦庄中金
SERVICEID:L692
主机名：esbwlwgap2
操作系统：Linux
应用：系统名称：E商宝网联平台批处理服务器1
所在地：亦庄中金
SERVICEID:L693
主机名：esbwlpcl1
操作系统：Linux
应用：系统名称：E商宝网联平台批处理服务器2
所在地：亦庄中金
SERVICEID:L694
主机名：esbwlpcl2
操作系统：Linux
应用：系统名称：E商宝网联平台MyCat服务器1
所在地：亦庄中金
SERVICEID:L695
主机名：esbwlmycat1
操作系统：Linux
应用：系统名称：E商宝网联平台MyCat服务器2
所在地：亦庄中金
SERVICEID:L696
主机名：esbwlmycat2
操作系统：Linux
应用：系统名称：E商宝网联平台Mysql服务器1
所在地：亦庄中金
SERVICEID:L697
主机名：esbwlmysql1
操作系统：Linux
应用：系统名称：E商宝网联平台Mysql服务器2
所在地：亦庄中金
SERVICEID:L698
主机名：esbwlmysql2
操作系统：Linux
应用：系统名称：E商宝网联平台Mysql服务器3
所在地：亦庄中金
SERVICEID:L699
主机名：esbwlmysql3
操作系统：Linux
应用：系统名称：E商宝网联平台Mysql服务器4
所在地：亦庄中金
SERVICEID:L700
主机名：esbwlmysql4
操作系统：Linux
应用：系统名称：E商宝网联平台WEB服务器1
所在地：亦庄中金
SERVICEID:L701
主机名：esbwlwb1
操作系统：Linux
应用：
----------------------------------------------------------------
用户：zjp
时间：2017-06-08 17:07:16
操作：从index.html把数据更新到data.txt
----------------------------------------------------------------
用户：zjp
时间：2017-06-08 09:07:37
系统名称：E商宝网联平台WEB服务器1
所在地：亦庄中金
SERVICEID:L702
主机名：esbwlwb2
操作系统：Linux
应用：
----------------------------------------------------------------
用户：zjp
时间：2017-06-08 17:07:38
操作：从index.html把数据更新到data.txt
----------------------------------------------------------------
用户：zjp
时间：2017-06-08 17:07:44
操作：从index.html把数据更新到data.txt
----------------------------------------------------------------
