用户：zjp
时间：2017-06-30 11:15:24
操作：从index.html把数据更新到data.txt
----------------------------------------------------------------
用户：zjp
时间：2017-06-30 03:15:53
系统名称：test
所在地：亦庄中金
SERVICEID:1537
主机名：test
操作系统：Linux
应用：GTP
----------------------------------------------------------------
用户：zjp
时间：2017-06-30 11:15:54
操作：从index.html把数据更新到data.txt
----------------------------------------------------------------
用户：wzw
时间：2017-06-30 11:17:10
操作：从index.html把数据更新到data.txt
----------------------------------------------------------------
