用户：zjp
时间：2017-06-21 14:47:08
操作：从index.html把数据更新到data.txt
----------------------------------------------------------------
用户：zjp
时间：2017-06-21 14:51:41
操作：从index.html把数据更新到data.txt
----------------------------------------------------------------
用户：zjp
时间：2017-06-21 06:52:24
系统名称：新机房监控-新版RFID采集服务器
所在地：亦庄中金
SERVICEID:L733
主机名：xrfidcj1
操作系统：Linux
应用：
----------------------------------------------------------------
用户：zjp
时间：2017-06-21 14:52:26
操作：从index.html把数据更新到data.txt
----------------------------------------------------------------
