用户：zjp
时间：2017-06-12 09:03:22
操作：从index.html把数据更新到data.txt
----------------------------------------------------------------
用户：zjp
时间：2017-06-12 01:06:00
系统名称：应用日志监控分析2机
所在地：亦庄中金
SERVICEID:L580
主机名：yyrzjkfx2
操作系统：Linux
应用：
----------------------------------------------------------------
用户：zjp
时间：2017-06-12 01:06:00
系统名称：应用日志监控分析2机
所在地：亦庄中金
SERVICEID:L580
主机名：yyrzjkfx2
操作系统：Linux
应用：系统名称：应用日志监控分析3机
所在地：亦庄中金
SERVICEID:L581
主机名：yyrzjkfx3
操作系统：Linux
应用：
----------------------------------------------------------------
用户：zjp
时间：2017-06-12 01:06:00
系统名称：应用日志监控分析2机
所在地：亦庄中金
SERVICEID:L580
主机名：yyrzjkfx2
操作系统：Linux
应用：系统名称：应用日志监控分析3机
所在地：亦庄中金
SERVICEID:L581
主机名：yyrzjkfx3
操作系统：Linux
应用：系统名称：应用日志监控分析4机
所在地：亦庄中金
SERVICEID:L582
主机名：yyrzjkfx4
操作系统：Linux
应用：
----------------------------------------------------------------
用户：zjp
时间：2017-06-12 01:06:00
系统名称：应用日志监控分析2机
所在地：亦庄中金
SERVICEID:L580
主机名：yyrzjkfx2
操作系统：Linux
应用：系统名称：应用日志监控分析3机
所在地：亦庄中金
SERVICEID:L581
主机名：yyrzjkfx3
操作系统：Linux
应用：系统名称：应用日志监控分析4机
所在地：亦庄中金
SERVICEID:L582
主机名：yyrzjkfx4
操作系统：Linux
应用：系统名称：应用日志监控分析5机
所在地：亦庄中金
SERVICEID:L583
主机名：yyrzjkfx5
操作系统：Linux
应用：
----------------------------------------------------------------
用户：zjp
时间：2017-06-12 09:06:02
操作：从index.html把数据更新到data.txt
----------------------------------------------------------------
用户：zjp
时间：2017-06-12 01:07:40
系统名称：综合前置应用7机
所在地：亦庄中金
SERVICEID:L586
主机名：zhqzap7
操作系统：Linux
应用：
----------------------------------------------------------------
用户：zjp
时间：2017-06-12 01:07:40
系统名称：综合前置应用7机
所在地：亦庄中金
SERVICEID:L586
主机名：zhqzap7
操作系统：Linux
应用：系统名称：综合前置应用8机
所在地：亦庄中金
SERVICEID:L587
主机名：zhqzap8
操作系统：Linux
应用：
----------------------------------------------------------------
用户：zjp
时间：2017-06-12 09:07:42
操作：从index.html把数据更新到data.txt
----------------------------------------------------------------
用户：zjp
时间：2017-06-12 01:22:17
系统名称：客服人脸识别应用1机
所在地：亦庄中金
SERVICEID:L592
主机名：kfrlsbap1
操作系统：Linux
应用：
----------------------------------------------------------------
用户：zjp
时间：2017-06-12 01:22:17
系统名称：客服人脸识别应用1机
所在地：亦庄中金
SERVICEID:L592
主机名：kfrlsbap1
操作系统：Linux
应用：系统名称：客服人脸识别应用2机
所在地：亦庄中金
SERVICEID:L593
主机名：kfrlsbap2
操作系统：Linux
应用：
----------------------------------------------------------------
用户：zjp
时间：2017-06-12 01:22:17
系统名称：客服人脸识别应用1机
所在地：亦庄中金
SERVICEID:L592
主机名：kfrlsbap1
操作系统：Linux
应用：系统名称：客服人脸识别应用2机
所在地：亦庄中金
SERVICEID:L593
主机名：kfrlsbap2
操作系统：Linux
应用：系统名称：新直销银行web服务器1机
所在地：亦庄中金
SERVICEID:L594
主机名：xzxyhwb1
操作系统：Linux
应用：
----------------------------------------------------------------
用户：zjp
时间：2017-06-12 01:22:17
系统名称：客服人脸识别应用1机
所在地：亦庄中金
SERVICEID:L592
主机名：kfrlsbap1
操作系统：Linux
应用：系统名称：客服人脸识别应用2机
所在地：亦庄中金
SERVICEID:L593
主机名：kfrlsbap2
操作系统：Linux
应用：系统名称：新直销银行web服务器1机
所在地：亦庄中金
SERVICEID:L594
主机名：xzxyhwb1
操作系统：Linux
应用：系统名称：新直销银行web服务器2机
所在地：亦庄中金
SERVICEID:L595
主机名：xzxyhwb2
操作系统：Linux
应用：
----------------------------------------------------------------
用户：zjp
时间：2017-06-12 01:22:17
系统名称：客服人脸识别应用1机
所在地：亦庄中金
SERVICEID:L592
主机名：kfrlsbap1
操作系统：Linux
应用：系统名称：客服人脸识别应用2机
所在地：亦庄中金
SERVICEID:L593
主机名：kfrlsbap2
操作系统：Linux
应用：系统名称：新直销银行web服务器1机
所在地：亦庄中金
SERVICEID:L594
主机名：xzxyhwb1
操作系统：Linux
应用：系统名称：新直销银行web服务器2机
所在地：亦庄中金
SERVICEID:L595
主机名：xzxyhwb2
操作系统：Linux
应用：系统名称：新直销银行直销渠道1机
所在地：亦庄中金
SERVICEID:L596
主机名：xzxyhqd1
操作系统：Linux
应用：
----------------------------------------------------------------
用户：zjp
时间：2017-06-12 01:22:17
系统名称：客服人脸识别应用1机
所在地：亦庄中金
SERVICEID:L592
主机名：kfrlsbap1
操作系统：Linux
应用：系统名称：客服人脸识别应用2机
所在地：亦庄中金
SERVICEID:L593
主机名：kfrlsbap2
操作系统：Linux
应用：系统名称：新直销银行web服务器1机
所在地：亦庄中金
SERVICEID:L594
主机名：xzxyhwb1
操作系统：Linux
应用：系统名称：新直销银行web服务器2机
所在地：亦庄中金
SERVICEID:L595
主机名：xzxyhwb2
操作系统：Linux
应用：系统名称：新直销银行直销渠道1机
所在地：亦庄中金
SERVICEID:L596
主机名：xzxyhqd1
操作系统：Linux
应用：系统名称：新直销银行直销渠道2机
所在地：亦庄中金
SERVICEID:L597
主机名：xzxyhqd2
操作系统：Linux
应用：
----------------------------------------------------------------
用户：zjp
时间：2017-06-12 01:22:17
系统名称：客服人脸识别应用1机
所在地：亦庄中金
SERVICEID:L592
主机名：kfrlsbap1
操作系统：Linux
应用：系统名称：客服人脸识别应用2机
所在地：亦庄中金
SERVICEID:L593
主机名：kfrlsbap2
操作系统：Linux
应用：系统名称：新直销银行web服务器1机
所在地：亦庄中金
SERVICEID:L594
主机名：xzxyhwb1
操作系统：Linux
应用：系统名称：新直销银行web服务器2机
所在地：亦庄中金
SERVICEID:L595
主机名：xzxyhwb2
操作系统：Linux
应用：系统名称：新直销银行直销渠道1机
所在地：亦庄中金
SERVICEID:L596
主机名：xzxyhqd1
操作系统：Linux
应用：系统名称：新直销银行直销渠道2机
所在地：亦庄中金
SERVICEID:L597
主机名：xzxyhqd2
操作系统：Linux
应用：系统名称：新直销银行直销服务中心1机
所在地：亦庄中金
SERVICEID:L598
主机名：xzxyhfwzx1
操作系统：Linux
应用：
----------------------------------------------------------------
用户：zjp
时间：2017-06-12 01:22:17
系统名称：客服人脸识别应用1机
所在地：亦庄中金
SERVICEID:L592
主机名：kfrlsbap1
操作系统：Linux
应用：系统名称：客服人脸识别应用2机
所在地：亦庄中金
SERVICEID:L593
主机名：kfrlsbap2
操作系统：Linux
应用：系统名称：新直销银行web服务器1机
所在地：亦庄中金
SERVICEID:L594
主机名：xzxyhwb1
操作系统：Linux
应用：系统名称：新直销银行web服务器2机
所在地：亦庄中金
SERVICEID:L595
主机名：xzxyhwb2
操作系统：Linux
应用：系统名称：新直销银行直销渠道1机
所在地：亦庄中金
SERVICEID:L596
主机名：xzxyhqd1
操作系统：Linux
应用：系统名称：新直销银行直销渠道2机
所在地：亦庄中金
SERVICEID:L597
主机名：xzxyhqd2
操作系统：Linux
应用：系统名称：新直销银行直销服务中心1机
所在地：亦庄中金
SERVICEID:L598
主机名：xzxyhfwzx1
操作系统：Linux
应用：系统名称：新直销银行直销服务中心2机
所在地：亦庄中金
SERVICEID:L599
主机名：xzxyhfwzx2
操作系统：Linux
应用：
----------------------------------------------------------------
用户：zjp
时间：2017-06-12 01:22:17
系统名称：客服人脸识别应用1机
所在地：亦庄中金
SERVICEID:L592
主机名：kfrlsbap1
操作系统：Linux
应用：系统名称：客服人脸识别应用2机
所在地：亦庄中金
SERVICEID:L593
主机名：kfrlsbap2
操作系统：Linux
应用：系统名称：新直销银行web服务器1机
所在地：亦庄中金
SERVICEID:L594
主机名：xzxyhwb1
操作系统：Linux
应用：系统名称：新直销银行web服务器2机
所在地：亦庄中金
SERVICEID:L595
主机名：xzxyhwb2
操作系统：Linux
应用：系统名称：新直销银行直销渠道1机
所在地：亦庄中金
SERVICEID:L596
主机名：xzxyhqd1
操作系统：Linux
应用：系统名称：新直销银行直销渠道2机
所在地：亦庄中金
SERVICEID:L597
主机名：xzxyhqd2
操作系统：Linux
应用：系统名称：新直销银行直销服务中心1机
所在地：亦庄中金
SERVICEID:L598
主机名：xzxyhfwzx1
操作系统：Linux
应用：系统名称：新直销银行直销服务中心2机
所在地：亦庄中金
SERVICEID:L599
主机名：xzxyhfwzx2
操作系统：Linux
应用：系统名称：新直销银行直销服务中心3机
所在地：亦庄中金
SERVICEID:L600
主机名：xzxyhfwzx3
操作系统：Linux
应用：
----------------------------------------------------------------
用户：zjp
时间：2017-06-12 01:22:17
系统名称：客服人脸识别应用1机
所在地：亦庄中金
SERVICEID:L592
主机名：kfrlsbap1
操作系统：Linux
应用：系统名称：客服人脸识别应用2机
所在地：亦庄中金
SERVICEID:L593
主机名：kfrlsbap2
操作系统：Linux
应用：系统名称：新直销银行web服务器1机
所在地：亦庄中金
SERVICEID:L594
主机名：xzxyhwb1
操作系统：Linux
应用：系统名称：新直销银行web服务器2机
所在地：亦庄中金
SERVICEID:L595
主机名：xzxyhwb2
操作系统：Linux
应用：系统名称：新直销银行直销渠道1机
所在地：亦庄中金
SERVICEID:L596
主机名：xzxyhqd1
操作系统：Linux
应用：系统名称：新直销银行直销渠道2机
所在地：亦庄中金
SERVICEID:L597
主机名：xzxyhqd2
操作系统：Linux
应用：系统名称：新直销银行直销服务中心1机
所在地：亦庄中金
SERVICEID:L598
主机名：xzxyhfwzx1
操作系统：Linux
应用：系统名称：新直销银行直销服务中心2机
所在地：亦庄中金
SERVICEID:L599
主机名：xzxyhfwzx2
操作系统：Linux
应用：系统名称：新直销银行直销服务中心3机
所在地：亦庄中金
SERVICEID:L600
主机名：xzxyhfwzx3
操作系统：Linux
应用：系统名称：新直销银行直销服务中心4机
所在地：亦庄中金
SERVICEID:L601
主机名：xzxyhfwzx4
操作系统：Linux
应用：
----------------------------------------------------------------
用户：zjp
时间：2017-06-12 01:22:17
系统名称：客服人脸识别应用1机
所在地：亦庄中金
SERVICEID:L592
主机名：kfrlsbap1
操作系统：Linux
应用：系统名称：客服人脸识别应用2机
所在地：亦庄中金
SERVICEID:L593
主机名：kfrlsbap2
操作系统：Linux
应用：系统名称：新直销银行web服务器1机
所在地：亦庄中金
SERVICEID:L594
主机名：xzxyhwb1
操作系统：Linux
应用：系统名称：新直销银行web服务器2机
所在地：亦庄中金
SERVICEID:L595
主机名：xzxyhwb2
操作系统：Linux
应用：系统名称：新直销银行直销渠道1机
所在地：亦庄中金
SERVICEID:L596
主机名：xzxyhqd1
操作系统：Linux
应用：系统名称：新直销银行直销渠道2机
所在地：亦庄中金
SERVICEID:L597
主机名：xzxyhqd2
操作系统：Linux
应用：系统名称：新直销银行直销服务中心1机
所在地：亦庄中金
SERVICEID:L598
主机名：xzxyhfwzx1
操作系统：Linux
应用：系统名称：新直销银行直销服务中心2机
所在地：亦庄中金
SERVICEID:L599
主机名：xzxyhfwzx2
操作系统：Linux
应用：系统名称：新直销银行直销服务中心3机
所在地：亦庄中金
SERVICEID:L600
主机名：xzxyhfwzx3
操作系统：Linux
应用：系统名称：新直销银行直销服务中心4机
所在地：亦庄中金
SERVICEID:L601
主机名：xzxyhfwzx4
操作系统：Linux
应用：系统名称：新直销银行直销服务中心5机
所在地：亦庄中金
SERVICEID:L602
主机名：xzxyhfwzx5
操作系统：Linux
应用：
----------------------------------------------------------------
用户：zjp
时间：2017-06-12 01:22:17
系统名称：客服人脸识别应用1机
所在地：亦庄中金
SERVICEID:L592
主机名：kfrlsbap1
操作系统：Linux
应用：系统名称：客服人脸识别应用2机
所在地：亦庄中金
SERVICEID:L593
主机名：kfrlsbap2
操作系统：Linux
应用：系统名称：新直销银行web服务器1机
所在地：亦庄中金
SERVICEID:L594
主机名：xzxyhwb1
操作系统：Linux
应用：系统名称：新直销银行web服务器2机
所在地：亦庄中金
SERVICEID:L595
主机名：xzxyhwb2
操作系统：Linux
应用：系统名称：新直销银行直销渠道1机
所在地：亦庄中金
SERVICEID:L596
主机名：xzxyhqd1
操作系统：Linux
应用：系统名称：新直销银行直销渠道2机
所在地：亦庄中金
SERVICEID:L597
主机名：xzxyhqd2
操作系统：Linux
应用：系统名称：新直销银行直销服务中心1机
所在地：亦庄中金
SERVICEID:L598
主机名：xzxyhfwzx1
操作系统：Linux
应用：系统名称：新直销银行直销服务中心2机
所在地：亦庄中金
SERVICEID:L599
主机名：xzxyhfwzx2
操作系统：Linux
应用：系统名称：新直销银行直销服务中心3机
所在地：亦庄中金
SERVICEID:L600
主机名：xzxyhfwzx3
操作系统：Linux
应用：系统名称：新直销银行直销服务中心4机
所在地：亦庄中金
SERVICEID:L601
主机名：xzxyhfwzx4
操作系统：Linux
应用：系统名称：新直销银行直销服务中心5机
所在地：亦庄中金
SERVICEID:L602
主机名：xzxyhfwzx5
操作系统：Linux
应用：系统名称：新直销银行直销服务中心6机
所在地：亦庄中金
SERVICEID:L603
主机名：xzxyhfwzx6
操作系统：Linux
应用：
----------------------------------------------------------------
用户：zjp
时间：2017-06-12 01:22:17
系统名称：客服人脸识别应用1机
所在地：亦庄中金
SERVICEID:L592
主机名：kfrlsbap1
操作系统：Linux
应用：系统名称：客服人脸识别应用2机
所在地：亦庄中金
SERVICEID:L593
主机名：kfrlsbap2
操作系统：Linux
应用：系统名称：新直销银行web服务器1机
所在地：亦庄中金
SERVICEID:L594
主机名：xzxyhwb1
操作系统：Linux
应用：系统名称：新直销银行web服务器2机
所在地：亦庄中金
SERVICEID:L595
主机名：xzxyhwb2
操作系统：Linux
应用：系统名称：新直销银行直销渠道1机
所在地：亦庄中金
SERVICEID:L596
主机名：xzxyhqd1
操作系统：Linux
应用：系统名称：新直销银行直销渠道2机
所在地：亦庄中金
SERVICEID:L597
主机名：xzxyhqd2
操作系统：Linux
应用：系统名称：新直销银行直销服务中心1机
所在地：亦庄中金
SERVICEID:L598
主机名：xzxyhfwzx1
操作系统：Linux
应用：系统名称：新直销银行直销服务中心2机
所在地：亦庄中金
SERVICEID:L599
主机名：xzxyhfwzx2
操作系统：Linux
应用：系统名称：新直销银行直销服务中心3机
所在地：亦庄中金
SERVICEID:L600
主机名：xzxyhfwzx3
操作系统：Linux
应用：系统名称：新直销银行直销服务中心4机
所在地：亦庄中金
SERVICEID:L601
主机名：xzxyhfwzx4
操作系统：Linux
应用：系统名称：新直销银行直销服务中心5机
所在地：亦庄中金
SERVICEID:L602
主机名：xzxyhfwzx5
操作系统：Linux
应用：系统名称：新直销银行直销服务中心6机
所在地：亦庄中金
SERVICEID:L603
主机名：xzxyhfwzx6
操作系统：Linux
应用：系统名称：新直销银行直销服务中心7机
所在地：亦庄中金
SERVICEID:L604
主机名：xzxyhfwzx7
操作系统：Linux
应用：
----------------------------------------------------------------
用户：zjp
时间：2017-06-12 01:22:17
系统名称：客服人脸识别应用1机
所在地：亦庄中金
SERVICEID:L592
主机名：kfrlsbap1
操作系统：Linux
应用：系统名称：客服人脸识别应用2机
所在地：亦庄中金
SERVICEID:L593
主机名：kfrlsbap2
操作系统：Linux
应用：系统名称：新直销银行web服务器1机
所在地：亦庄中金
SERVICEID:L594
主机名：xzxyhwb1
操作系统：Linux
应用：系统名称：新直销银行web服务器2机
所在地：亦庄中金
SERVICEID:L595
主机名：xzxyhwb2
操作系统：Linux
应用：系统名称：新直销银行直销渠道1机
所在地：亦庄中金
SERVICEID:L596
主机名：xzxyhqd1
操作系统：Linux
应用：系统名称：新直销银行直销渠道2机
所在地：亦庄中金
SERVICEID:L597
主机名：xzxyhqd2
操作系统：Linux
应用：系统名称：新直销银行直销服务中心1机
所在地：亦庄中金
SERVICEID:L598
主机名：xzxyhfwzx1
操作系统：Linux
应用：系统名称：新直销银行直销服务中心2机
所在地：亦庄中金
SERVICEID:L599
主机名：xzxyhfwzx2
操作系统：Linux
应用：系统名称：新直销银行直销服务中心3机
所在地：亦庄中金
SERVICEID:L600
主机名：xzxyhfwzx3
操作系统：Linux
应用：系统名称：新直销银行直销服务中心4机
所在地：亦庄中金
SERVICEID:L601
主机名：xzxyhfwzx4
操作系统：Linux
应用：系统名称：新直销银行直销服务中心5机
所在地：亦庄中金
SERVICEID:L602
主机名：xzxyhfwzx5
操作系统：Linux
应用：系统名称：新直销银行直销服务中心6机
所在地：亦庄中金
SERVICEID:L603
主机名：xzxyhfwzx6
操作系统：Linux
应用：系统名称：新直销银行直销服务中心7机
所在地：亦庄中金
SERVICEID:L604
主机名：xzxyhfwzx7
操作系统：Linux
应用：系统名称：新直销银行直销服务中心8机
所在地：亦庄中金
SERVICEID:L605
主机名：xzxyhfwzx8
操作系统：Linux
应用：
----------------------------------------------------------------
用户：zjp
时间：2017-06-12 01:22:17
系统名称：客服人脸识别应用1机
所在地：亦庄中金
SERVICEID:L592
主机名：kfrlsbap1
操作系统：Linux
应用：系统名称：客服人脸识别应用2机
所在地：亦庄中金
SERVICEID:L593
主机名：kfrlsbap2
操作系统：Linux
应用：系统名称：新直销银行web服务器1机
所在地：亦庄中金
SERVICEID:L594
主机名：xzxyhwb1
操作系统：Linux
应用：系统名称：新直销银行web服务器2机
所在地：亦庄中金
SERVICEID:L595
主机名：xzxyhwb2
操作系统：Linux
应用：系统名称：新直销银行直销渠道1机
所在地：亦庄中金
SERVICEID:L596
主机名：xzxyhqd1
操作系统：Linux
应用：系统名称：新直销银行直销渠道2机
所在地：亦庄中金
SERVICEID:L597
主机名：xzxyhqd2
操作系统：Linux
应用：系统名称：新直销银行直销服务中心1机
所在地：亦庄中金
SERVICEID:L598
主机名：xzxyhfwzx1
操作系统：Linux
应用：系统名称：新直销银行直销服务中心2机
所在地：亦庄中金
SERVICEID:L599
主机名：xzxyhfwzx2
操作系统：Linux
应用：系统名称：新直销银行直销服务中心3机
所在地：亦庄中金
SERVICEID:L600
主机名：xzxyhfwzx3
操作系统：Linux
应用：系统名称：新直销银行直销服务中心4机
所在地：亦庄中金
SERVICEID:L601
主机名：xzxyhfwzx4
操作系统：Linux
应用：系统名称：新直销银行直销服务中心5机
所在地：亦庄中金
SERVICEID:L602
主机名：xzxyhfwzx5
操作系统：Linux
应用：系统名称：新直销银行直销服务中心6机
所在地：亦庄中金
SERVICEID:L603
主机名：xzxyhfwzx6
操作系统：Linux
应用：系统名称：新直销银行直销服务中心7机
所在地：亦庄中金
SERVICEID:L604
主机名：xzxyhfwzx7
操作系统：Linux
应用：系统名称：新直销银行直销服务中心8机
所在地：亦庄中金
SERVICEID:L605
主机名：xzxyhfwzx8
操作系统：Linux
应用：系统名称：新直销银行前置渠道1机
所在地：亦庄中金
SERVICEID:L606
主机名：xzxyhqzqd1
操作系统：Linux
应用：
----------------------------------------------------------------
用户：zjp
时间：2017-06-12 01:22:17
系统名称：客服人脸识别应用1机
所在地：亦庄中金
SERVICEID:L592
主机名：kfrlsbap1
操作系统：Linux
应用：系统名称：客服人脸识别应用2机
所在地：亦庄中金
SERVICEID:L593
主机名：kfrlsbap2
操作系统：Linux
应用：系统名称：新直销银行web服务器1机
所在地：亦庄中金
SERVICEID:L594
主机名：xzxyhwb1
操作系统：Linux
应用：系统名称：新直销银行web服务器2机
所在地：亦庄中金
SERVICEID:L595
主机名：xzxyhwb2
操作系统：Linux
应用：系统名称：新直销银行直销渠道1机
所在地：亦庄中金
SERVICEID:L596
主机名：xzxyhqd1
操作系统：Linux
应用：系统名称：新直销银行直销渠道2机
所在地：亦庄中金
SERVICEID:L597
主机名：xzxyhqd2
操作系统：Linux
应用：系统名称：新直销银行直销服务中心1机
所在地：亦庄中金
SERVICEID:L598
主机名：xzxyhfwzx1
操作系统：Linux
应用：系统名称：新直销银行直销服务中心2机
所在地：亦庄中金
SERVICEID:L599
主机名：xzxyhfwzx2
操作系统：Linux
应用：系统名称：新直销银行直销服务中心3机
所在地：亦庄中金
SERVICEID:L600
主机名：xzxyhfwzx3
操作系统：Linux
应用：系统名称：新直销银行直销服务中心4机
所在地：亦庄中金
SERVICEID:L601
主机名：xzxyhfwzx4
操作系统：Linux
应用：系统名称：新直销银行直销服务中心5机
所在地：亦庄中金
SERVICEID:L602
主机名：xzxyhfwzx5
操作系统：Linux
应用：系统名称：新直销银行直销服务中心6机
所在地：亦庄中金
SERVICEID:L603
主机名：xzxyhfwzx6
操作系统：Linux
应用：系统名称：新直销银行直销服务中心7机
所在地：亦庄中金
SERVICEID:L604
主机名：xzxyhfwzx7
操作系统：Linux
应用：系统名称：新直销银行直销服务中心8机
所在地：亦庄中金
SERVICEID:L605
主机名：xzxyhfwzx8
操作系统：Linux
应用：系统名称：新直销银行前置渠道1机
所在地：亦庄中金
SERVICEID:L606
主机名：xzxyhqzqd1
操作系统：Linux
应用：系统名称：新直销银行前置渠道2机
所在地：亦庄中金
SERVICEID:L607
主机名：xzxyhqzqd2
操作系统：Linux
应用：
----------------------------------------------------------------
用户：zjp
时间：2017-06-12 01:22:17
系统名称：客服人脸识别应用1机
所在地：亦庄中金
SERVICEID:L592
主机名：kfrlsbap1
操作系统：Linux
应用：系统名称：客服人脸识别应用2机
所在地：亦庄中金
SERVICEID:L593
主机名：kfrlsbap2
操作系统：Linux
应用：系统名称：新直销银行web服务器1机
所在地：亦庄中金
SERVICEID:L594
主机名：xzxyhwb1
操作系统：Linux
应用：系统名称：新直销银行web服务器2机
所在地：亦庄中金
SERVICEID:L595
主机名：xzxyhwb2
操作系统：Linux
应用：系统名称：新直销银行直销渠道1机
所在地：亦庄中金
SERVICEID:L596
主机名：xzxyhqd1
操作系统：Linux
应用：系统名称：新直销银行直销渠道2机
所在地：亦庄中金
SERVICEID:L597
主机名：xzxyhqd2
操作系统：Linux
应用：系统名称：新直销银行直销服务中心1机
所在地：亦庄中金
SERVICEID:L598
主机名：xzxyhfwzx1
操作系统：Linux
应用：系统名称：新直销银行直销服务中心2机
所在地：亦庄中金
SERVICEID:L599
主机名：xzxyhfwzx2
操作系统：Linux
应用：系统名称：新直销银行直销服务中心3机
所在地：亦庄中金
SERVICEID:L600
主机名：xzxyhfwzx3
操作系统：Linux
应用：系统名称：新直销银行直销服务中心4机
所在地：亦庄中金
SERVICEID:L601
主机名：xzxyhfwzx4
操作系统：Linux
应用：系统名称：新直销银行直销服务中心5机
所在地：亦庄中金
SERVICEID:L602
主机名：xzxyhfwzx5
操作系统：Linux
应用：系统名称：新直销银行直销服务中心6机
所在地：亦庄中金
SERVICEID:L603
主机名：xzxyhfwzx6
操作系统：Linux
应用：系统名称：新直销银行直销服务中心7机
所在地：亦庄中金
SERVICEID:L604
主机名：xzxyhfwzx7
操作系统：Linux
应用：系统名称：新直销银行直销服务中心8机
所在地：亦庄中金
SERVICEID:L605
主机名：xzxyhfwzx8
操作系统：Linux
应用：系统名称：新直销银行前置渠道1机
所在地：亦庄中金
SERVICEID:L606
主机名：xzxyhqzqd1
操作系统：Linux
应用：系统名称：新直销银行前置渠道2机
所在地：亦庄中金
SERVICEID:L607
主机名：xzxyhqzqd2
操作系统：Linux
应用：系统名称：新直销银行内管服务中心1机
所在地：亦庄中金
SERVICEID:L608
主机名：xzxyhng1
操作系统：Linux
应用：
----------------------------------------------------------------
用户：zjp
时间：2017-06-12 01:22:17
系统名称：客服人脸识别应用1机
所在地：亦庄中金
SERVICEID:L592
主机名：kfrlsbap1
操作系统：Linux
应用：系统名称：客服人脸识别应用2机
所在地：亦庄中金
SERVICEID:L593
主机名：kfrlsbap2
操作系统：Linux
应用：系统名称：新直销银行web服务器1机
所在地：亦庄中金
SERVICEID:L594
主机名：xzxyhwb1
操作系统：Linux
应用：系统名称：新直销银行web服务器2机
所在地：亦庄中金
SERVICEID:L595
主机名：xzxyhwb2
操作系统：Linux
应用：系统名称：新直销银行直销渠道1机
所在地：亦庄中金
SERVICEID:L596
主机名：xzxyhqd1
操作系统：Linux
应用：系统名称：新直销银行直销渠道2机
所在地：亦庄中金
SERVICEID:L597
主机名：xzxyhqd2
操作系统：Linux
应用：系统名称：新直销银行直销服务中心1机
所在地：亦庄中金
SERVICEID:L598
主机名：xzxyhfwzx1
操作系统：Linux
应用：系统名称：新直销银行直销服务中心2机
所在地：亦庄中金
SERVICEID:L599
主机名：xzxyhfwzx2
操作系统：Linux
应用：系统名称：新直销银行直销服务中心3机
所在地：亦庄中金
SERVICEID:L600
主机名：xzxyhfwzx3
操作系统：Linux
应用：系统名称：新直销银行直销服务中心4机
所在地：亦庄中金
SERVICEID:L601
主机名：xzxyhfwzx4
操作系统：Linux
应用：系统名称：新直销银行直销服务中心5机
所在地：亦庄中金
SERVICEID:L602
主机名：xzxyhfwzx5
操作系统：Linux
应用：系统名称：新直销银行直销服务中心6机
所在地：亦庄中金
SERVICEID:L603
主机名：xzxyhfwzx6
操作系统：Linux
应用：系统名称：新直销银行直销服务中心7机
所在地：亦庄中金
SERVICEID:L604
主机名：xzxyhfwzx7
操作系统：Linux
应用：系统名称：新直销银行直销服务中心8机
所在地：亦庄中金
SERVICEID:L605
主机名：xzxyhfwzx8
操作系统：Linux
应用：系统名称：新直销银行前置渠道1机
所在地：亦庄中金
SERVICEID:L606
主机名：xzxyhqzqd1
操作系统：Linux
应用：系统名称：新直销银行前置渠道2机
所在地：亦庄中金
SERVICEID:L607
主机名：xzxyhqzqd2
操作系统：Linux
应用：系统名称：新直销银行内管服务中心1机
所在地：亦庄中金
SERVICEID:L608
主机名：xzxyhng1
操作系统：Linux
应用：系统名称：新直销银行内管服务中心2机
所在地：亦庄中金
SERVICEID:L609
主机名：xzxyhng2
操作系统：Linux
应用：
----------------------------------------------------------------
用户：zjp
时间：2017-06-12 01:22:17
系统名称：客服人脸识别应用1机
所在地：亦庄中金
SERVICEID:L592
主机名：kfrlsbap1
操作系统：Linux
应用：系统名称：客服人脸识别应用2机
所在地：亦庄中金
SERVICEID:L593
主机名：kfrlsbap2
操作系统：Linux
应用：系统名称：新直销银行web服务器1机
所在地：亦庄中金
SERVICEID:L594
主机名：xzxyhwb1
操作系统：Linux
应用：系统名称：新直销银行web服务器2机
所在地：亦庄中金
SERVICEID:L595
主机名：xzxyhwb2
操作系统：Linux
应用：系统名称：新直销银行直销渠道1机
所在地：亦庄中金
SERVICEID:L596
主机名：xzxyhqd1
操作系统：Linux
应用：系统名称：新直销银行直销渠道2机
所在地：亦庄中金
SERVICEID:L597
主机名：xzxyhqd2
操作系统：Linux
应用：系统名称：新直销银行直销服务中心1机
所在地：亦庄中金
SERVICEID:L598
主机名：xzxyhfwzx1
操作系统：Linux
应用：系统名称：新直销银行直销服务中心2机
所在地：亦庄中金
SERVICEID:L599
主机名：xzxyhfwzx2
操作系统：Linux
应用：系统名称：新直销银行直销服务中心3机
所在地：亦庄中金
SERVICEID:L600
主机名：xzxyhfwzx3
操作系统：Linux
应用：系统名称：新直销银行直销服务中心4机
所在地：亦庄中金
SERVICEID:L601
主机名：xzxyhfwzx4
操作系统：Linux
应用：系统名称：新直销银行直销服务中心5机
所在地：亦庄中金
SERVICEID:L602
主机名：xzxyhfwzx5
操作系统：Linux
应用：系统名称：新直销银行直销服务中心6机
所在地：亦庄中金
SERVICEID:L603
主机名：xzxyhfwzx6
操作系统：Linux
应用：系统名称：新直销银行直销服务中心7机
所在地：亦庄中金
SERVICEID:L604
主机名：xzxyhfwzx7
操作系统：Linux
应用：系统名称：新直销银行直销服务中心8机
所在地：亦庄中金
SERVICEID:L605
主机名：xzxyhfwzx8
操作系统：Linux
应用：系统名称：新直销银行前置渠道1机
所在地：亦庄中金
SERVICEID:L606
主机名：xzxyhqzqd1
操作系统：Linux
应用：系统名称：新直销银行前置渠道2机
所在地：亦庄中金
SERVICEID:L607
主机名：xzxyhqzqd2
操作系统：Linux
应用：系统名称：新直销银行内管服务中心1机
所在地：亦庄中金
SERVICEID:L608
主机名：xzxyhng1
操作系统：Linux
应用：系统名称：新直销银行内管服务中心2机
所在地：亦庄中金
SERVICEID:L609
主机名：xzxyhng2
操作系统：Linux
应用：系统名称：新直销银行缓存服务器1机
所在地：亦庄中金
SERVICEID:L610
主机名：xzxyhhc1
操作系统：Linux
应用：
----------------------------------------------------------------
用户：zjp
时间：2017-06-12 01:22:17
系统名称：客服人脸识别应用1机
所在地：亦庄中金
SERVICEID:L592
主机名：kfrlsbap1
操作系统：Linux
应用：系统名称：客服人脸识别应用2机
所在地：亦庄中金
SERVICEID:L593
主机名：kfrlsbap2
操作系统：Linux
应用：系统名称：新直销银行web服务器1机
所在地：亦庄中金
SERVICEID:L594
主机名：xzxyhwb1
操作系统：Linux
应用：系统名称：新直销银行web服务器2机
所在地：亦庄中金
SERVICEID:L595
主机名：xzxyhwb2
操作系统：Linux
应用：系统名称：新直销银行直销渠道1机
所在地：亦庄中金
SERVICEID:L596
主机名：xzxyhqd1
操作系统：Linux
应用：系统名称：新直销银行直销渠道2机
所在地：亦庄中金
SERVICEID:L597
主机名：xzxyhqd2
操作系统：Linux
应用：系统名称：新直销银行直销服务中心1机
所在地：亦庄中金
SERVICEID:L598
主机名：xzxyhfwzx1
操作系统：Linux
应用：系统名称：新直销银行直销服务中心2机
所在地：亦庄中金
SERVICEID:L599
主机名：xzxyhfwzx2
操作系统：Linux
应用：系统名称：新直销银行直销服务中心3机
所在地：亦庄中金
SERVICEID:L600
主机名：xzxyhfwzx3
操作系统：Linux
应用：系统名称：新直销银行直销服务中心4机
所在地：亦庄中金
SERVICEID:L601
主机名：xzxyhfwzx4
操作系统：Linux
应用：系统名称：新直销银行直销服务中心5机
所在地：亦庄中金
SERVICEID:L602
主机名：xzxyhfwzx5
操作系统：Linux
应用：系统名称：新直销银行直销服务中心6机
所在地：亦庄中金
SERVICEID:L603
主机名：xzxyhfwzx6
操作系统：Linux
应用：系统名称：新直销银行直销服务中心7机
所在地：亦庄中金
SERVICEID:L604
主机名：xzxyhfwzx7
操作系统：Linux
应用：系统名称：新直销银行直销服务中心8机
所在地：亦庄中金
SERVICEID:L605
主机名：xzxyhfwzx8
操作系统：Linux
应用：系统名称：新直销银行前置渠道1机
所在地：亦庄中金
SERVICEID:L606
主机名：xzxyhqzqd1
操作系统：Linux
应用：系统名称：新直销银行前置渠道2机
所在地：亦庄中金
SERVICEID:L607
主机名：xzxyhqzqd2
操作系统：Linux
应用：系统名称：新直销银行内管服务中心1机
所在地：亦庄中金
SERVICEID:L608
主机名：xzxyhng1
操作系统：Linux
应用：系统名称：新直销银行内管服务中心2机
所在地：亦庄中金
SERVICEID:L609
主机名：xzxyhng2
操作系统：Linux
应用：系统名称：新直销银行缓存服务器1机
所在地：亦庄中金
SERVICEID:L610
主机名：xzxyhhc1
操作系统：Linux
应用：系统名称：新直销银行缓存服务器2机
所在地：亦庄中金
SERVICEID:L611
主机名：xzxyhhc2
操作系统：Linux
应用：
----------------------------------------------------------------
用户：zjp
时间：2017-06-12 01:22:17
系统名称：客服人脸识别应用1机
所在地：亦庄中金
SERVICEID:L592
主机名：kfrlsbap1
操作系统：Linux
应用：系统名称：客服人脸识别应用2机
所在地：亦庄中金
SERVICEID:L593
主机名：kfrlsbap2
操作系统：Linux
应用：系统名称：新直销银行web服务器1机
所在地：亦庄中金
SERVICEID:L594
主机名：xzxyhwb1
操作系统：Linux
应用：系统名称：新直销银行web服务器2机
所在地：亦庄中金
SERVICEID:L595
主机名：xzxyhwb2
操作系统：Linux
应用：系统名称：新直销银行直销渠道1机
所在地：亦庄中金
SERVICEID:L596
主机名：xzxyhqd1
操作系统：Linux
应用：系统名称：新直销银行直销渠道2机
所在地：亦庄中金
SERVICEID:L597
主机名：xzxyhqd2
操作系统：Linux
应用：系统名称：新直销银行直销服务中心1机
所在地：亦庄中金
SERVICEID:L598
主机名：xzxyhfwzx1
操作系统：Linux
应用：系统名称：新直销银行直销服务中心2机
所在地：亦庄中金
SERVICEID:L599
主机名：xzxyhfwzx2
操作系统：Linux
应用：系统名称：新直销银行直销服务中心3机
所在地：亦庄中金
SERVICEID:L600
主机名：xzxyhfwzx3
操作系统：Linux
应用：系统名称：新直销银行直销服务中心4机
所在地：亦庄中金
SERVICEID:L601
主机名：xzxyhfwzx4
操作系统：Linux
应用：系统名称：新直销银行直销服务中心5机
所在地：亦庄中金
SERVICEID:L602
主机名：xzxyhfwzx5
操作系统：Linux
应用：系统名称：新直销银行直销服务中心6机
所在地：亦庄中金
SERVICEID:L603
主机名：xzxyhfwzx6
操作系统：Linux
应用：系统名称：新直销银行直销服务中心7机
所在地：亦庄中金
SERVICEID:L604
主机名：xzxyhfwzx7
操作系统：Linux
应用：系统名称：新直销银行直销服务中心8机
所在地：亦庄中金
SERVICEID:L605
主机名：xzxyhfwzx8
操作系统：Linux
应用：系统名称：新直销银行前置渠道1机
所在地：亦庄中金
SERVICEID:L606
主机名：xzxyhqzqd1
操作系统：Linux
应用：系统名称：新直销银行前置渠道2机
所在地：亦庄中金
SERVICEID:L607
主机名：xzxyhqzqd2
操作系统：Linux
应用：系统名称：新直销银行内管服务中心1机
所在地：亦庄中金
SERVICEID:L608
主机名：xzxyhng1
操作系统：Linux
应用：系统名称：新直销银行内管服务中心2机
所在地：亦庄中金
SERVICEID:L609
主机名：xzxyhng2
操作系统：Linux
应用：系统名称：新直销银行缓存服务器1机
所在地：亦庄中金
SERVICEID:L610
主机名：xzxyhhc1
操作系统：Linux
应用：系统名称：新直销银行缓存服务器2机
所在地：亦庄中金
SERVICEID:L611
主机名：xzxyhhc2
操作系统：Linux
应用：系统名称：新直销银行缓存服务器3机
所在地：亦庄中金
SERVICEID:L612
主机名：xzxyhhc3
操作系统：Linux
应用：
----------------------------------------------------------------
用户：zjp
时间：2017-06-12 01:22:17
系统名称：客服人脸识别应用1机
所在地：亦庄中金
SERVICEID:L592
主机名：kfrlsbap1
操作系统：Linux
应用：系统名称：客服人脸识别应用2机
所在地：亦庄中金
SERVICEID:L593
主机名：kfrlsbap2
操作系统：Linux
应用：系统名称：新直销银行web服务器1机
所在地：亦庄中金
SERVICEID:L594
主机名：xzxyhwb1
操作系统：Linux
应用：系统名称：新直销银行web服务器2机
所在地：亦庄中金
SERVICEID:L595
主机名：xzxyhwb2
操作系统：Linux
应用：系统名称：新直销银行直销渠道1机
所在地：亦庄中金
SERVICEID:L596
主机名：xzxyhqd1
操作系统：Linux
应用：系统名称：新直销银行直销渠道2机
所在地：亦庄中金
SERVICEID:L597
主机名：xzxyhqd2
操作系统：Linux
应用：系统名称：新直销银行直销服务中心1机
所在地：亦庄中金
SERVICEID:L598
主机名：xzxyhfwzx1
操作系统：Linux
应用：系统名称：新直销银行直销服务中心2机
所在地：亦庄中金
SERVICEID:L599
主机名：xzxyhfwzx2
操作系统：Linux
应用：系统名称：新直销银行直销服务中心3机
所在地：亦庄中金
SERVICEID:L600
主机名：xzxyhfwzx3
操作系统：Linux
应用：系统名称：新直销银行直销服务中心4机
所在地：亦庄中金
SERVICEID:L601
主机名：xzxyhfwzx4
操作系统：Linux
应用：系统名称：新直销银行直销服务中心5机
所在地：亦庄中金
SERVICEID:L602
主机名：xzxyhfwzx5
操作系统：Linux
应用：系统名称：新直销银行直销服务中心6机
所在地：亦庄中金
SERVICEID:L603
主机名：xzxyhfwzx6
操作系统：Linux
应用：系统名称：新直销银行直销服务中心7机
所在地：亦庄中金
SERVICEID:L604
主机名：xzxyhfwzx7
操作系统：Linux
应用：系统名称：新直销银行直销服务中心8机
所在地：亦庄中金
SERVICEID:L605
主机名：xzxyhfwzx8
操作系统：Linux
应用：系统名称：新直销银行前置渠道1机
所在地：亦庄中金
SERVICEID:L606
主机名：xzxyhqzqd1
操作系统：Linux
应用：系统名称：新直销银行前置渠道2机
所在地：亦庄中金
SERVICEID:L607
主机名：xzxyhqzqd2
操作系统：Linux
应用：系统名称：新直销银行内管服务中心1机
所在地：亦庄中金
SERVICEID:L608
主机名：xzxyhng1
操作系统：Linux
应用：系统名称：新直销银行内管服务中心2机
所在地：亦庄中金
SERVICEID:L609
主机名：xzxyhng2
操作系统：Linux
应用：系统名称：新直销银行缓存服务器1机
所在地：亦庄中金
SERVICEID:L610
主机名：xzxyhhc1
操作系统：Linux
应用：系统名称：新直销银行缓存服务器2机
所在地：亦庄中金
SERVICEID:L611
主机名：xzxyhhc2
操作系统：Linux
应用：系统名称：新直销银行缓存服务器3机
所在地：亦庄中金
SERVICEID:L612
主机名：xzxyhhc3
操作系统：Linux
应用：系统名称：新直销银行SOA服务器1机
所在地：亦庄中金
SERVICEID:L613
主机名：xzxyhsoa1
操作系统：Linux
应用：
----------------------------------------------------------------
用户：zjp
时间：2017-06-12 01:22:17
系统名称：客服人脸识别应用1机
所在地：亦庄中金
SERVICEID:L592
主机名：kfrlsbap1
操作系统：Linux
应用：系统名称：客服人脸识别应用2机
所在地：亦庄中金
SERVICEID:L593
主机名：kfrlsbap2
操作系统：Linux
应用：系统名称：新直销银行web服务器1机
所在地：亦庄中金
SERVICEID:L594
主机名：xzxyhwb1
操作系统：Linux
应用：系统名称：新直销银行web服务器2机
所在地：亦庄中金
SERVICEID:L595
主机名：xzxyhwb2
操作系统：Linux
应用：系统名称：新直销银行直销渠道1机
所在地：亦庄中金
SERVICEID:L596
主机名：xzxyhqd1
操作系统：Linux
应用：系统名称：新直销银行直销渠道2机
所在地：亦庄中金
SERVICEID:L597
主机名：xzxyhqd2
操作系统：Linux
应用：系统名称：新直销银行直销服务中心1机
所在地：亦庄中金
SERVICEID:L598
主机名：xzxyhfwzx1
操作系统：Linux
应用：系统名称：新直销银行直销服务中心2机
所在地：亦庄中金
SERVICEID:L599
主机名：xzxyhfwzx2
操作系统：Linux
应用：系统名称：新直销银行直销服务中心3机
所在地：亦庄中金
SERVICEID:L600
主机名：xzxyhfwzx3
操作系统：Linux
应用：系统名称：新直销银行直销服务中心4机
所在地：亦庄中金
SERVICEID:L601
主机名：xzxyhfwzx4
操作系统：Linux
应用：系统名称：新直销银行直销服务中心5机
所在地：亦庄中金
SERVICEID:L602
主机名：xzxyhfwzx5
操作系统：Linux
应用：系统名称：新直销银行直销服务中心6机
所在地：亦庄中金
SERVICEID:L603
主机名：xzxyhfwzx6
操作系统：Linux
应用：系统名称：新直销银行直销服务中心7机
所在地：亦庄中金
SERVICEID:L604
主机名：xzxyhfwzx7
操作系统：Linux
应用：系统名称：新直销银行直销服务中心8机
所在地：亦庄中金
SERVICEID:L605
主机名：xzxyhfwzx8
操作系统：Linux
应用：系统名称：新直销银行前置渠道1机
所在地：亦庄中金
SERVICEID:L606
主机名：xzxyhqzqd1
操作系统：Linux
应用：系统名称：新直销银行前置渠道2机
所在地：亦庄中金
SERVICEID:L607
主机名：xzxyhqzqd2
操作系统：Linux
应用：系统名称：新直销银行内管服务中心1机
所在地：亦庄中金
SERVICEID:L608
主机名：xzxyhng1
操作系统：Linux
应用：系统名称：新直销银行内管服务中心2机
所在地：亦庄中金
SERVICEID:L609
主机名：xzxyhng2
操作系统：Linux
应用：系统名称：新直销银行缓存服务器1机
所在地：亦庄中金
SERVICEID:L610
主机名：xzxyhhc1
操作系统：Linux
应用：系统名称：新直销银行缓存服务器2机
所在地：亦庄中金
SERVICEID:L611
主机名：xzxyhhc2
操作系统：Linux
应用：系统名称：新直销银行缓存服务器3机
所在地：亦庄中金
SERVICEID:L612
主机名：xzxyhhc3
操作系统：Linux
应用：系统名称：新直销银行SOA服务器1机
所在地：亦庄中金
SERVICEID:L613
主机名：xzxyhsoa1
操作系统：Linux
应用：系统名称：新直销银行SOA服务器2机
所在地：亦庄中金
SERVICEID:L614
主机名：xzxyhsoa2
操作系统：Linux
应用：
----------------------------------------------------------------
用户：zjp
时间：2017-06-12 01:22:17
系统名称：客服人脸识别应用1机
所在地：亦庄中金
SERVICEID:L592
主机名：kfrlsbap1
操作系统：Linux
应用：系统名称：客服人脸识别应用2机
所在地：亦庄中金
SERVICEID:L593
主机名：kfrlsbap2
操作系统：Linux
应用：系统名称：新直销银行web服务器1机
所在地：亦庄中金
SERVICEID:L594
主机名：xzxyhwb1
操作系统：Linux
应用：系统名称：新直销银行web服务器2机
所在地：亦庄中金
SERVICEID:L595
主机名：xzxyhwb2
操作系统：Linux
应用：系统名称：新直销银行直销渠道1机
所在地：亦庄中金
SERVICEID:L596
主机名：xzxyhqd1
操作系统：Linux
应用：系统名称：新直销银行直销渠道2机
所在地：亦庄中金
SERVICEID:L597
主机名：xzxyhqd2
操作系统：Linux
应用：系统名称：新直销银行直销服务中心1机
所在地：亦庄中金
SERVICEID:L598
主机名：xzxyhfwzx1
操作系统：Linux
应用：系统名称：新直销银行直销服务中心2机
所在地：亦庄中金
SERVICEID:L599
主机名：xzxyhfwzx2
操作系统：Linux
应用：系统名称：新直销银行直销服务中心3机
所在地：亦庄中金
SERVICEID:L600
主机名：xzxyhfwzx3
操作系统：Linux
应用：系统名称：新直销银行直销服务中心4机
所在地：亦庄中金
SERVICEID:L601
主机名：xzxyhfwzx4
操作系统：Linux
应用：系统名称：新直销银行直销服务中心5机
所在地：亦庄中金
SERVICEID:L602
主机名：xzxyhfwzx5
操作系统：Linux
应用：系统名称：新直销银行直销服务中心6机
所在地：亦庄中金
SERVICEID:L603
主机名：xzxyhfwzx6
操作系统：Linux
应用：系统名称：新直销银行直销服务中心7机
所在地：亦庄中金
SERVICEID:L604
主机名：xzxyhfwzx7
操作系统：Linux
应用：系统名称：新直销银行直销服务中心8机
所在地：亦庄中金
SERVICEID:L605
主机名：xzxyhfwzx8
操作系统：Linux
应用：系统名称：新直销银行前置渠道1机
所在地：亦庄中金
SERVICEID:L606
主机名：xzxyhqzqd1
操作系统：Linux
应用：系统名称：新直销银行前置渠道2机
所在地：亦庄中金
SERVICEID:L607
主机名：xzxyhqzqd2
操作系统：Linux
应用：系统名称：新直销银行内管服务中心1机
所在地：亦庄中金
SERVICEID:L608
主机名：xzxyhng1
操作系统：Linux
应用：系统名称：新直销银行内管服务中心2机
所在地：亦庄中金
SERVICEID:L609
主机名：xzxyhng2
操作系统：Linux
应用：系统名称：新直销银行缓存服务器1机
所在地：亦庄中金
SERVICEID:L610
主机名：xzxyhhc1
操作系统：Linux
应用：系统名称：新直销银行缓存服务器2机
所在地：亦庄中金
SERVICEID:L611
主机名：xzxyhhc2
操作系统：Linux
应用：系统名称：新直销银行缓存服务器3机
所在地：亦庄中金
SERVICEID:L612
主机名：xzxyhhc3
操作系统：Linux
应用：系统名称：新直销银行SOA服务器1机
所在地：亦庄中金
SERVICEID:L613
主机名：xzxyhsoa1
操作系统：Linux
应用：系统名称：新直销银行SOA服务器2机
所在地：亦庄中金
SERVICEID:L614
主机名：xzxyhsoa2
操作系统：Linux
应用：系统名称：新直销银行SOA服务器3机
所在地：亦庄中金
SERVICEID:L615
主机名：xzxyhsoa3
操作系统：Linux
应用：
----------------------------------------------------------------
用户：zjp
时间：2017-06-12 01:22:17
系统名称：客服人脸识别应用1机
所在地：亦庄中金
SERVICEID:L592
主机名：kfrlsbap1
操作系统：Linux
应用：系统名称：客服人脸识别应用2机
所在地：亦庄中金
SERVICEID:L593
主机名：kfrlsbap2
操作系统：Linux
应用：系统名称：新直销银行web服务器1机
所在地：亦庄中金
SERVICEID:L594
主机名：xzxyhwb1
操作系统：Linux
应用：系统名称：新直销银行web服务器2机
所在地：亦庄中金
SERVICEID:L595
主机名：xzxyhwb2
操作系统：Linux
应用：系统名称：新直销银行直销渠道1机
所在地：亦庄中金
SERVICEID:L596
主机名：xzxyhqd1
操作系统：Linux
应用：系统名称：新直销银行直销渠道2机
所在地：亦庄中金
SERVICEID:L597
主机名：xzxyhqd2
操作系统：Linux
应用：系统名称：新直销银行直销服务中心1机
所在地：亦庄中金
SERVICEID:L598
主机名：xzxyhfwzx1
操作系统：Linux
应用：系统名称：新直销银行直销服务中心2机
所在地：亦庄中金
SERVICEID:L599
主机名：xzxyhfwzx2
操作系统：Linux
应用：系统名称：新直销银行直销服务中心3机
所在地：亦庄中金
SERVICEID:L600
主机名：xzxyhfwzx3
操作系统：Linux
应用：系统名称：新直销银行直销服务中心4机
所在地：亦庄中金
SERVICEID:L601
主机名：xzxyhfwzx4
操作系统：Linux
应用：系统名称：新直销银行直销服务中心5机
所在地：亦庄中金
SERVICEID:L602
主机名：xzxyhfwzx5
操作系统：Linux
应用：系统名称：新直销银行直销服务中心6机
所在地：亦庄中金
SERVICEID:L603
主机名：xzxyhfwzx6
操作系统：Linux
应用：系统名称：新直销银行直销服务中心7机
所在地：亦庄中金
SERVICEID:L604
主机名：xzxyhfwzx7
操作系统：Linux
应用：系统名称：新直销银行直销服务中心8机
所在地：亦庄中金
SERVICEID:L605
主机名：xzxyhfwzx8
操作系统：Linux
应用：系统名称：新直销银行前置渠道1机
所在地：亦庄中金
SERVICEID:L606
主机名：xzxyhqzqd1
操作系统：Linux
应用：系统名称：新直销银行前置渠道2机
所在地：亦庄中金
SERVICEID:L607
主机名：xzxyhqzqd2
操作系统：Linux
应用：系统名称：新直销银行内管服务中心1机
所在地：亦庄中金
SERVICEID:L608
主机名：xzxyhng1
操作系统：Linux
应用：系统名称：新直销银行内管服务中心2机
所在地：亦庄中金
SERVICEID:L609
主机名：xzxyhng2
操作系统：Linux
应用：系统名称：新直销银行缓存服务器1机
所在地：亦庄中金
SERVICEID:L610
主机名：xzxyhhc1
操作系统：Linux
应用：系统名称：新直销银行缓存服务器2机
所在地：亦庄中金
SERVICEID:L611
主机名：xzxyhhc2
操作系统：Linux
应用：系统名称：新直销银行缓存服务器3机
所在地：亦庄中金
SERVICEID:L612
主机名：xzxyhhc3
操作系统：Linux
应用：系统名称：新直销银行SOA服务器1机
所在地：亦庄中金
SERVICEID:L613
主机名：xzxyhsoa1
操作系统：Linux
应用：系统名称：新直销银行SOA服务器2机
所在地：亦庄中金
SERVICEID:L614
主机名：xzxyhsoa2
操作系统：Linux
应用：系统名称：新直销银行SOA服务器3机
所在地：亦庄中金
SERVICEID:L615
主机名：xzxyhsoa3
操作系统：Linux
应用：系统名称：新直销银行日志服务器1机
所在地：亦庄中金
SERVICEID:L616
主机名：xzxyhlog1
操作系统：Linux
应用：
----------------------------------------------------------------
用户：zjp
时间：2017-06-12 09:22:18
操作：从index.html把数据更新到data.txt
----------------------------------------------------------------
用户：zjp
时间：2017-06-12 01:40:43
系统名称：p2p支付融资-P2PWEB管理端/应用服务器1
所在地：亦庄中金
SERVICEID:L618
主机名：p2papp3
操作系统：Linux
应用：
----------------------------------------------------------------
用户：zjp
时间：2017-06-12 01:40:43
系统名称：p2p支付融资-P2PWEB管理端/应用服务器1
所在地：亦庄中金
SERVICEID:L618
主机名：p2papp3
操作系统：Linux
应用：系统名称：p2p支付融资-P2PWEB管理端/应用服务器2
所在地：亦庄中金
SERVICEID:L619
主机名：p2papp4
操作系统：Linux
应用：
----------------------------------------------------------------
用户：zjp
时间：2017-06-12 01:40:43
系统名称：p2p支付融资-P2PWEB管理端/应用服务器1
所在地：亦庄中金
SERVICEID:L618
主机名：p2papp3
操作系统：Linux
应用：系统名称：p2p支付融资-P2PWEB管理端/应用服务器2
所在地：亦庄中金
SERVICEID:L619
主机名：p2papp4
操作系统：Linux
应用：系统名称：数据服务系统-WAS应用服务器1
所在地：亦庄中金
SERVICEID:L620
主机名：sjfwapp1
操作系统：Linux
应用：
----------------------------------------------------------------
用户：zjp
时间：2017-06-12 01:40:43
系统名称：p2p支付融资-P2PWEB管理端/应用服务器1
所在地：亦庄中金
SERVICEID:L618
主机名：p2papp3
操作系统：Linux
应用：系统名称：p2p支付融资-P2PWEB管理端/应用服务器2
所在地：亦庄中金
SERVICEID:L619
主机名：p2papp4
操作系统：Linux
应用：系统名称：数据服务系统-WAS应用服务器1
所在地：亦庄中金
SERVICEID:L620
主机名：sjfwapp1
操作系统：Linux
应用：系统名称：数据服务系统-WAS应用服务器2
所在地：亦庄中金
SERVICEID:L621
主机名：sjfwapp2
操作系统：Linux
应用：
----------------------------------------------------------------
用户：zjp
时间：2017-06-12 01:40:43
系统名称：p2p支付融资-P2PWEB管理端/应用服务器1
所在地：亦庄中金
SERVICEID:L618
主机名：p2papp3
操作系统：Linux
应用：系统名称：p2p支付融资-P2PWEB管理端/应用服务器2
所在地：亦庄中金
SERVICEID:L619
主机名：p2papp4
操作系统：Linux
应用：系统名称：数据服务系统-WAS应用服务器1
所在地：亦庄中金
SERVICEID:L620
主机名：sjfwapp1
操作系统：Linux
应用：系统名称：数据服务系统-WAS应用服务器2
所在地：亦庄中金
SERVICEID:L621
主机名：sjfwapp2
操作系统：Linux
应用：系统名称：数据服务系统-WAS应用服务器3
所在地：亦庄中金
SERVICEID:L622
主机名：sjfwapp3
操作系统：Linux
应用：
----------------------------------------------------------------
用户：zjp
时间：2017-06-12 01:40:43
系统名称：p2p支付融资-P2PWEB管理端/应用服务器1
所在地：亦庄中金
SERVICEID:L618
主机名：p2papp3
操作系统：Linux
应用：系统名称：p2p支付融资-P2PWEB管理端/应用服务器2
所在地：亦庄中金
SERVICEID:L619
主机名：p2papp4
操作系统：Linux
应用：系统名称：数据服务系统-WAS应用服务器1
所在地：亦庄中金
SERVICEID:L620
主机名：sjfwapp1
操作系统：Linux
应用：系统名称：数据服务系统-WAS应用服务器2
所在地：亦庄中金
SERVICEID:L621
主机名：sjfwapp2
操作系统：Linux
应用：系统名称：数据服务系统-WAS应用服务器3
所在地：亦庄中金
SERVICEID:L622
主机名：sjfwapp3
操作系统：Linux
应用：系统名称：数据服务系统-WAS应用服务器4
所在地：亦庄中金
SERVICEID:L623
主机名：sjfwapp4
操作系统：Linux
应用：
----------------------------------------------------------------
用户：zjp
时间：2017-06-12 01:40:43
系统名称：p2p支付融资-P2PWEB管理端/应用服务器1
所在地：亦庄中金
SERVICEID:L618
主机名：p2papp3
操作系统：Linux
应用：系统名称：p2p支付融资-P2PWEB管理端/应用服务器2
所在地：亦庄中金
SERVICEID:L619
主机名：p2papp4
操作系统：Linux
应用：系统名称：数据服务系统-WAS应用服务器1
所在地：亦庄中金
SERVICEID:L620
主机名：sjfwapp1
操作系统：Linux
应用：系统名称：数据服务系统-WAS应用服务器2
所在地：亦庄中金
SERVICEID:L621
主机名：sjfwapp2
操作系统：Linux
应用：系统名称：数据服务系统-WAS应用服务器3
所在地：亦庄中金
SERVICEID:L622
主机名：sjfwapp3
操作系统：Linux
应用：系统名称：数据服务系统-WAS应用服务器4
所在地：亦庄中金
SERVICEID:L623
主机名：sjfwapp4
操作系统：Linux
应用：系统名称：数据服务系统-BI分析服务器1
所在地：亦庄中金
SERVICEID:L624
主机名：sjfwbifx1
操作系统：Linux
应用：
----------------------------------------------------------------
用户：zjp
时间：2017-06-12 01:40:43
系统名称：p2p支付融资-P2PWEB管理端/应用服务器1
所在地：亦庄中金
SERVICEID:L618
主机名：p2papp3
操作系统：Linux
应用：系统名称：p2p支付融资-P2PWEB管理端/应用服务器2
所在地：亦庄中金
SERVICEID:L619
主机名：p2papp4
操作系统：Linux
应用：系统名称：数据服务系统-WAS应用服务器1
所在地：亦庄中金
SERVICEID:L620
主机名：sjfwapp1
操作系统：Linux
应用：系统名称：数据服务系统-WAS应用服务器2
所在地：亦庄中金
SERVICEID:L621
主机名：sjfwapp2
操作系统：Linux
应用：系统名称：数据服务系统-WAS应用服务器3
所在地：亦庄中金
SERVICEID:L622
主机名：sjfwapp3
操作系统：Linux
应用：系统名称：数据服务系统-WAS应用服务器4
所在地：亦庄中金
SERVICEID:L623
主机名：sjfwapp4
操作系统：Linux
应用：系统名称：数据服务系统-BI分析服务器1
所在地：亦庄中金
SERVICEID:L624
主机名：sjfwbifx1
操作系统：Linux
应用：系统名称：数据服务系统-BI分析服务器2
所在地：亦庄中金
SERVICEID:L625
主机名：sjfwbifx2
操作系统：Linux
应用：
----------------------------------------------------------------
用户：zjp
时间：2017-06-12 01:40:43
系统名称：p2p支付融资-P2PWEB管理端/应用服务器1
所在地：亦庄中金
SERVICEID:L618
主机名：p2papp3
操作系统：Linux
应用：系统名称：p2p支付融资-P2PWEB管理端/应用服务器2
所在地：亦庄中金
SERVICEID:L619
主机名：p2papp4
操作系统：Linux
应用：系统名称：数据服务系统-WAS应用服务器1
所在地：亦庄中金
SERVICEID:L620
主机名：sjfwapp1
操作系统：Linux
应用：系统名称：数据服务系统-WAS应用服务器2
所在地：亦庄中金
SERVICEID:L621
主机名：sjfwapp2
操作系统：Linux
应用：系统名称：数据服务系统-WAS应用服务器3
所在地：亦庄中金
SERVICEID:L622
主机名：sjfwapp3
操作系统：Linux
应用：系统名称：数据服务系统-WAS应用服务器4
所在地：亦庄中金
SERVICEID:L623
主机名：sjfwapp4
操作系统：Linux
应用：系统名称：数据服务系统-BI分析服务器1
所在地：亦庄中金
SERVICEID:L624
主机名：sjfwbifx1
操作系统：Linux
应用：系统名称：数据服务系统-BI分析服务器2
所在地：亦庄中金
SERVICEID:L625
主机名：sjfwbifx2
操作系统：Linux
应用：系统名称：数据服务系统-BI分析服务器3
所在地：亦庄中金
SERVICEID:L626
主机名：sjfwbifx3
操作系统：Linux
应用：
----------------------------------------------------------------
用户：zjp
时间：2017-06-12 01:40:43
系统名称：p2p支付融资-P2PWEB管理端/应用服务器1
所在地：亦庄中金
SERVICEID:L618
主机名：p2papp3
操作系统：Linux
应用：系统名称：p2p支付融资-P2PWEB管理端/应用服务器2
所在地：亦庄中金
SERVICEID:L619
主机名：p2papp4
操作系统：Linux
应用：系统名称：数据服务系统-WAS应用服务器1
所在地：亦庄中金
SERVICEID:L620
主机名：sjfwapp1
操作系统：Linux
应用：系统名称：数据服务系统-WAS应用服务器2
所在地：亦庄中金
SERVICEID:L621
主机名：sjfwapp2
操作系统：Linux
应用：系统名称：数据服务系统-WAS应用服务器3
所在地：亦庄中金
SERVICEID:L622
主机名：sjfwapp3
操作系统：Linux
应用：系统名称：数据服务系统-WAS应用服务器4
所在地：亦庄中金
SERVICEID:L623
主机名：sjfwapp4
操作系统：Linux
应用：系统名称：数据服务系统-BI分析服务器1
所在地：亦庄中金
SERVICEID:L624
主机名：sjfwbifx1
操作系统：Linux
应用：系统名称：数据服务系统-BI分析服务器2
所在地：亦庄中金
SERVICEID:L625
主机名：sjfwbifx2
操作系统：Linux
应用：系统名称：数据服务系统-BI分析服务器3
所在地：亦庄中金
SERVICEID:L626
主机名：sjfwbifx3
操作系统：Linux
应用：系统名称：反欺诈系统-数据采集服务器
所在地：亦庄中金
SERVICEID:L627
主机名：fqzsjcj1
操作系统：Linux
应用：
----------------------------------------------------------------
用户：zjp
时间：2017-06-12 01:40:43
系统名称：p2p支付融资-P2PWEB管理端/应用服务器1
所在地：亦庄中金
SERVICEID:L618
主机名：p2papp3
操作系统：Linux
应用：系统名称：p2p支付融资-P2PWEB管理端/应用服务器2
所在地：亦庄中金
SERVICEID:L619
主机名：p2papp4
操作系统：Linux
应用：系统名称：数据服务系统-WAS应用服务器1
所在地：亦庄中金
SERVICEID:L620
主机名：sjfwapp1
操作系统：Linux
应用：系统名称：数据服务系统-WAS应用服务器2
所在地：亦庄中金
SERVICEID:L621
主机名：sjfwapp2
操作系统：Linux
应用：系统名称：数据服务系统-WAS应用服务器3
所在地：亦庄中金
SERVICEID:L622
主机名：sjfwapp3
操作系统：Linux
应用：系统名称：数据服务系统-WAS应用服务器4
所在地：亦庄中金
SERVICEID:L623
主机名：sjfwapp4
操作系统：Linux
应用：系统名称：数据服务系统-BI分析服务器1
所在地：亦庄中金
SERVICEID:L624
主机名：sjfwbifx1
操作系统：Linux
应用：系统名称：数据服务系统-BI分析服务器2
所在地：亦庄中金
SERVICEID:L625
主机名：sjfwbifx2
操作系统：Linux
应用：系统名称：数据服务系统-BI分析服务器3
所在地：亦庄中金
SERVICEID:L626
主机名：sjfwbifx3
操作系统：Linux
应用：系统名称：反欺诈系统-数据采集服务器
所在地：亦庄中金
SERVICEID:L627
主机名：fqzsjcj1
操作系统：Linux
应用：系统名称：反欺诈系统-数据采集服务器
所在地：亦庄中金
SERVICEID:L628
主机名：fqzsjcj2
操作系统：Linux
应用：
----------------------------------------------------------------
用户：zjp
时间：2017-06-12 09:40:45
操作：从index.html把数据更新到data.txt
----------------------------------------------------------------
用户：zjp
时间：2017-06-12 01:44:41
系统名称：境内外币支付系统app1机（应用服务器）
所在地：亦庄中金
SERVICEID:L637
主机名：jnwbap1
操作系统：Linux
应用：
----------------------------------------------------------------
用户：zjp
时间：2017-06-12 09:44:43
操作：从index.html把数据更新到data.txt
----------------------------------------------------------------
用户：zjp
时间：2017-06-12 01:45:48
系统名称：境内外币支付系统app2机（应用服务器）
所在地：亦庄中金
SERVICEID:L638
主机名：jnwbap2
操作系统：Linux
应用：
----------------------------------------------------------------
用户：zjp
时间：2017-06-12 09:45:49
操作：从index.html把数据更新到data.txt
----------------------------------------------------------------
用户：zjp
时间：2017-06-12 01:53:14
系统名称：黄金报盘机2-hjbp2
所在地：亦庄中金
SERVICEID:L640
主机名：hjbp2
操作系统：Linux
应用：
----------------------------------------------------------------
用户：zjp
时间：2017-06-12 01:53:14
系统名称：黄金报盘机2-hjbp2
所在地：亦庄中金
SERVICEID:L640
主机名：hjbp2
操作系统：Linux
应用：系统名称：黄金APP前置机1
所在地：亦庄中金
SERVICEID:L641
主机名：hjappqz1
操作系统：Linux
应用：
----------------------------------------------------------------
用户：zjp
时间：2017-06-12 01:53:14
系统名称：黄金报盘机2-hjbp2
所在地：亦庄中金
SERVICEID:L640
主机名：hjbp2
操作系统：Linux
应用：系统名称：黄金APP前置机1
所在地：亦庄中金
SERVICEID:L641
主机名：hjappqz1
操作系统：Linux
应用：系统名称：黄金APP前置机2
所在地：亦庄中金
SERVICEID:L642
主机名：hjappqz2
操作系统：Linux
应用：
----------------------------------------------------------------
用户：zjp
时间：2017-06-12 09:53:16
操作：从index.html把数据更新到data.txt
----------------------------------------------------------------
用户：zjp
时间：2017-06-12 01:56:41
系统名称：移动办公数据库服务器（RAC）1机
所在地：亦庄中金
SERVICEID:L651
主机名：oayddb1
操作系统：Linux
应用：Oracle
----------------------------------------------------------------
用户：zjp
时间：2017-06-12 01:56:41
系统名称：移动办公数据库服务器（RAC）1机
所在地：亦庄中金
SERVICEID:L651
主机名：oayddb1
操作系统：Linux
应用：Oracle系统名称：移动办公数据库服务器（RAC）2机
所在地：亦庄中金
SERVICEID:L652
主机名：oayddb2
操作系统：Linux
应用：Oracle
----------------------------------------------------------------
用户：zjp
时间：2017-06-12 09:56:42
操作：从index.html把数据更新到data.txt
----------------------------------------------------------------
用户：zjp
时间：2017-06-12 02:02:48
系统名称：网站门户系统-生产环境应用服务器1机
所在地：亦庄中金
SERVICEID:L661
主机名：wzmhap1
操作系统：Linux
应用：
----------------------------------------------------------------
用户：zjp
时间：2017-06-12 02:02:48
系统名称：网站门户系统-生产环境应用服务器1机
所在地：亦庄中金
SERVICEID:L661
主机名：wzmhap1
操作系统：Linux
应用：系统名称：网站门户系统-生产环境应用服务器2机
所在地：亦庄中金
SERVICEID:L662
主机名：wzmhap2
操作系统：Linux
应用：
----------------------------------------------------------------
用户：zjp
时间：2017-06-12 02:02:48
系统名称：网站门户系统-生产环境应用服务器1机
所在地：亦庄中金
SERVICEID:L661
主机名：wzmhap1
操作系统：Linux
应用：系统名称：网站门户系统-生产环境应用服务器2机
所在地：亦庄中金
SERVICEID:L662
主机名：wzmhap2
操作系统：Linux
应用：系统名称：网站门户系统-生产环境CMS及防篡改服务器1机
所在地：亦庄中金
SERVICEID:L663
主机名：wzmhcms1
操作系统：Linux
应用：
----------------------------------------------------------------
用户：zjp
时间：2017-06-12 02:02:48
系统名称：网站门户系统-生产环境应用服务器1机
所在地：亦庄中金
SERVICEID:L661
主机名：wzmhap1
操作系统：Linux
应用：系统名称：网站门户系统-生产环境应用服务器2机
所在地：亦庄中金
SERVICEID:L662
主机名：wzmhap2
操作系统：Linux
应用：系统名称：网站门户系统-生产环境CMS及防篡改服务器1机
所在地：亦庄中金
SERVICEID:L663
主机名：wzmhcms1
操作系统：Linux
应用：系统名称：网站门户系统-生产环境CMS及防篡改服务器2机
所在地：亦庄中金
SERVICEID:L664
主机名：wzmhcms2
操作系统：Linux
应用：
----------------------------------------------------------------
用户：zjp
时间：2017-06-12 02:02:48
系统名称：网站门户系统-生产环境应用服务器1机
所在地：亦庄中金
SERVICEID:L661
主机名：wzmhap1
操作系统：Linux
应用：系统名称：网站门户系统-生产环境应用服务器2机
所在地：亦庄中金
SERVICEID:L662
主机名：wzmhap2
操作系统：Linux
应用：系统名称：网站门户系统-生产环境CMS及防篡改服务器1机
所在地：亦庄中金
SERVICEID:L663
主机名：wzmhcms1
操作系统：Linux
应用：系统名称：网站门户系统-生产环境CMS及防篡改服务器2机
所在地：亦庄中金
SERVICEID:L664
主机名：wzmhcms2
操作系统：Linux
应用：系统名称：网站门户系统-生产环境web服务器1机
所在地：亦庄中金
SERVICEID: L665
主机名：wzmhwb1
操作系统：Linux
应用：
----------------------------------------------------------------
用户：zjp
时间：2017-06-12 02:02:48
系统名称：网站门户系统-生产环境应用服务器1机
所在地：亦庄中金
SERVICEID:L661
主机名：wzmhap1
操作系统：Linux
应用：系统名称：网站门户系统-生产环境应用服务器2机
所在地：亦庄中金
SERVICEID:L662
主机名：wzmhap2
操作系统：Linux
应用：系统名称：网站门户系统-生产环境CMS及防篡改服务器1机
所在地：亦庄中金
SERVICEID:L663
主机名：wzmhcms1
操作系统：Linux
应用：系统名称：网站门户系统-生产环境CMS及防篡改服务器2机
所在地：亦庄中金
SERVICEID:L664
主机名：wzmhcms2
操作系统：Linux
应用：系统名称：网站门户系统-生产环境web服务器1机
所在地：亦庄中金
SERVICEID: L665
主机名：wzmhwb1
操作系统：Linux
应用：系统名称：网站门户系统-生产环境web服务器2机
所在地：亦庄中金
SERVICEID:L666
主机名：wzmhwb2
操作系统：Linux
应用：
----------------------------------------------------------------
用户：zjp
时间：2017-06-12 02:02:48
系统名称：网站门户系统-生产环境应用服务器1机
所在地：亦庄中金
SERVICEID:L661
主机名：wzmhap1
操作系统：Linux
应用：系统名称：网站门户系统-生产环境应用服务器2机
所在地：亦庄中金
SERVICEID:L662
主机名：wzmhap2
操作系统：Linux
应用：系统名称：网站门户系统-生产环境CMS及防篡改服务器1机
所在地：亦庄中金
SERVICEID:L663
主机名：wzmhcms1
操作系统：Linux
应用：系统名称：网站门户系统-生产环境CMS及防篡改服务器2机
所在地：亦庄中金
SERVICEID:L664
主机名：wzmhcms2
操作系统：Linux
应用：系统名称：网站门户系统-生产环境web服务器1机
所在地：亦庄中金
SERVICEID: L665
主机名：wzmhwb1
操作系统：Linux
应用：系统名称：网站门户系统-生产环境web服务器2机
所在地：亦庄中金
SERVICEID:L666
主机名：wzmhwb2
操作系统：Linux
应用：系统名称：生产环境繁简通服务器1机
所在地：亦庄中金
SERVICEID:L667
主机名：wzmhfjt1
操作系统：Linux
应用：
----------------------------------------------------------------
用户：zjp
时间：2017-06-12 02:02:48
系统名称：网站门户系统-生产环境应用服务器1机
所在地：亦庄中金
SERVICEID:L661
主机名：wzmhap1
操作系统：Linux
应用：系统名称：网站门户系统-生产环境应用服务器2机
所在地：亦庄中金
SERVICEID:L662
主机名：wzmhap2
操作系统：Linux
应用：系统名称：网站门户系统-生产环境CMS及防篡改服务器1机
所在地：亦庄中金
SERVICEID:L663
主机名：wzmhcms1
操作系统：Linux
应用：系统名称：网站门户系统-生产环境CMS及防篡改服务器2机
所在地：亦庄中金
SERVICEID:L664
主机名：wzmhcms2
操作系统：Linux
应用：系统名称：网站门户系统-生产环境web服务器1机
所在地：亦庄中金
SERVICEID: L665
主机名：wzmhwb1
操作系统：Linux
应用：系统名称：网站门户系统-生产环境web服务器2机
所在地：亦庄中金
SERVICEID:L666
主机名：wzmhwb2
操作系统：Linux
应用：系统名称：生产环境繁简通服务器1机
所在地：亦庄中金
SERVICEID:L667
主机名：wzmhfjt1
操作系统：Linux
应用：系统名称：生产环境繁简通服务器2机
所在地：亦庄中金
SERVICEID:L668
主机名：wzmhfjt2
操作系统：Linux
应用：
----------------------------------------------------------------
用户：zjp
时间：2017-06-12 02:02:48
系统名称：网站门户系统-生产环境应用服务器1机
所在地：亦庄中金
SERVICEID:L661
主机名：wzmhap1
操作系统：Linux
应用：系统名称：网站门户系统-生产环境应用服务器2机
所在地：亦庄中金
SERVICEID:L662
主机名：wzmhap2
操作系统：Linux
应用：系统名称：网站门户系统-生产环境CMS及防篡改服务器1机
所在地：亦庄中金
SERVICEID:L663
主机名：wzmhcms1
操作系统：Linux
应用：系统名称：网站门户系统-生产环境CMS及防篡改服务器2机
所在地：亦庄中金
SERVICEID:L664
主机名：wzmhcms2
操作系统：Linux
应用：系统名称：网站门户系统-生产环境web服务器1机
所在地：亦庄中金
SERVICEID: L665
主机名：wzmhwb1
操作系统：Linux
应用：系统名称：网站门户系统-生产环境web服务器2机
所在地：亦庄中金
SERVICEID:L666
主机名：wzmhwb2
操作系统：Linux
应用：系统名称：生产环境繁简通服务器1机
所在地：亦庄中金
SERVICEID:L667
主机名：wzmhfjt1
操作系统：Linux
应用：系统名称：生产环境繁简通服务器2机
所在地：亦庄中金
SERVICEID:L668
主机名：wzmhfjt2
操作系统：Linux
应用：系统名称：网站门户系统-生产环境数据库服务器1机
所在地：亦庄中金
SERVICEID:L669
主机名：wzmhdb1
操作系统：Linux
应用：Oracle
----------------------------------------------------------------
用户：zjp
时间：2017-06-12 02:02:48
系统名称：网站门户系统-生产环境应用服务器1机
所在地：亦庄中金
SERVICEID:L661
主机名：wzmhap1
操作系统：Linux
应用：系统名称：网站门户系统-生产环境应用服务器2机
所在地：亦庄中金
SERVICEID:L662
主机名：wzmhap2
操作系统：Linux
应用：系统名称：网站门户系统-生产环境CMS及防篡改服务器1机
所在地：亦庄中金
SERVICEID:L663
主机名：wzmhcms1
操作系统：Linux
应用：系统名称：网站门户系统-生产环境CMS及防篡改服务器2机
所在地：亦庄中金
SERVICEID:L664
主机名：wzmhcms2
操作系统：Linux
应用：系统名称：网站门户系统-生产环境web服务器1机
所在地：亦庄中金
SERVICEID: L665
主机名：wzmhwb1
操作系统：Linux
应用：系统名称：网站门户系统-生产环境web服务器2机
所在地：亦庄中金
SERVICEID:L666
主机名：wzmhwb2
操作系统：Linux
应用：系统名称：生产环境繁简通服务器1机
所在地：亦庄中金
SERVICEID:L667
主机名：wzmhfjt1
操作系统：Linux
应用：系统名称：生产环境繁简通服务器2机
所在地：亦庄中金
SERVICEID:L668
主机名：wzmhfjt2
操作系统：Linux
应用：系统名称：网站门户系统-生产环境数据库服务器1机
所在地：亦庄中金
SERVICEID:L669
主机名：wzmhdb1
操作系统：Linux
应用：Oracle系统名称：网站门户系统-生产环境数据库服务器2机
所在地：亦庄中金
SERVICEID:L670
主机名：wzmhdb2
操作系统：Linux
应用：Oracle
----------------------------------------------------------------
用户：zjp
时间：2017-06-12 10:02:50
操作：从index.html把数据更新到data.txt
----------------------------------------------------------------
用户：zjp
时间：2017-06-12 02:08:59
系统名称：在线客服、录音等应用数据库服务器1机
所在地：亦庄中金
SERVICEID:L673
主机名：kfcifdb1
操作系统：Linux
应用：Oracle
----------------------------------------------------------------
用户：zjp
时间：2017-06-12 02:08:59
系统名称：在线客服、录音等应用数据库服务器1机
所在地：亦庄中金
SERVICEID:L673
主机名：kfcifdb1
操作系统：Linux
应用：Oracle系统名称：在线客服、录音等应用数据库服务器1机
所在地：亦庄中金
SERVICEID:L674
主机名：kfcifdb2
操作系统：Linux
应用：Oracle
----------------------------------------------------------------
用户：zjp
时间：2017-06-12 02:08:59
系统名称：在线客服、录音等应用数据库服务器1机
所在地：亦庄中金
SERVICEID:L673
主机名：kfcifdb1
操作系统：Linux
应用：Oracle系统名称：在线客服、录音等应用数据库服务器1机
所在地：亦庄中金
SERVICEID:L674
主机名：kfcifdb2
操作系统：Linux
应用：Oracle系统名称：移动办公-队列服务器1机
所在地：亦庄中金
SERVICEID:L675
主机名：oaydque1
操作系统：Linux
应用：Oracle
----------------------------------------------------------------
用户：zjp
时间：2017-06-12 02:08:59
系统名称：在线客服、录音等应用数据库服务器1机
所在地：亦庄中金
SERVICEID:L673
主机名：kfcifdb1
操作系统：Linux
应用：Oracle系统名称：在线客服、录音等应用数据库服务器1机
所在地：亦庄中金
SERVICEID:L674
主机名：kfcifdb2
操作系统：Linux
应用：Oracle系统名称：移动办公-队列服务器1机
所在地：亦庄中金
SERVICEID:L675
主机名：oaydque1
操作系统：Linux
应用：Oracle系统名称：移动办公-队列服务器2机
所在地：亦庄中金
SERVICEID:L676
主机名：oaydque2
操作系统：Linux
应用：Oracle
----------------------------------------------------------------
用户：zjp
时间：2017-06-12 02:08:59
系统名称：在线客服、录音等应用数据库服务器1机
所在地：亦庄中金
SERVICEID:L673
主机名：kfcifdb1
操作系统：Linux
应用：Oracle系统名称：在线客服、录音等应用数据库服务器1机
所在地：亦庄中金
SERVICEID:L674
主机名：kfcifdb2
操作系统：Linux
应用：Oracle系统名称：移动办公-队列服务器1机
所在地：亦庄中金
SERVICEID:L675
主机名：oaydque1
操作系统：Linux
应用：Oracle系统名称：移动办公-队列服务器2机
所在地：亦庄中金
SERVICEID:L676
主机名：oaydque2
操作系统：Linux
应用：Oracle系统名称：移动办公-内存数据库服务器1机
所在地：亦庄中金
SERVICEID:L677
主机名：oaydmemdb1
操作系统：Linux
应用：Oracle
----------------------------------------------------------------
用户：zjp
时间：2017-06-12 02:08:59
系统名称：在线客服、录音等应用数据库服务器1机
所在地：亦庄中金
SERVICEID:L673
主机名：kfcifdb1
操作系统：Linux
应用：Oracle系统名称：在线客服、录音等应用数据库服务器1机
所在地：亦庄中金
SERVICEID:L674
主机名：kfcifdb2
操作系统：Linux
应用：Oracle系统名称：移动办公-队列服务器1机
所在地：亦庄中金
SERVICEID:L675
主机名：oaydque1
操作系统：Linux
应用：Oracle系统名称：移动办公-队列服务器2机
所在地：亦庄中金
SERVICEID:L676
主机名：oaydque2
操作系统：Linux
应用：Oracle系统名称：移动办公-内存数据库服务器1机
所在地：亦庄中金
SERVICEID:L677
主机名：oaydmemdb1
操作系统：Linux
应用：Oracle系统名称：内存数据库服务器2机
所在地：亦庄中金
SERVICEID:L678
主机名：oaydmemdb2
操作系统：Linux
应用：Oracle
----------------------------------------------------------------
用户：zjp
时间：2017-06-12 02:08:59
系统名称：在线客服、录音等应用数据库服务器1机
所在地：亦庄中金
SERVICEID:L673
主机名：kfcifdb1
操作系统：Linux
应用：Oracle系统名称：在线客服、录音等应用数据库服务器1机
所在地：亦庄中金
SERVICEID:L674
主机名：kfcifdb2
操作系统：Linux
应用：Oracle系统名称：移动办公-队列服务器1机
所在地：亦庄中金
SERVICEID:L675
主机名：oaydque1
操作系统：Linux
应用：Oracle系统名称：移动办公-队列服务器2机
所在地：亦庄中金
SERVICEID:L676
主机名：oaydque2
操作系统：Linux
应用：Oracle系统名称：移动办公-内存数据库服务器1机
所在地：亦庄中金
SERVICEID:L677
主机名：oaydmemdb1
操作系统：Linux
应用：Oracle系统名称：内存数据库服务器2机
所在地：亦庄中金
SERVICEID:L678
主机名：oaydmemdb2
操作系统：Linux
应用：Oracle系统名称：电子化培训平台与外网app同步数据反洗钱从外网取黑名单数据
所在地：亦庄中金
SERVICEID:L679
主机名：xfxqhmd1
操作系统：Linux
应用：Oracle
----------------------------------------------------------------
用户：zjp
时间：2017-06-12 10:09:01
操作：从index.html把数据更新到data.txt
----------------------------------------------------------------
