用户：zjp
时间：2017-06-27 09:40:02
操作：从index.html把数据更新到data.txt
----------------------------------------------------------------
用户：zjp
时间：2017-06-27 09:41:51
操作：从index.html把数据更新到data.txt
----------------------------------------------------------------
用户：zjp
时间：2017-06-27 01:45:29
系统名称：移动办公前置服务器3机
所在地：亦庄中金
SERVICEID:L734
主机名：oaydqz3
操作系统：Linux
应用：
----------------------------------------------------------------
用户：zjp
时间：2017-06-27 01:45:29
系统名称：移动办公前置服务器3机
所在地：亦庄中金
SERVICEID:L734
主机名：oaydqz3
操作系统：Linux
应用：系统名称：移动办公前置服务器4机
所在地：亦庄中金
SERVICEID:L735
主机名：oaydqz4
操作系统：Linux
应用：
----------------------------------------------------------------
用户：zjp
时间：2017-06-27 01:45:29
系统名称：移动办公前置服务器3机
所在地：亦庄中金
SERVICEID:L734
主机名：oaydqz3
操作系统：Linux
应用：系统名称：移动办公前置服务器4机
所在地：亦庄中金
SERVICEID:L735
主机名：oaydqz4
操作系统：Linux
应用：系统名称：沃趣rac1机
所在地：亦庄中金
SERVICEID:L736
主机名：hxdb1
操作系统：Linux
应用：Oracle
----------------------------------------------------------------
用户：zjp
时间：2017-06-27 01:45:29
系统名称：移动办公前置服务器3机
所在地：亦庄中金
SERVICEID:L734
主机名：oaydqz3
操作系统：Linux
应用：系统名称：移动办公前置服务器4机
所在地：亦庄中金
SERVICEID:L735
主机名：oaydqz4
操作系统：Linux
应用：系统名称：沃趣rac1机
所在地：亦庄中金
SERVICEID:L736
主机名：hxdb1
操作系统：Linux
应用：Oracle系统名称：沃趣rac2机
所在地：亦庄中金
SERVICEID:L737
主机名：hxdb2
操作系统：Linux
应用：Oracle
----------------------------------------------------------------
用户：zjp
时间：2017-06-27 09:45:31
操作：从index.html把数据更新到data.txt
----------------------------------------------------------------
