用户：zjp
时间：2017-06-09 11:04:19
操作：从index.html把数据更新到data.txt
----------------------------------------------------------------
用户：zjp
时间：2017-06-09 03:05:29
系统名称：E商宝网联平台Oracle数据库服务器1
所在地：亦庄中金
SERVICEID: L703
主机名：esbwldb1
操作系统：Linux
应用：Oracle
----------------------------------------------------------------
用户：zjp
时间：2017-06-09 03:05:29
系统名称：E商宝网联平台Oracle数据库服务器1
所在地：亦庄中金
SERVICEID: L703
主机名：esbwldb1
操作系统：Linux
应用：Oracle系统名称：E商宝网联平台Oracle数据库服务器2
所在地：亦庄中金
SERVICEID:L704
主机名：esbwldb2
操作系统：Linux
应用：Oracle
----------------------------------------------------------------
用户：zjp
时间：2017-06-09 11:05:39
操作：从index.html把数据更新到data.txt
----------------------------------------------------------------
用户：zjp
时间：2017-06-09 15:33:08
操作：从index.html把数据更新到data.txt
----------------------------------------------------------------
用户：zjp
时间：2017-06-09 15:55:39
操作：从index.html把数据更新到data.txt
----------------------------------------------------------------
用户：zjp
时间：2017-06-09 07:58:24
系统名称：资产托管客户服务电子化平台网银应用服务器1机
所在地：亦庄中金
SERVICEID:L483
主机名：zctgkfptwy1
操作系统：Linux
应用：
----------------------------------------------------------------
用户：zjp
时间：2017-06-09 07:58:24
系统名称：资产托管客户服务电子化平台网银应用服务器1机
所在地：亦庄中金
SERVICEID:L483
主机名：zctgkfptwy1
操作系统：Linux
应用：系统名称：资产托管客户服务电子化平台网银应用服务器2机
所在地：亦庄中金
SERVICEID:L484
主机名：zctgkfptwy2
操作系统：Linux
应用：
----------------------------------------------------------------
用户：zjp
时间：2017-06-09 07:58:24
系统名称：资产托管客户服务电子化平台网银应用服务器1机
所在地：亦庄中金
SERVICEID:L483
主机名：zctgkfptwy1
操作系统：Linux
应用：系统名称：资产托管客户服务电子化平台网银应用服务器2机
所在地：亦庄中金
SERVICEID:L484
主机名：zctgkfptwy2
操作系统：Linux
应用：系统名称：资产托管客户服务电子化平台柜面微信交易应用服务器1机
所在地：亦庄中金
SERVICEID:L485
主机名：zctgkfptwx1
操作系统：Linux
应用：
----------------------------------------------------------------
用户：zjp
时间：2017-06-09 07:58:24
系统名称：资产托管客户服务电子化平台网银应用服务器1机
所在地：亦庄中金
SERVICEID:L483
主机名：zctgkfptwy1
操作系统：Linux
应用：系统名称：资产托管客户服务电子化平台网银应用服务器2机
所在地：亦庄中金
SERVICEID:L484
主机名：zctgkfptwy2
操作系统：Linux
应用：系统名称：资产托管客户服务电子化平台柜面微信交易应用服务器1机
所在地：亦庄中金
SERVICEID:L485
主机名：zctgkfptwx1
操作系统：Linux
应用：系统名称：资产托管客户服务电子化平台柜面微信交易应用服务器2机
所在地：亦庄中金
SERVICEID:L486
主机名：zctgkfptwx2
操作系统：Linux
应用：
----------------------------------------------------------------
用户：zjp
时间：2017-06-09 15:58:26
操作：从index.html把数据更新到data.txt
----------------------------------------------------------------
用户：zjp
时间：2017-06-09 16:08:04
操作：从index.html把数据更新到data.txt
----------------------------------------------------------------
用户：zjp
时间：2017-06-09 08:24:19
系统名称：资产托管客户服务电子化平台客服平台web1机
所在地：亦庄中金
SERVICEID:L489
主机名：zctgkfptweb1
操作系统：Linux
应用：
----------------------------------------------------------------
用户：zjp
时间：2017-06-09 08:24:19
系统名称：资产托管客户服务电子化平台客服平台web1机
所在地：亦庄中金
SERVICEID:L489
主机名：zctgkfptweb1
操作系统：Linux
应用：系统名称：资产托管客户服务电子化平台客服平台web2机
所在地：亦庄中金
SERVICEID:L490
主机名：zctgkfptweb2
操作系统：Linux
应用：
----------------------------------------------------------------
用户：zjp
时间：2017-06-09 08:24:19
系统名称：资产托管客户服务电子化平台客服平台web1机
所在地：亦庄中金
SERVICEID:L489
主机名：zctgkfptweb1
操作系统：Linux
应用：系统名称：资产托管客户服务电子化平台客服平台web2机
所在地：亦庄中金
SERVICEID:L490
主机名：zctgkfptweb2
操作系统：Linux
应用：系统名称：路透Itrox1机
所在地：亦庄中金
SERVICEID:L491
主机名：bjrmds1
操作系统：Linux
应用：
----------------------------------------------------------------
用户：zjp
时间：2017-06-09 08:24:19
系统名称：资产托管客户服务电子化平台客服平台web1机
所在地：亦庄中金
SERVICEID:L489
主机名：zctgkfptweb1
操作系统：Linux
应用：系统名称：资产托管客户服务电子化平台客服平台web2机
所在地：亦庄中金
SERVICEID:L490
主机名：zctgkfptweb2
操作系统：Linux
应用：系统名称：路透Itrox1机
所在地：亦庄中金
SERVICEID:L491
主机名：bjrmds1
操作系统：Linux
应用：系统名称：路透Itrox2机
所在地：亦庄中金
SERVICEID:L492
主机名：bjrmds2
操作系统：Linux
应用：
----------------------------------------------------------------
用户：zjp
时间：2017-06-09 08:24:19
系统名称：资产托管客户服务电子化平台客服平台web1机
所在地：亦庄中金
SERVICEID:L489
主机名：zctgkfptweb1
操作系统：Linux
应用：系统名称：资产托管客户服务电子化平台客服平台web2机
所在地：亦庄中金
SERVICEID:L490
主机名：zctgkfptweb2
操作系统：Linux
应用：系统名称：路透Itrox1机
所在地：亦庄中金
SERVICEID:L491
主机名：bjrmds1
操作系统：Linux
应用：系统名称：路透Itrox2机
所在地：亦庄中金
SERVICEID:L492
主机名：bjrmds2
操作系统：Linux
应用：系统名称：路透Itrox3机
所在地：亦庄中金
SERVICEID:L493
主机名：bjrmds3
操作系统：Linux
应用：
----------------------------------------------------------------
用户：zjp
时间：2017-06-09 08:24:19
系统名称：资产托管客户服务电子化平台客服平台web1机
所在地：亦庄中金
SERVICEID:L489
主机名：zctgkfptweb1
操作系统：Linux
应用：系统名称：资产托管客户服务电子化平台客服平台web2机
所在地：亦庄中金
SERVICEID:L490
主机名：zctgkfptweb2
操作系统：Linux
应用：系统名称：路透Itrox1机
所在地：亦庄中金
SERVICEID:L491
主机名：bjrmds1
操作系统：Linux
应用：系统名称：路透Itrox2机
所在地：亦庄中金
SERVICEID:L492
主机名：bjrmds2
操作系统：Linux
应用：系统名称：路透Itrox3机
所在地：亦庄中金
SERVICEID:L493
主机名：bjrmds3
操作系统：Linux
应用：系统名称：录音录像系统应用服务器1机
所在地：亦庄中金
SERVICEID:L494
主机名：lylxap1
操作系统：Linux
应用：
----------------------------------------------------------------
用户：zjp
时间：2017-06-09 08:24:19
系统名称：资产托管客户服务电子化平台客服平台web1机
所在地：亦庄中金
SERVICEID:L489
主机名：zctgkfptweb1
操作系统：Linux
应用：系统名称：资产托管客户服务电子化平台客服平台web2机
所在地：亦庄中金
SERVICEID:L490
主机名：zctgkfptweb2
操作系统：Linux
应用：系统名称：路透Itrox1机
所在地：亦庄中金
SERVICEID:L491
主机名：bjrmds1
操作系统：Linux
应用：系统名称：路透Itrox2机
所在地：亦庄中金
SERVICEID:L492
主机名：bjrmds2
操作系统：Linux
应用：系统名称：路透Itrox3机
所在地：亦庄中金
SERVICEID:L493
主机名：bjrmds3
操作系统：Linux
应用：系统名称：录音录像系统应用服务器1机
所在地：亦庄中金
SERVICEID:L494
主机名：lylxap1
操作系统：Linux
应用：系统名称：录音录像系统应用服务器2机
所在地：亦庄中金
SERVICEID:L495
主机名：lylxap2
操作系统：Linux
应用：
----------------------------------------------------------------
用户：zjp
时间：2017-06-09 08:24:19
系统名称：资产托管客户服务电子化平台客服平台web1机
所在地：亦庄中金
SERVICEID:L489
主机名：zctgkfptweb1
操作系统：Linux
应用：系统名称：资产托管客户服务电子化平台客服平台web2机
所在地：亦庄中金
SERVICEID:L490
主机名：zctgkfptweb2
操作系统：Linux
应用：系统名称：路透Itrox1机
所在地：亦庄中金
SERVICEID:L491
主机名：bjrmds1
操作系统：Linux
应用：系统名称：路透Itrox2机
所在地：亦庄中金
SERVICEID:L492
主机名：bjrmds2
操作系统：Linux
应用：系统名称：路透Itrox3机
所在地：亦庄中金
SERVICEID:L493
主机名：bjrmds3
操作系统：Linux
应用：系统名称：录音录像系统应用服务器1机
所在地：亦庄中金
SERVICEID:L494
主机名：lylxap1
操作系统：Linux
应用：系统名称：录音录像系统应用服务器2机
所在地：亦庄中金
SERVICEID:L495
主机名：lylxap2
操作系统：Linux
应用：系统名称：录音录像系统文件服务器1机(已关机不在使用)
所在地：亦庄中金
SERVICEID:L496
主机名：lylxwj1
操作系统：Linux
应用：
----------------------------------------------------------------
用户：zjp
时间：2017-06-09 08:24:19
系统名称：资产托管客户服务电子化平台客服平台web1机
所在地：亦庄中金
SERVICEID:L489
主机名：zctgkfptweb1
操作系统：Linux
应用：系统名称：资产托管客户服务电子化平台客服平台web2机
所在地：亦庄中金
SERVICEID:L490
主机名：zctgkfptweb2
操作系统：Linux
应用：系统名称：路透Itrox1机
所在地：亦庄中金
SERVICEID:L491
主机名：bjrmds1
操作系统：Linux
应用：系统名称：路透Itrox2机
所在地：亦庄中金
SERVICEID:L492
主机名：bjrmds2
操作系统：Linux
应用：系统名称：路透Itrox3机
所在地：亦庄中金
SERVICEID:L493
主机名：bjrmds3
操作系统：Linux
应用：系统名称：录音录像系统应用服务器1机
所在地：亦庄中金
SERVICEID:L494
主机名：lylxap1
操作系统：Linux
应用：系统名称：录音录像系统应用服务器2机
所在地：亦庄中金
SERVICEID:L495
主机名：lylxap2
操作系统：Linux
应用：系统名称：录音录像系统文件服务器1机(已关机不在使用)
所在地：亦庄中金
SERVICEID:L496
主机名：lylxwj1
操作系统：Linux
应用：系统名称：录音录像系统文件服务器2机(已关机不在使用)
所在地：亦庄中金
SERVICEID:L497
主机名：lylxwj2
操作系统：Linux
应用：
----------------------------------------------------------------
用户：zjp
时间：2017-06-09 08:24:19
系统名称：资产托管客户服务电子化平台客服平台web1机
所在地：亦庄中金
SERVICEID:L489
主机名：zctgkfptweb1
操作系统：Linux
应用：系统名称：资产托管客户服务电子化平台客服平台web2机
所在地：亦庄中金
SERVICEID:L490
主机名：zctgkfptweb2
操作系统：Linux
应用：系统名称：路透Itrox1机
所在地：亦庄中金
SERVICEID:L491
主机名：bjrmds1
操作系统：Linux
应用：系统名称：路透Itrox2机
所在地：亦庄中金
SERVICEID:L492
主机名：bjrmds2
操作系统：Linux
应用：系统名称：路透Itrox3机
所在地：亦庄中金
SERVICEID:L493
主机名：bjrmds3
操作系统：Linux
应用：系统名称：录音录像系统应用服务器1机
所在地：亦庄中金
SERVICEID:L494
主机名：lylxap1
操作系统：Linux
应用：系统名称：录音录像系统应用服务器2机
所在地：亦庄中金
SERVICEID:L495
主机名：lylxap2
操作系统：Linux
应用：系统名称：录音录像系统文件服务器1机(已关机不在使用)
所在地：亦庄中金
SERVICEID:L496
主机名：lylxwj1
操作系统：Linux
应用：系统名称：录音录像系统文件服务器2机(已关机不在使用)
所在地：亦庄中金
SERVICEID:L497
主机名：lylxwj2
操作系统：Linux
应用：系统名称：录音录像系统数据库服务器1机
所在地：亦庄中金
SERVICEID:L498
主机名：lylxdb1
操作系统：Linux
应用：
----------------------------------------------------------------
用户：zjp
时间：2017-06-09 08:24:19
系统名称：资产托管客户服务电子化平台客服平台web1机
所在地：亦庄中金
SERVICEID:L489
主机名：zctgkfptweb1
操作系统：Linux
应用：系统名称：资产托管客户服务电子化平台客服平台web2机
所在地：亦庄中金
SERVICEID:L490
主机名：zctgkfptweb2
操作系统：Linux
应用：系统名称：路透Itrox1机
所在地：亦庄中金
SERVICEID:L491
主机名：bjrmds1
操作系统：Linux
应用：系统名称：路透Itrox2机
所在地：亦庄中金
SERVICEID:L492
主机名：bjrmds2
操作系统：Linux
应用：系统名称：路透Itrox3机
所在地：亦庄中金
SERVICEID:L493
主机名：bjrmds3
操作系统：Linux
应用：系统名称：录音录像系统应用服务器1机
所在地：亦庄中金
SERVICEID:L494
主机名：lylxap1
操作系统：Linux
应用：系统名称：录音录像系统应用服务器2机
所在地：亦庄中金
SERVICEID:L495
主机名：lylxap2
操作系统：Linux
应用：系统名称：录音录像系统文件服务器1机(已关机不在使用)
所在地：亦庄中金
SERVICEID:L496
主机名：lylxwj1
操作系统：Linux
应用：系统名称：录音录像系统文件服务器2机(已关机不在使用)
所在地：亦庄中金
SERVICEID:L497
主机名：lylxwj2
操作系统：Linux
应用：系统名称：录音录像系统数据库服务器1机
所在地：亦庄中金
SERVICEID:L498
主机名：lylxdb1
操作系统：Linux
应用：系统名称：录音录像系统数据库服务器2机
所在地：亦庄中金
SERVICEID:L499
主机名：lylxdb2
操作系统：Linux
应用：
----------------------------------------------------------------
用户：zjp
时间：2017-06-09 08:24:19
系统名称：资产托管客户服务电子化平台客服平台web1机
所在地：亦庄中金
SERVICEID:L489
主机名：zctgkfptweb1
操作系统：Linux
应用：系统名称：资产托管客户服务电子化平台客服平台web2机
所在地：亦庄中金
SERVICEID:L490
主机名：zctgkfptweb2
操作系统：Linux
应用：系统名称：路透Itrox1机
所在地：亦庄中金
SERVICEID:L491
主机名：bjrmds1
操作系统：Linux
应用：系统名称：路透Itrox2机
所在地：亦庄中金
SERVICEID:L492
主机名：bjrmds2
操作系统：Linux
应用：系统名称：路透Itrox3机
所在地：亦庄中金
SERVICEID:L493
主机名：bjrmds3
操作系统：Linux
应用：系统名称：录音录像系统应用服务器1机
所在地：亦庄中金
SERVICEID:L494
主机名：lylxap1
操作系统：Linux
应用：系统名称：录音录像系统应用服务器2机
所在地：亦庄中金
SERVICEID:L495
主机名：lylxap2
操作系统：Linux
应用：系统名称：录音录像系统文件服务器1机(已关机不在使用)
所在地：亦庄中金
SERVICEID:L496
主机名：lylxwj1
操作系统：Linux
应用：系统名称：录音录像系统文件服务器2机(已关机不在使用)
所在地：亦庄中金
SERVICEID:L497
主机名：lylxwj2
操作系统：Linux
应用：系统名称：录音录像系统数据库服务器1机
所在地：亦庄中金
SERVICEID:L498
主机名：lylxdb1
操作系统：Linux
应用：系统名称：录音录像系统数据库服务器2机
所在地：亦庄中金
SERVICEID:L499
主机名：lylxdb2
操作系统：Linux
应用：系统名称：自动化二期-HDCABSA3机
所在地：亦庄中金
SERVICEID:L500
主机名：HDCABSA3
操作系统：Linux
应用：
----------------------------------------------------------------
用户：zjp
时间：2017-06-09 08:24:19
系统名称：资产托管客户服务电子化平台客服平台web1机
所在地：亦庄中金
SERVICEID:L489
主机名：zctgkfptweb1
操作系统：Linux
应用：系统名称：资产托管客户服务电子化平台客服平台web2机
所在地：亦庄中金
SERVICEID:L490
主机名：zctgkfptweb2
操作系统：Linux
应用：系统名称：路透Itrox1机
所在地：亦庄中金
SERVICEID:L491
主机名：bjrmds1
操作系统：Linux
应用：系统名称：路透Itrox2机
所在地：亦庄中金
SERVICEID:L492
主机名：bjrmds2
操作系统：Linux
应用：系统名称：路透Itrox3机
所在地：亦庄中金
SERVICEID:L493
主机名：bjrmds3
操作系统：Linux
应用：系统名称：录音录像系统应用服务器1机
所在地：亦庄中金
SERVICEID:L494
主机名：lylxap1
操作系统：Linux
应用：系统名称：录音录像系统应用服务器2机
所在地：亦庄中金
SERVICEID:L495
主机名：lylxap2
操作系统：Linux
应用：系统名称：录音录像系统文件服务器1机(已关机不在使用)
所在地：亦庄中金
SERVICEID:L496
主机名：lylxwj1
操作系统：Linux
应用：系统名称：录音录像系统文件服务器2机(已关机不在使用)
所在地：亦庄中金
SERVICEID:L497
主机名：lylxwj2
操作系统：Linux
应用：系统名称：录音录像系统数据库服务器1机
所在地：亦庄中金
SERVICEID:L498
主机名：lylxdb1
操作系统：Linux
应用：系统名称：录音录像系统数据库服务器2机
所在地：亦庄中金
SERVICEID:L499
主机名：lylxdb2
操作系统：Linux
应用：系统名称：自动化二期-HDCABSA3机
所在地：亦庄中金
SERVICEID:L500
主机名：HDCABSA3
操作系统：Linux
应用：系统名称：自动化二期-HDCABSA4机
所在地：亦庄中金
SERVICEID:L501
主机名：HDCABSA4
操作系统：Linux
应用：
----------------------------------------------------------------
用户：zjp
时间：2017-06-09 08:24:19
系统名称：资产托管客户服务电子化平台客服平台web1机
所在地：亦庄中金
SERVICEID:L489
主机名：zctgkfptweb1
操作系统：Linux
应用：系统名称：资产托管客户服务电子化平台客服平台web2机
所在地：亦庄中金
SERVICEID:L490
主机名：zctgkfptweb2
操作系统：Linux
应用：系统名称：路透Itrox1机
所在地：亦庄中金
SERVICEID:L491
主机名：bjrmds1
操作系统：Linux
应用：系统名称：路透Itrox2机
所在地：亦庄中金
SERVICEID:L492
主机名：bjrmds2
操作系统：Linux
应用：系统名称：路透Itrox3机
所在地：亦庄中金
SERVICEID:L493
主机名：bjrmds3
操作系统：Linux
应用：系统名称：录音录像系统应用服务器1机
所在地：亦庄中金
SERVICEID:L494
主机名：lylxap1
操作系统：Linux
应用：系统名称：录音录像系统应用服务器2机
所在地：亦庄中金
SERVICEID:L495
主机名：lylxap2
操作系统：Linux
应用：系统名称：录音录像系统文件服务器1机(已关机不在使用)
所在地：亦庄中金
SERVICEID:L496
主机名：lylxwj1
操作系统：Linux
应用：系统名称：录音录像系统文件服务器2机(已关机不在使用)
所在地：亦庄中金
SERVICEID:L497
主机名：lylxwj2
操作系统：Linux
应用：系统名称：录音录像系统数据库服务器1机
所在地：亦庄中金
SERVICEID:L498
主机名：lylxdb1
操作系统：Linux
应用：系统名称：录音录像系统数据库服务器2机
所在地：亦庄中金
SERVICEID:L499
主机名：lylxdb2
操作系统：Linux
应用：系统名称：自动化二期-HDCABSA3机
所在地：亦庄中金
SERVICEID:L500
主机名：HDCABSA3
操作系统：Linux
应用：系统名称：自动化二期-HDCABSA4机
所在地：亦庄中金
SERVICEID:L501
主机名：HDCABSA4
操作系统：Linux
应用：系统名称：自动化二期-HDCABRPM3机
所在地：亦庄中金
SERVICEID:L502
主机名：HDCABRPM3
操作系统：Linux
应用：
----------------------------------------------------------------
用户：zjp
时间：2017-06-09 08:24:19
系统名称：资产托管客户服务电子化平台客服平台web1机
所在地：亦庄中金
SERVICEID:L489
主机名：zctgkfptweb1
操作系统：Linux
应用：系统名称：资产托管客户服务电子化平台客服平台web2机
所在地：亦庄中金
SERVICEID:L490
主机名：zctgkfptweb2
操作系统：Linux
应用：系统名称：路透Itrox1机
所在地：亦庄中金
SERVICEID:L491
主机名：bjrmds1
操作系统：Linux
应用：系统名称：路透Itrox2机
所在地：亦庄中金
SERVICEID:L492
主机名：bjrmds2
操作系统：Linux
应用：系统名称：路透Itrox3机
所在地：亦庄中金
SERVICEID:L493
主机名：bjrmds3
操作系统：Linux
应用：系统名称：录音录像系统应用服务器1机
所在地：亦庄中金
SERVICEID:L494
主机名：lylxap1
操作系统：Linux
应用：系统名称：录音录像系统应用服务器2机
所在地：亦庄中金
SERVICEID:L495
主机名：lylxap2
操作系统：Linux
应用：系统名称：录音录像系统文件服务器1机(已关机不在使用)
所在地：亦庄中金
SERVICEID:L496
主机名：lylxwj1
操作系统：Linux
应用：系统名称：录音录像系统文件服务器2机(已关机不在使用)
所在地：亦庄中金
SERVICEID:L497
主机名：lylxwj2
操作系统：Linux
应用：系统名称：录音录像系统数据库服务器1机
所在地：亦庄中金
SERVICEID:L498
主机名：lylxdb1
操作系统：Linux
应用：系统名称：录音录像系统数据库服务器2机
所在地：亦庄中金
SERVICEID:L499
主机名：lylxdb2
操作系统：Linux
应用：系统名称：自动化二期-HDCABSA3机
所在地：亦庄中金
SERVICEID:L500
主机名：HDCABSA3
操作系统：Linux
应用：系统名称：自动化二期-HDCABSA4机
所在地：亦庄中金
SERVICEID:L501
主机名：HDCABSA4
操作系统：Linux
应用：系统名称：自动化二期-HDCABRPM3机
所在地：亦庄中金
SERVICEID:L502
主机名：HDCABRPM3
操作系统：Linux
应用：系统名称：自动化二期-HDCABRPM4机
所在地：亦庄中金
SERVICEID:L503
主机名：HDCABRPM4
操作系统：Linux
应用：
----------------------------------------------------------------
用户：zjp
时间：2017-06-09 08:24:19
系统名称：资产托管客户服务电子化平台客服平台web1机
所在地：亦庄中金
SERVICEID:L489
主机名：zctgkfptweb1
操作系统：Linux
应用：系统名称：资产托管客户服务电子化平台客服平台web2机
所在地：亦庄中金
SERVICEID:L490
主机名：zctgkfptweb2
操作系统：Linux
应用：系统名称：路透Itrox1机
所在地：亦庄中金
SERVICEID:L491
主机名：bjrmds1
操作系统：Linux
应用：系统名称：路透Itrox2机
所在地：亦庄中金
SERVICEID:L492
主机名：bjrmds2
操作系统：Linux
应用：系统名称：路透Itrox3机
所在地：亦庄中金
SERVICEID:L493
主机名：bjrmds3
操作系统：Linux
应用：系统名称：录音录像系统应用服务器1机
所在地：亦庄中金
SERVICEID:L494
主机名：lylxap1
操作系统：Linux
应用：系统名称：录音录像系统应用服务器2机
所在地：亦庄中金
SERVICEID:L495
主机名：lylxap2
操作系统：Linux
应用：系统名称：录音录像系统文件服务器1机(已关机不在使用)
所在地：亦庄中金
SERVICEID:L496
主机名：lylxwj1
操作系统：Linux
应用：系统名称：录音录像系统文件服务器2机(已关机不在使用)
所在地：亦庄中金
SERVICEID:L497
主机名：lylxwj2
操作系统：Linux
应用：系统名称：录音录像系统数据库服务器1机
所在地：亦庄中金
SERVICEID:L498
主机名：lylxdb1
操作系统：Linux
应用：系统名称：录音录像系统数据库服务器2机
所在地：亦庄中金
SERVICEID:L499
主机名：lylxdb2
操作系统：Linux
应用：系统名称：自动化二期-HDCABSA3机
所在地：亦庄中金
SERVICEID:L500
主机名：HDCABSA3
操作系统：Linux
应用：系统名称：自动化二期-HDCABSA4机
所在地：亦庄中金
SERVICEID:L501
主机名：HDCABSA4
操作系统：Linux
应用：系统名称：自动化二期-HDCABRPM3机
所在地：亦庄中金
SERVICEID:L502
主机名：HDCABRPM3
操作系统：Linux
应用：系统名称：自动化二期-HDCABRPM4机
所在地：亦庄中金
SERVICEID:L503
主机名：HDCABRPM4
操作系统：Linux
应用：系统名称：自动化二期-HDCABNAAGENT1机(网络管)
所在地：亦庄中金
SERVICEID:L504
主机名：HDCABNAAGENT1
操作系统：Linux
应用：
----------------------------------------------------------------
用户：zjp
时间：2017-06-09 08:24:19
系统名称：资产托管客户服务电子化平台客服平台web1机
所在地：亦庄中金
SERVICEID:L489
主机名：zctgkfptweb1
操作系统：Linux
应用：系统名称：资产托管客户服务电子化平台客服平台web2机
所在地：亦庄中金
SERVICEID:L490
主机名：zctgkfptweb2
操作系统：Linux
应用：系统名称：路透Itrox1机
所在地：亦庄中金
SERVICEID:L491
主机名：bjrmds1
操作系统：Linux
应用：系统名称：路透Itrox2机
所在地：亦庄中金
SERVICEID:L492
主机名：bjrmds2
操作系统：Linux
应用：系统名称：路透Itrox3机
所在地：亦庄中金
SERVICEID:L493
主机名：bjrmds3
操作系统：Linux
应用：系统名称：录音录像系统应用服务器1机
所在地：亦庄中金
SERVICEID:L494
主机名：lylxap1
操作系统：Linux
应用：系统名称：录音录像系统应用服务器2机
所在地：亦庄中金
SERVICEID:L495
主机名：lylxap2
操作系统：Linux
应用：系统名称：录音录像系统文件服务器1机(已关机不在使用)
所在地：亦庄中金
SERVICEID:L496
主机名：lylxwj1
操作系统：Linux
应用：系统名称：录音录像系统文件服务器2机(已关机不在使用)
所在地：亦庄中金
SERVICEID:L497
主机名：lylxwj2
操作系统：Linux
应用：系统名称：录音录像系统数据库服务器1机
所在地：亦庄中金
SERVICEID:L498
主机名：lylxdb1
操作系统：Linux
应用：系统名称：录音录像系统数据库服务器2机
所在地：亦庄中金
SERVICEID:L499
主机名：lylxdb2
操作系统：Linux
应用：系统名称：自动化二期-HDCABSA3机
所在地：亦庄中金
SERVICEID:L500
主机名：HDCABSA3
操作系统：Linux
应用：系统名称：自动化二期-HDCABSA4机
所在地：亦庄中金
SERVICEID:L501
主机名：HDCABSA4
操作系统：Linux
应用：系统名称：自动化二期-HDCABRPM3机
所在地：亦庄中金
SERVICEID:L502
主机名：HDCABRPM3
操作系统：Linux
应用：系统名称：自动化二期-HDCABRPM4机
所在地：亦庄中金
SERVICEID:L503
主机名：HDCABRPM4
操作系统：Linux
应用：系统名称：自动化二期-HDCABNAAGENT1机(网络管)
所在地：亦庄中金
SERVICEID:L504
主机名：HDCABNAAGENT1
操作系统：Linux
应用：系统名称：自动化二期-HDCABNAAGENT2机(网络管)
所在地：亦庄中金
SERVICEID:L505
主机名：HDCABNAAGENT2
操作系统：Linux
应用：
----------------------------------------------------------------
用户：zjp
时间：2017-06-09 08:24:19
系统名称：资产托管客户服务电子化平台客服平台web1机
所在地：亦庄中金
SERVICEID:L489
主机名：zctgkfptweb1
操作系统：Linux
应用：系统名称：资产托管客户服务电子化平台客服平台web2机
所在地：亦庄中金
SERVICEID:L490
主机名：zctgkfptweb2
操作系统：Linux
应用：系统名称：路透Itrox1机
所在地：亦庄中金
SERVICEID:L491
主机名：bjrmds1
操作系统：Linux
应用：系统名称：路透Itrox2机
所在地：亦庄中金
SERVICEID:L492
主机名：bjrmds2
操作系统：Linux
应用：系统名称：路透Itrox3机
所在地：亦庄中金
SERVICEID:L493
主机名：bjrmds3
操作系统：Linux
应用：系统名称：录音录像系统应用服务器1机
所在地：亦庄中金
SERVICEID:L494
主机名：lylxap1
操作系统：Linux
应用：系统名称：录音录像系统应用服务器2机
所在地：亦庄中金
SERVICEID:L495
主机名：lylxap2
操作系统：Linux
应用：系统名称：录音录像系统文件服务器1机(已关机不在使用)
所在地：亦庄中金
SERVICEID:L496
主机名：lylxwj1
操作系统：Linux
应用：系统名称：录音录像系统文件服务器2机(已关机不在使用)
所在地：亦庄中金
SERVICEID:L497
主机名：lylxwj2
操作系统：Linux
应用：系统名称：录音录像系统数据库服务器1机
所在地：亦庄中金
SERVICEID:L498
主机名：lylxdb1
操作系统：Linux
应用：系统名称：录音录像系统数据库服务器2机
所在地：亦庄中金
SERVICEID:L499
主机名：lylxdb2
操作系统：Linux
应用：系统名称：自动化二期-HDCABSA3机
所在地：亦庄中金
SERVICEID:L500
主机名：HDCABSA3
操作系统：Linux
应用：系统名称：自动化二期-HDCABSA4机
所在地：亦庄中金
SERVICEID:L501
主机名：HDCABSA4
操作系统：Linux
应用：系统名称：自动化二期-HDCABRPM3机
所在地：亦庄中金
SERVICEID:L502
主机名：HDCABRPM3
操作系统：Linux
应用：系统名称：自动化二期-HDCABRPM4机
所在地：亦庄中金
SERVICEID:L503
主机名：HDCABRPM4
操作系统：Linux
应用：系统名称：自动化二期-HDCABNAAGENT1机(网络管)
所在地：亦庄中金
SERVICEID:L504
主机名：HDCABNAAGENT1
操作系统：Linux
应用：系统名称：自动化二期-HDCABNAAGENT2机(网络管)
所在地：亦庄中金
SERVICEID:L505
主机名：HDCABNAAGENT2
操作系统：Linux
应用：系统名称：自动化二期-HDCABNAAGENT3机(网络管)
所在地：亦庄中金
SERVICEID:L506
主机名：HDCABNAAGENT3
操作系统：Linux
应用：
----------------------------------------------------------------
用户：zjp
时间：2017-06-09 08:24:19
系统名称：资产托管客户服务电子化平台客服平台web1机
所在地：亦庄中金
SERVICEID:L489
主机名：zctgkfptweb1
操作系统：Linux
应用：系统名称：资产托管客户服务电子化平台客服平台web2机
所在地：亦庄中金
SERVICEID:L490
主机名：zctgkfptweb2
操作系统：Linux
应用：系统名称：路透Itrox1机
所在地：亦庄中金
SERVICEID:L491
主机名：bjrmds1
操作系统：Linux
应用：系统名称：路透Itrox2机
所在地：亦庄中金
SERVICEID:L492
主机名：bjrmds2
操作系统：Linux
应用：系统名称：路透Itrox3机
所在地：亦庄中金
SERVICEID:L493
主机名：bjrmds3
操作系统：Linux
应用：系统名称：录音录像系统应用服务器1机
所在地：亦庄中金
SERVICEID:L494
主机名：lylxap1
操作系统：Linux
应用：系统名称：录音录像系统应用服务器2机
所在地：亦庄中金
SERVICEID:L495
主机名：lylxap2
操作系统：Linux
应用：系统名称：录音录像系统文件服务器1机(已关机不在使用)
所在地：亦庄中金
SERVICEID:L496
主机名：lylxwj1
操作系统：Linux
应用：系统名称：录音录像系统文件服务器2机(已关机不在使用)
所在地：亦庄中金
SERVICEID:L497
主机名：lylxwj2
操作系统：Linux
应用：系统名称：录音录像系统数据库服务器1机
所在地：亦庄中金
SERVICEID:L498
主机名：lylxdb1
操作系统：Linux
应用：系统名称：录音录像系统数据库服务器2机
所在地：亦庄中金
SERVICEID:L499
主机名：lylxdb2
操作系统：Linux
应用：系统名称：自动化二期-HDCABSA3机
所在地：亦庄中金
SERVICEID:L500
主机名：HDCABSA3
操作系统：Linux
应用：系统名称：自动化二期-HDCABSA4机
所在地：亦庄中金
SERVICEID:L501
主机名：HDCABSA4
操作系统：Linux
应用：系统名称：自动化二期-HDCABRPM3机
所在地：亦庄中金
SERVICEID:L502
主机名：HDCABRPM3
操作系统：Linux
应用：系统名称：自动化二期-HDCABRPM4机
所在地：亦庄中金
SERVICEID:L503
主机名：HDCABRPM4
操作系统：Linux
应用：系统名称：自动化二期-HDCABNAAGENT1机(网络管)
所在地：亦庄中金
SERVICEID:L504
主机名：HDCABNAAGENT1
操作系统：Linux
应用：系统名称：自动化二期-HDCABNAAGENT2机(网络管)
所在地：亦庄中金
SERVICEID:L505
主机名：HDCABNAAGENT2
操作系统：Linux
应用：系统名称：自动化二期-HDCABNAAGENT3机(网络管)
所在地：亦庄中金
SERVICEID:L506
主机名：HDCABNAAGENT3
操作系统：Linux
应用：系统名称：自动化二期-HDCABNAAGENT4机(网络管)
所在地：亦庄中金
SERVICEID:L507
主机名：HDCABNAAGENT4
操作系统：AIX
应用：
----------------------------------------------------------------
用户：zjp
时间：2017-06-09 08:24:19
系统名称：资产托管客户服务电子化平台客服平台web1机
所在地：亦庄中金
SERVICEID:L489
主机名：zctgkfptweb1
操作系统：Linux
应用：系统名称：资产托管客户服务电子化平台客服平台web2机
所在地：亦庄中金
SERVICEID:L490
主机名：zctgkfptweb2
操作系统：Linux
应用：系统名称：路透Itrox1机
所在地：亦庄中金
SERVICEID:L491
主机名：bjrmds1
操作系统：Linux
应用：系统名称：路透Itrox2机
所在地：亦庄中金
SERVICEID:L492
主机名：bjrmds2
操作系统：Linux
应用：系统名称：路透Itrox3机
所在地：亦庄中金
SERVICEID:L493
主机名：bjrmds3
操作系统：Linux
应用：系统名称：录音录像系统应用服务器1机
所在地：亦庄中金
SERVICEID:L494
主机名：lylxap1
操作系统：Linux
应用：系统名称：录音录像系统应用服务器2机
所在地：亦庄中金
SERVICEID:L495
主机名：lylxap2
操作系统：Linux
应用：系统名称：录音录像系统文件服务器1机(已关机不在使用)
所在地：亦庄中金
SERVICEID:L496
主机名：lylxwj1
操作系统：Linux
应用：系统名称：录音录像系统文件服务器2机(已关机不在使用)
所在地：亦庄中金
SERVICEID:L497
主机名：lylxwj2
操作系统：Linux
应用：系统名称：录音录像系统数据库服务器1机
所在地：亦庄中金
SERVICEID:L498
主机名：lylxdb1
操作系统：Linux
应用：系统名称：录音录像系统数据库服务器2机
所在地：亦庄中金
SERVICEID:L499
主机名：lylxdb2
操作系统：Linux
应用：系统名称：自动化二期-HDCABSA3机
所在地：亦庄中金
SERVICEID:L500
主机名：HDCABSA3
操作系统：Linux
应用：系统名称：自动化二期-HDCABSA4机
所在地：亦庄中金
SERVICEID:L501
主机名：HDCABSA4
操作系统：Linux
应用：系统名称：自动化二期-HDCABRPM3机
所在地：亦庄中金
SERVICEID:L502
主机名：HDCABRPM3
操作系统：Linux
应用：系统名称：自动化二期-HDCABRPM4机
所在地：亦庄中金
SERVICEID:L503
主机名：HDCABRPM4
操作系统：Linux
应用：系统名称：自动化二期-HDCABNAAGENT1机(网络管)
所在地：亦庄中金
SERVICEID:L504
主机名：HDCABNAAGENT1
操作系统：Linux
应用：系统名称：自动化二期-HDCABNAAGENT2机(网络管)
所在地：亦庄中金
SERVICEID:L505
主机名：HDCABNAAGENT2
操作系统：Linux
应用：系统名称：自动化二期-HDCABNAAGENT3机(网络管)
所在地：亦庄中金
SERVICEID:L506
主机名：HDCABNAAGENT3
操作系统：Linux
应用：系统名称：自动化二期-HDCABNAAGENT4机(网络管)
所在地：亦庄中金
SERVICEID:L507
主机名：HDCABNAAGENT4
操作系统：AIX
应用：系统名称：自动化二期-HDCABAO1机
所在地：亦庄中金
SERVICEID:L508
主机名：HDCABAO1
操作系统：Linux
应用：
----------------------------------------------------------------
用户：zjp
时间：2017-06-09 08:24:19
系统名称：资产托管客户服务电子化平台客服平台web1机
所在地：亦庄中金
SERVICEID:L489
主机名：zctgkfptweb1
操作系统：Linux
应用：系统名称：资产托管客户服务电子化平台客服平台web2机
所在地：亦庄中金
SERVICEID:L490
主机名：zctgkfptweb2
操作系统：Linux
应用：系统名称：路透Itrox1机
所在地：亦庄中金
SERVICEID:L491
主机名：bjrmds1
操作系统：Linux
应用：系统名称：路透Itrox2机
所在地：亦庄中金
SERVICEID:L492
主机名：bjrmds2
操作系统：Linux
应用：系统名称：路透Itrox3机
所在地：亦庄中金
SERVICEID:L493
主机名：bjrmds3
操作系统：Linux
应用：系统名称：录音录像系统应用服务器1机
所在地：亦庄中金
SERVICEID:L494
主机名：lylxap1
操作系统：Linux
应用：系统名称：录音录像系统应用服务器2机
所在地：亦庄中金
SERVICEID:L495
主机名：lylxap2
操作系统：Linux
应用：系统名称：录音录像系统文件服务器1机(已关机不在使用)
所在地：亦庄中金
SERVICEID:L496
主机名：lylxwj1
操作系统：Linux
应用：系统名称：录音录像系统文件服务器2机(已关机不在使用)
所在地：亦庄中金
SERVICEID:L497
主机名：lylxwj2
操作系统：Linux
应用：系统名称：录音录像系统数据库服务器1机
所在地：亦庄中金
SERVICEID:L498
主机名：lylxdb1
操作系统：Linux
应用：系统名称：录音录像系统数据库服务器2机
所在地：亦庄中金
SERVICEID:L499
主机名：lylxdb2
操作系统：Linux
应用：系统名称：自动化二期-HDCABSA3机
所在地：亦庄中金
SERVICEID:L500
主机名：HDCABSA3
操作系统：Linux
应用：系统名称：自动化二期-HDCABSA4机
所在地：亦庄中金
SERVICEID:L501
主机名：HDCABSA4
操作系统：Linux
应用：系统名称：自动化二期-HDCABRPM3机
所在地：亦庄中金
SERVICEID:L502
主机名：HDCABRPM3
操作系统：Linux
应用：系统名称：自动化二期-HDCABRPM4机
所在地：亦庄中金
SERVICEID:L503
主机名：HDCABRPM4
操作系统：Linux
应用：系统名称：自动化二期-HDCABNAAGENT1机(网络管)
所在地：亦庄中金
SERVICEID:L504
主机名：HDCABNAAGENT1
操作系统：Linux
应用：系统名称：自动化二期-HDCABNAAGENT2机(网络管)
所在地：亦庄中金
SERVICEID:L505
主机名：HDCABNAAGENT2
操作系统：Linux
应用：系统名称：自动化二期-HDCABNAAGENT3机(网络管)
所在地：亦庄中金
SERVICEID:L506
主机名：HDCABNAAGENT3
操作系统：Linux
应用：系统名称：自动化二期-HDCABNAAGENT4机(网络管)
所在地：亦庄中金
SERVICEID:L507
主机名：HDCABNAAGENT4
操作系统：AIX
应用：系统名称：自动化二期-HDCABAO1机
所在地：亦庄中金
SERVICEID:L508
主机名：HDCABAO1
操作系统：Linux
应用：系统名称：自动化二期-HDCAAR1机(不用管)
所在地：亦庄中金
SERVICEID:L509
主机名：HDCAAR1
操作系统：Linux
应用：
----------------------------------------------------------------
用户：zjp
时间：2017-06-09 08:24:19
系统名称：资产托管客户服务电子化平台客服平台web1机
所在地：亦庄中金
SERVICEID:L489
主机名：zctgkfptweb1
操作系统：Linux
应用：系统名称：资产托管客户服务电子化平台客服平台web2机
所在地：亦庄中金
SERVICEID:L490
主机名：zctgkfptweb2
操作系统：Linux
应用：系统名称：路透Itrox1机
所在地：亦庄中金
SERVICEID:L491
主机名：bjrmds1
操作系统：Linux
应用：系统名称：路透Itrox2机
所在地：亦庄中金
SERVICEID:L492
主机名：bjrmds2
操作系统：Linux
应用：系统名称：路透Itrox3机
所在地：亦庄中金
SERVICEID:L493
主机名：bjrmds3
操作系统：Linux
应用：系统名称：录音录像系统应用服务器1机
所在地：亦庄中金
SERVICEID:L494
主机名：lylxap1
操作系统：Linux
应用：系统名称：录音录像系统应用服务器2机
所在地：亦庄中金
SERVICEID:L495
主机名：lylxap2
操作系统：Linux
应用：系统名称：录音录像系统文件服务器1机(已关机不在使用)
所在地：亦庄中金
SERVICEID:L496
主机名：lylxwj1
操作系统：Linux
应用：系统名称：录音录像系统文件服务器2机(已关机不在使用)
所在地：亦庄中金
SERVICEID:L497
主机名：lylxwj2
操作系统：Linux
应用：系统名称：录音录像系统数据库服务器1机
所在地：亦庄中金
SERVICEID:L498
主机名：lylxdb1
操作系统：Linux
应用：系统名称：录音录像系统数据库服务器2机
所在地：亦庄中金
SERVICEID:L499
主机名：lylxdb2
操作系统：Linux
应用：系统名称：自动化二期-HDCABSA3机
所在地：亦庄中金
SERVICEID:L500
主机名：HDCABSA3
操作系统：Linux
应用：系统名称：自动化二期-HDCABSA4机
所在地：亦庄中金
SERVICEID:L501
主机名：HDCABSA4
操作系统：Linux
应用：系统名称：自动化二期-HDCABRPM3机
所在地：亦庄中金
SERVICEID:L502
主机名：HDCABRPM3
操作系统：Linux
应用：系统名称：自动化二期-HDCABRPM4机
所在地：亦庄中金
SERVICEID:L503
主机名：HDCABRPM4
操作系统：Linux
应用：系统名称：自动化二期-HDCABNAAGENT1机(网络管)
所在地：亦庄中金
SERVICEID:L504
主机名：HDCABNAAGENT1
操作系统：Linux
应用：系统名称：自动化二期-HDCABNAAGENT2机(网络管)
所在地：亦庄中金
SERVICEID:L505
主机名：HDCABNAAGENT2
操作系统：Linux
应用：系统名称：自动化二期-HDCABNAAGENT3机(网络管)
所在地：亦庄中金
SERVICEID:L506
主机名：HDCABNAAGENT3
操作系统：Linux
应用：系统名称：自动化二期-HDCABNAAGENT4机(网络管)
所在地：亦庄中金
SERVICEID:L507
主机名：HDCABNAAGENT4
操作系统：AIX
应用：系统名称：自动化二期-HDCABAO1机
所在地：亦庄中金
SERVICEID:L508
主机名：HDCABAO1
操作系统：Linux
应用：系统名称：自动化二期-HDCAAR1机(不用管)
所在地：亦庄中金
SERVICEID:L509
主机名：HDCAAR1
操作系统：Linux
应用：系统名称：自动化二期-HDCAAR2机(不用管)
所在地：亦庄中金
SERVICEID:L510
主机名：HDCAAR2
操作系统：Linux
应用：
----------------------------------------------------------------
用户：zjp
时间：2017-06-09 08:24:19
系统名称：资产托管客户服务电子化平台客服平台web1机
所在地：亦庄中金
SERVICEID:L489
主机名：zctgkfptweb1
操作系统：Linux
应用：系统名称：资产托管客户服务电子化平台客服平台web2机
所在地：亦庄中金
SERVICEID:L490
主机名：zctgkfptweb2
操作系统：Linux
应用：系统名称：路透Itrox1机
所在地：亦庄中金
SERVICEID:L491
主机名：bjrmds1
操作系统：Linux
应用：系统名称：路透Itrox2机
所在地：亦庄中金
SERVICEID:L492
主机名：bjrmds2
操作系统：Linux
应用：系统名称：路透Itrox3机
所在地：亦庄中金
SERVICEID:L493
主机名：bjrmds3
操作系统：Linux
应用：系统名称：录音录像系统应用服务器1机
所在地：亦庄中金
SERVICEID:L494
主机名：lylxap1
操作系统：Linux
应用：系统名称：录音录像系统应用服务器2机
所在地：亦庄中金
SERVICEID:L495
主机名：lylxap2
操作系统：Linux
应用：系统名称：录音录像系统文件服务器1机(已关机不在使用)
所在地：亦庄中金
SERVICEID:L496
主机名：lylxwj1
操作系统：Linux
应用：系统名称：录音录像系统文件服务器2机(已关机不在使用)
所在地：亦庄中金
SERVICEID:L497
主机名：lylxwj2
操作系统：Linux
应用：系统名称：录音录像系统数据库服务器1机
所在地：亦庄中金
SERVICEID:L498
主机名：lylxdb1
操作系统：Linux
应用：系统名称：录音录像系统数据库服务器2机
所在地：亦庄中金
SERVICEID:L499
主机名：lylxdb2
操作系统：Linux
应用：系统名称：自动化二期-HDCABSA3机
所在地：亦庄中金
SERVICEID:L500
主机名：HDCABSA3
操作系统：Linux
应用：系统名称：自动化二期-HDCABSA4机
所在地：亦庄中金
SERVICEID:L501
主机名：HDCABSA4
操作系统：Linux
应用：系统名称：自动化二期-HDCABRPM3机
所在地：亦庄中金
SERVICEID:L502
主机名：HDCABRPM3
操作系统：Linux
应用：系统名称：自动化二期-HDCABRPM4机
所在地：亦庄中金
SERVICEID:L503
主机名：HDCABRPM4
操作系统：Linux
应用：系统名称：自动化二期-HDCABNAAGENT1机(网络管)
所在地：亦庄中金
SERVICEID:L504
主机名：HDCABNAAGENT1
操作系统：Linux
应用：系统名称：自动化二期-HDCABNAAGENT2机(网络管)
所在地：亦庄中金
SERVICEID:L505
主机名：HDCABNAAGENT2
操作系统：Linux
应用：系统名称：自动化二期-HDCABNAAGENT3机(网络管)
所在地：亦庄中金
SERVICEID:L506
主机名：HDCABNAAGENT3
操作系统：Linux
应用：系统名称：自动化二期-HDCABNAAGENT4机(网络管)
所在地：亦庄中金
SERVICEID:L507
主机名：HDCABNAAGENT4
操作系统：AIX
应用：系统名称：自动化二期-HDCABAO1机
所在地：亦庄中金
SERVICEID:L508
主机名：HDCABAO1
操作系统：Linux
应用：系统名称：自动化二期-HDCAAR1机(不用管)
所在地：亦庄中金
SERVICEID:L509
主机名：HDCAAR1
操作系统：Linux
应用：系统名称：自动化二期-HDCAAR2机(不用管)
所在地：亦庄中金
SERVICEID:L510
主机名：HDCAAR2
操作系统：Linux
应用：系统名称：自动化二期-HDCAADDMVA01机(不用管)
所在地：亦庄中金
SERVICEID:L511
主机名：HDCAADDMVA01
操作系统：Linux
应用：
----------------------------------------------------------------
用户：zjp
时间：2017-06-09 16:24:21
操作：从index.html把数据更新到data.txt
----------------------------------------------------------------
用户：zjp
时间：2017-06-09 08:32:02
系统名称：北京分行员工助手APP
所在地：亦庄中金
SERVICEID:L514
主机名：aideFront
操作系统：Linux
应用：
----------------------------------------------------------------
用户：zjp
时间：2017-06-09 08:32:02
系统名称：北京分行员工助手APP
所在地：亦庄中金
SERVICEID:L514
主机名：aideFront
操作系统：Linux
应用：系统名称：北京分行员工助手DB
所在地：亦庄中金
SERVICEID:L515
主机名：aideDB
操作系统：Linux
应用：
----------------------------------------------------------------
用户：zjp
时间：2017-06-09 08:32:02
系统名称：北京分行员工助手APP
所在地：亦庄中金
SERVICEID:L514
主机名：aideFront
操作系统：Linux
应用：系统名称：北京分行员工助手DB
所在地：亦庄中金
SERVICEID:L515
主机名：aideDB
操作系统：Linux
应用：系统名称：手机银行app11机
所在地：亦庄中金
SERVICEID:L516
主机名：sjyhapp11
操作系统：Linux
应用：
----------------------------------------------------------------
用户：zjp
时间：2017-06-09 08:32:02
系统名称：北京分行员工助手APP
所在地：亦庄中金
SERVICEID:L514
主机名：aideFront
操作系统：Linux
应用：系统名称：北京分行员工助手DB
所在地：亦庄中金
SERVICEID:L515
主机名：aideDB
操作系统：Linux
应用：系统名称：手机银行app11机
所在地：亦庄中金
SERVICEID:L516
主机名：sjyhapp11
操作系统：Linux
应用：系统名称：手机银行app12机
所在地：亦庄中金
SERVICEID:L517
主机名：sjyhapp12
操作系统：Linux
应用：
----------------------------------------------------------------
用户：zjp
时间：2017-06-09 08:32:02
系统名称：北京分行员工助手APP
所在地：亦庄中金
SERVICEID:L514
主机名：aideFront
操作系统：Linux
应用：系统名称：北京分行员工助手DB
所在地：亦庄中金
SERVICEID:L515
主机名：aideDB
操作系统：Linux
应用：系统名称：手机银行app11机
所在地：亦庄中金
SERVICEID:L516
主机名：sjyhapp11
操作系统：Linux
应用：系统名称：手机银行app12机
所在地：亦庄中金
SERVICEID:L517
主机名：sjyhapp12
操作系统：Linux
应用：系统名称：手机银行app13机
所在地：亦庄中金
SERVICEID:L518
主机名：sjyhapp13
操作系统：Linux
应用：
----------------------------------------------------------------
用户：zjp
时间：2017-06-09 08:32:02
系统名称：北京分行员工助手APP
所在地：亦庄中金
SERVICEID:L514
主机名：aideFront
操作系统：Linux
应用：系统名称：北京分行员工助手DB
所在地：亦庄中金
SERVICEID:L515
主机名：aideDB
操作系统：Linux
应用：系统名称：手机银行app11机
所在地：亦庄中金
SERVICEID:L516
主机名：sjyhapp11
操作系统：Linux
应用：系统名称：手机银行app12机
所在地：亦庄中金
SERVICEID:L517
主机名：sjyhapp12
操作系统：Linux
应用：系统名称：手机银行app13机
所在地：亦庄中金
SERVICEID:L518
主机名：sjyhapp13
操作系统：Linux
应用：系统名称：手机银行app14机
所在地：亦庄中金
SERVICEID:L519
主机名：sjyhapp14
操作系统：Linux
应用：
----------------------------------------------------------------
用户：zjp
时间：2017-06-09 08:32:02
系统名称：北京分行员工助手APP
所在地：亦庄中金
SERVICEID:L514
主机名：aideFront
操作系统：Linux
应用：系统名称：北京分行员工助手DB
所在地：亦庄中金
SERVICEID:L515
主机名：aideDB
操作系统：Linux
应用：系统名称：手机银行app11机
所在地：亦庄中金
SERVICEID:L516
主机名：sjyhapp11
操作系统：Linux
应用：系统名称：手机银行app12机
所在地：亦庄中金
SERVICEID:L517
主机名：sjyhapp12
操作系统：Linux
应用：系统名称：手机银行app13机
所在地：亦庄中金
SERVICEID:L518
主机名：sjyhapp13
操作系统：Linux
应用：系统名称：手机银行app14机
所在地：亦庄中金
SERVICEID:L519
主机名：sjyhapp14
操作系统：Linux
应用：系统名称：手机银行web接入11机
所在地：亦庄中金
SERVICEID:L520
主机名：sjyhwebjr11
操作系统：Linux
应用：
----------------------------------------------------------------
用户：zjp
时间：2017-06-09 08:32:02
系统名称：北京分行员工助手APP
所在地：亦庄中金
SERVICEID:L514
主机名：aideFront
操作系统：Linux
应用：系统名称：北京分行员工助手DB
所在地：亦庄中金
SERVICEID:L515
主机名：aideDB
操作系统：Linux
应用：系统名称：手机银行app11机
所在地：亦庄中金
SERVICEID:L516
主机名：sjyhapp11
操作系统：Linux
应用：系统名称：手机银行app12机
所在地：亦庄中金
SERVICEID:L517
主机名：sjyhapp12
操作系统：Linux
应用：系统名称：手机银行app13机
所在地：亦庄中金
SERVICEID:L518
主机名：sjyhapp13
操作系统：Linux
应用：系统名称：手机银行app14机
所在地：亦庄中金
SERVICEID:L519
主机名：sjyhapp14
操作系统：Linux
应用：系统名称：手机银行web接入11机
所在地：亦庄中金
SERVICEID:L520
主机名：sjyhwebjr11
操作系统：Linux
应用：系统名称：手机银行web接入12机
所在地：亦庄中金
SERVICEID:L521
主机名：sjyhwebjr12
操作系统：Linux
应用：
----------------------------------------------------------------
用户：zjp
时间：2017-06-09 08:32:02
系统名称：北京分行员工助手APP
所在地：亦庄中金
SERVICEID:L514
主机名：aideFront
操作系统：Linux
应用：系统名称：北京分行员工助手DB
所在地：亦庄中金
SERVICEID:L515
主机名：aideDB
操作系统：Linux
应用：系统名称：手机银行app11机
所在地：亦庄中金
SERVICEID:L516
主机名：sjyhapp11
操作系统：Linux
应用：系统名称：手机银行app12机
所在地：亦庄中金
SERVICEID:L517
主机名：sjyhapp12
操作系统：Linux
应用：系统名称：手机银行app13机
所在地：亦庄中金
SERVICEID:L518
主机名：sjyhapp13
操作系统：Linux
应用：系统名称：手机银行app14机
所在地：亦庄中金
SERVICEID:L519
主机名：sjyhapp14
操作系统：Linux
应用：系统名称：手机银行web接入11机
所在地：亦庄中金
SERVICEID:L520
主机名：sjyhwebjr11
操作系统：Linux
应用：系统名称：手机银行web接入12机
所在地：亦庄中金
SERVICEID:L521
主机名：sjyhwebjr12
操作系统：Linux
应用：系统名称：数据管控项目--企业级数据管控应用服务器1机
所在地：亦庄中金
SERVICEID:L522
主机名：qysjgkap1
操作系统：Linux
应用：
----------------------------------------------------------------
用户：zjp
时间：2017-06-09 08:32:02
系统名称：北京分行员工助手APP
所在地：亦庄中金
SERVICEID:L514
主机名：aideFront
操作系统：Linux
应用：系统名称：北京分行员工助手DB
所在地：亦庄中金
SERVICEID:L515
主机名：aideDB
操作系统：Linux
应用：系统名称：手机银行app11机
所在地：亦庄中金
SERVICEID:L516
主机名：sjyhapp11
操作系统：Linux
应用：系统名称：手机银行app12机
所在地：亦庄中金
SERVICEID:L517
主机名：sjyhapp12
操作系统：Linux
应用：系统名称：手机银行app13机
所在地：亦庄中金
SERVICEID:L518
主机名：sjyhapp13
操作系统：Linux
应用：系统名称：手机银行app14机
所在地：亦庄中金
SERVICEID:L519
主机名：sjyhapp14
操作系统：Linux
应用：系统名称：手机银行web接入11机
所在地：亦庄中金
SERVICEID:L520
主机名：sjyhwebjr11
操作系统：Linux
应用：系统名称：手机银行web接入12机
所在地：亦庄中金
SERVICEID:L521
主机名：sjyhwebjr12
操作系统：Linux
应用：系统名称：数据管控项目--企业级数据管控应用服务器1机
所在地：亦庄中金
SERVICEID:L522
主机名：qysjgkap1
操作系统：Linux
应用：系统名称：数据管控项目--企业级数据管控应用服务器2机
所在地：亦庄中金
SERVICEID:L523
主机名：qysjgkap2
操作系统：Linux
应用：
----------------------------------------------------------------
用户：zjp
时间：2017-06-09 08:32:02
系统名称：北京分行员工助手APP
所在地：亦庄中金
SERVICEID:L514
主机名：aideFront
操作系统：Linux
应用：系统名称：北京分行员工助手DB
所在地：亦庄中金
SERVICEID:L515
主机名：aideDB
操作系统：Linux
应用：系统名称：手机银行app11机
所在地：亦庄中金
SERVICEID:L516
主机名：sjyhapp11
操作系统：Linux
应用：系统名称：手机银行app12机
所在地：亦庄中金
SERVICEID:L517
主机名：sjyhapp12
操作系统：Linux
应用：系统名称：手机银行app13机
所在地：亦庄中金
SERVICEID:L518
主机名：sjyhapp13
操作系统：Linux
应用：系统名称：手机银行app14机
所在地：亦庄中金
SERVICEID:L519
主机名：sjyhapp14
操作系统：Linux
应用：系统名称：手机银行web接入11机
所在地：亦庄中金
SERVICEID:L520
主机名：sjyhwebjr11
操作系统：Linux
应用：系统名称：手机银行web接入12机
所在地：亦庄中金
SERVICEID:L521
主机名：sjyhwebjr12
操作系统：Linux
应用：系统名称：数据管控项目--企业级数据管控应用服务器1机
所在地：亦庄中金
SERVICEID:L522
主机名：qysjgkap1
操作系统：Linux
应用：系统名称：数据管控项目--企业级数据管控应用服务器2机
所在地：亦庄中金
SERVICEID:L523
主机名：qysjgkap2
操作系统：Linux
应用：系统名称：反欺诈应用A机(HA-new)
所在地：亦庄中金
SERVICEID:L524
主机名：fqzapp1
操作系统：Linux
应用：
----------------------------------------------------------------
用户：zjp
时间：2017-06-09 08:32:02
系统名称：北京分行员工助手APP
所在地：亦庄中金
SERVICEID:L514
主机名：aideFront
操作系统：Linux
应用：系统名称：北京分行员工助手DB
所在地：亦庄中金
SERVICEID:L515
主机名：aideDB
操作系统：Linux
应用：系统名称：手机银行app11机
所在地：亦庄中金
SERVICEID:L516
主机名：sjyhapp11
操作系统：Linux
应用：系统名称：手机银行app12机
所在地：亦庄中金
SERVICEID:L517
主机名：sjyhapp12
操作系统：Linux
应用：系统名称：手机银行app13机
所在地：亦庄中金
SERVICEID:L518
主机名：sjyhapp13
操作系统：Linux
应用：系统名称：手机银行app14机
所在地：亦庄中金
SERVICEID:L519
主机名：sjyhapp14
操作系统：Linux
应用：系统名称：手机银行web接入11机
所在地：亦庄中金
SERVICEID:L520
主机名：sjyhwebjr11
操作系统：Linux
应用：系统名称：手机银行web接入12机
所在地：亦庄中金
SERVICEID:L521
主机名：sjyhwebjr12
操作系统：Linux
应用：系统名称：数据管控项目--企业级数据管控应用服务器1机
所在地：亦庄中金
SERVICEID:L522
主机名：qysjgkap1
操作系统：Linux
应用：系统名称：数据管控项目--企业级数据管控应用服务器2机
所在地：亦庄中金
SERVICEID:L523
主机名：qysjgkap2
操作系统：Linux
应用：系统名称：反欺诈应用A机(HA-new)
所在地：亦庄中金
SERVICEID:L524
主机名：fqzapp1
操作系统：Linux
应用：系统名称：反欺诈应用B机(HA-new)
所在地：亦庄中金
SERVICEID:L525
主机名：fqzapp2
操作系统：Linux
应用：
----------------------------------------------------------------
用户：zjp
时间：2017-06-09 16:32:04
操作：从index.html把数据更新到data.txt
----------------------------------------------------------------
用户：zjp
时间：2017-06-09 08:37:10
系统名称：应用日志监控分析2机
所在地：亦庄中金
SERVICEID:L580
主机名：yyrzjkfx2
操作系统：Linux
应用：
----------------------------------------------------------------
用户：zjp
时间：2017-06-09 08:37:10
系统名称：应用日志监控分析2机
所在地：亦庄中金
SERVICEID:L580
主机名：yyrzjkfx2
操作系统：Linux
应用：系统名称：应用日志监控分析3机
所在地：亦庄中金
SERVICEID:L581
主机名：yyrzjkfx3
操作系统：Linux
应用：
----------------------------------------------------------------
用户：zjp
时间：2017-06-09 08:37:10
系统名称：应用日志监控分析2机
所在地：亦庄中金
SERVICEID:L580
主机名：yyrzjkfx2
操作系统：Linux
应用：系统名称：应用日志监控分析3机
所在地：亦庄中金
SERVICEID:L581
主机名：yyrzjkfx3
操作系统：Linux
应用：系统名称：应用日志监控分析4机
所在地：亦庄中金
SERVICEID:L582
主机名：yyrzjkfx4
操作系统：Linux
应用：
----------------------------------------------------------------
用户：zjp
时间：2017-06-09 08:37:10
系统名称：应用日志监控分析2机
所在地：亦庄中金
SERVICEID:L580
主机名：yyrzjkfx2
操作系统：Linux
应用：系统名称：应用日志监控分析3机
所在地：亦庄中金
SERVICEID:L581
主机名：yyrzjkfx3
操作系统：Linux
应用：系统名称：应用日志监控分析4机
所在地：亦庄中金
SERVICEID:L582
主机名：yyrzjkfx4
操作系统：Linux
应用：系统名称：应用日志监控分析5机
所在地：亦庄中金
SERVICEID:L583
主机名：yyrzjkfx5
操作系统：Linux
应用：
----------------------------------------------------------------
用户：zjp
时间：2017-06-09 16:37:12
操作：从index.html把数据更新到data.txt
----------------------------------------------------------------
用户：zjp
时间：2017-06-09 08:38:40
系统名称：综合前置应用7机
所在地：亦庄中金
SERVICEID:L586
主机名：zhqzap7
操作系统：Linux
应用：
----------------------------------------------------------------
用户：zjp
时间：2017-06-09 08:38:40
系统名称：综合前置应用7机
所在地：亦庄中金
SERVICEID:L586
主机名：zhqzap7
操作系统：Linux
应用：系统名称：综合前置应用8机
所在地：亦庄中金
SERVICEID:L587
主机名：zhqzap8
操作系统：Linux
应用：
----------------------------------------------------------------
用户：zjp
时间：2017-06-09 16:38:41
操作：从index.html把数据更新到data.txt
----------------------------------------------------------------
用户：zjp
时间：2017-06-09 08:57:12
系统名称：客服人脸识别应用1机
所在地：亦庄中金
SERVICEID:L592
主机名：kfrlsbap1
操作系统：Linux
应用：
----------------------------------------------------------------
用户：zjp
时间：2017-06-09 08:57:12
系统名称：客服人脸识别应用1机
所在地：亦庄中金
SERVICEID:L592
主机名：kfrlsbap1
操作系统：Linux
应用：系统名称：客服人脸识别应用2机
所在地：亦庄中金
SERVICEID:L593
主机名：kfrlsbap2
操作系统：Linux
应用：
----------------------------------------------------------------
用户：zjp
时间：2017-06-09 08:57:12
系统名称：客服人脸识别应用1机
所在地：亦庄中金
SERVICEID:L592
主机名：kfrlsbap1
操作系统：Linux
应用：系统名称：客服人脸识别应用2机
所在地：亦庄中金
SERVICEID:L593
主机名：kfrlsbap2
操作系统：Linux
应用：系统名称：新直销银行web服务器1机
所在地：亦庄中金
SERVICEID:L594
主机名：xzxyhwb1
操作系统：Linux
应用：
----------------------------------------------------------------
用户：zjp
时间：2017-06-09 08:57:12
系统名称：客服人脸识别应用1机
所在地：亦庄中金
SERVICEID:L592
主机名：kfrlsbap1
操作系统：Linux
应用：系统名称：客服人脸识别应用2机
所在地：亦庄中金
SERVICEID:L593
主机名：kfrlsbap2
操作系统：Linux
应用：系统名称：新直销银行web服务器1机
所在地：亦庄中金
SERVICEID:L594
主机名：xzxyhwb1
操作系统：Linux
应用：系统名称：新直销银行web服务器2机
所在地：亦庄中金
SERVICEID:L595
主机名：xzxyhwb2
操作系统：Linux
应用：
----------------------------------------------------------------
用户：zjp
时间：2017-06-09 08:57:12
系统名称：客服人脸识别应用1机
所在地：亦庄中金
SERVICEID:L592
主机名：kfrlsbap1
操作系统：Linux
应用：系统名称：客服人脸识别应用2机
所在地：亦庄中金
SERVICEID:L593
主机名：kfrlsbap2
操作系统：Linux
应用：系统名称：新直销银行web服务器1机
所在地：亦庄中金
SERVICEID:L594
主机名：xzxyhwb1
操作系统：Linux
应用：系统名称：新直销银行web服务器2机
所在地：亦庄中金
SERVICEID:L595
主机名：xzxyhwb2
操作系统：Linux
应用：系统名称：新直销银行直销渠道1机
所在地：亦庄中金
SERVICEID:L596
主机名：xzxyhqd1 
操作系统：Linux
应用：
----------------------------------------------------------------
用户：zjp
时间：2017-06-09 08:57:12
系统名称：客服人脸识别应用1机
所在地：亦庄中金
SERVICEID:L592
主机名：kfrlsbap1
操作系统：Linux
应用：系统名称：客服人脸识别应用2机
所在地：亦庄中金
SERVICEID:L593
主机名：kfrlsbap2
操作系统：Linux
应用：系统名称：新直销银行web服务器1机
所在地：亦庄中金
SERVICEID:L594
主机名：xzxyhwb1
操作系统：Linux
应用：系统名称：新直销银行web服务器2机
所在地：亦庄中金
SERVICEID:L595
主机名：xzxyhwb2
操作系统：Linux
应用：系统名称：新直销银行直销渠道1机
所在地：亦庄中金
SERVICEID:L596
主机名：xzxyhqd1 
操作系统：Linux
应用：系统名称：新直销银行直销渠道2机
所在地：亦庄中金
SERVICEID:L597
主机名：xzxyhqd2
操作系统：Linux
应用：
----------------------------------------------------------------
用户：zjp
时间：2017-06-09 08:57:12
系统名称：客服人脸识别应用1机
所在地：亦庄中金
SERVICEID:L592
主机名：kfrlsbap1
操作系统：Linux
应用：系统名称：客服人脸识别应用2机
所在地：亦庄中金
SERVICEID:L593
主机名：kfrlsbap2
操作系统：Linux
应用：系统名称：新直销银行web服务器1机
所在地：亦庄中金
SERVICEID:L594
主机名：xzxyhwb1
操作系统：Linux
应用：系统名称：新直销银行web服务器2机
所在地：亦庄中金
SERVICEID:L595
主机名：xzxyhwb2
操作系统：Linux
应用：系统名称：新直销银行直销渠道1机
所在地：亦庄中金
SERVICEID:L596
主机名：xzxyhqd1 
操作系统：Linux
应用：系统名称：新直销银行直销渠道2机
所在地：亦庄中金
SERVICEID:L597
主机名：xzxyhqd2
操作系统：Linux
应用：系统名称：新直销银行直销服务中心1机
所在地：亦庄中金
SERVICEID:L598
主机名：xzxyhfwzx1
操作系统：Linux
应用：
----------------------------------------------------------------
用户：zjp
时间：2017-06-09 08:57:12
系统名称：客服人脸识别应用1机
所在地：亦庄中金
SERVICEID:L592
主机名：kfrlsbap1
操作系统：Linux
应用：系统名称：客服人脸识别应用2机
所在地：亦庄中金
SERVICEID:L593
主机名：kfrlsbap2
操作系统：Linux
应用：系统名称：新直销银行web服务器1机
所在地：亦庄中金
SERVICEID:L594
主机名：xzxyhwb1
操作系统：Linux
应用：系统名称：新直销银行web服务器2机
所在地：亦庄中金
SERVICEID:L595
主机名：xzxyhwb2
操作系统：Linux
应用：系统名称：新直销银行直销渠道1机
所在地：亦庄中金
SERVICEID:L596
主机名：xzxyhqd1 
操作系统：Linux
应用：系统名称：新直销银行直销渠道2机
所在地：亦庄中金
SERVICEID:L597
主机名：xzxyhqd2
操作系统：Linux
应用：系统名称：新直销银行直销服务中心1机
所在地：亦庄中金
SERVICEID:L598
主机名：xzxyhfwzx1
操作系统：Linux
应用：系统名称：新直销银行直销服务中心2机
所在地：亦庄中金
SERVICEID:L599
主机名：xzxyhfwzx2
操作系统：Linux
应用：
----------------------------------------------------------------
用户：zjp
时间：2017-06-09 08:57:12
系统名称：客服人脸识别应用1机
所在地：亦庄中金
SERVICEID:L592
主机名：kfrlsbap1
操作系统：Linux
应用：系统名称：客服人脸识别应用2机
所在地：亦庄中金
SERVICEID:L593
主机名：kfrlsbap2
操作系统：Linux
应用：系统名称：新直销银行web服务器1机
所在地：亦庄中金
SERVICEID:L594
主机名：xzxyhwb1
操作系统：Linux
应用：系统名称：新直销银行web服务器2机
所在地：亦庄中金
SERVICEID:L595
主机名：xzxyhwb2
操作系统：Linux
应用：系统名称：新直销银行直销渠道1机
所在地：亦庄中金
SERVICEID:L596
主机名：xzxyhqd1 
操作系统：Linux
应用：系统名称：新直销银行直销渠道2机
所在地：亦庄中金
SERVICEID:L597
主机名：xzxyhqd2
操作系统：Linux
应用：系统名称：新直销银行直销服务中心1机
所在地：亦庄中金
SERVICEID:L598
主机名：xzxyhfwzx1
操作系统：Linux
应用：系统名称：新直销银行直销服务中心2机
所在地：亦庄中金
SERVICEID:L599
主机名：xzxyhfwzx2
操作系统：Linux
应用：系统名称：新直销银行直销服务中心3机
所在地：亦庄中金
SERVICEID:L600
主机名：xzxyhfwzx3 
操作系统：Linux
应用：
----------------------------------------------------------------
用户：zjp
时间：2017-06-09 08:57:12
系统名称：客服人脸识别应用1机
所在地：亦庄中金
SERVICEID:L592
主机名：kfrlsbap1
操作系统：Linux
应用：系统名称：客服人脸识别应用2机
所在地：亦庄中金
SERVICEID:L593
主机名：kfrlsbap2
操作系统：Linux
应用：系统名称：新直销银行web服务器1机
所在地：亦庄中金
SERVICEID:L594
主机名：xzxyhwb1
操作系统：Linux
应用：系统名称：新直销银行web服务器2机
所在地：亦庄中金
SERVICEID:L595
主机名：xzxyhwb2
操作系统：Linux
应用：系统名称：新直销银行直销渠道1机
所在地：亦庄中金
SERVICEID:L596
主机名：xzxyhqd1 
操作系统：Linux
应用：系统名称：新直销银行直销渠道2机
所在地：亦庄中金
SERVICEID:L597
主机名：xzxyhqd2
操作系统：Linux
应用：系统名称：新直销银行直销服务中心1机
所在地：亦庄中金
SERVICEID:L598
主机名：xzxyhfwzx1
操作系统：Linux
应用：系统名称：新直销银行直销服务中心2机
所在地：亦庄中金
SERVICEID:L599
主机名：xzxyhfwzx2
操作系统：Linux
应用：系统名称：新直销银行直销服务中心3机
所在地：亦庄中金
SERVICEID:L600
主机名：xzxyhfwzx3 
操作系统：Linux
应用：系统名称：新直销银行直销服务中心4机
所在地：亦庄中金
SERVICEID:L601
主机名：xzxyhfwzx4
操作系统：Linux
应用：
----------------------------------------------------------------
用户：zjp
时间：2017-06-09 08:57:12
系统名称：客服人脸识别应用1机
所在地：亦庄中金
SERVICEID:L592
主机名：kfrlsbap1
操作系统：Linux
应用：系统名称：客服人脸识别应用2机
所在地：亦庄中金
SERVICEID:L593
主机名：kfrlsbap2
操作系统：Linux
应用：系统名称：新直销银行web服务器1机
所在地：亦庄中金
SERVICEID:L594
主机名：xzxyhwb1
操作系统：Linux
应用：系统名称：新直销银行web服务器2机
所在地：亦庄中金
SERVICEID:L595
主机名：xzxyhwb2
操作系统：Linux
应用：系统名称：新直销银行直销渠道1机
所在地：亦庄中金
SERVICEID:L596
主机名：xzxyhqd1 
操作系统：Linux
应用：系统名称：新直销银行直销渠道2机
所在地：亦庄中金
SERVICEID:L597
主机名：xzxyhqd2
操作系统：Linux
应用：系统名称：新直销银行直销服务中心1机
所在地：亦庄中金
SERVICEID:L598
主机名：xzxyhfwzx1
操作系统：Linux
应用：系统名称：新直销银行直销服务中心2机
所在地：亦庄中金
SERVICEID:L599
主机名：xzxyhfwzx2
操作系统：Linux
应用：系统名称：新直销银行直销服务中心3机
所在地：亦庄中金
SERVICEID:L600
主机名：xzxyhfwzx3 
操作系统：Linux
应用：系统名称：新直销银行直销服务中心4机
所在地：亦庄中金
SERVICEID:L601
主机名：xzxyhfwzx4
操作系统：Linux
应用：系统名称：新直销银行直销服务中心5机
所在地：亦庄中金
SERVICEID:L602
主机名：xzxyhfwzx5 
操作系统：Linux
应用：
----------------------------------------------------------------
用户：zjp
时间：2017-06-09 08:57:12
系统名称：客服人脸识别应用1机
所在地：亦庄中金
SERVICEID:L592
主机名：kfrlsbap1
操作系统：Linux
应用：系统名称：客服人脸识别应用2机
所在地：亦庄中金
SERVICEID:L593
主机名：kfrlsbap2
操作系统：Linux
应用：系统名称：新直销银行web服务器1机
所在地：亦庄中金
SERVICEID:L594
主机名：xzxyhwb1
操作系统：Linux
应用：系统名称：新直销银行web服务器2机
所在地：亦庄中金
SERVICEID:L595
主机名：xzxyhwb2
操作系统：Linux
应用：系统名称：新直销银行直销渠道1机
所在地：亦庄中金
SERVICEID:L596
主机名：xzxyhqd1 
操作系统：Linux
应用：系统名称：新直销银行直销渠道2机
所在地：亦庄中金
SERVICEID:L597
主机名：xzxyhqd2
操作系统：Linux
应用：系统名称：新直销银行直销服务中心1机
所在地：亦庄中金
SERVICEID:L598
主机名：xzxyhfwzx1
操作系统：Linux
应用：系统名称：新直销银行直销服务中心2机
所在地：亦庄中金
SERVICEID:L599
主机名：xzxyhfwzx2
操作系统：Linux
应用：系统名称：新直销银行直销服务中心3机
所在地：亦庄中金
SERVICEID:L600
主机名：xzxyhfwzx3 
操作系统：Linux
应用：系统名称：新直销银行直销服务中心4机
所在地：亦庄中金
SERVICEID:L601
主机名：xzxyhfwzx4
操作系统：Linux
应用：系统名称：新直销银行直销服务中心5机
所在地：亦庄中金
SERVICEID:L602
主机名：xzxyhfwzx5 
操作系统：Linux
应用：系统名称：新直销银行直销服务中心6机
所在地：亦庄中金
SERVICEID:L603
主机名：xzxyhfwzx6
操作系统：Linux
应用：
----------------------------------------------------------------
用户：zjp
时间：2017-06-09 08:57:12
系统名称：客服人脸识别应用1机
所在地：亦庄中金
SERVICEID:L592
主机名：kfrlsbap1
操作系统：Linux
应用：系统名称：客服人脸识别应用2机
所在地：亦庄中金
SERVICEID:L593
主机名：kfrlsbap2
操作系统：Linux
应用：系统名称：新直销银行web服务器1机
所在地：亦庄中金
SERVICEID:L594
主机名：xzxyhwb1
操作系统：Linux
应用：系统名称：新直销银行web服务器2机
所在地：亦庄中金
SERVICEID:L595
主机名：xzxyhwb2
操作系统：Linux
应用：系统名称：新直销银行直销渠道1机
所在地：亦庄中金
SERVICEID:L596
主机名：xzxyhqd1 
操作系统：Linux
应用：系统名称：新直销银行直销渠道2机
所在地：亦庄中金
SERVICEID:L597
主机名：xzxyhqd2
操作系统：Linux
应用：系统名称：新直销银行直销服务中心1机
所在地：亦庄中金
SERVICEID:L598
主机名：xzxyhfwzx1
操作系统：Linux
应用：系统名称：新直销银行直销服务中心2机
所在地：亦庄中金
SERVICEID:L599
主机名：xzxyhfwzx2
操作系统：Linux
应用：系统名称：新直销银行直销服务中心3机
所在地：亦庄中金
SERVICEID:L600
主机名：xzxyhfwzx3 
操作系统：Linux
应用：系统名称：新直销银行直销服务中心4机
所在地：亦庄中金
SERVICEID:L601
主机名：xzxyhfwzx4
操作系统：Linux
应用：系统名称：新直销银行直销服务中心5机
所在地：亦庄中金
SERVICEID:L602
主机名：xzxyhfwzx5 
操作系统：Linux
应用：系统名称：新直销银行直销服务中心6机
所在地：亦庄中金
SERVICEID:L603
主机名：xzxyhfwzx6
操作系统：Linux
应用：系统名称：新直销银行直销服务中心7机
所在地：亦庄中金
SERVICEID:L604
主机名：xzxyhfwzx7
操作系统：Linux
应用：
----------------------------------------------------------------
用户：zjp
时间：2017-06-09 08:57:12
系统名称：客服人脸识别应用1机
所在地：亦庄中金
SERVICEID:L592
主机名：kfrlsbap1
操作系统：Linux
应用：系统名称：客服人脸识别应用2机
所在地：亦庄中金
SERVICEID:L593
主机名：kfrlsbap2
操作系统：Linux
应用：系统名称：新直销银行web服务器1机
所在地：亦庄中金
SERVICEID:L594
主机名：xzxyhwb1
操作系统：Linux
应用：系统名称：新直销银行web服务器2机
所在地：亦庄中金
SERVICEID:L595
主机名：xzxyhwb2
操作系统：Linux
应用：系统名称：新直销银行直销渠道1机
所在地：亦庄中金
SERVICEID:L596
主机名：xzxyhqd1 
操作系统：Linux
应用：系统名称：新直销银行直销渠道2机
所在地：亦庄中金
SERVICEID:L597
主机名：xzxyhqd2
操作系统：Linux
应用：系统名称：新直销银行直销服务中心1机
所在地：亦庄中金
SERVICEID:L598
主机名：xzxyhfwzx1
操作系统：Linux
应用：系统名称：新直销银行直销服务中心2机
所在地：亦庄中金
SERVICEID:L599
主机名：xzxyhfwzx2
操作系统：Linux
应用：系统名称：新直销银行直销服务中心3机
所在地：亦庄中金
SERVICEID:L600
主机名：xzxyhfwzx3 
操作系统：Linux
应用：系统名称：新直销银行直销服务中心4机
所在地：亦庄中金
SERVICEID:L601
主机名：xzxyhfwzx4
操作系统：Linux
应用：系统名称：新直销银行直销服务中心5机
所在地：亦庄中金
SERVICEID:L602
主机名：xzxyhfwzx5 
操作系统：Linux
应用：系统名称：新直销银行直销服务中心6机
所在地：亦庄中金
SERVICEID:L603
主机名：xzxyhfwzx6
操作系统：Linux
应用：系统名称：新直销银行直销服务中心7机
所在地：亦庄中金
SERVICEID:L604
主机名：xzxyhfwzx7
操作系统：Linux
应用：系统名称：新直销银行直销服务中心8机
所在地：亦庄中金
SERVICEID:L605
主机名：xzxyhfwzx8
操作系统：Linux
应用：
----------------------------------------------------------------
用户：zjp
时间：2017-06-09 08:57:12
系统名称：客服人脸识别应用1机
所在地：亦庄中金
SERVICEID:L592
主机名：kfrlsbap1
操作系统：Linux
应用：系统名称：客服人脸识别应用2机
所在地：亦庄中金
SERVICEID:L593
主机名：kfrlsbap2
操作系统：Linux
应用：系统名称：新直销银行web服务器1机
所在地：亦庄中金
SERVICEID:L594
主机名：xzxyhwb1
操作系统：Linux
应用：系统名称：新直销银行web服务器2机
所在地：亦庄中金
SERVICEID:L595
主机名：xzxyhwb2
操作系统：Linux
应用：系统名称：新直销银行直销渠道1机
所在地：亦庄中金
SERVICEID:L596
主机名：xzxyhqd1 
操作系统：Linux
应用：系统名称：新直销银行直销渠道2机
所在地：亦庄中金
SERVICEID:L597
主机名：xzxyhqd2
操作系统：Linux
应用：系统名称：新直销银行直销服务中心1机
所在地：亦庄中金
SERVICEID:L598
主机名：xzxyhfwzx1
操作系统：Linux
应用：系统名称：新直销银行直销服务中心2机
所在地：亦庄中金
SERVICEID:L599
主机名：xzxyhfwzx2
操作系统：Linux
应用：系统名称：新直销银行直销服务中心3机
所在地：亦庄中金
SERVICEID:L600
主机名：xzxyhfwzx3 
操作系统：Linux
应用：系统名称：新直销银行直销服务中心4机
所在地：亦庄中金
SERVICEID:L601
主机名：xzxyhfwzx4
操作系统：Linux
应用：系统名称：新直销银行直销服务中心5机
所在地：亦庄中金
SERVICEID:L602
主机名：xzxyhfwzx5 
操作系统：Linux
应用：系统名称：新直销银行直销服务中心6机
所在地：亦庄中金
SERVICEID:L603
主机名：xzxyhfwzx6
操作系统：Linux
应用：系统名称：新直销银行直销服务中心7机
所在地：亦庄中金
SERVICEID:L604
主机名：xzxyhfwzx7
操作系统：Linux
应用：系统名称：新直销银行直销服务中心8机
所在地：亦庄中金
SERVICEID:L605
主机名：xzxyhfwzx8
操作系统：Linux
应用：系统名称：新直销银行前置渠道1机
所在地：亦庄中金
SERVICEID:L606
主机名：xzxyhqzqd1
操作系统：Linux
应用：
----------------------------------------------------------------
用户：zjp
时间：2017-06-09 08:57:12
系统名称：客服人脸识别应用1机
所在地：亦庄中金
SERVICEID:L592
主机名：kfrlsbap1
操作系统：Linux
应用：系统名称：客服人脸识别应用2机
所在地：亦庄中金
SERVICEID:L593
主机名：kfrlsbap2
操作系统：Linux
应用：系统名称：新直销银行web服务器1机
所在地：亦庄中金
SERVICEID:L594
主机名：xzxyhwb1
操作系统：Linux
应用：系统名称：新直销银行web服务器2机
所在地：亦庄中金
SERVICEID:L595
主机名：xzxyhwb2
操作系统：Linux
应用：系统名称：新直销银行直销渠道1机
所在地：亦庄中金
SERVICEID:L596
主机名：xzxyhqd1 
操作系统：Linux
应用：系统名称：新直销银行直销渠道2机
所在地：亦庄中金
SERVICEID:L597
主机名：xzxyhqd2
操作系统：Linux
应用：系统名称：新直销银行直销服务中心1机
所在地：亦庄中金
SERVICEID:L598
主机名：xzxyhfwzx1
操作系统：Linux
应用：系统名称：新直销银行直销服务中心2机
所在地：亦庄中金
SERVICEID:L599
主机名：xzxyhfwzx2
操作系统：Linux
应用：系统名称：新直销银行直销服务中心3机
所在地：亦庄中金
SERVICEID:L600
主机名：xzxyhfwzx3 
操作系统：Linux
应用：系统名称：新直销银行直销服务中心4机
所在地：亦庄中金
SERVICEID:L601
主机名：xzxyhfwzx4
操作系统：Linux
应用：系统名称：新直销银行直销服务中心5机
所在地：亦庄中金
SERVICEID:L602
主机名：xzxyhfwzx5 
操作系统：Linux
应用：系统名称：新直销银行直销服务中心6机
所在地：亦庄中金
SERVICEID:L603
主机名：xzxyhfwzx6
操作系统：Linux
应用：系统名称：新直销银行直销服务中心7机
所在地：亦庄中金
SERVICEID:L604
主机名：xzxyhfwzx7
操作系统：Linux
应用：系统名称：新直销银行直销服务中心8机
所在地：亦庄中金
SERVICEID:L605
主机名：xzxyhfwzx8
操作系统：Linux
应用：系统名称：新直销银行前置渠道1机
所在地：亦庄中金
SERVICEID:L606
主机名：xzxyhqzqd1
操作系统：Linux
应用：系统名称：新直销银行前置渠道2机
所在地：亦庄中金
SERVICEID:L607
主机名：xzxyhqzqd2
操作系统：Linux
应用：
----------------------------------------------------------------
用户：zjp
时间：2017-06-09 08:57:12
系统名称：客服人脸识别应用1机
所在地：亦庄中金
SERVICEID:L592
主机名：kfrlsbap1
操作系统：Linux
应用：系统名称：客服人脸识别应用2机
所在地：亦庄中金
SERVICEID:L593
主机名：kfrlsbap2
操作系统：Linux
应用：系统名称：新直销银行web服务器1机
所在地：亦庄中金
SERVICEID:L594
主机名：xzxyhwb1
操作系统：Linux
应用：系统名称：新直销银行web服务器2机
所在地：亦庄中金
SERVICEID:L595
主机名：xzxyhwb2
操作系统：Linux
应用：系统名称：新直销银行直销渠道1机
所在地：亦庄中金
SERVICEID:L596
主机名：xzxyhqd1 
操作系统：Linux
应用：系统名称：新直销银行直销渠道2机
所在地：亦庄中金
SERVICEID:L597
主机名：xzxyhqd2
操作系统：Linux
应用：系统名称：新直销银行直销服务中心1机
所在地：亦庄中金
SERVICEID:L598
主机名：xzxyhfwzx1
操作系统：Linux
应用：系统名称：新直销银行直销服务中心2机
所在地：亦庄中金
SERVICEID:L599
主机名：xzxyhfwzx2
操作系统：Linux
应用：系统名称：新直销银行直销服务中心3机
所在地：亦庄中金
SERVICEID:L600
主机名：xzxyhfwzx3 
操作系统：Linux
应用：系统名称：新直销银行直销服务中心4机
所在地：亦庄中金
SERVICEID:L601
主机名：xzxyhfwzx4
操作系统：Linux
应用：系统名称：新直销银行直销服务中心5机
所在地：亦庄中金
SERVICEID:L602
主机名：xzxyhfwzx5 
操作系统：Linux
应用：系统名称：新直销银行直销服务中心6机
所在地：亦庄中金
SERVICEID:L603
主机名：xzxyhfwzx6
操作系统：Linux
应用：系统名称：新直销银行直销服务中心7机
所在地：亦庄中金
SERVICEID:L604
主机名：xzxyhfwzx7
操作系统：Linux
应用：系统名称：新直销银行直销服务中心8机
所在地：亦庄中金
SERVICEID:L605
主机名：xzxyhfwzx8
操作系统：Linux
应用：系统名称：新直销银行前置渠道1机
所在地：亦庄中金
SERVICEID:L606
主机名：xzxyhqzqd1
操作系统：Linux
应用：系统名称：新直销银行前置渠道2机
所在地：亦庄中金
SERVICEID:L607
主机名：xzxyhqzqd2
操作系统：Linux
应用：系统名称：新直销银行内管服务中心1机
所在地：亦庄中金
SERVICEID:L608
主机名：xzxyhng1
操作系统：Linux
应用：
----------------------------------------------------------------
用户：zjp
时间：2017-06-09 08:57:12
系统名称：客服人脸识别应用1机
所在地：亦庄中金
SERVICEID:L592
主机名：kfrlsbap1
操作系统：Linux
应用：系统名称：客服人脸识别应用2机
所在地：亦庄中金
SERVICEID:L593
主机名：kfrlsbap2
操作系统：Linux
应用：系统名称：新直销银行web服务器1机
所在地：亦庄中金
SERVICEID:L594
主机名：xzxyhwb1
操作系统：Linux
应用：系统名称：新直销银行web服务器2机
所在地：亦庄中金
SERVICEID:L595
主机名：xzxyhwb2
操作系统：Linux
应用：系统名称：新直销银行直销渠道1机
所在地：亦庄中金
SERVICEID:L596
主机名：xzxyhqd1 
操作系统：Linux
应用：系统名称：新直销银行直销渠道2机
所在地：亦庄中金
SERVICEID:L597
主机名：xzxyhqd2
操作系统：Linux
应用：系统名称：新直销银行直销服务中心1机
所在地：亦庄中金
SERVICEID:L598
主机名：xzxyhfwzx1
操作系统：Linux
应用：系统名称：新直销银行直销服务中心2机
所在地：亦庄中金
SERVICEID:L599
主机名：xzxyhfwzx2
操作系统：Linux
应用：系统名称：新直销银行直销服务中心3机
所在地：亦庄中金
SERVICEID:L600
主机名：xzxyhfwzx3 
操作系统：Linux
应用：系统名称：新直销银行直销服务中心4机
所在地：亦庄中金
SERVICEID:L601
主机名：xzxyhfwzx4
操作系统：Linux
应用：系统名称：新直销银行直销服务中心5机
所在地：亦庄中金
SERVICEID:L602
主机名：xzxyhfwzx5 
操作系统：Linux
应用：系统名称：新直销银行直销服务中心6机
所在地：亦庄中金
SERVICEID:L603
主机名：xzxyhfwzx6
操作系统：Linux
应用：系统名称：新直销银行直销服务中心7机
所在地：亦庄中金
SERVICEID:L604
主机名：xzxyhfwzx7
操作系统：Linux
应用：系统名称：新直销银行直销服务中心8机
所在地：亦庄中金
SERVICEID:L605
主机名：xzxyhfwzx8
操作系统：Linux
应用：系统名称：新直销银行前置渠道1机
所在地：亦庄中金
SERVICEID:L606
主机名：xzxyhqzqd1
操作系统：Linux
应用：系统名称：新直销银行前置渠道2机
所在地：亦庄中金
SERVICEID:L607
主机名：xzxyhqzqd2
操作系统：Linux
应用：系统名称：新直销银行内管服务中心1机
所在地：亦庄中金
SERVICEID:L608
主机名：xzxyhng1
操作系统：Linux
应用：系统名称：新直销银行内管服务中心2机
所在地：亦庄中金
SERVICEID:L609
主机名：xzxyhng2
操作系统：Linux
应用：
----------------------------------------------------------------
用户：zjp
时间：2017-06-09 08:57:12
系统名称：客服人脸识别应用1机
所在地：亦庄中金
SERVICEID:L592
主机名：kfrlsbap1
操作系统：Linux
应用：系统名称：客服人脸识别应用2机
所在地：亦庄中金
SERVICEID:L593
主机名：kfrlsbap2
操作系统：Linux
应用：系统名称：新直销银行web服务器1机
所在地：亦庄中金
SERVICEID:L594
主机名：xzxyhwb1
操作系统：Linux
应用：系统名称：新直销银行web服务器2机
所在地：亦庄中金
SERVICEID:L595
主机名：xzxyhwb2
操作系统：Linux
应用：系统名称：新直销银行直销渠道1机
所在地：亦庄中金
SERVICEID:L596
主机名：xzxyhqd1 
操作系统：Linux
应用：系统名称：新直销银行直销渠道2机
所在地：亦庄中金
SERVICEID:L597
主机名：xzxyhqd2
操作系统：Linux
应用：系统名称：新直销银行直销服务中心1机
所在地：亦庄中金
SERVICEID:L598
主机名：xzxyhfwzx1
操作系统：Linux
应用：系统名称：新直销银行直销服务中心2机
所在地：亦庄中金
SERVICEID:L599
主机名：xzxyhfwzx2
操作系统：Linux
应用：系统名称：新直销银行直销服务中心3机
所在地：亦庄中金
SERVICEID:L600
主机名：xzxyhfwzx3 
操作系统：Linux
应用：系统名称：新直销银行直销服务中心4机
所在地：亦庄中金
SERVICEID:L601
主机名：xzxyhfwzx4
操作系统：Linux
应用：系统名称：新直销银行直销服务中心5机
所在地：亦庄中金
SERVICEID:L602
主机名：xzxyhfwzx5 
操作系统：Linux
应用：系统名称：新直销银行直销服务中心6机
所在地：亦庄中金
SERVICEID:L603
主机名：xzxyhfwzx6
操作系统：Linux
应用：系统名称：新直销银行直销服务中心7机
所在地：亦庄中金
SERVICEID:L604
主机名：xzxyhfwzx7
操作系统：Linux
应用：系统名称：新直销银行直销服务中心8机
所在地：亦庄中金
SERVICEID:L605
主机名：xzxyhfwzx8
操作系统：Linux
应用：系统名称：新直销银行前置渠道1机
所在地：亦庄中金
SERVICEID:L606
主机名：xzxyhqzqd1
操作系统：Linux
应用：系统名称：新直销银行前置渠道2机
所在地：亦庄中金
SERVICEID:L607
主机名：xzxyhqzqd2
操作系统：Linux
应用：系统名称：新直销银行内管服务中心1机
所在地：亦庄中金
SERVICEID:L608
主机名：xzxyhng1
操作系统：Linux
应用：系统名称：新直销银行内管服务中心2机
所在地：亦庄中金
SERVICEID:L609
主机名：xzxyhng2
操作系统：Linux
应用：系统名称：新直销银行缓存服务器1机
所在地：亦庄中金
SERVICEID:L610
主机名：xzxyhhc1
操作系统：Linux
应用：
----------------------------------------------------------------
用户：zjp
时间：2017-06-09 08:57:12
系统名称：客服人脸识别应用1机
所在地：亦庄中金
SERVICEID:L592
主机名：kfrlsbap1
操作系统：Linux
应用：系统名称：客服人脸识别应用2机
所在地：亦庄中金
SERVICEID:L593
主机名：kfrlsbap2
操作系统：Linux
应用：系统名称：新直销银行web服务器1机
所在地：亦庄中金
SERVICEID:L594
主机名：xzxyhwb1
操作系统：Linux
应用：系统名称：新直销银行web服务器2机
所在地：亦庄中金
SERVICEID:L595
主机名：xzxyhwb2
操作系统：Linux
应用：系统名称：新直销银行直销渠道1机
所在地：亦庄中金
SERVICEID:L596
主机名：xzxyhqd1 
操作系统：Linux
应用：系统名称：新直销银行直销渠道2机
所在地：亦庄中金
SERVICEID:L597
主机名：xzxyhqd2
操作系统：Linux
应用：系统名称：新直销银行直销服务中心1机
所在地：亦庄中金
SERVICEID:L598
主机名：xzxyhfwzx1
操作系统：Linux
应用：系统名称：新直销银行直销服务中心2机
所在地：亦庄中金
SERVICEID:L599
主机名：xzxyhfwzx2
操作系统：Linux
应用：系统名称：新直销银行直销服务中心3机
所在地：亦庄中金
SERVICEID:L600
主机名：xzxyhfwzx3 
操作系统：Linux
应用：系统名称：新直销银行直销服务中心4机
所在地：亦庄中金
SERVICEID:L601
主机名：xzxyhfwzx4
操作系统：Linux
应用：系统名称：新直销银行直销服务中心5机
所在地：亦庄中金
SERVICEID:L602
主机名：xzxyhfwzx5 
操作系统：Linux
应用：系统名称：新直销银行直销服务中心6机
所在地：亦庄中金
SERVICEID:L603
主机名：xzxyhfwzx6
操作系统：Linux
应用：系统名称：新直销银行直销服务中心7机
所在地：亦庄中金
SERVICEID:L604
主机名：xzxyhfwzx7
操作系统：Linux
应用：系统名称：新直销银行直销服务中心8机
所在地：亦庄中金
SERVICEID:L605
主机名：xzxyhfwzx8
操作系统：Linux
应用：系统名称：新直销银行前置渠道1机
所在地：亦庄中金
SERVICEID:L606
主机名：xzxyhqzqd1
操作系统：Linux
应用：系统名称：新直销银行前置渠道2机
所在地：亦庄中金
SERVICEID:L607
主机名：xzxyhqzqd2
操作系统：Linux
应用：系统名称：新直销银行内管服务中心1机
所在地：亦庄中金
SERVICEID:L608
主机名：xzxyhng1
操作系统：Linux
应用：系统名称：新直销银行内管服务中心2机
所在地：亦庄中金
SERVICEID:L609
主机名：xzxyhng2
操作系统：Linux
应用：系统名称：新直销银行缓存服务器1机
所在地：亦庄中金
SERVICEID:L610
主机名：xzxyhhc1
操作系统：Linux
应用：系统名称：新直销银行缓存服务器2机
所在地：亦庄中金
SERVICEID:L611
主机名：xzxyhhc2
操作系统：Linux
应用：
----------------------------------------------------------------
用户：zjp
时间：2017-06-09 08:57:12
系统名称：客服人脸识别应用1机
所在地：亦庄中金
SERVICEID:L592
主机名：kfrlsbap1
操作系统：Linux
应用：系统名称：客服人脸识别应用2机
所在地：亦庄中金
SERVICEID:L593
主机名：kfrlsbap2
操作系统：Linux
应用：系统名称：新直销银行web服务器1机
所在地：亦庄中金
SERVICEID:L594
主机名：xzxyhwb1
操作系统：Linux
应用：系统名称：新直销银行web服务器2机
所在地：亦庄中金
SERVICEID:L595
主机名：xzxyhwb2
操作系统：Linux
应用：系统名称：新直销银行直销渠道1机
所在地：亦庄中金
SERVICEID:L596
主机名：xzxyhqd1 
操作系统：Linux
应用：系统名称：新直销银行直销渠道2机
所在地：亦庄中金
SERVICEID:L597
主机名：xzxyhqd2
操作系统：Linux
应用：系统名称：新直销银行直销服务中心1机
所在地：亦庄中金
SERVICEID:L598
主机名：xzxyhfwzx1
操作系统：Linux
应用：系统名称：新直销银行直销服务中心2机
所在地：亦庄中金
SERVICEID:L599
主机名：xzxyhfwzx2
操作系统：Linux
应用：系统名称：新直销银行直销服务中心3机
所在地：亦庄中金
SERVICEID:L600
主机名：xzxyhfwzx3 
操作系统：Linux
应用：系统名称：新直销银行直销服务中心4机
所在地：亦庄中金
SERVICEID:L601
主机名：xzxyhfwzx4
操作系统：Linux
应用：系统名称：新直销银行直销服务中心5机
所在地：亦庄中金
SERVICEID:L602
主机名：xzxyhfwzx5 
操作系统：Linux
应用：系统名称：新直销银行直销服务中心6机
所在地：亦庄中金
SERVICEID:L603
主机名：xzxyhfwzx6
操作系统：Linux
应用：系统名称：新直销银行直销服务中心7机
所在地：亦庄中金
SERVICEID:L604
主机名：xzxyhfwzx7
操作系统：Linux
应用：系统名称：新直销银行直销服务中心8机
所在地：亦庄中金
SERVICEID:L605
主机名：xzxyhfwzx8
操作系统：Linux
应用：系统名称：新直销银行前置渠道1机
所在地：亦庄中金
SERVICEID:L606
主机名：xzxyhqzqd1
操作系统：Linux
应用：系统名称：新直销银行前置渠道2机
所在地：亦庄中金
SERVICEID:L607
主机名：xzxyhqzqd2
操作系统：Linux
应用：系统名称：新直销银行内管服务中心1机
所在地：亦庄中金
SERVICEID:L608
主机名：xzxyhng1
操作系统：Linux
应用：系统名称：新直销银行内管服务中心2机
所在地：亦庄中金
SERVICEID:L609
主机名：xzxyhng2
操作系统：Linux
应用：系统名称：新直销银行缓存服务器1机
所在地：亦庄中金
SERVICEID:L610
主机名：xzxyhhc1
操作系统：Linux
应用：系统名称：新直销银行缓存服务器2机
所在地：亦庄中金
SERVICEID:L611
主机名：xzxyhhc2
操作系统：Linux
应用：系统名称：新直销银行缓存服务器3机
所在地：亦庄中金
SERVICEID:L612
主机名：xzxyhhc3
操作系统：Linux
应用：
----------------------------------------------------------------
用户：zjp
时间：2017-06-09 08:57:12
系统名称：客服人脸识别应用1机
所在地：亦庄中金
SERVICEID:L592
主机名：kfrlsbap1
操作系统：Linux
应用：系统名称：客服人脸识别应用2机
所在地：亦庄中金
SERVICEID:L593
主机名：kfrlsbap2
操作系统：Linux
应用：系统名称：新直销银行web服务器1机
所在地：亦庄中金
SERVICEID:L594
主机名：xzxyhwb1
操作系统：Linux
应用：系统名称：新直销银行web服务器2机
所在地：亦庄中金
SERVICEID:L595
主机名：xzxyhwb2
操作系统：Linux
应用：系统名称：新直销银行直销渠道1机
所在地：亦庄中金
SERVICEID:L596
主机名：xzxyhqd1 
操作系统：Linux
应用：系统名称：新直销银行直销渠道2机
所在地：亦庄中金
SERVICEID:L597
主机名：xzxyhqd2
操作系统：Linux
应用：系统名称：新直销银行直销服务中心1机
所在地：亦庄中金
SERVICEID:L598
主机名：xzxyhfwzx1
操作系统：Linux
应用：系统名称：新直销银行直销服务中心2机
所在地：亦庄中金
SERVICEID:L599
主机名：xzxyhfwzx2
操作系统：Linux
应用：系统名称：新直销银行直销服务中心3机
所在地：亦庄中金
SERVICEID:L600
主机名：xzxyhfwzx3 
操作系统：Linux
应用：系统名称：新直销银行直销服务中心4机
所在地：亦庄中金
SERVICEID:L601
主机名：xzxyhfwzx4
操作系统：Linux
应用：系统名称：新直销银行直销服务中心5机
所在地：亦庄中金
SERVICEID:L602
主机名：xzxyhfwzx5 
操作系统：Linux
应用：系统名称：新直销银行直销服务中心6机
所在地：亦庄中金
SERVICEID:L603
主机名：xzxyhfwzx6
操作系统：Linux
应用：系统名称：新直销银行直销服务中心7机
所在地：亦庄中金
SERVICEID:L604
主机名：xzxyhfwzx7
操作系统：Linux
应用：系统名称：新直销银行直销服务中心8机
所在地：亦庄中金
SERVICEID:L605
主机名：xzxyhfwzx8
操作系统：Linux
应用：系统名称：新直销银行前置渠道1机
所在地：亦庄中金
SERVICEID:L606
主机名：xzxyhqzqd1
操作系统：Linux
应用：系统名称：新直销银行前置渠道2机
所在地：亦庄中金
SERVICEID:L607
主机名：xzxyhqzqd2
操作系统：Linux
应用：系统名称：新直销银行内管服务中心1机
所在地：亦庄中金
SERVICEID:L608
主机名：xzxyhng1
操作系统：Linux
应用：系统名称：新直销银行内管服务中心2机
所在地：亦庄中金
SERVICEID:L609
主机名：xzxyhng2
操作系统：Linux
应用：系统名称：新直销银行缓存服务器1机
所在地：亦庄中金
SERVICEID:L610
主机名：xzxyhhc1
操作系统：Linux
应用：系统名称：新直销银行缓存服务器2机
所在地：亦庄中金
SERVICEID:L611
主机名：xzxyhhc2
操作系统：Linux
应用：系统名称：新直销银行缓存服务器3机
所在地：亦庄中金
SERVICEID:L612
主机名：xzxyhhc3
操作系统：Linux
应用：系统名称：新直销银行SOA服务器1机
所在地：亦庄中金
SERVICEID:L613
主机名：xzxyhsoa1
操作系统：Linux
应用：
----------------------------------------------------------------
用户：zjp
时间：2017-06-09 08:57:12
系统名称：客服人脸识别应用1机
所在地：亦庄中金
SERVICEID:L592
主机名：kfrlsbap1
操作系统：Linux
应用：系统名称：客服人脸识别应用2机
所在地：亦庄中金
SERVICEID:L593
主机名：kfrlsbap2
操作系统：Linux
应用：系统名称：新直销银行web服务器1机
所在地：亦庄中金
SERVICEID:L594
主机名：xzxyhwb1
操作系统：Linux
应用：系统名称：新直销银行web服务器2机
所在地：亦庄中金
SERVICEID:L595
主机名：xzxyhwb2
操作系统：Linux
应用：系统名称：新直销银行直销渠道1机
所在地：亦庄中金
SERVICEID:L596
主机名：xzxyhqd1 
操作系统：Linux
应用：系统名称：新直销银行直销渠道2机
所在地：亦庄中金
SERVICEID:L597
主机名：xzxyhqd2
操作系统：Linux
应用：系统名称：新直销银行直销服务中心1机
所在地：亦庄中金
SERVICEID:L598
主机名：xzxyhfwzx1
操作系统：Linux
应用：系统名称：新直销银行直销服务中心2机
所在地：亦庄中金
SERVICEID:L599
主机名：xzxyhfwzx2
操作系统：Linux
应用：系统名称：新直销银行直销服务中心3机
所在地：亦庄中金
SERVICEID:L600
主机名：xzxyhfwzx3 
操作系统：Linux
应用：系统名称：新直销银行直销服务中心4机
所在地：亦庄中金
SERVICEID:L601
主机名：xzxyhfwzx4
操作系统：Linux
应用：系统名称：新直销银行直销服务中心5机
所在地：亦庄中金
SERVICEID:L602
主机名：xzxyhfwzx5 
操作系统：Linux
应用：系统名称：新直销银行直销服务中心6机
所在地：亦庄中金
SERVICEID:L603
主机名：xzxyhfwzx6
操作系统：Linux
应用：系统名称：新直销银行直销服务中心7机
所在地：亦庄中金
SERVICEID:L604
主机名：xzxyhfwzx7
操作系统：Linux
应用：系统名称：新直销银行直销服务中心8机
所在地：亦庄中金
SERVICEID:L605
主机名：xzxyhfwzx8
操作系统：Linux
应用：系统名称：新直销银行前置渠道1机
所在地：亦庄中金
SERVICEID:L606
主机名：xzxyhqzqd1
操作系统：Linux
应用：系统名称：新直销银行前置渠道2机
所在地：亦庄中金
SERVICEID:L607
主机名：xzxyhqzqd2
操作系统：Linux
应用：系统名称：新直销银行内管服务中心1机
所在地：亦庄中金
SERVICEID:L608
主机名：xzxyhng1
操作系统：Linux
应用：系统名称：新直销银行内管服务中心2机
所在地：亦庄中金
SERVICEID:L609
主机名：xzxyhng2
操作系统：Linux
应用：系统名称：新直销银行缓存服务器1机
所在地：亦庄中金
SERVICEID:L610
主机名：xzxyhhc1
操作系统：Linux
应用：系统名称：新直销银行缓存服务器2机
所在地：亦庄中金
SERVICEID:L611
主机名：xzxyhhc2
操作系统：Linux
应用：系统名称：新直销银行缓存服务器3机
所在地：亦庄中金
SERVICEID:L612
主机名：xzxyhhc3
操作系统：Linux
应用：系统名称：新直销银行SOA服务器1机
所在地：亦庄中金
SERVICEID:L613
主机名：xzxyhsoa1
操作系统：Linux
应用：系统名称：新直销银行SOA服务器2机
所在地：亦庄中金
SERVICEID:L614
主机名：xzxyhsoa2
操作系统：Linux
应用：
----------------------------------------------------------------
用户：zjp
时间：2017-06-09 08:57:12
系统名称：客服人脸识别应用1机
所在地：亦庄中金
SERVICEID:L592
主机名：kfrlsbap1
操作系统：Linux
应用：系统名称：客服人脸识别应用2机
所在地：亦庄中金
SERVICEID:L593
主机名：kfrlsbap2
操作系统：Linux
应用：系统名称：新直销银行web服务器1机
所在地：亦庄中金
SERVICEID:L594
主机名：xzxyhwb1
操作系统：Linux
应用：系统名称：新直销银行web服务器2机
所在地：亦庄中金
SERVICEID:L595
主机名：xzxyhwb2
操作系统：Linux
应用：系统名称：新直销银行直销渠道1机
所在地：亦庄中金
SERVICEID:L596
主机名：xzxyhqd1 
操作系统：Linux
应用：系统名称：新直销银行直销渠道2机
所在地：亦庄中金
SERVICEID:L597
主机名：xzxyhqd2
操作系统：Linux
应用：系统名称：新直销银行直销服务中心1机
所在地：亦庄中金
SERVICEID:L598
主机名：xzxyhfwzx1
操作系统：Linux
应用：系统名称：新直销银行直销服务中心2机
所在地：亦庄中金
SERVICEID:L599
主机名：xzxyhfwzx2
操作系统：Linux
应用：系统名称：新直销银行直销服务中心3机
所在地：亦庄中金
SERVICEID:L600
主机名：xzxyhfwzx3 
操作系统：Linux
应用：系统名称：新直销银行直销服务中心4机
所在地：亦庄中金
SERVICEID:L601
主机名：xzxyhfwzx4
操作系统：Linux
应用：系统名称：新直销银行直销服务中心5机
所在地：亦庄中金
SERVICEID:L602
主机名：xzxyhfwzx5 
操作系统：Linux
应用：系统名称：新直销银行直销服务中心6机
所在地：亦庄中金
SERVICEID:L603
主机名：xzxyhfwzx6
操作系统：Linux
应用：系统名称：新直销银行直销服务中心7机
所在地：亦庄中金
SERVICEID:L604
主机名：xzxyhfwzx7
操作系统：Linux
应用：系统名称：新直销银行直销服务中心8机
所在地：亦庄中金
SERVICEID:L605
主机名：xzxyhfwzx8
操作系统：Linux
应用：系统名称：新直销银行前置渠道1机
所在地：亦庄中金
SERVICEID:L606
主机名：xzxyhqzqd1
操作系统：Linux
应用：系统名称：新直销银行前置渠道2机
所在地：亦庄中金
SERVICEID:L607
主机名：xzxyhqzqd2
操作系统：Linux
应用：系统名称：新直销银行内管服务中心1机
所在地：亦庄中金
SERVICEID:L608
主机名：xzxyhng1
操作系统：Linux
应用：系统名称：新直销银行内管服务中心2机
所在地：亦庄中金
SERVICEID:L609
主机名：xzxyhng2
操作系统：Linux
应用：系统名称：新直销银行缓存服务器1机
所在地：亦庄中金
SERVICEID:L610
主机名：xzxyhhc1
操作系统：Linux
应用：系统名称：新直销银行缓存服务器2机
所在地：亦庄中金
SERVICEID:L611
主机名：xzxyhhc2
操作系统：Linux
应用：系统名称：新直销银行缓存服务器3机
所在地：亦庄中金
SERVICEID:L612
主机名：xzxyhhc3
操作系统：Linux
应用：系统名称：新直销银行SOA服务器1机
所在地：亦庄中金
SERVICEID:L613
主机名：xzxyhsoa1
操作系统：Linux
应用：系统名称：新直销银行SOA服务器2机
所在地：亦庄中金
SERVICEID:L614
主机名：xzxyhsoa2
操作系统：Linux
应用：系统名称：新直销银行SOA服务器3机
所在地：亦庄中金
SERVICEID:L615
主机名：xzxyhsoa3
操作系统：Linux
应用：
----------------------------------------------------------------
用户：zjp
时间：2017-06-09 08:57:12
系统名称：客服人脸识别应用1机
所在地：亦庄中金
SERVICEID:L592
主机名：kfrlsbap1
操作系统：Linux
应用：系统名称：客服人脸识别应用2机
所在地：亦庄中金
SERVICEID:L593
主机名：kfrlsbap2
操作系统：Linux
应用：系统名称：新直销银行web服务器1机
所在地：亦庄中金
SERVICEID:L594
主机名：xzxyhwb1
操作系统：Linux
应用：系统名称：新直销银行web服务器2机
所在地：亦庄中金
SERVICEID:L595
主机名：xzxyhwb2
操作系统：Linux
应用：系统名称：新直销银行直销渠道1机
所在地：亦庄中金
SERVICEID:L596
主机名：xzxyhqd1 
操作系统：Linux
应用：系统名称：新直销银行直销渠道2机
所在地：亦庄中金
SERVICEID:L597
主机名：xzxyhqd2
操作系统：Linux
应用：系统名称：新直销银行直销服务中心1机
所在地：亦庄中金
SERVICEID:L598
主机名：xzxyhfwzx1
操作系统：Linux
应用：系统名称：新直销银行直销服务中心2机
所在地：亦庄中金
SERVICEID:L599
主机名：xzxyhfwzx2
操作系统：Linux
应用：系统名称：新直销银行直销服务中心3机
所在地：亦庄中金
SERVICEID:L600
主机名：xzxyhfwzx3 
操作系统：Linux
应用：系统名称：新直销银行直销服务中心4机
所在地：亦庄中金
SERVICEID:L601
主机名：xzxyhfwzx4
操作系统：Linux
应用：系统名称：新直销银行直销服务中心5机
所在地：亦庄中金
SERVICEID:L602
主机名：xzxyhfwzx5 
操作系统：Linux
应用：系统名称：新直销银行直销服务中心6机
所在地：亦庄中金
SERVICEID:L603
主机名：xzxyhfwzx6
操作系统：Linux
应用：系统名称：新直销银行直销服务中心7机
所在地：亦庄中金
SERVICEID:L604
主机名：xzxyhfwzx7
操作系统：Linux
应用：系统名称：新直销银行直销服务中心8机
所在地：亦庄中金
SERVICEID:L605
主机名：xzxyhfwzx8
操作系统：Linux
应用：系统名称：新直销银行前置渠道1机
所在地：亦庄中金
SERVICEID:L606
主机名：xzxyhqzqd1
操作系统：Linux
应用：系统名称：新直销银行前置渠道2机
所在地：亦庄中金
SERVICEID:L607
主机名：xzxyhqzqd2
操作系统：Linux
应用：系统名称：新直销银行内管服务中心1机
所在地：亦庄中金
SERVICEID:L608
主机名：xzxyhng1
操作系统：Linux
应用：系统名称：新直销银行内管服务中心2机
所在地：亦庄中金
SERVICEID:L609
主机名：xzxyhng2
操作系统：Linux
应用：系统名称：新直销银行缓存服务器1机
所在地：亦庄中金
SERVICEID:L610
主机名：xzxyhhc1
操作系统：Linux
应用：系统名称：新直销银行缓存服务器2机
所在地：亦庄中金
SERVICEID:L611
主机名：xzxyhhc2
操作系统：Linux
应用：系统名称：新直销银行缓存服务器3机
所在地：亦庄中金
SERVICEID:L612
主机名：xzxyhhc3
操作系统：Linux
应用：系统名称：新直销银行SOA服务器1机
所在地：亦庄中金
SERVICEID:L613
主机名：xzxyhsoa1
操作系统：Linux
应用：系统名称：新直销银行SOA服务器2机
所在地：亦庄中金
SERVICEID:L614
主机名：xzxyhsoa2
操作系统：Linux
应用：系统名称：新直销银行SOA服务器3机
所在地：亦庄中金
SERVICEID:L615
主机名：xzxyhsoa3
操作系统：Linux
应用：系统名称：新直销银行日志服务器1机
所在地：亦庄中金
SERVICEID:L616
主机名：xzxyhlog1
操作系统：Linux
应用：
----------------------------------------------------------------
用户：zjp
时间：2017-06-09 08:57:12
系统名称：客服人脸识别应用1机
所在地：亦庄中金
SERVICEID:L592
主机名：kfrlsbap1
操作系统：Linux
应用：系统名称：客服人脸识别应用2机
所在地：亦庄中金
SERVICEID:L593
主机名：kfrlsbap2
操作系统：Linux
应用：系统名称：新直销银行web服务器1机
所在地：亦庄中金
SERVICEID:L594
主机名：xzxyhwb1
操作系统：Linux
应用：系统名称：新直销银行web服务器2机
所在地：亦庄中金
SERVICEID:L595
主机名：xzxyhwb2
操作系统：Linux
应用：系统名称：新直销银行直销渠道1机
所在地：亦庄中金
SERVICEID:L596
主机名：xzxyhqd1 
操作系统：Linux
应用：系统名称：新直销银行直销渠道2机
所在地：亦庄中金
SERVICEID:L597
主机名：xzxyhqd2
操作系统：Linux
应用：系统名称：新直销银行直销服务中心1机
所在地：亦庄中金
SERVICEID:L598
主机名：xzxyhfwzx1
操作系统：Linux
应用：系统名称：新直销银行直销服务中心2机
所在地：亦庄中金
SERVICEID:L599
主机名：xzxyhfwzx2
操作系统：Linux
应用：系统名称：新直销银行直销服务中心3机
所在地：亦庄中金
SERVICEID:L600
主机名：xzxyhfwzx3 
操作系统：Linux
应用：系统名称：新直销银行直销服务中心4机
所在地：亦庄中金
SERVICEID:L601
主机名：xzxyhfwzx4
操作系统：Linux
应用：系统名称：新直销银行直销服务中心5机
所在地：亦庄中金
SERVICEID:L602
主机名：xzxyhfwzx5 
操作系统：Linux
应用：系统名称：新直销银行直销服务中心6机
所在地：亦庄中金
SERVICEID:L603
主机名：xzxyhfwzx6
操作系统：Linux
应用：系统名称：新直销银行直销服务中心7机
所在地：亦庄中金
SERVICEID:L604
主机名：xzxyhfwzx7
操作系统：Linux
应用：系统名称：新直销银行直销服务中心8机
所在地：亦庄中金
SERVICEID:L605
主机名：xzxyhfwzx8
操作系统：Linux
应用：系统名称：新直销银行前置渠道1机
所在地：亦庄中金
SERVICEID:L606
主机名：xzxyhqzqd1
操作系统：Linux
应用：系统名称：新直销银行前置渠道2机
所在地：亦庄中金
SERVICEID:L607
主机名：xzxyhqzqd2
操作系统：Linux
应用：系统名称：新直销银行内管服务中心1机
所在地：亦庄中金
SERVICEID:L608
主机名：xzxyhng1
操作系统：Linux
应用：系统名称：新直销银行内管服务中心2机
所在地：亦庄中金
SERVICEID:L609
主机名：xzxyhng2
操作系统：Linux
应用：系统名称：新直销银行缓存服务器1机
所在地：亦庄中金
SERVICEID:L610
主机名：xzxyhhc1
操作系统：Linux
应用：系统名称：新直销银行缓存服务器2机
所在地：亦庄中金
SERVICEID:L611
主机名：xzxyhhc2
操作系统：Linux
应用：系统名称：新直销银行缓存服务器3机
所在地：亦庄中金
SERVICEID:L612
主机名：xzxyhhc3
操作系统：Linux
应用：系统名称：新直销银行SOA服务器1机
所在地：亦庄中金
SERVICEID:L613
主机名：xzxyhsoa1
操作系统：Linux
应用：系统名称：新直销银行SOA服务器2机
所在地：亦庄中金
SERVICEID:L614
主机名：xzxyhsoa2
操作系统：Linux
应用：系统名称：新直销银行SOA服务器3机
所在地：亦庄中金
SERVICEID:L615
主机名：xzxyhsoa3
操作系统：Linux
应用：系统名称：新直销银行日志服务器1机
所在地：亦庄中金
SERVICEID:L616
主机名：xzxyhlog1
操作系统：Linux
应用：系统名称：P2P WEB管理端/应用服务器1
所在地：亦庄中金
SERVICEID:L618
主机名：p2papp3
操作系统：Linux
应用：
----------------------------------------------------------------
用户：zjp
时间：2017-06-09 08:57:12
系统名称：客服人脸识别应用1机
所在地：亦庄中金
SERVICEID:L592
主机名：kfrlsbap1
操作系统：Linux
应用：系统名称：客服人脸识别应用2机
所在地：亦庄中金
SERVICEID:L593
主机名：kfrlsbap2
操作系统：Linux
应用：系统名称：新直销银行web服务器1机
所在地：亦庄中金
SERVICEID:L594
主机名：xzxyhwb1
操作系统：Linux
应用：系统名称：新直销银行web服务器2机
所在地：亦庄中金
SERVICEID:L595
主机名：xzxyhwb2
操作系统：Linux
应用：系统名称：新直销银行直销渠道1机
所在地：亦庄中金
SERVICEID:L596
主机名：xzxyhqd1 
操作系统：Linux
应用：系统名称：新直销银行直销渠道2机
所在地：亦庄中金
SERVICEID:L597
主机名：xzxyhqd2
操作系统：Linux
应用：系统名称：新直销银行直销服务中心1机
所在地：亦庄中金
SERVICEID:L598
主机名：xzxyhfwzx1
操作系统：Linux
应用：系统名称：新直销银行直销服务中心2机
所在地：亦庄中金
SERVICEID:L599
主机名：xzxyhfwzx2
操作系统：Linux
应用：系统名称：新直销银行直销服务中心3机
所在地：亦庄中金
SERVICEID:L600
主机名：xzxyhfwzx3 
操作系统：Linux
应用：系统名称：新直销银行直销服务中心4机
所在地：亦庄中金
SERVICEID:L601
主机名：xzxyhfwzx4
操作系统：Linux
应用：系统名称：新直销银行直销服务中心5机
所在地：亦庄中金
SERVICEID:L602
主机名：xzxyhfwzx5 
操作系统：Linux
应用：系统名称：新直销银行直销服务中心6机
所在地：亦庄中金
SERVICEID:L603
主机名：xzxyhfwzx6
操作系统：Linux
应用：系统名称：新直销银行直销服务中心7机
所在地：亦庄中金
SERVICEID:L604
主机名：xzxyhfwzx7
操作系统：Linux
应用：系统名称：新直销银行直销服务中心8机
所在地：亦庄中金
SERVICEID:L605
主机名：xzxyhfwzx8
操作系统：Linux
应用：系统名称：新直销银行前置渠道1机
所在地：亦庄中金
SERVICEID:L606
主机名：xzxyhqzqd1
操作系统：Linux
应用：系统名称：新直销银行前置渠道2机
所在地：亦庄中金
SERVICEID:L607
主机名：xzxyhqzqd2
操作系统：Linux
应用：系统名称：新直销银行内管服务中心1机
所在地：亦庄中金
SERVICEID:L608
主机名：xzxyhng1
操作系统：Linux
应用：系统名称：新直销银行内管服务中心2机
所在地：亦庄中金
SERVICEID:L609
主机名：xzxyhng2
操作系统：Linux
应用：系统名称：新直销银行缓存服务器1机
所在地：亦庄中金
SERVICEID:L610
主机名：xzxyhhc1
操作系统：Linux
应用：系统名称：新直销银行缓存服务器2机
所在地：亦庄中金
SERVICEID:L611
主机名：xzxyhhc2
操作系统：Linux
应用：系统名称：新直销银行缓存服务器3机
所在地：亦庄中金
SERVICEID:L612
主机名：xzxyhhc3
操作系统：Linux
应用：系统名称：新直销银行SOA服务器1机
所在地：亦庄中金
SERVICEID:L613
主机名：xzxyhsoa1
操作系统：Linux
应用：系统名称：新直销银行SOA服务器2机
所在地：亦庄中金
SERVICEID:L614
主机名：xzxyhsoa2
操作系统：Linux
应用：系统名称：新直销银行SOA服务器3机
所在地：亦庄中金
SERVICEID:L615
主机名：xzxyhsoa3
操作系统：Linux
应用：系统名称：新直销银行日志服务器1机
所在地：亦庄中金
SERVICEID:L616
主机名：xzxyhlog1
操作系统：Linux
应用：系统名称：P2P WEB管理端/应用服务器1
所在地：亦庄中金
SERVICEID:L618
主机名：p2papp3
操作系统：Linux
应用：系统名称：P2P WEB管理端/应用服务器2
所在地：亦庄中金
SERVICEID:L619
主机名：p2papp4
操作系统：Linux
应用：
----------------------------------------------------------------
用户：zjp
时间：2017-06-09 08:57:12
系统名称：客服人脸识别应用1机
所在地：亦庄中金
SERVICEID:L592
主机名：kfrlsbap1
操作系统：Linux
应用：系统名称：客服人脸识别应用2机
所在地：亦庄中金
SERVICEID:L593
主机名：kfrlsbap2
操作系统：Linux
应用：系统名称：新直销银行web服务器1机
所在地：亦庄中金
SERVICEID:L594
主机名：xzxyhwb1
操作系统：Linux
应用：系统名称：新直销银行web服务器2机
所在地：亦庄中金
SERVICEID:L595
主机名：xzxyhwb2
操作系统：Linux
应用：系统名称：新直销银行直销渠道1机
所在地：亦庄中金
SERVICEID:L596
主机名：xzxyhqd1 
操作系统：Linux
应用：系统名称：新直销银行直销渠道2机
所在地：亦庄中金
SERVICEID:L597
主机名：xzxyhqd2
操作系统：Linux
应用：系统名称：新直销银行直销服务中心1机
所在地：亦庄中金
SERVICEID:L598
主机名：xzxyhfwzx1
操作系统：Linux
应用：系统名称：新直销银行直销服务中心2机
所在地：亦庄中金
SERVICEID:L599
主机名：xzxyhfwzx2
操作系统：Linux
应用：系统名称：新直销银行直销服务中心3机
所在地：亦庄中金
SERVICEID:L600
主机名：xzxyhfwzx3 
操作系统：Linux
应用：系统名称：新直销银行直销服务中心4机
所在地：亦庄中金
SERVICEID:L601
主机名：xzxyhfwzx4
操作系统：Linux
应用：系统名称：新直销银行直销服务中心5机
所在地：亦庄中金
SERVICEID:L602
主机名：xzxyhfwzx5 
操作系统：Linux
应用：系统名称：新直销银行直销服务中心6机
所在地：亦庄中金
SERVICEID:L603
主机名：xzxyhfwzx6
操作系统：Linux
应用：系统名称：新直销银行直销服务中心7机
所在地：亦庄中金
SERVICEID:L604
主机名：xzxyhfwzx7
操作系统：Linux
应用：系统名称：新直销银行直销服务中心8机
所在地：亦庄中金
SERVICEID:L605
主机名：xzxyhfwzx8
操作系统：Linux
应用：系统名称：新直销银行前置渠道1机
所在地：亦庄中金
SERVICEID:L606
主机名：xzxyhqzqd1
操作系统：Linux
应用：系统名称：新直销银行前置渠道2机
所在地：亦庄中金
SERVICEID:L607
主机名：xzxyhqzqd2
操作系统：Linux
应用：系统名称：新直销银行内管服务中心1机
所在地：亦庄中金
SERVICEID:L608
主机名：xzxyhng1
操作系统：Linux
应用：系统名称：新直销银行内管服务中心2机
所在地：亦庄中金
SERVICEID:L609
主机名：xzxyhng2
操作系统：Linux
应用：系统名称：新直销银行缓存服务器1机
所在地：亦庄中金
SERVICEID:L610
主机名：xzxyhhc1
操作系统：Linux
应用：系统名称：新直销银行缓存服务器2机
所在地：亦庄中金
SERVICEID:L611
主机名：xzxyhhc2
操作系统：Linux
应用：系统名称：新直销银行缓存服务器3机
所在地：亦庄中金
SERVICEID:L612
主机名：xzxyhhc3
操作系统：Linux
应用：系统名称：新直销银行SOA服务器1机
所在地：亦庄中金
SERVICEID:L613
主机名：xzxyhsoa1
操作系统：Linux
应用：系统名称：新直销银行SOA服务器2机
所在地：亦庄中金
SERVICEID:L614
主机名：xzxyhsoa2
操作系统：Linux
应用：系统名称：新直销银行SOA服务器3机
所在地：亦庄中金
SERVICEID:L615
主机名：xzxyhsoa3
操作系统：Linux
应用：系统名称：新直销银行日志服务器1机
所在地：亦庄中金
SERVICEID:L616
主机名：xzxyhlog1
操作系统：Linux
应用：系统名称：P2P WEB管理端/应用服务器1
所在地：亦庄中金
SERVICEID:L618
主机名：p2papp3
操作系统：Linux
应用：系统名称：P2P WEB管理端/应用服务器2
所在地：亦庄中金
SERVICEID:L619
主机名：p2papp4
操作系统：Linux
应用：系统名称：数据服务系统-WAS应用服务器1
所在地：亦庄中金
SERVICEID:L620
主机名：sjfwapp1
操作系统：Linux
应用：
----------------------------------------------------------------
用户：zjp
时间：2017-06-09 08:57:12
系统名称：客服人脸识别应用1机
所在地：亦庄中金
SERVICEID:L592
主机名：kfrlsbap1
操作系统：Linux
应用：系统名称：客服人脸识别应用2机
所在地：亦庄中金
SERVICEID:L593
主机名：kfrlsbap2
操作系统：Linux
应用：系统名称：新直销银行web服务器1机
所在地：亦庄中金
SERVICEID:L594
主机名：xzxyhwb1
操作系统：Linux
应用：系统名称：新直销银行web服务器2机
所在地：亦庄中金
SERVICEID:L595
主机名：xzxyhwb2
操作系统：Linux
应用：系统名称：新直销银行直销渠道1机
所在地：亦庄中金
SERVICEID:L596
主机名：xzxyhqd1 
操作系统：Linux
应用：系统名称：新直销银行直销渠道2机
所在地：亦庄中金
SERVICEID:L597
主机名：xzxyhqd2
操作系统：Linux
应用：系统名称：新直销银行直销服务中心1机
所在地：亦庄中金
SERVICEID:L598
主机名：xzxyhfwzx1
操作系统：Linux
应用：系统名称：新直销银行直销服务中心2机
所在地：亦庄中金
SERVICEID:L599
主机名：xzxyhfwzx2
操作系统：Linux
应用：系统名称：新直销银行直销服务中心3机
所在地：亦庄中金
SERVICEID:L600
主机名：xzxyhfwzx3 
操作系统：Linux
应用：系统名称：新直销银行直销服务中心4机
所在地：亦庄中金
SERVICEID:L601
主机名：xzxyhfwzx4
操作系统：Linux
应用：系统名称：新直销银行直销服务中心5机
所在地：亦庄中金
SERVICEID:L602
主机名：xzxyhfwzx5 
操作系统：Linux
应用：系统名称：新直销银行直销服务中心6机
所在地：亦庄中金
SERVICEID:L603
主机名：xzxyhfwzx6
操作系统：Linux
应用：系统名称：新直销银行直销服务中心7机
所在地：亦庄中金
SERVICEID:L604
主机名：xzxyhfwzx7
操作系统：Linux
应用：系统名称：新直销银行直销服务中心8机
所在地：亦庄中金
SERVICEID:L605
主机名：xzxyhfwzx8
操作系统：Linux
应用：系统名称：新直销银行前置渠道1机
所在地：亦庄中金
SERVICEID:L606
主机名：xzxyhqzqd1
操作系统：Linux
应用：系统名称：新直销银行前置渠道2机
所在地：亦庄中金
SERVICEID:L607
主机名：xzxyhqzqd2
操作系统：Linux
应用：系统名称：新直销银行内管服务中心1机
所在地：亦庄中金
SERVICEID:L608
主机名：xzxyhng1
操作系统：Linux
应用：系统名称：新直销银行内管服务中心2机
所在地：亦庄中金
SERVICEID:L609
主机名：xzxyhng2
操作系统：Linux
应用：系统名称：新直销银行缓存服务器1机
所在地：亦庄中金
SERVICEID:L610
主机名：xzxyhhc1
操作系统：Linux
应用：系统名称：新直销银行缓存服务器2机
所在地：亦庄中金
SERVICEID:L611
主机名：xzxyhhc2
操作系统：Linux
应用：系统名称：新直销银行缓存服务器3机
所在地：亦庄中金
SERVICEID:L612
主机名：xzxyhhc3
操作系统：Linux
应用：系统名称：新直销银行SOA服务器1机
所在地：亦庄中金
SERVICEID:L613
主机名：xzxyhsoa1
操作系统：Linux
应用：系统名称：新直销银行SOA服务器2机
所在地：亦庄中金
SERVICEID:L614
主机名：xzxyhsoa2
操作系统：Linux
应用：系统名称：新直销银行SOA服务器3机
所在地：亦庄中金
SERVICEID:L615
主机名：xzxyhsoa3
操作系统：Linux
应用：系统名称：新直销银行日志服务器1机
所在地：亦庄中金
SERVICEID:L616
主机名：xzxyhlog1
操作系统：Linux
应用：系统名称：P2P WEB管理端/应用服务器1
所在地：亦庄中金
SERVICEID:L618
主机名：p2papp3
操作系统：Linux
应用：系统名称：P2P WEB管理端/应用服务器2
所在地：亦庄中金
SERVICEID:L619
主机名：p2papp4
操作系统：Linux
应用：系统名称：数据服务系统-WAS应用服务器1
所在地：亦庄中金
SERVICEID:L620
主机名：sjfwapp1
操作系统：Linux
应用：系统名称：数据服务系统-WAS应用服务器2
所在地：亦庄中金
SERVICEID:L621
主机名：sjfwapp2
操作系统：Linux
应用：
----------------------------------------------------------------
用户：zjp
时间：2017-06-09 08:57:12
系统名称：客服人脸识别应用1机
所在地：亦庄中金
SERVICEID:L592
主机名：kfrlsbap1
操作系统：Linux
应用：系统名称：客服人脸识别应用2机
所在地：亦庄中金
SERVICEID:L593
主机名：kfrlsbap2
操作系统：Linux
应用：系统名称：新直销银行web服务器1机
所在地：亦庄中金
SERVICEID:L594
主机名：xzxyhwb1
操作系统：Linux
应用：系统名称：新直销银行web服务器2机
所在地：亦庄中金
SERVICEID:L595
主机名：xzxyhwb2
操作系统：Linux
应用：系统名称：新直销银行直销渠道1机
所在地：亦庄中金
SERVICEID:L596
主机名：xzxyhqd1 
操作系统：Linux
应用：系统名称：新直销银行直销渠道2机
所在地：亦庄中金
SERVICEID:L597
主机名：xzxyhqd2
操作系统：Linux
应用：系统名称：新直销银行直销服务中心1机
所在地：亦庄中金
SERVICEID:L598
主机名：xzxyhfwzx1
操作系统：Linux
应用：系统名称：新直销银行直销服务中心2机
所在地：亦庄中金
SERVICEID:L599
主机名：xzxyhfwzx2
操作系统：Linux
应用：系统名称：新直销银行直销服务中心3机
所在地：亦庄中金
SERVICEID:L600
主机名：xzxyhfwzx3 
操作系统：Linux
应用：系统名称：新直销银行直销服务中心4机
所在地：亦庄中金
SERVICEID:L601
主机名：xzxyhfwzx4
操作系统：Linux
应用：系统名称：新直销银行直销服务中心5机
所在地：亦庄中金
SERVICEID:L602
主机名：xzxyhfwzx5 
操作系统：Linux
应用：系统名称：新直销银行直销服务中心6机
所在地：亦庄中金
SERVICEID:L603
主机名：xzxyhfwzx6
操作系统：Linux
应用：系统名称：新直销银行直销服务中心7机
所在地：亦庄中金
SERVICEID:L604
主机名：xzxyhfwzx7
操作系统：Linux
应用：系统名称：新直销银行直销服务中心8机
所在地：亦庄中金
SERVICEID:L605
主机名：xzxyhfwzx8
操作系统：Linux
应用：系统名称：新直销银行前置渠道1机
所在地：亦庄中金
SERVICEID:L606
主机名：xzxyhqzqd1
操作系统：Linux
应用：系统名称：新直销银行前置渠道2机
所在地：亦庄中金
SERVICEID:L607
主机名：xzxyhqzqd2
操作系统：Linux
应用：系统名称：新直销银行内管服务中心1机
所在地：亦庄中金
SERVICEID:L608
主机名：xzxyhng1
操作系统：Linux
应用：系统名称：新直销银行内管服务中心2机
所在地：亦庄中金
SERVICEID:L609
主机名：xzxyhng2
操作系统：Linux
应用：系统名称：新直销银行缓存服务器1机
所在地：亦庄中金
SERVICEID:L610
主机名：xzxyhhc1
操作系统：Linux
应用：系统名称：新直销银行缓存服务器2机
所在地：亦庄中金
SERVICEID:L611
主机名：xzxyhhc2
操作系统：Linux
应用：系统名称：新直销银行缓存服务器3机
所在地：亦庄中金
SERVICEID:L612
主机名：xzxyhhc3
操作系统：Linux
应用：系统名称：新直销银行SOA服务器1机
所在地：亦庄中金
SERVICEID:L613
主机名：xzxyhsoa1
操作系统：Linux
应用：系统名称：新直销银行SOA服务器2机
所在地：亦庄中金
SERVICEID:L614
主机名：xzxyhsoa2
操作系统：Linux
应用：系统名称：新直销银行SOA服务器3机
所在地：亦庄中金
SERVICEID:L615
主机名：xzxyhsoa3
操作系统：Linux
应用：系统名称：新直销银行日志服务器1机
所在地：亦庄中金
SERVICEID:L616
主机名：xzxyhlog1
操作系统：Linux
应用：系统名称：P2P WEB管理端/应用服务器1
所在地：亦庄中金
SERVICEID:L618
主机名：p2papp3
操作系统：Linux
应用：系统名称：P2P WEB管理端/应用服务器2
所在地：亦庄中金
SERVICEID:L619
主机名：p2papp4
操作系统：Linux
应用：系统名称：数据服务系统-WAS应用服务器1
所在地：亦庄中金
SERVICEID:L620
主机名：sjfwapp1
操作系统：Linux
应用：系统名称：数据服务系统-WAS应用服务器2
所在地：亦庄中金
SERVICEID:L621
主机名：sjfwapp2
操作系统：Linux
应用：系统名称：数据服务系统-WAS应用服务器3
所在地：亦庄中金
SERVICEID:L622
主机名：sjfwapp3
操作系统：Linux
应用：
----------------------------------------------------------------
用户：zjp
时间：2017-06-09 08:57:12
系统名称：客服人脸识别应用1机
所在地：亦庄中金
SERVICEID:L592
主机名：kfrlsbap1
操作系统：Linux
应用：系统名称：客服人脸识别应用2机
所在地：亦庄中金
SERVICEID:L593
主机名：kfrlsbap2
操作系统：Linux
应用：系统名称：新直销银行web服务器1机
所在地：亦庄中金
SERVICEID:L594
主机名：xzxyhwb1
操作系统：Linux
应用：系统名称：新直销银行web服务器2机
所在地：亦庄中金
SERVICEID:L595
主机名：xzxyhwb2
操作系统：Linux
应用：系统名称：新直销银行直销渠道1机
所在地：亦庄中金
SERVICEID:L596
主机名：xzxyhqd1 
操作系统：Linux
应用：系统名称：新直销银行直销渠道2机
所在地：亦庄中金
SERVICEID:L597
主机名：xzxyhqd2
操作系统：Linux
应用：系统名称：新直销银行直销服务中心1机
所在地：亦庄中金
SERVICEID:L598
主机名：xzxyhfwzx1
操作系统：Linux
应用：系统名称：新直销银行直销服务中心2机
所在地：亦庄中金
SERVICEID:L599
主机名：xzxyhfwzx2
操作系统：Linux
应用：系统名称：新直销银行直销服务中心3机
所在地：亦庄中金
SERVICEID:L600
主机名：xzxyhfwzx3 
操作系统：Linux
应用：系统名称：新直销银行直销服务中心4机
所在地：亦庄中金
SERVICEID:L601
主机名：xzxyhfwzx4
操作系统：Linux
应用：系统名称：新直销银行直销服务中心5机
所在地：亦庄中金
SERVICEID:L602
主机名：xzxyhfwzx5 
操作系统：Linux
应用：系统名称：新直销银行直销服务中心6机
所在地：亦庄中金
SERVICEID:L603
主机名：xzxyhfwzx6
操作系统：Linux
应用：系统名称：新直销银行直销服务中心7机
所在地：亦庄中金
SERVICEID:L604
主机名：xzxyhfwzx7
操作系统：Linux
应用：系统名称：新直销银行直销服务中心8机
所在地：亦庄中金
SERVICEID:L605
主机名：xzxyhfwzx8
操作系统：Linux
应用：系统名称：新直销银行前置渠道1机
所在地：亦庄中金
SERVICEID:L606
主机名：xzxyhqzqd1
操作系统：Linux
应用：系统名称：新直销银行前置渠道2机
所在地：亦庄中金
SERVICEID:L607
主机名：xzxyhqzqd2
操作系统：Linux
应用：系统名称：新直销银行内管服务中心1机
所在地：亦庄中金
SERVICEID:L608
主机名：xzxyhng1
操作系统：Linux
应用：系统名称：新直销银行内管服务中心2机
所在地：亦庄中金
SERVICEID:L609
主机名：xzxyhng2
操作系统：Linux
应用：系统名称：新直销银行缓存服务器1机
所在地：亦庄中金
SERVICEID:L610
主机名：xzxyhhc1
操作系统：Linux
应用：系统名称：新直销银行缓存服务器2机
所在地：亦庄中金
SERVICEID:L611
主机名：xzxyhhc2
操作系统：Linux
应用：系统名称：新直销银行缓存服务器3机
所在地：亦庄中金
SERVICEID:L612
主机名：xzxyhhc3
操作系统：Linux
应用：系统名称：新直销银行SOA服务器1机
所在地：亦庄中金
SERVICEID:L613
主机名：xzxyhsoa1
操作系统：Linux
应用：系统名称：新直销银行SOA服务器2机
所在地：亦庄中金
SERVICEID:L614
主机名：xzxyhsoa2
操作系统：Linux
应用：系统名称：新直销银行SOA服务器3机
所在地：亦庄中金
SERVICEID:L615
主机名：xzxyhsoa3
操作系统：Linux
应用：系统名称：新直销银行日志服务器1机
所在地：亦庄中金
SERVICEID:L616
主机名：xzxyhlog1
操作系统：Linux
应用：系统名称：P2P WEB管理端/应用服务器1
所在地：亦庄中金
SERVICEID:L618
主机名：p2papp3
操作系统：Linux
应用：系统名称：P2P WEB管理端/应用服务器2
所在地：亦庄中金
SERVICEID:L619
主机名：p2papp4
操作系统：Linux
应用：系统名称：数据服务系统-WAS应用服务器1
所在地：亦庄中金
SERVICEID:L620
主机名：sjfwapp1
操作系统：Linux
应用：系统名称：数据服务系统-WAS应用服务器2
所在地：亦庄中金
SERVICEID:L621
主机名：sjfwapp2
操作系统：Linux
应用：系统名称：数据服务系统-WAS应用服务器3
所在地：亦庄中金
SERVICEID:L622
主机名：sjfwapp3
操作系统：Linux
应用：系统名称：数据服务系统-WAS应用服务器4
所在地：亦庄中金
SERVICEID:L623
主机名：sjfwapp4
操作系统：Linux
应用：
----------------------------------------------------------------
用户：zjp
时间：2017-06-09 08:57:12
系统名称：客服人脸识别应用1机
所在地：亦庄中金
SERVICEID:L592
主机名：kfrlsbap1
操作系统：Linux
应用：系统名称：客服人脸识别应用2机
所在地：亦庄中金
SERVICEID:L593
主机名：kfrlsbap2
操作系统：Linux
应用：系统名称：新直销银行web服务器1机
所在地：亦庄中金
SERVICEID:L594
主机名：xzxyhwb1
操作系统：Linux
应用：系统名称：新直销银行web服务器2机
所在地：亦庄中金
SERVICEID:L595
主机名：xzxyhwb2
操作系统：Linux
应用：系统名称：新直销银行直销渠道1机
所在地：亦庄中金
SERVICEID:L596
主机名：xzxyhqd1 
操作系统：Linux
应用：系统名称：新直销银行直销渠道2机
所在地：亦庄中金
SERVICEID:L597
主机名：xzxyhqd2
操作系统：Linux
应用：系统名称：新直销银行直销服务中心1机
所在地：亦庄中金
SERVICEID:L598
主机名：xzxyhfwzx1
操作系统：Linux
应用：系统名称：新直销银行直销服务中心2机
所在地：亦庄中金
SERVICEID:L599
主机名：xzxyhfwzx2
操作系统：Linux
应用：系统名称：新直销银行直销服务中心3机
所在地：亦庄中金
SERVICEID:L600
主机名：xzxyhfwzx3 
操作系统：Linux
应用：系统名称：新直销银行直销服务中心4机
所在地：亦庄中金
SERVICEID:L601
主机名：xzxyhfwzx4
操作系统：Linux
应用：系统名称：新直销银行直销服务中心5机
所在地：亦庄中金
SERVICEID:L602
主机名：xzxyhfwzx5 
操作系统：Linux
应用：系统名称：新直销银行直销服务中心6机
所在地：亦庄中金
SERVICEID:L603
主机名：xzxyhfwzx6
操作系统：Linux
应用：系统名称：新直销银行直销服务中心7机
所在地：亦庄中金
SERVICEID:L604
主机名：xzxyhfwzx7
操作系统：Linux
应用：系统名称：新直销银行直销服务中心8机
所在地：亦庄中金
SERVICEID:L605
主机名：xzxyhfwzx8
操作系统：Linux
应用：系统名称：新直销银行前置渠道1机
所在地：亦庄中金
SERVICEID:L606
主机名：xzxyhqzqd1
操作系统：Linux
应用：系统名称：新直销银行前置渠道2机
所在地：亦庄中金
SERVICEID:L607
主机名：xzxyhqzqd2
操作系统：Linux
应用：系统名称：新直销银行内管服务中心1机
所在地：亦庄中金
SERVICEID:L608
主机名：xzxyhng1
操作系统：Linux
应用：系统名称：新直销银行内管服务中心2机
所在地：亦庄中金
SERVICEID:L609
主机名：xzxyhng2
操作系统：Linux
应用：系统名称：新直销银行缓存服务器1机
所在地：亦庄中金
SERVICEID:L610
主机名：xzxyhhc1
操作系统：Linux
应用：系统名称：新直销银行缓存服务器2机
所在地：亦庄中金
SERVICEID:L611
主机名：xzxyhhc2
操作系统：Linux
应用：系统名称：新直销银行缓存服务器3机
所在地：亦庄中金
SERVICEID:L612
主机名：xzxyhhc3
操作系统：Linux
应用：系统名称：新直销银行SOA服务器1机
所在地：亦庄中金
SERVICEID:L613
主机名：xzxyhsoa1
操作系统：Linux
应用：系统名称：新直销银行SOA服务器2机
所在地：亦庄中金
SERVICEID:L614
主机名：xzxyhsoa2
操作系统：Linux
应用：系统名称：新直销银行SOA服务器3机
所在地：亦庄中金
SERVICEID:L615
主机名：xzxyhsoa3
操作系统：Linux
应用：系统名称：新直销银行日志服务器1机
所在地：亦庄中金
SERVICEID:L616
主机名：xzxyhlog1
操作系统：Linux
应用：系统名称：P2P WEB管理端/应用服务器1
所在地：亦庄中金
SERVICEID:L618
主机名：p2papp3
操作系统：Linux
应用：系统名称：P2P WEB管理端/应用服务器2
所在地：亦庄中金
SERVICEID:L619
主机名：p2papp4
操作系统：Linux
应用：系统名称：数据服务系统-WAS应用服务器1
所在地：亦庄中金
SERVICEID:L620
主机名：sjfwapp1
操作系统：Linux
应用：系统名称：数据服务系统-WAS应用服务器2
所在地：亦庄中金
SERVICEID:L621
主机名：sjfwapp2
操作系统：Linux
应用：系统名称：数据服务系统-WAS应用服务器3
所在地：亦庄中金
SERVICEID:L622
主机名：sjfwapp3
操作系统：Linux
应用：系统名称：数据服务系统-WAS应用服务器4
所在地：亦庄中金
SERVICEID:L623
主机名：sjfwapp4
操作系统：Linux
应用：系统名称：数据服务系统-BI分析服务器1
所在地：亦庄中金
SERVICEID:L624
主机名：sjfwbifx1
操作系统：Linux
应用：
----------------------------------------------------------------
用户：zjp
时间：2017-06-09 08:57:12
系统名称：客服人脸识别应用1机
所在地：亦庄中金
SERVICEID:L592
主机名：kfrlsbap1
操作系统：Linux
应用：系统名称：客服人脸识别应用2机
所在地：亦庄中金
SERVICEID:L593
主机名：kfrlsbap2
操作系统：Linux
应用：系统名称：新直销银行web服务器1机
所在地：亦庄中金
SERVICEID:L594
主机名：xzxyhwb1
操作系统：Linux
应用：系统名称：新直销银行web服务器2机
所在地：亦庄中金
SERVICEID:L595
主机名：xzxyhwb2
操作系统：Linux
应用：系统名称：新直销银行直销渠道1机
所在地：亦庄中金
SERVICEID:L596
主机名：xzxyhqd1 
操作系统：Linux
应用：系统名称：新直销银行直销渠道2机
所在地：亦庄中金
SERVICEID:L597
主机名：xzxyhqd2
操作系统：Linux
应用：系统名称：新直销银行直销服务中心1机
所在地：亦庄中金
SERVICEID:L598
主机名：xzxyhfwzx1
操作系统：Linux
应用：系统名称：新直销银行直销服务中心2机
所在地：亦庄中金
SERVICEID:L599
主机名：xzxyhfwzx2
操作系统：Linux
应用：系统名称：新直销银行直销服务中心3机
所在地：亦庄中金
SERVICEID:L600
主机名：xzxyhfwzx3 
操作系统：Linux
应用：系统名称：新直销银行直销服务中心4机
所在地：亦庄中金
SERVICEID:L601
主机名：xzxyhfwzx4
操作系统：Linux
应用：系统名称：新直销银行直销服务中心5机
所在地：亦庄中金
SERVICEID:L602
主机名：xzxyhfwzx5 
操作系统：Linux
应用：系统名称：新直销银行直销服务中心6机
所在地：亦庄中金
SERVICEID:L603
主机名：xzxyhfwzx6
操作系统：Linux
应用：系统名称：新直销银行直销服务中心7机
所在地：亦庄中金
SERVICEID:L604
主机名：xzxyhfwzx7
操作系统：Linux
应用：系统名称：新直销银行直销服务中心8机
所在地：亦庄中金
SERVICEID:L605
主机名：xzxyhfwzx8
操作系统：Linux
应用：系统名称：新直销银行前置渠道1机
所在地：亦庄中金
SERVICEID:L606
主机名：xzxyhqzqd1
操作系统：Linux
应用：系统名称：新直销银行前置渠道2机
所在地：亦庄中金
SERVICEID:L607
主机名：xzxyhqzqd2
操作系统：Linux
应用：系统名称：新直销银行内管服务中心1机
所在地：亦庄中金
SERVICEID:L608
主机名：xzxyhng1
操作系统：Linux
应用：系统名称：新直销银行内管服务中心2机
所在地：亦庄中金
SERVICEID:L609
主机名：xzxyhng2
操作系统：Linux
应用：系统名称：新直销银行缓存服务器1机
所在地：亦庄中金
SERVICEID:L610
主机名：xzxyhhc1
操作系统：Linux
应用：系统名称：新直销银行缓存服务器2机
所在地：亦庄中金
SERVICEID:L611
主机名：xzxyhhc2
操作系统：Linux
应用：系统名称：新直销银行缓存服务器3机
所在地：亦庄中金
SERVICEID:L612
主机名：xzxyhhc3
操作系统：Linux
应用：系统名称：新直销银行SOA服务器1机
所在地：亦庄中金
SERVICEID:L613
主机名：xzxyhsoa1
操作系统：Linux
应用：系统名称：新直销银行SOA服务器2机
所在地：亦庄中金
SERVICEID:L614
主机名：xzxyhsoa2
操作系统：Linux
应用：系统名称：新直销银行SOA服务器3机
所在地：亦庄中金
SERVICEID:L615
主机名：xzxyhsoa3
操作系统：Linux
应用：系统名称：新直销银行日志服务器1机
所在地：亦庄中金
SERVICEID:L616
主机名：xzxyhlog1
操作系统：Linux
应用：系统名称：P2P WEB管理端/应用服务器1
所在地：亦庄中金
SERVICEID:L618
主机名：p2papp3
操作系统：Linux
应用：系统名称：P2P WEB管理端/应用服务器2
所在地：亦庄中金
SERVICEID:L619
主机名：p2papp4
操作系统：Linux
应用：系统名称：数据服务系统-WAS应用服务器1
所在地：亦庄中金
SERVICEID:L620
主机名：sjfwapp1
操作系统：Linux
应用：系统名称：数据服务系统-WAS应用服务器2
所在地：亦庄中金
SERVICEID:L621
主机名：sjfwapp2
操作系统：Linux
应用：系统名称：数据服务系统-WAS应用服务器3
所在地：亦庄中金
SERVICEID:L622
主机名：sjfwapp3
操作系统：Linux
应用：系统名称：数据服务系统-WAS应用服务器4
所在地：亦庄中金
SERVICEID:L623
主机名：sjfwapp4
操作系统：Linux
应用：系统名称：数据服务系统-BI分析服务器1
所在地：亦庄中金
SERVICEID:L624
主机名：sjfwbifx1
操作系统：Linux
应用：系统名称：数据服务系统-BI分析服务器2
所在地：亦庄中金
SERVICEID:L625
主机名：sjfwbifx2 
操作系统：Linux
应用：
----------------------------------------------------------------
用户：zjp
时间：2017-06-09 08:57:12
系统名称：客服人脸识别应用1机
所在地：亦庄中金
SERVICEID:L592
主机名：kfrlsbap1
操作系统：Linux
应用：系统名称：客服人脸识别应用2机
所在地：亦庄中金
SERVICEID:L593
主机名：kfrlsbap2
操作系统：Linux
应用：系统名称：新直销银行web服务器1机
所在地：亦庄中金
SERVICEID:L594
主机名：xzxyhwb1
操作系统：Linux
应用：系统名称：新直销银行web服务器2机
所在地：亦庄中金
SERVICEID:L595
主机名：xzxyhwb2
操作系统：Linux
应用：系统名称：新直销银行直销渠道1机
所在地：亦庄中金
SERVICEID:L596
主机名：xzxyhqd1 
操作系统：Linux
应用：系统名称：新直销银行直销渠道2机
所在地：亦庄中金
SERVICEID:L597
主机名：xzxyhqd2
操作系统：Linux
应用：系统名称：新直销银行直销服务中心1机
所在地：亦庄中金
SERVICEID:L598
主机名：xzxyhfwzx1
操作系统：Linux
应用：系统名称：新直销银行直销服务中心2机
所在地：亦庄中金
SERVICEID:L599
主机名：xzxyhfwzx2
操作系统：Linux
应用：系统名称：新直销银行直销服务中心3机
所在地：亦庄中金
SERVICEID:L600
主机名：xzxyhfwzx3 
操作系统：Linux
应用：系统名称：新直销银行直销服务中心4机
所在地：亦庄中金
SERVICEID:L601
主机名：xzxyhfwzx4
操作系统：Linux
应用：系统名称：新直销银行直销服务中心5机
所在地：亦庄中金
SERVICEID:L602
主机名：xzxyhfwzx5 
操作系统：Linux
应用：系统名称：新直销银行直销服务中心6机
所在地：亦庄中金
SERVICEID:L603
主机名：xzxyhfwzx6
操作系统：Linux
应用：系统名称：新直销银行直销服务中心7机
所在地：亦庄中金
SERVICEID:L604
主机名：xzxyhfwzx7
操作系统：Linux
应用：系统名称：新直销银行直销服务中心8机
所在地：亦庄中金
SERVICEID:L605
主机名：xzxyhfwzx8
操作系统：Linux
应用：系统名称：新直销银行前置渠道1机
所在地：亦庄中金
SERVICEID:L606
主机名：xzxyhqzqd1
操作系统：Linux
应用：系统名称：新直销银行前置渠道2机
所在地：亦庄中金
SERVICEID:L607
主机名：xzxyhqzqd2
操作系统：Linux
应用：系统名称：新直销银行内管服务中心1机
所在地：亦庄中金
SERVICEID:L608
主机名：xzxyhng1
操作系统：Linux
应用：系统名称：新直销银行内管服务中心2机
所在地：亦庄中金
SERVICEID:L609
主机名：xzxyhng2
操作系统：Linux
应用：系统名称：新直销银行缓存服务器1机
所在地：亦庄中金
SERVICEID:L610
主机名：xzxyhhc1
操作系统：Linux
应用：系统名称：新直销银行缓存服务器2机
所在地：亦庄中金
SERVICEID:L611
主机名：xzxyhhc2
操作系统：Linux
应用：系统名称：新直销银行缓存服务器3机
所在地：亦庄中金
SERVICEID:L612
主机名：xzxyhhc3
操作系统：Linux
应用：系统名称：新直销银行SOA服务器1机
所在地：亦庄中金
SERVICEID:L613
主机名：xzxyhsoa1
操作系统：Linux
应用：系统名称：新直销银行SOA服务器2机
所在地：亦庄中金
SERVICEID:L614
主机名：xzxyhsoa2
操作系统：Linux
应用：系统名称：新直销银行SOA服务器3机
所在地：亦庄中金
SERVICEID:L615
主机名：xzxyhsoa3
操作系统：Linux
应用：系统名称：新直销银行日志服务器1机
所在地：亦庄中金
SERVICEID:L616
主机名：xzxyhlog1
操作系统：Linux
应用：系统名称：P2P WEB管理端/应用服务器1
所在地：亦庄中金
SERVICEID:L618
主机名：p2papp3
操作系统：Linux
应用：系统名称：P2P WEB管理端/应用服务器2
所在地：亦庄中金
SERVICEID:L619
主机名：p2papp4
操作系统：Linux
应用：系统名称：数据服务系统-WAS应用服务器1
所在地：亦庄中金
SERVICEID:L620
主机名：sjfwapp1
操作系统：Linux
应用：系统名称：数据服务系统-WAS应用服务器2
所在地：亦庄中金
SERVICEID:L621
主机名：sjfwapp2
操作系统：Linux
应用：系统名称：数据服务系统-WAS应用服务器3
所在地：亦庄中金
SERVICEID:L622
主机名：sjfwapp3
操作系统：Linux
应用：系统名称：数据服务系统-WAS应用服务器4
所在地：亦庄中金
SERVICEID:L623
主机名：sjfwapp4
操作系统：Linux
应用：系统名称：数据服务系统-BI分析服务器1
所在地：亦庄中金
SERVICEID:L624
主机名：sjfwbifx1
操作系统：Linux
应用：系统名称：数据服务系统-BI分析服务器2
所在地：亦庄中金
SERVICEID:L625
主机名：sjfwbifx2 
操作系统：Linux
应用：系统名称：数据服务系统-BI分析服务器3
所在地：亦庄中金
SERVICEID:L626
主机名：sjfwbifx3 
操作系统：Linux
应用：
----------------------------------------------------------------
用户：zjp
时间：2017-06-09 08:57:12
系统名称：客服人脸识别应用1机
所在地：亦庄中金
SERVICEID:L592
主机名：kfrlsbap1
操作系统：Linux
应用：系统名称：客服人脸识别应用2机
所在地：亦庄中金
SERVICEID:L593
主机名：kfrlsbap2
操作系统：Linux
应用：系统名称：新直销银行web服务器1机
所在地：亦庄中金
SERVICEID:L594
主机名：xzxyhwb1
操作系统：Linux
应用：系统名称：新直销银行web服务器2机
所在地：亦庄中金
SERVICEID:L595
主机名：xzxyhwb2
操作系统：Linux
应用：系统名称：新直销银行直销渠道1机
所在地：亦庄中金
SERVICEID:L596
主机名：xzxyhqd1 
操作系统：Linux
应用：系统名称：新直销银行直销渠道2机
所在地：亦庄中金
SERVICEID:L597
主机名：xzxyhqd2
操作系统：Linux
应用：系统名称：新直销银行直销服务中心1机
所在地：亦庄中金
SERVICEID:L598
主机名：xzxyhfwzx1
操作系统：Linux
应用：系统名称：新直销银行直销服务中心2机
所在地：亦庄中金
SERVICEID:L599
主机名：xzxyhfwzx2
操作系统：Linux
应用：系统名称：新直销银行直销服务中心3机
所在地：亦庄中金
SERVICEID:L600
主机名：xzxyhfwzx3 
操作系统：Linux
应用：系统名称：新直销银行直销服务中心4机
所在地：亦庄中金
SERVICEID:L601
主机名：xzxyhfwzx4
操作系统：Linux
应用：系统名称：新直销银行直销服务中心5机
所在地：亦庄中金
SERVICEID:L602
主机名：xzxyhfwzx5 
操作系统：Linux
应用：系统名称：新直销银行直销服务中心6机
所在地：亦庄中金
SERVICEID:L603
主机名：xzxyhfwzx6
操作系统：Linux
应用：系统名称：新直销银行直销服务中心7机
所在地：亦庄中金
SERVICEID:L604
主机名：xzxyhfwzx7
操作系统：Linux
应用：系统名称：新直销银行直销服务中心8机
所在地：亦庄中金
SERVICEID:L605
主机名：xzxyhfwzx8
操作系统：Linux
应用：系统名称：新直销银行前置渠道1机
所在地：亦庄中金
SERVICEID:L606
主机名：xzxyhqzqd1
操作系统：Linux
应用：系统名称：新直销银行前置渠道2机
所在地：亦庄中金
SERVICEID:L607
主机名：xzxyhqzqd2
操作系统：Linux
应用：系统名称：新直销银行内管服务中心1机
所在地：亦庄中金
SERVICEID:L608
主机名：xzxyhng1
操作系统：Linux
应用：系统名称：新直销银行内管服务中心2机
所在地：亦庄中金
SERVICEID:L609
主机名：xzxyhng2
操作系统：Linux
应用：系统名称：新直销银行缓存服务器1机
所在地：亦庄中金
SERVICEID:L610
主机名：xzxyhhc1
操作系统：Linux
应用：系统名称：新直销银行缓存服务器2机
所在地：亦庄中金
SERVICEID:L611
主机名：xzxyhhc2
操作系统：Linux
应用：系统名称：新直销银行缓存服务器3机
所在地：亦庄中金
SERVICEID:L612
主机名：xzxyhhc3
操作系统：Linux
应用：系统名称：新直销银行SOA服务器1机
所在地：亦庄中金
SERVICEID:L613
主机名：xzxyhsoa1
操作系统：Linux
应用：系统名称：新直销银行SOA服务器2机
所在地：亦庄中金
SERVICEID:L614
主机名：xzxyhsoa2
操作系统：Linux
应用：系统名称：新直销银行SOA服务器3机
所在地：亦庄中金
SERVICEID:L615
主机名：xzxyhsoa3
操作系统：Linux
应用：系统名称：新直销银行日志服务器1机
所在地：亦庄中金
SERVICEID:L616
主机名：xzxyhlog1
操作系统：Linux
应用：系统名称：P2P WEB管理端/应用服务器1
所在地：亦庄中金
SERVICEID:L618
主机名：p2papp3
操作系统：Linux
应用：系统名称：P2P WEB管理端/应用服务器2
所在地：亦庄中金
SERVICEID:L619
主机名：p2papp4
操作系统：Linux
应用：系统名称：数据服务系统-WAS应用服务器1
所在地：亦庄中金
SERVICEID:L620
主机名：sjfwapp1
操作系统：Linux
应用：系统名称：数据服务系统-WAS应用服务器2
所在地：亦庄中金
SERVICEID:L621
主机名：sjfwapp2
操作系统：Linux
应用：系统名称：数据服务系统-WAS应用服务器3
所在地：亦庄中金
SERVICEID:L622
主机名：sjfwapp3
操作系统：Linux
应用：系统名称：数据服务系统-WAS应用服务器4
所在地：亦庄中金
SERVICEID:L623
主机名：sjfwapp4
操作系统：Linux
应用：系统名称：数据服务系统-BI分析服务器1
所在地：亦庄中金
SERVICEID:L624
主机名：sjfwbifx1
操作系统：Linux
应用：系统名称：数据服务系统-BI分析服务器2
所在地：亦庄中金
SERVICEID:L625
主机名：sjfwbifx2 
操作系统：Linux
应用：系统名称：数据服务系统-BI分析服务器3
所在地：亦庄中金
SERVICEID:L626
主机名：sjfwbifx3 
操作系统：Linux
应用：系统名称：反欺诈系统-数据采集服务器
所在地：亦庄中金
SERVICEID:L627
主机名：fqzsjcj1
操作系统：Linux
应用：
----------------------------------------------------------------
用户：zjp
时间：2017-06-09 08:57:12
系统名称：客服人脸识别应用1机
所在地：亦庄中金
SERVICEID:L592
主机名：kfrlsbap1
操作系统：Linux
应用：系统名称：客服人脸识别应用2机
所在地：亦庄中金
SERVICEID:L593
主机名：kfrlsbap2
操作系统：Linux
应用：系统名称：新直销银行web服务器1机
所在地：亦庄中金
SERVICEID:L594
主机名：xzxyhwb1
操作系统：Linux
应用：系统名称：新直销银行web服务器2机
所在地：亦庄中金
SERVICEID:L595
主机名：xzxyhwb2
操作系统：Linux
应用：系统名称：新直销银行直销渠道1机
所在地：亦庄中金
SERVICEID:L596
主机名：xzxyhqd1 
操作系统：Linux
应用：系统名称：新直销银行直销渠道2机
所在地：亦庄中金
SERVICEID:L597
主机名：xzxyhqd2
操作系统：Linux
应用：系统名称：新直销银行直销服务中心1机
所在地：亦庄中金
SERVICEID:L598
主机名：xzxyhfwzx1
操作系统：Linux
应用：系统名称：新直销银行直销服务中心2机
所在地：亦庄中金
SERVICEID:L599
主机名：xzxyhfwzx2
操作系统：Linux
应用：系统名称：新直销银行直销服务中心3机
所在地：亦庄中金
SERVICEID:L600
主机名：xzxyhfwzx3 
操作系统：Linux
应用：系统名称：新直销银行直销服务中心4机
所在地：亦庄中金
SERVICEID:L601
主机名：xzxyhfwzx4
操作系统：Linux
应用：系统名称：新直销银行直销服务中心5机
所在地：亦庄中金
SERVICEID:L602
主机名：xzxyhfwzx5 
操作系统：Linux
应用：系统名称：新直销银行直销服务中心6机
所在地：亦庄中金
SERVICEID:L603
主机名：xzxyhfwzx6
操作系统：Linux
应用：系统名称：新直销银行直销服务中心7机
所在地：亦庄中金
SERVICEID:L604
主机名：xzxyhfwzx7
操作系统：Linux
应用：系统名称：新直销银行直销服务中心8机
所在地：亦庄中金
SERVICEID:L605
主机名：xzxyhfwzx8
操作系统：Linux
应用：系统名称：新直销银行前置渠道1机
所在地：亦庄中金
SERVICEID:L606
主机名：xzxyhqzqd1
操作系统：Linux
应用：系统名称：新直销银行前置渠道2机
所在地：亦庄中金
SERVICEID:L607
主机名：xzxyhqzqd2
操作系统：Linux
应用：系统名称：新直销银行内管服务中心1机
所在地：亦庄中金
SERVICEID:L608
主机名：xzxyhng1
操作系统：Linux
应用：系统名称：新直销银行内管服务中心2机
所在地：亦庄中金
SERVICEID:L609
主机名：xzxyhng2
操作系统：Linux
应用：系统名称：新直销银行缓存服务器1机
所在地：亦庄中金
SERVICEID:L610
主机名：xzxyhhc1
操作系统：Linux
应用：系统名称：新直销银行缓存服务器2机
所在地：亦庄中金
SERVICEID:L611
主机名：xzxyhhc2
操作系统：Linux
应用：系统名称：新直销银行缓存服务器3机
所在地：亦庄中金
SERVICEID:L612
主机名：xzxyhhc3
操作系统：Linux
应用：系统名称：新直销银行SOA服务器1机
所在地：亦庄中金
SERVICEID:L613
主机名：xzxyhsoa1
操作系统：Linux
应用：系统名称：新直销银行SOA服务器2机
所在地：亦庄中金
SERVICEID:L614
主机名：xzxyhsoa2
操作系统：Linux
应用：系统名称：新直销银行SOA服务器3机
所在地：亦庄中金
SERVICEID:L615
主机名：xzxyhsoa3
操作系统：Linux
应用：系统名称：新直销银行日志服务器1机
所在地：亦庄中金
SERVICEID:L616
主机名：xzxyhlog1
操作系统：Linux
应用：系统名称：P2P WEB管理端/应用服务器1
所在地：亦庄中金
SERVICEID:L618
主机名：p2papp3
操作系统：Linux
应用：系统名称：P2P WEB管理端/应用服务器2
所在地：亦庄中金
SERVICEID:L619
主机名：p2papp4
操作系统：Linux
应用：系统名称：数据服务系统-WAS应用服务器1
所在地：亦庄中金
SERVICEID:L620
主机名：sjfwapp1
操作系统：Linux
应用：系统名称：数据服务系统-WAS应用服务器2
所在地：亦庄中金
SERVICEID:L621
主机名：sjfwapp2
操作系统：Linux
应用：系统名称：数据服务系统-WAS应用服务器3
所在地：亦庄中金
SERVICEID:L622
主机名：sjfwapp3
操作系统：Linux
应用：系统名称：数据服务系统-WAS应用服务器4
所在地：亦庄中金
SERVICEID:L623
主机名：sjfwapp4
操作系统：Linux
应用：系统名称：数据服务系统-BI分析服务器1
所在地：亦庄中金
SERVICEID:L624
主机名：sjfwbifx1
操作系统：Linux
应用：系统名称：数据服务系统-BI分析服务器2
所在地：亦庄中金
SERVICEID:L625
主机名：sjfwbifx2 
操作系统：Linux
应用：系统名称：数据服务系统-BI分析服务器3
所在地：亦庄中金
SERVICEID:L626
主机名：sjfwbifx3 
操作系统：Linux
应用：系统名称：反欺诈系统-数据采集服务器
所在地：亦庄中金
SERVICEID:L627
主机名：fqzsjcj1
操作系统：Linux
应用：系统名称：数据采集服务器
所在地：亦庄中金
SERVICEID: L628
主机名：fqzsjcj2
操作系统：Linux
应用：
----------------------------------------------------------------
用户：zjp
时间：2017-06-09 16:57:14
操作：从index.html把数据更新到data.txt
----------------------------------------------------------------
用户：zjp
时间：2017-06-09 17:07:29
操作：从index.html把数据更新到data.txt
----------------------------------------------------------------
