用户：zjp
时间：2017-06-16 09:30:21
操作：从index.html把数据更新到data.txt
----------------------------------------------------------------
用户：zjp
时间：2017-06-16 01:33:38
系统名称：即时通信应用服务器1机
所在地：亦庄中金
SERVICEID:L714
主机名：oatxap1
操作系统：Linux
应用：
----------------------------------------------------------------
用户：zjp
时间：2017-06-16 01:33:38
系统名称：即时通信应用服务器1机
所在地：亦庄中金
SERVICEID:L714
主机名：oatxap1
操作系统：Linux
应用：系统名称：即时通信应用服务器2机
所在地：亦庄中金
SERVICEID:L715
主机名：oatxap2
操作系统：Linux
应用：
----------------------------------------------------------------
用户：zjp
时间：2017-06-16 01:33:38
系统名称：即时通信应用服务器1机
所在地：亦庄中金
SERVICEID:L714
主机名：oatxap1
操作系统：Linux
应用：系统名称：即时通信应用服务器2机
所在地：亦庄中金
SERVICEID:L715
主机名：oatxap2
操作系统：Linux
应用：系统名称：即时通信应用服务器3机
所在地：亦庄中金
SERVICEID:L716
主机名：oatxap3
操作系统：Linux
应用：
----------------------------------------------------------------
用户：zjp
时间：2017-06-16 01:33:38
系统名称：即时通信应用服务器1机
所在地：亦庄中金
SERVICEID:L714
主机名：oatxap1
操作系统：Linux
应用：系统名称：即时通信应用服务器2机
所在地：亦庄中金
SERVICEID:L715
主机名：oatxap2
操作系统：Linux
应用：系统名称：即时通信应用服务器3机
所在地：亦庄中金
SERVICEID:L716
主机名：oatxap3
操作系统：Linux
应用：系统名称：即时通信应用服务器4机
所在地：亦庄中金
SERVICEID:L717
主机名：oatxap4
操作系统：Linux
应用：
----------------------------------------------------------------
用户：zjp
时间：2017-06-16 01:33:38
系统名称：即时通信应用服务器1机
所在地：亦庄中金
SERVICEID:L714
主机名：oatxap1
操作系统：Linux
应用：系统名称：即时通信应用服务器2机
所在地：亦庄中金
SERVICEID:L715
主机名：oatxap2
操作系统：Linux
应用：系统名称：即时通信应用服务器3机
所在地：亦庄中金
SERVICEID:L716
主机名：oatxap3
操作系统：Linux
应用：系统名称：即时通信应用服务器4机
所在地：亦庄中金
SERVICEID:L717
主机名：oatxap4
操作系统：Linux
应用：系统名称：即时通信应用服务器5机
所在地：亦庄中金
SERVICEID:L718
主机名：oatxap5
操作系统：Linux
应用：
----------------------------------------------------------------
用户：zjp
时间：2017-06-16 01:33:38
系统名称：即时通信应用服务器1机
所在地：亦庄中金
SERVICEID:L714
主机名：oatxap1
操作系统：Linux
应用：系统名称：即时通信应用服务器2机
所在地：亦庄中金
SERVICEID:L715
主机名：oatxap2
操作系统：Linux
应用：系统名称：即时通信应用服务器3机
所在地：亦庄中金
SERVICEID:L716
主机名：oatxap3
操作系统：Linux
应用：系统名称：即时通信应用服务器4机
所在地：亦庄中金
SERVICEID:L717
主机名：oatxap4
操作系统：Linux
应用：系统名称：即时通信应用服务器5机
所在地：亦庄中金
SERVICEID:L718
主机名：oatxap5
操作系统：Linux
应用：系统名称：即时通信应用服务器6机
所在地：亦庄中金
SERVICEID:L719
主机名：oatxap6
操作系统：Linux
应用：
----------------------------------------------------------------
用户：zjp
时间：2017-06-16 01:33:38
系统名称：即时通信应用服务器1机
所在地：亦庄中金
SERVICEID:L714
主机名：oatxap1
操作系统：Linux
应用：系统名称：即时通信应用服务器2机
所在地：亦庄中金
SERVICEID:L715
主机名：oatxap2
操作系统：Linux
应用：系统名称：即时通信应用服务器3机
所在地：亦庄中金
SERVICEID:L716
主机名：oatxap3
操作系统：Linux
应用：系统名称：即时通信应用服务器4机
所在地：亦庄中金
SERVICEID:L717
主机名：oatxap4
操作系统：Linux
应用：系统名称：即时通信应用服务器5机
所在地：亦庄中金
SERVICEID:L718
主机名：oatxap5
操作系统：Linux
应用：系统名称：即时通信应用服务器6机
所在地：亦庄中金
SERVICEID:L719
主机名：oatxap6
操作系统：Linux
应用：系统名称：即时通信应用服务器7机
所在地：亦庄中金
SERVICEID:L720
主机名：oatxap7
操作系统：Linux
应用：
----------------------------------------------------------------
用户：zjp
时间：2017-06-16 09:33:40
操作：从index.html把数据更新到data.txt
----------------------------------------------------------------
用户：zjp
时间：2017-06-16 01:34:40
系统名称：即时通信数据库服务器1机
所在地：亦庄中金
SERVICEID:L721
主机名：oatxdb1
操作系统：Linux
应用：
----------------------------------------------------------------
用户：zjp
时间：2017-06-16 01:34:40
系统名称：即时通信数据库服务器1机
所在地：亦庄中金
SERVICEID:L721
主机名：oatxdb1
操作系统：Linux
应用：系统名称：即时通信数据库服务器2机
所在地：亦庄中金
SERVICEID:L722
主机名：oatxdb2
操作系统：Linux
应用：
----------------------------------------------------------------
用户：zjp
时间：2017-06-16 01:34:40
系统名称：即时通信数据库服务器1机
所在地：亦庄中金
SERVICEID:L721
主机名：oatxdb1
操作系统：Linux
应用：系统名称：即时通信数据库服务器2机
所在地：亦庄中金
SERVICEID:L722
主机名：oatxdb2
操作系统：Linux
应用：系统名称：即时通信数据库服务器3机
所在地：亦庄中金
SERVICEID:L723
主机名：oatxdb3
操作系统：Linux
应用：
----------------------------------------------------------------
用户：zjp
时间：2017-06-16 09:34:41
操作：从index.html把数据更新到data.txt
----------------------------------------------------------------
用户：zjp
时间：2017-06-16 01:36:23
系统名称：移动OA应用服务器1机
所在地：亦庄中金
SERVICEID:L724
主机名：oaapp1
操作系统：Linux
应用：
----------------------------------------------------------------
用户：zjp
时间：2017-06-16 01:36:23
系统名称：移动OA应用服务器1机
所在地：亦庄中金
SERVICEID:L724
主机名：oaapp1
操作系统：Linux
应用：系统名称：移动OA应用服务器2机
所在地：亦庄中金
SERVICEID:L725
主机名：oaapp2
操作系统：Linux
应用：
----------------------------------------------------------------
用户：zjp
时间：2017-06-16 01:36:23
系统名称：移动OA应用服务器1机
所在地：亦庄中金
SERVICEID:L724
主机名：oaapp1
操作系统：Linux
应用：系统名称：移动OA应用服务器2机
所在地：亦庄中金
SERVICEID:L725
主机名：oaapp2
操作系统：Linux
应用：系统名称：安全支撑消息中心1机
所在地：亦庄中金
SERVICEID:L726
主机名：oaaqcenter1
操作系统：Linux
应用：
----------------------------------------------------------------
用户：zjp
时间：2017-06-16 01:36:23
系统名称：移动OA应用服务器1机
所在地：亦庄中金
SERVICEID:L724
主机名：oaapp1
操作系统：Linux
应用：系统名称：移动OA应用服务器2机
所在地：亦庄中金
SERVICEID:L725
主机名：oaapp2
操作系统：Linux
应用：系统名称：安全支撑消息中心1机
所在地：亦庄中金
SERVICEID:L726
主机名：oaaqcenter1
操作系统：Linux
应用：系统名称：安全支撑消息中心2机
所在地：亦庄中金
SERVICEID:L727
主机名：oaaqcenter2
操作系统：Linux
应用：
----------------------------------------------------------------
用户：zjp
时间：2017-06-16 09:36:25
操作：从index.html把数据更新到data.txt
----------------------------------------------------------------
用户：zjp
时间：2017-06-16 01:38:18
系统名称：即时通信消息服务器1机
所在地：亦庄中金
SERVICEID:L728
主机名：oatxmsg1
操作系统：Linux
应用：
----------------------------------------------------------------
用户：zjp
时间：2017-06-16 01:38:18
系统名称：即时通信消息服务器1机
所在地：亦庄中金
SERVICEID:L728
主机名：oatxmsg1
操作系统：Linux
应用：系统名称：即时通信消息服务器2机
所在地：亦庄中金
SERVICEID:L729
主机名：oatxmsg2
操作系统：Linux
应用：
----------------------------------------------------------------
用户：zjp
时间：2017-06-16 01:38:18
系统名称：即时通信消息服务器1机
所在地：亦庄中金
SERVICEID:L728
主机名：oatxmsg1
操作系统：Linux
应用：系统名称：即时通信消息服务器2机
所在地：亦庄中金
SERVICEID:L729
主机名：oatxmsg2
操作系统：Linux
应用：系统名称：即时通信消息服务器3机
所在地：亦庄中金
SERVICEID:L730
主机名：oatxmsg3
操作系统：Linux
应用：
----------------------------------------------------------------
用户：zjp
时间：2017-06-16 01:38:18
系统名称：即时通信消息服务器1机
所在地：亦庄中金
SERVICEID:L728
主机名：oatxmsg1
操作系统：Linux
应用：系统名称：即时通信消息服务器2机
所在地：亦庄中金
SERVICEID:L729
主机名：oatxmsg2
操作系统：Linux
应用：系统名称：即时通信消息服务器3机
所在地：亦庄中金
SERVICEID:L730
主机名：oatxmsg3
操作系统：Linux
应用：系统名称：即时通信消息服务器4机
所在地：亦庄中金
SERVICEID:L731
主机名：oatxmsg4
操作系统：Linux
应用：
----------------------------------------------------------------
用户：zjp
时间：2017-06-16 01:38:18
系统名称：即时通信消息服务器1机
所在地：亦庄中金
SERVICEID:L728
主机名：oatxmsg1
操作系统：Linux
应用：系统名称：即时通信消息服务器2机
所在地：亦庄中金
SERVICEID:L729
主机名：oatxmsg2
操作系统：Linux
应用：系统名称：即时通信消息服务器3机
所在地：亦庄中金
SERVICEID:L730
主机名：oatxmsg3
操作系统：Linux
应用：系统名称：即时通信消息服务器4机
所在地：亦庄中金
SERVICEID:L731
主机名：oatxmsg4
操作系统：Linux
应用：系统名称：即时通信消息服务器5机
所在地：亦庄中金
SERVICEID:L732
主机名：oatxmsg5
操作系统：Linux
应用：
----------------------------------------------------------------
用户：zjp
时间：2017-06-16 09:38:20
操作：从index.html把数据更新到data.txt
----------------------------------------------------------------
用户：zjp
时间：2017-06-16 09:38:36
操作：从index.html把数据更新到data.txt
----------------------------------------------------------------
