用户：zjp
时间：2017-01-24 09:28:26
操作：从index.html把数据更新到data.txt
----------------------------------------------------------------
用户：zjp
时间：2017-01-24 09:28:48
操作：从index.html把数据更新到data.txt
----------------------------------------------------------------
用户：zjp
时间：2017-01-24 01:30:20
系统名称：客服知识库数据库1机
所在地：亦庄中金
SERVICEID:L584
主机名：kfzskdb1
操作系统：Linux
应用：Oracle
----------------------------------------------------------------
用户：zjp
时间：2017-01-24 01:30:20
系统名称：客服知识库数据库1机
所在地：亦庄中金
SERVICEID:L584
主机名：kfzskdb1
操作系统：Linux
应用：Oracle系统名称：客服知识库数据库2机
所在地：亦庄中金
SERVICEID:L585
主机名：kfzskdb2
操作系统：Linux
应用：Oracle
----------------------------------------------------------------
用户：zjp
时间：2017-01-24 09:30:23
操作：从index.html把数据更新到data.txt
----------------------------------------------------------------
