用户：wzw
时间：2016-05-13 02:38:38

系统名称：村镇银行指纹认证数据库1机
所在地：亦庄中金
SERVICEID:1106
主机名：czzwdb1
操作系统：AIX
应用：Oracle
----------------------------------------------------------------
用户：wzw
时间：2016-05-13 02:39:11

系统名称：村镇银行指纹认证数据库2机
所在地：亦庄中金
SERVICEID:1107
主机名：czzwdb2
操作系统：AIX
应用：Oracle
----------------------------------------------------------------
用户：wzw
时间：2016-05-13 02:54:26

系统名称：村镇银行密钥管理和集中银联DG备库
所在地：亦庄中金
SERVICEID:1112
主机名：mygl
操作系统：AIX
应用：Oracle
----------------------------------------------------------------
用户：wzw
时间：2016-05-13 02:55:05

系统名称：村镇银行电子现金和IC卡DG备库
所在地：亦庄中金
SERVICEID:1113
主机名：sjzb
操作系统：AIX
应用：Oracle
----------------------------------------------------------------
用户：zjp
时间：2016-05-13 03:02:22

系统名称：指纹授权app1机
所在地：西三旗
SERVICEID:L397
主机名：zwrzapp1
操作系统：Linux
应用：WAS,Oracle
----------------------------------------------------------------
用户：zjp
时间：2016-05-13 03:03:08

系统名称：指纹授权app2机
所在地：西三旗
SERVICEID:L398
主机名：zwrzapp2
操作系统：Linux
应用：WAS,Oracle
----------------------------------------------------------------
用户：zjp
时间：2016-05-13 03:03:43

系统名称：指纹授权app3
所在地：西三旗
SERVICEID:L399
主机名：zwrzapp3
操作系统：Linux
应用：WAS,Oracle
----------------------------------------------------------------
用户：zjp
时间：2016-05-13 08:39:11

系统名称：理财类高可用WEB服务器--理财银宝通WEB1机
所在地：亦庄中金
SERVICEID:L400
主机名：lclweb1
操作系统：Linux
应用：WAS
----------------------------------------------------------------
用户：zjp
时间：2016-05-13 08:39:53

系统名称：理财类高可用WEB服务器理财银宝通WEB2机
所在地：亦庄中金
SERVICEID:L401
主机名：lclweb2
操作系统：Linux
应用：WAS
----------------------------------------------------------------
用户：zjp
时间：2016-05-13 08:40:44

系统名称：理财类高可用WEB服务器基金中间业务WEB1机
所在地：亦庄中金
SERVICEID:L402
主机名：lclweb3
操作系统：Linux
应用：WAS
----------------------------------------------------------------
用户：zjp
时间：2016-05-13 08:41:13

系统名称：理财类高可用WEB服务器基金中间业务WEB2机
所在地：亦庄中金
SERVICEID:L403
主机名：lclweb4
操作系统：Linux
应用：WAS
----------------------------------------------------------------
用户：zjp
时间：2016-05-13 08:44:28

系统名称：移动代理服务器短信网关代理1机
所在地：亦庄中金
SERVICEID:L404
主机名：hxsmsgw1
操作系统：Linux
应用：Oracle
----------------------------------------------------------------
用户：zjp
时间：2016-05-13 08:44:56

系统名称：移动代理服务器短信网关代理2机
所在地：亦庄中金
SERVICEID:L405
主机名：hxsmsgw2
操作系统：Linux
应用：Oracle
----------------------------------------------------------------
用户：zjp
时间：2016-05-13 08:46:40

系统名称：移动代理服务器短信移动代理1机
所在地：亦庄中金
SERVICEID:L406
主机名：hxsmsmas1
操作系统：Linux
应用：
----------------------------------------------------------------
用户：zjp
时间：2016-05-13 08:47:09

系统名称：移动代理服务器短信移动代理2机
所在地：亦庄中金
SERVICEID:L407
主机名：hxsmsmas2
操作系统：Linux
应用：
----------------------------------------------------------------
用户：wzw
时间：2016-05-13 10:39:42

系统名称：黄金系统数据库1机
所在地：亦庄中金
SERVICEID:1123
主机名：hjdb1
操作系统：AIX
应用：Oracle
----------------------------------------------------------------
用户：wzw
时间：2016-05-13 10:40:06

系统名称：黄金系统数据库2机
所在地：亦庄中金
SERVICEID:1124
主机名：hjdb2
操作系统：AIX
应用：Oracle
----------------------------------------------------------------
