用户：wzw
时间：2016-05-06 00:15:17
系统名称：2322
所在地：亦庄中金
SERVICEID:232
主机名：32
操作系统：AIX
应用：MQ
----------------------------------------------------------------
用户：wzw
时间：2016-05-06 00:17:08
系统名称：rewrite温热微软
所在地：亦庄中金
SERVICEID:w
主机名：wwr
操作系统：AIX
应用：WAS
----------------------------------------------------------------
用户：wzw
时间：2016-05-06 09:48:32
系统名称：asfasdfas
所在地：亦庄中金
SERVICEID:sfsdfasfdssf
主机名：sdfadsfas
操作系统：AIX
应用：MQ
----------------------------------------------------------------
用户：wzw
时间：2016-05-06 09:49:10
系统名称：werewrew
所在地：亦庄中金
SERVICEID:wwwwwwwwwwww
主机名：werewr
操作系统：AIX
应用：
----------------------------------------------------------------
用户：
时间：2016-05-06 09:58:25
从index.html把数据更新到data.txt
----------------------------------------------------------------
用户：wzw
时间：2016-05-06 10:00:18
从index.html把数据更新到data.txt
----------------------------------------------------------------
用户：wzw
时间：2016-05-06 10:01:08
操作：从index.html把数据更新到data.txt
----------------------------------------------------------------
用户：wzw
时间：2016-05-06 10:09:58
系统名称：333
所在地：亦庄中金
SERVICEID:33
主机名：33
操作系统：AIX
应用：
----------------------------------------------------------------
用户：wzw
时间：2016-05-06 10:11:29
操作：从index.html把数据更新到data.txt
----------------------------------------------------------------
用户：wzw
时间：2016-05-06 10:11:31
操作：从index.html把数据更新到data.txt
----------------------------------------------------------------
用户：wzw
时间：2016-05-06 10:12:10
操作：从index.html把数据更新到data.txt
----------------------------------------------------------------
用户：wzw
时间：2016-05-06 10:16:47
系统名称：wewew
所在地：亦庄中金
SERVICEID:wewewe
主机名：eweeww
操作系统：AIX
应用：
----------------------------------------------------------------
用户：wzw
时间：2016-05-06 10:19:14
系统名称：4444
所在地：亦庄中金
SERVICEID:44444
主机名：4444
操作系统：AIX
应用：
----------------------------------------------------------------
用户：wzw
时间：2016-05-06 10:19:25
系统名称：3333
所在地：亦庄中金
SERVICEID:33333
主机名：3333
操作系统：AIX
应用：
----------------------------------------------------------------
用户：wzw
时间：2016-05-06 10:19:59
系统名称：5555555
所在地：亦庄中金
SERVICEID:55555
主机名：55555
操作系统：AIX
应用：
----------------------------------------------------------------
用户：wzw
时间：2016-05-06 10:22:00
操作：从index.html把数据更新到data.txt
----------------------------------------------------------------
用户：wzw
时间：2016-05-06 10:22:09
系统名称：666666666
所在地：亦庄中金
SERVICEID:666666
主机名：666666
操作系统：AIX
应用：
----------------------------------------------------------------
用户：wzw
时间：2016-05-06 10:27:56
操作：从index.html把数据更新到data.txt
----------------------------------------------------------------
用户：wzw
时间：2016-05-06 10:29:30
操作：从index.html把数据更新到data.txt
----------------------------------------------------------------
用户：wzw
时间：2016-05-06 10:29:38
系统名称：2232313212
所在地：亦庄中金
SERVICEID:13123
主机名：131213
操作系统：AIX
应用：
----------------------------------------------------------------
用户：wzw
时间：2016-05-06 11:20:25
操作：从index.html把数据更新到data.txt
----------------------------------------------------------------
用户：wzw
时间：2016-05-06 11:24:30
操作：从index.html把数据更新到data.txt
----------------------------------------------------------------
用户：wzw
时间：2016-05-06 11:24:43
操作：从index.html把数据更新到data.txt
----------------------------------------------------------------
用户：wzw
时间：2016-05-06 11:24:46
操作：从index.html把数据更新到data.txt
----------------------------------------------------------------
用户：wzw
时间：2016-05-06 11:24:59
操作：从index.html把数据更新到data.txt
----------------------------------------------------------------
用户：wzw
时间：2016-05-06 11:25:15
操作：从index.html把数据更新到data.txt
----------------------------------------------------------------
用户：wzw
时间：2016-05-06 11:25:24
操作：从index.html把数据更新到data.txt
----------------------------------------------------------------
用户：wzw
时间：2016-05-06 13:46:50
操作：从index.html把数据更新到data.txt
----------------------------------------------------------------
用户：wzw
时间：2016-05-06 13:50:47
操作：从index.html把数据更新到data.txt
----------------------------------------------------------------
用户：zzh
时间：2016-05-06 14:10:04
操作：从index.html把数据更新到data.txt
----------------------------------------------------------------
用户：zzh
时间：2016-05-06 14:12:16
操作：从index.html把数据更新到data.txt
----------------------------------------------------------------
用户：wzw
时间：2016-05-06 15:01:40
操作：从index.html把数据更新到data.txt
----------------------------------------------------------------
用户：wzw
时间：2016-05-06 15:01:42
操作：从index.html把数据更新到data.txt
----------------------------------------------------------------
用户：zzh
时间：2016-05-06 15:32:13
系统名称：222332
所在地：亦庄中金
SERVICEID:323
主机名：232323
操作系统：AIX
应用：WAS
----------------------------------------------------------------
用户：zzh
时间：2016-05-06 15:32:22
操作：从index.html把数据更新到data.txt
----------------------------------------------------------------
用户：wzw
时间：2016-05-06 16:52:04
操作：从index.html把数据更新到data.txt
----------------------------------------------------------------
用户：wzw
时间：2016-05-06 16:53:21
操作：从index.html把数据更新到data.txt
----------------------------------------------------------------
