用户：zjp
时间：2016-05-18 06:28:18

系统名称：手机银行app1机
所在地：亦庄中金
SERVICEID:L420
主机名：sjyhapp1
操作系统：Linux
应用：
----------------------------------------------------------------
用户：zjp
时间：2016-05-18 06:28:50

系统名称：手机银行app2机
所在地：亦庄中金
SERVICEID:L421
主机名：sjyhapp2
操作系统：Linux
应用：
----------------------------------------------------------------
用户：zjp
时间：2016-05-18 06:29:11

系统名称：手机银行app3机
所在地：亦庄中金
SERVICEID:L422
主机名：sjyhapp3
操作系统：Linux
应用：
----------------------------------------------------------------
用户：zjp
时间：2016-05-18 06:29:32

系统名称：手机银行app4机
所在地：亦庄中金
SERVICEID:L423
主机名：sjyhapp4
操作系统：Linux
应用：
----------------------------------------------------------------
用户：zjp
时间：2016-05-18 06:29:57

系统名称：手机银行app5机
所在地：亦庄中金
SERVICEID:L424
主机名：sjyhapp5
操作系统：Linux
应用：
----------------------------------------------------------------
用户：zjp
时间：2016-05-18 06:30:17

系统名称：手机银行app6机
所在地：亦庄中金
SERVICEID:L425
主机名：sjyhapp6
操作系统：Linux
应用：
----------------------------------------------------------------
用户：zjp
时间：2016-05-18 06:30:39

系统名称：手机银行app7机
所在地：亦庄中金
SERVICEID:L426
主机名：sjyhapp7
操作系统：Linux
应用：
----------------------------------------------------------------
用户：zjp
时间：2016-05-18 06:30:59

系统名称：手机银行app8机
所在地：亦庄中金
SERVICEID:L427
主机名：sjyhapp8
操作系统：Linux
应用：
----------------------------------------------------------------
用户：zjp
时间：2016-05-18 06:31:37

系统名称：手机银行app9机
所在地：亦庄中金
SERVICEID:L428
主机名：sjyhapp9
操作系统：Linux
应用：
----------------------------------------------------------------
用户：zjp
时间：2016-05-18 06:32:02

系统名称：手机银行app10机
所在地：亦庄中金
SERVICEID:L429
主机名：sjyhapp10
操作系统：Linux
应用：
----------------------------------------------------------------
用户：zjp
时间：2016-05-18 06:52:46

系统名称：手机银行图片服务器1机
所在地：亦庄中金
SERVICEID:L430
主机名：sjyhpic1
操作系统：Linux
应用：
----------------------------------------------------------------
用户：zjp
时间：2016-05-18 06:58:35

系统名称：手机银行图片服务器2机
所在地：亦庄中金
SERVICEID:L431
主机名：sjyhpic2
操作系统：Linux
应用：
----------------------------------------------------------------
用户：zjp
时间：2016-05-18 06:59:05

系统名称：手机银行数据采集服务器1机
所在地：亦庄中金
SERVICEID:L432
主机名：sjyhcj1
操作系统：Linux
应用：
----------------------------------------------------------------
用户：zjp
时间：2016-05-18 06:59:23

系统名称：手机银行数据采集服务器2机
所在地：亦庄中金
SERVICEID:L433
主机名：sjyhcj2
操作系统：Linux
应用：
----------------------------------------------------------------
用户：zjp
时间：2016-05-18 06:59:56

系统名称：手机银行内管服务器1机
所在地：亦庄中金
SERVICEID:L434
主机名：sjyhmg1
操作系统：Linux
应用：GTP
----------------------------------------------------------------
用户：zjp
时间：2016-05-18 07:02:57

系统名称：手机银行内管服务器2机
所在地：亦庄中金
SERVICEID:L435
主机名：sjyhmg2
操作系统：Linux
应用：GTP
----------------------------------------------------------------
用户：zjp
时间：2016-05-18 07:04:17

系统名称：sjyhmem1
所在地：亦庄中金
SERVICEID:L436
主机名：手机银行内存服务器1机
操作系统：Linux
应用：
----------------------------------------------------------------
用户：zjp
时间：2016-05-18 07:26:54

系统名称：手机银行内存服务器2机
所在地：亦庄中金
SERVICEID:L437
主机名：sjyhmem2
操作系统：Linux
应用：
----------------------------------------------------------------
用户：zjp
时间：2016-05-18 07:27:18

系统名称：手机银行内存服务器3机
所在地：亦庄中金
SERVICEID:L438
主机名：sjyhmem3
操作系统：Linux
应用：
----------------------------------------------------------------
用户：zjp
时间：2016-05-18 07:27:40

系统名称：手机银行内存服务器4机
所在地：亦庄中金
SERVICEID:L439
主机名：sjyhmem4
操作系统：Linux
应用：
----------------------------------------------------------------
