用户：zjp
时间：2016-05-16 07:00:22

系统名称：手机银行web接入1机
所在地：亦庄中金
SERVICEID:L408
主机名：sjyhwebjr1
操作系统：Linux
应用：
----------------------------------------------------------------
用户：zjp
时间：2016-05-16 07:00:57

系统名称：手机银行web接入2机
所在地：亦庄中金
SERVICEID:L409
主机名：sjyhwebjr2
操作系统：Linux
应用：
----------------------------------------------------------------
用户：zjp
时间：2016-05-16 07:01:28

系统名称：手机银行web接入3机
所在地：亦庄中金
SERVICEID:L410
主机名：sjyhwebjr3
操作系统：Linux
应用：
----------------------------------------------------------------
用户：zjp
时间：2016-05-16 07:03:30

系统名称：手机银行web接入4机
所在地：亦庄中金
SERVICEID:L411
主机名：sjyhwebjr4
操作系统：Linux
应用：
----------------------------------------------------------------
用户：zjp
时间：2016-05-16 07:03:58

系统名称：手机银行web接入5机
所在地：亦庄中金
SERVICEID:L412
主机名：sjyhwebjr5
操作系统：Linux
应用：
----------------------------------------------------------------
用户：zjp
时间：2016-05-16 07:04:37

系统名称：手机银行web接入6机
所在地：亦庄中金
SERVICEID:L413
主机名：sjyhwebjr6
操作系统：Linux
应用：
----------------------------------------------------------------
用户：zjp
时间：2016-05-16 07:05:09

系统名称：手机银行web接入7机
所在地：亦庄中金
SERVICEID:L414
主机名：sjyhwebjr7
操作系统：Linux
应用：
----------------------------------------------------------------
用户：zjp
时间：2016-05-16 07:06:01

系统名称：手机银行web接入8机
所在地：亦庄中金
SERVICEID:L415
主机名：sjyhwebjr8
操作系统：Linux
应用：
----------------------------------------------------------------
用户：zjp
时间：2016-05-16 07:06:38

系统名称：手机银行web接入9机
所在地：亦庄中金
SERVICEID:L416
主机名：sjyhwebjr9
操作系统：Linux
应用：
----------------------------------------------------------------
用户：zjp
时间：2016-05-16 07:07:11

系统名称：手机银行web接入10机
所在地：亦庄中金
SERVICEID:L417
主机名：sjyhwebjr10
操作系统：Linux
应用：
----------------------------------------------------------------
用户：zjp
时间：2016-05-16 07:07:59

系统名称：P2Pweb/应用服务器1机
所在地：亦庄中金
SERVICEID:L418
主机名：p2papp1
操作系统：Linux
应用：
----------------------------------------------------------------
用户：zjp
时间：2016-05-16 07:09:14

系统名称：P2Pweb/应用服务器2机
所在地：亦庄中金
SERVICEID:L419
主机名：p2papp2
操作系统：Linux
应用：WAS
----------------------------------------------------------------
