用户：zjp
时间：2016-05-19 02:37:09

系统名称：诈骗WEB服务器1机
所在地：亦庄中金
SERVICEID:L440
主机名：zpjyczweb1
操作系统：Linux
应用：
----------------------------------------------------------------
用户：zjp
时间：2016-05-19 02:37:37

系统名称：诈骗WEB服务器2机
所在地：亦庄中金
SERVICEID:L441
主机名：zpjyczweb2
操作系统：Linux
应用：
----------------------------------------------------------------
用户：zjp
时间：2016-05-19 02:38:12

系统名称：诈骗APP服务器1机
所在地：亦庄中金
SERVICEID:L442
主机名：zpjyczapp1
操作系统：Linux
应用：
----------------------------------------------------------------
用户：zjp
时间：2016-05-19 02:38:35

系统名称：诈骗APP服务器2机
所在地：亦庄中金
SERVICEID:L443
主机名：zpjyczapp2
操作系统：Linux
应用：
----------------------------------------------------------------
用户：zjp
时间：2016-05-19 08:49:58

系统名称：电商服务系统web接入1机
所在地：亦庄中金
SERVICEID:108.199.34.238
主机名：dsxtweb1
操作系统：Linux
应用：
----------------------------------------------------------------
用户：zjp
时间：2016-05-19 08:50:45

系统名称：电商服务系统web接入2机
所在地：亦庄中金
SERVICEID:L447
主机名：dsxtweb2
操作系统：Linux
应用：
----------------------------------------------------------------
用户：zjp
时间：2016-05-19 08:52:44

系统名称：电商服务系统web接入3机
所在地：亦庄中金
SERVICEID:L448
主机名：dsxtweb3
操作系统：Linux
应用：
----------------------------------------------------------------
用户：zjp
时间：2016-05-19 08:53:01

系统名称：电商服务系统web接入4机
所在地：亦庄中金
SERVICEID:L449
主机名：dsxtweb4
操作系统：Linux
应用：
----------------------------------------------------------------
用户：zjp
时间：2016-05-19 08:53:17

系统名称：电商服务系统web接入5机
所在地：亦庄中金
SERVICEID:L450
主机名：dsxtweb5
操作系统：Linux
应用：
----------------------------------------------------------------
用户：zjp
时间：2016-05-19 08:53:35

系统名称：电商服务系统web接入6机
所在地：亦庄中金
SERVICEID:L451
主机名：dsxtweb6
操作系统：Linux
应用：
----------------------------------------------------------------
用户：zjp
时间：2016-05-19 08:53:52

系统名称：电商服务系统web接入7机
所在地：亦庄中金
SERVICEID:L452
主机名：dsxtweb7
操作系统：Linux
应用：
----------------------------------------------------------------
用户：zjp
时间：2016-05-19 08:54:08

系统名称：电商服务系统web接入8机
所在地：亦庄中金
SERVICEID:L453
主机名：dsxtweb8
操作系统：Linux
应用：
----------------------------------------------------------------
用户：zjp
时间：2016-05-19 08:54:25

系统名称：电商服务系统图片服务器1机
所在地：亦庄中金
SERVICEID:L454
主机名：dsxttp1
操作系统：Linux
应用：
----------------------------------------------------------------
用户：zjp
时间：2016-05-19 08:54:40

系统名称：电商服务系统图片服务器2机
所在地：亦庄中金
SERVICEID:L455
主机名：dsxttp2
操作系统：Linux
应用：
----------------------------------------------------------------
用户：zjp
时间：2016-05-19 10:12:53

系统名称：诈骗交易处置数据库1机
所在地：亦庄中金
SERVICEID:L444
主机名：zpjyczdb1
操作系统：Linux
应用：Oracle
----------------------------------------------------------------
用户：zjp
时间：2016-05-19 10:13:13

系统名称：诈骗交易处置数据库2机
所在地：亦庄中金
SERVICEID:L445
主机名：zpjyczdb2
操作系统：Linux
应用：Oracle
----------------------------------------------------------------
