用户：wzw
时间：2016-05-05 10:53:10

系统名称：供应链电子验印数据库1机
所在地：亦庄中金
SERVICEID:1094
主机名：gylyydb1
操作系统：AIX
应用：Oracle
----------------------------------------------------------------
用户：wzw
时间：2016-05-05 10:57:19

系统名称：供应链电子验印数据库2机
所在地：亦庄中金
SERVICEID:1095
主机名：gylyydb2
操作系统：AIX
应用：Oracle
----------------------------------------------------------------
用户：wzw
时间：2016-05-05 11:27:41

系统名称：会计业务风险监测数据库1机
所在地：亦庄中金
SERVICEID:0700
主机名：kjfxjcdb1
操作系统：AIX
应用：Oracle
----------------------------------------------------------------
用户：wzw
时间：2016-05-05 11:33:12

系统名称：会计业务风险监测数据库2机
所在地：亦庄中金
SERVICEID:0701
主机名：kjfxjcdb2
操作系统：AIX
应用：Oracle
----------------------------------------------------------------
用户：wzw
时间：2016-05-05 11:36:50

系统名称：网银系统动态口令（OTP）应用1机
所在地：亦庄中金
SERVICEID:0702
主机名：otpap1
操作系统：AIX
应用：WAS
----------------------------------------------------------------
用户：wzw
时间：2016-05-05 11:37:12

系统名称：网银系统动态口令（OTP）应用2机
所在地：亦庄中金
SERVICEID:0703
主机名：otpap1
操作系统：AIX
应用：WAS
----------------------------------------------------------------
用户：wzw
时间：2016-05-05 11:59:26

系统名称：网银系统动态口令（OTP）数据库1机
所在地：亦庄中金
SERVICEID:0704
主机名：otpdb1
操作系统：AIX
应用：Oracle
----------------------------------------------------------------
用户：wzw
时间：2016-05-05 12:01:22

系统名称：网银系统动态口令（OTP）数据库2机
所在地：亦庄中金
SERVICEID:0705
主机名：otpdb2
操作系统：AIX
应用：Oracle
----------------------------------------------------------------
用户：wzw
时间：2016-05-05 12:22:37

系统名称：西三旗核心报表历史库1机
所在地：亦庄中金
SERVICEID:0706
主机名：rephisdb1
操作系统：AIX
应用：Oracle
----------------------------------------------------------------
用户：wzw
时间：2016-05-05 12:23:15

系统名称：西三旗核心报表数据库2机
所在地：亦庄中金
SERVICEID:0707
主机名：rephisdb2
操作系统：AIX
应用：Oracle
----------------------------------------------------------------
