用户：zjp
时间：2017-09-14 01:52:10
系统名称：
所在地：
SERVICEID:
主机名：
操作系统：
应用：
----------------------------------------------------------------
用户：zjp
时间：2017-09-14 01:52:10
系统名称：
所在地：
SERVICEID:
主机名：
操作系统：
应用：系统名称：
所在地：
SERVICEID:
主机名：
操作系统：
应用：
----------------------------------------------------------------
用户：zjp
时间：2017-09-14 01:52:10
系统名称：
所在地：
SERVICEID:
主机名：
操作系统：
应用：系统名称：
所在地：
SERVICEID:
主机名：
操作系统：
应用：系统名称：
所在地：
SERVICEID:
主机名：
操作系统：
应用：
----------------------------------------------------------------
用户：zjp
时间：2017-09-14 01:52:10
系统名称：
所在地：
SERVICEID:
主机名：
操作系统：
应用：系统名称：
所在地：
SERVICEID:
主机名：
操作系统：
应用：系统名称：
所在地：
SERVICEID:
主机名：
操作系统：
应用：系统名称：
所在地：
SERVICEID:
主机名：
操作系统：
应用：
----------------------------------------------------------------
用户：zjp
时间：2017-09-14 01:52:10
系统名称：
所在地：
SERVICEID:
主机名：
操作系统：
应用：系统名称：
所在地：
SERVICEID:
主机名：
操作系统：
应用：系统名称：
所在地：
SERVICEID:
主机名：
操作系统：
应用：系统名称：
所在地：
SERVICEID:
主机名：
操作系统：
应用：系统名称：
所在地：
SERVICEID:
主机名：
操作系统：
应用：
----------------------------------------------------------------
用户：zjp
时间：2017-09-14 01:52:10
系统名称：
所在地：
SERVICEID:
主机名：
操作系统：
应用：系统名称：
所在地：
SERVICEID:
主机名：
操作系统：
应用：系统名称：
所在地：
SERVICEID:
主机名：
操作系统：
应用：系统名称：
所在地：
SERVICEID:
主机名：
操作系统：
应用：系统名称：
所在地：
SERVICEID:
主机名：
操作系统：
应用：系统名称：
所在地：
SERVICEID:
主机名：
操作系统：
应用：
----------------------------------------------------------------
用户：zjp
时间：2017-09-14 01:52:10
系统名称：
所在地：
SERVICEID:
主机名：
操作系统：
应用：系统名称：
所在地：
SERVICEID:
主机名：
操作系统：
应用：系统名称：
所在地：
SERVICEID:
主机名：
操作系统：
应用：系统名称：
所在地：
SERVICEID:
主机名：
操作系统：
应用：系统名称：
所在地：
SERVICEID:
主机名：
操作系统：
应用：系统名称：
所在地：
SERVICEID:
主机名：
操作系统：
应用：系统名称：
所在地：
SERVICEID:
主机名：
操作系统：
应用：
----------------------------------------------------------------
用户：zjp
时间：2017-09-14 01:55:18
系统名称：
所在地：
SERVICEID:
主机名：
操作系统：
应用：
----------------------------------------------------------------
用户：zjp
时间：2017-09-14 01:55:18
系统名称：
所在地：
SERVICEID:
主机名：
操作系统：
应用：系统名称：
所在地：
SERVICEID:
主机名：
操作系统：
应用：
----------------------------------------------------------------
用户：zjp
时间：2017-09-14 01:55:18
系统名称：
所在地：
SERVICEID:
主机名：
操作系统：
应用：系统名称：
所在地：
SERVICEID:
主机名：
操作系统：
应用：系统名称：
所在地：
SERVICEID:
主机名：
操作系统：
应用：
----------------------------------------------------------------
用户：zjp
时间：2017-09-14 01:55:18
系统名称：
所在地：
SERVICEID:
主机名：
操作系统：
应用：系统名称：
所在地：
SERVICEID:
主机名：
操作系统：
应用：系统名称：
所在地：
SERVICEID:
主机名：
操作系统：
应用：系统名称：
所在地：
SERVICEID:
主机名：
操作系统：
应用：
----------------------------------------------------------------
