用户：zjp
时间：2017-09-18 00:57:11
系统名称：
所在地：
SERVICEID:
主机名：
操作系统：
应用：
----------------------------------------------------------------
用户：zjp
时间：2017-09-18 00:57:58
系统名称：
所在地：
SERVICEID:
主机名：
操作系统：
应用：
----------------------------------------------------------------
用户：zjp
时间：2017-09-18 00:59:42
系统名称：
所在地：
SERVICEID:
主机名：
操作系统：
应用：WAS
----------------------------------------------------------------
用户：zjp
时间：2017-09-18 01:00:24
系统名称：
所在地：
SERVICEID:
主机名：
操作系统：
应用：WAS
----------------------------------------------------------------
用户：zjp
时间：2017-09-18 01:01:10
系统名称：
所在地：
SERVICEID:
主机名：
操作系统：
应用：WAS
----------------------------------------------------------------
用户：zjp
时间：2017-09-18 01:02:46
系统名称：
所在地：
SERVICEID:
主机名：
操作系统：
应用：WAS
----------------------------------------------------------------
