---------------------------------------------------------------
[ 2017-10-17T15:45:13+08:00 ] ::1 ::1 GET /mycms/
[ error ] [8]Undefined index: argv
---------------------------------------------------------------
[ 2017-10-17T15:58:30+08:00 ] ::1 ::1 GET /mycms/
[ error ] [1]Call to undefined method app\index\controller\Index::fetch()
---------------------------------------------------------------
[ 2017-10-17T15:59:54+08:00 ] ::1 ::1 GET /mycms/
[ error ] [1]Call to undefined method app\index\controller\Index::fetch()
---------------------------------------------------------------
[ 2017-10-17T15:59:55+08:00 ] ::1 ::1 GET /mycms/
[ error ] [1]Call to undefined method app\index\controller\Index::fetch()
---------------------------------------------------------------
[ 2017-10-17T15:59:55+08:00 ] ::1 ::1 GET /mycms/
[ error ] [1]Call to undefined method app\index\controller\Index::fetch()
---------------------------------------------------------------
[ 2017-10-17T15:59:55+08:00 ] ::1 ::1 GET /mycms/
[ error ] [1]Call to undefined method app\index\controller\Index::fetch()
---------------------------------------------------------------
[ 2017-10-17T15:59:56+08:00 ] ::1 ::1 GET /mycms/
[ error ] [1]Call to undefined method app\index\controller\Index::fetch()
---------------------------------------------------------------
[ 2017-10-17T16:00:49+08:00 ] ::1 ::1 GET /mycms/
[ info ] localhost/mycms/ [运行时间：0.067852s][吞吐率：14.74req/s] [内存消耗：1,134.72kb] [文件加载：37]
[ info ] [ LANG ] E:\webproject\mycms\thinkphp\lang\zh-cn.php
[ info ] [ ROUTE ] array (
  'type' => 'module',
  'module' => 
  array (
    0 => '',
    1 => NULL,
    2 => NULL,
  ),
)
[ info ] [ HEADER ] array (
  'host' => 'localhost',
  'user-agent' => 'Mozilla/5.0 (Windows NT 10.0; Win64; x64; rv:56.0) Gecko/20100101 Firefox/56.0',
  'accept' => 'text/html,application/xhtml+xml,application/xml;q=0.9,*/*;q=0.8',
  'accept-language' => 'zh-CN,zh;q=0.8,en-US;q=0.5,en;q=0.3',
  'accept-encoding' => 'gzip, deflate',
  'cookie' => 'BJYADMIN=gl0ed9lsf7g65rsb4jqbhl3165; PHPSESSID=evr782l1gf88i7s0n2iiuqf6j1; ht2hed=k43fo04ah9dopt81m44bnquk52; pgv_pvi=1244210176; pgv_si=s1406350336',
  'connection' => 'keep-alive',
  'upgrade-insecure-requests' => '1',
  'cache-control' => 'max-age=0',
)
[ info ] [ PARAM ] array (
)
[ info ] [ RUN ] app\index\controller\Index->index[ E:\webproject\mycms\application\index\controller\Index.php ]
[ info ] [ LOG ] INIT File
[ error ] [1]Call to undefined method app\index\controller\Index::fetch()[E:\webproject\mycms\application\index\controller\Index.php:6]
---------------------------------------------------------------
[ 2017-10-17T16:01:45+08:00 ] ::1 ::1 GET /mycms/
[ info ] localhost/mycms/ [运行时间：0.063106s][吞吐率：15.85req/s] [内存消耗：1,134.65kb] [文件加载：37]
[ info ] [ LANG ] E:\webproject\mycms\thinkphp\lang\zh-cn.php
[ info ] [ ROUTE ] array (
  'type' => 'module',
  'module' => 
  array (
    0 => '',
    1 => NULL,
    2 => NULL,
  ),
)
[ info ] [ HEADER ] array (
  'host' => 'localhost',
  'user-agent' => 'Mozilla/5.0 (Windows NT 10.0; Win64; x64; rv:56.0) Gecko/20100101 Firefox/56.0',
  'accept' => 'text/html,application/xhtml+xml,application/xml;q=0.9,*/*;q=0.8',
  'accept-language' => 'zh-CN,zh;q=0.8,en-US;q=0.5,en;q=0.3',
  'accept-encoding' => 'gzip, deflate',
  'cookie' => 'thinkphp_show_page_trace=0|0; BJYADMIN=gl0ed9lsf7g65rsb4jqbhl3165; PHPSESSID=evr782l1gf88i7s0n2iiuqf6j1; ht2hed=k43fo04ah9dopt81m44bnquk52; pgv_pvi=1244210176; pgv_si=s1406350336',
  'connection' => 'keep-alive',
  'upgrade-insecure-requests' => '1',
  'cache-control' => 'max-age=0',
)
[ info ] [ PARAM ] array (
)
[ info ] [ LOG ] INIT File
[ error ] [1]Class 'think\controller' not found[E:\webproject\mycms\application\index\controller\Index.php:5]
---------------------------------------------------------------
[ 2017-10-17T16:01:55+08:00 ] ::1 ::1 GET /mycms/
[ info ] localhost/mycms/ [运行时间：0.098645s][吞吐率：10.14req/s] [内存消耗：1,661.05kb] [文件加载：42]
[ info ] [ LANG ] E:\webproject\mycms\thinkphp\lang\zh-cn.php
[ info ] [ ROUTE ] array (
  'type' => 'module',
  'module' => 
  array (
    0 => '',
    1 => NULL,
    2 => NULL,
  ),
)
[ info ] [ HEADER ] array (
  'host' => 'localhost',
  'user-agent' => 'Mozilla/5.0 (Windows NT 10.0; Win64; x64; rv:56.0) Gecko/20100101 Firefox/56.0',
  'accept' => 'text/html,application/xhtml+xml,application/xml;q=0.9,*/*;q=0.8',
  'accept-language' => 'zh-CN,zh;q=0.8,en-US;q=0.5,en;q=0.3',
  'accept-encoding' => 'gzip, deflate',
  'cookie' => 'thinkphp_show_page_trace=0|0; BJYADMIN=gl0ed9lsf7g65rsb4jqbhl3165; PHPSESSID=evr782l1gf88i7s0n2iiuqf6j1; ht2hed=k43fo04ah9dopt81m44bnquk52; pgv_pvi=1244210176; pgv_si=s1406350336',
  'connection' => 'keep-alive',
  'upgrade-insecure-requests' => '1',
  'cache-control' => 'max-age=0',
)
[ info ] [ PARAM ] array (
)
[ info ] [ RUN ] app\index\controller\Index->index[ E:\webproject\mycms\application\index\controller\Index.php ]
[ info ] [ VIEW ] E:\webproject\mycms/application/index\view\index\index.html [ array (
) ]
[ info ] [ LOG ] INIT File
---------------------------------------------------------------
[ 2017-10-17T16:02:58+08:00 ] ::1 ::1 GET /mycms/
[ info ] localhost/mycms/ [运行时间：0.087584s][吞吐率：11.42req/s] [内存消耗：1,660.27kb] [文件加载：42]
[ info ] [ LANG ] E:\webproject\mycms\thinkphp\lang\zh-cn.php
[ info ] [ ROUTE ] array (
  'type' => 'module',
  'module' => 
  array (
    0 => '',
    1 => NULL,
    2 => NULL,
  ),
)
[ info ] [ HEADER ] array (
  'host' => 'localhost',
  'user-agent' => 'Mozilla/5.0 (Windows NT 10.0; Win64; x64; rv:56.0) Gecko/20100101 Firefox/56.0',
  'accept' => 'text/html,application/xhtml+xml,application/xml;q=0.9,*/*;q=0.8',
  'accept-language' => 'zh-CN,zh;q=0.8,en-US;q=0.5,en;q=0.3',
  'accept-encoding' => 'gzip, deflate',
  'cookie' => 'thinkphp_show_page_trace=0|0; BJYADMIN=gl0ed9lsf7g65rsb4jqbhl3165; PHPSESSID=evr782l1gf88i7s0n2iiuqf6j1; ht2hed=k43fo04ah9dopt81m44bnquk52; pgv_pvi=1244210176; pgv_si=s1406350336',
  'connection' => 'keep-alive',
  'upgrade-insecure-requests' => '1',
  'cache-control' => 'max-age=0',
)
[ info ] [ PARAM ] array (
)
[ info ] [ RUN ] app\index\controller\Index->index[ E:\webproject\mycms\application\index\controller\Index.php ]
[ info ] [ VIEW ] E:\webproject\mycms/application/index\view\index\index.html [ array (
) ]
[ info ] [ LOG ] INIT File
---------------------------------------------------------------
[ 2017-10-17T16:07:20+08:00 ] ::1 ::1 GET /mycms/
[ info ] localhost/mycms/ [运行时间：0.064988s][吞吐率：15.39req/s] [内存消耗：1,658.43kb] [文件加载：42]
[ info ] [ LANG ] E:\webproject\mycms\thinkphp\lang\zh-cn.php
[ info ] [ ROUTE ] array (
  'type' => 'module',
  'module' => 
  array (
    0 => '',
    1 => NULL,
    2 => NULL,
  ),
)
[ info ] [ HEADER ] array (
  'host' => 'localhost',
  'user-agent' => 'Mozilla/5.0 (Windows NT 10.0; Win64; x64; rv:56.0) Gecko/20100101 Firefox/56.0',
  'accept' => 'text/html,application/xhtml+xml,application/xml;q=0.9,*/*;q=0.8',
  'accept-language' => 'zh-CN,zh;q=0.8,en-US;q=0.5,en;q=0.3',
  'accept-encoding' => 'gzip, deflate',
  'cookie' => 'thinkphp_show_page_trace=0|0; BJYADMIN=gl0ed9lsf7g65rsb4jqbhl3165; PHPSESSID=evr782l1gf88i7s0n2iiuqf6j1; ht2hed=k43fo04ah9dopt81m44bnquk52; pgv_pvi=1244210176; pgv_si=s1406350336',
  'connection' => 'keep-alive',
  'upgrade-insecure-requests' => '1',
  'cache-control' => 'max-age=0',
)
[ info ] [ PARAM ] array (
)
[ info ] [ RUN ] app\index\controller\Index->index[ E:\webproject\mycms\application\index\controller\Index.php ]
[ info ] [ VIEW ] E:\webproject\mycms/application/index\view\index\index.html [ array (
) ]
[ info ] [ LOG ] INIT File
---------------------------------------------------------------
[ 2017-10-17T16:10:25+08:00 ] ::1 ::1 GET /mycms/
[ info ] localhost/mycms/ [运行时间：0.118668s][吞吐率：8.43req/s] [内存消耗：1,421.10kb] [文件加载：40]
[ info ] [ LANG ] E:\webproject\mycms\thinkphp\lang\zh-cn.php
[ info ] [ ROUTE ] array (
  'type' => 'module',
  'module' => 
  array (
    0 => '',
    1 => NULL,
    2 => NULL,
  ),
)
[ info ] [ HEADER ] array (
  'host' => 'localhost',
  'user-agent' => 'Mozilla/5.0 (Windows NT 10.0; Win64; x64; rv:56.0) Gecko/20100101 Firefox/56.0',
  'accept' => 'text/html,application/xhtml+xml,application/xml;q=0.9,*/*;q=0.8',
  'accept-language' => 'zh-CN,zh;q=0.8,en-US;q=0.5,en;q=0.3',
  'accept-encoding' => 'gzip, deflate',
  'cookie' => 'thinkphp_show_page_trace=0|0; BJYADMIN=gl0ed9lsf7g65rsb4jqbhl3165; PHPSESSID=evr782l1gf88i7s0n2iiuqf6j1; ht2hed=k43fo04ah9dopt81m44bnquk52; pgv_pvi=1244210176; pgv_si=s1406350336',
  'connection' => 'keep-alive',
  'upgrade-insecure-requests' => '1',
  'cache-control' => 'max-age=0',
)
[ info ] [ PARAM ] array (
)
[ info ] [ RUN ] app\index\controller\Index->index[ E:\webproject\mycms\application\index\controller\Index.php ]
[ info ] [ VIEW ] E:\webproject\mycms/application/index\view\index\index.html [ array (
) ]
[ info ] [ LOG ] INIT File
---------------------------------------------------------------
[ 2017-10-17T16:10:43+08:00 ] ::1 ::1 GET /mycms/
[ info ] localhost/mycms/ [运行时间：0.083251s][吞吐率：12.01req/s] [内存消耗：1,421.03kb] [文件加载：40]
[ info ] [ LANG ] E:\webproject\mycms\thinkphp\lang\zh-cn.php
[ info ] [ ROUTE ] array (
  'type' => 'module',
  'module' => 
  array (
    0 => '',
    1 => NULL,
    2 => NULL,
  ),
)
[ info ] [ HEADER ] array (
  'host' => 'localhost',
  'user-agent' => 'Mozilla/5.0 (Windows NT 10.0; Win64; x64; rv:56.0) Gecko/20100101 Firefox/56.0',
  'accept' => 'text/html,application/xhtml+xml,application/xml;q=0.9,*/*;q=0.8',
  'accept-language' => 'zh-CN,zh;q=0.8,en-US;q=0.5,en;q=0.3',
  'accept-encoding' => 'gzip, deflate',
  'cookie' => 'thinkphp_show_page_trace=0|0; BJYADMIN=gl0ed9lsf7g65rsb4jqbhl3165; PHPSESSID=evr782l1gf88i7s0n2iiuqf6j1; ht2hed=k43fo04ah9dopt81m44bnquk52; pgv_pvi=1244210176; pgv_si=s1406350336',
  'connection' => 'keep-alive',
  'upgrade-insecure-requests' => '1',
  'cache-control' => 'max-age=0',
)
[ info ] [ PARAM ] array (
)
[ info ] [ RUN ] app\index\controller\Index->index[ E:\webproject\mycms\application\index\controller\Index.php ]
[ info ] [ VIEW ] E:\webproject\mycms/application/index\view\index\index.html [ array (
) ]
[ info ] [ LOG ] INIT File
---------------------------------------------------------------
[ 2017-10-17T16:12:05+08:00 ] ::1 ::1 GET /mycms/
[ info ] localhost/mycms/ [运行时间：0.075427s][吞吐率：13.26req/s] [内存消耗：1,658.33kb] [文件加载：42]
[ info ] [ LANG ] E:\webproject\mycms\thinkphp\lang\zh-cn.php
[ info ] [ ROUTE ] array (
  'type' => 'module',
  'module' => 
  array (
    0 => '',
    1 => NULL,
    2 => NULL,
  ),
)
[ info ] [ HEADER ] array (
  'host' => 'localhost',
  'connection' => 'keep-alive',
  'upgrade-insecure-requests' => '1',
  'user-agent' => 'Mozilla/5.0 (Windows NT 10.0; WOW64) AppleWebKit/537.36 (KHTML, like Gecko) Chrome/61.0.3163.100 Safari/537.36',
  'accept' => 'text/html,application/xhtml+xml,application/xml;q=0.9,image/webp,image/apng,*/*;q=0.8',
  'referer' => 'http://localhost/',
  'accept-encoding' => 'gzip, deflate, br',
  'accept-language' => 'zh-CN,zh;q=0.8',
)
[ info ] [ PARAM ] array (
)
[ info ] [ RUN ] app\index\controller\Index->index[ E:\webproject\mycms\application\index\controller\Index.php ]
[ info ] [ VIEW ] E:\webproject\mycms/application/index\view\index\index.html [ array (
) ]
[ info ] [ LOG ] INIT File
---------------------------------------------------------------
[ 2017-10-17T16:13:59+08:00 ] ::1 ::1 GET /mycms/
[ info ] localhost/mycms/ [运行时间：0.066867s][吞吐率：14.96req/s] [内存消耗：1,658.84kb] [文件加载：42]
[ info ] [ LANG ] E:\webproject\mycms\thinkphp\lang\zh-cn.php
[ info ] [ ROUTE ] array (
  'type' => 'module',
  'module' => 
  array (
    0 => '',
    1 => NULL,
    2 => NULL,
  ),
)
[ info ] [ HEADER ] array (
  'host' => 'localhost',
  'connection' => 'keep-alive',
  'cache-control' => 'max-age=0',
  'upgrade-insecure-requests' => '1',
  'user-agent' => 'Mozilla/5.0 (Windows NT 10.0; WOW64) AppleWebKit/537.36 (KHTML, like Gecko) Chrome/61.0.3163.100 Safari/537.36',
  'accept' => 'text/html,application/xhtml+xml,application/xml;q=0.9,image/webp,image/apng,*/*;q=0.8',
  'referer' => 'http://localhost/',
  'accept-encoding' => 'gzip, deflate, br',
  'accept-language' => 'zh-CN,zh;q=0.8',
  'cookie' => 'thinkphp_show_page_trace=0|0',
)
[ info ] [ PARAM ] array (
)
[ info ] [ RUN ] app\index\controller\Index->index[ E:\webproject\mycms\application\index\controller\Index.php ]
[ info ] [ VIEW ] E:\webproject\mycms/application/index\view\index\index.html [ array (
) ]
[ info ] [ LOG ] INIT File
---------------------------------------------------------------
[ 2017-10-17T16:15:33+08:00 ] ::1 ::1 GET /mycms/
[ info ] localhost/mycms/ [运行时间：0.084584s][吞吐率：11.82req/s] [内存消耗：1,658.35kb] [文件加载：42]
[ info ] [ LANG ] E:\webproject\mycms\thinkphp\lang\zh-cn.php
[ info ] [ ROUTE ] array (
  'type' => 'module',
  'module' => 
  array (
    0 => '',
    1 => NULL,
    2 => NULL,
  ),
)
[ info ] [ HEADER ] array (
  'host' => 'localhost',
  'connection' => 'keep-alive',
  'cache-control' => 'max-age=0',
  'upgrade-insecure-requests' => '1',
  'user-agent' => 'Mozilla/5.0 (Windows NT 10.0; WOW64) AppleWebKit/537.36 (KHTML, like Gecko) Chrome/61.0.3163.100 Safari/537.36',
  'accept' => 'text/html,application/xhtml+xml,application/xml;q=0.9,image/webp,image/apng,*/*;q=0.8',
  'referer' => 'http://localhost/',
  'accept-encoding' => 'gzip, deflate, br',
  'accept-language' => 'zh-CN,zh;q=0.8',
  'cookie' => 'thinkphp_show_page_trace=0|0',
)
[ info ] [ PARAM ] array (
)
[ info ] [ RUN ] app\index\controller\Index->index[ E:\webproject\mycms\application\index\controller\Index.php ]
[ info ] [ VIEW ] E:\webproject\mycms/application/index\view\index\index.html [ array (
) ]
[ info ] [ LOG ] INIT File
---------------------------------------------------------------
[ 2017-10-17T16:15:38+08:00 ] ::1 ::1 GET /mycms/
[ info ] localhost/mycms/ [运行时间：0.052111s][吞吐率：19.19req/s] [内存消耗：1,420.83kb] [文件加载：40]
[ info ] [ LANG ] E:\webproject\mycms\thinkphp\lang\zh-cn.php
[ info ] [ ROUTE ] array (
  'type' => 'module',
  'module' => 
  array (
    0 => '',
    1 => NULL,
    2 => NULL,
  ),
)
[ info ] [ HEADER ] array (
  'host' => 'localhost',
  'connection' => 'keep-alive',
  'cache-control' => 'max-age=0',
  'user-agent' => 'Mozilla/5.0 (Windows NT 10.0; WOW64) AppleWebKit/537.36 (KHTML, like Gecko) Chrome/61.0.3163.100 Safari/537.36',
  'upgrade-insecure-requests' => '1',
  'accept' => 'text/html,application/xhtml+xml,application/xml;q=0.9,image/webp,image/apng,*/*;q=0.8',
  'referer' => 'http://localhost/',
  'accept-encoding' => 'gzip, deflate, br',
  'accept-language' => 'zh-CN,zh;q=0.8',
  'cookie' => 'thinkphp_show_page_trace=0|0',
)
[ info ] [ PARAM ] array (
)
[ info ] [ RUN ] app\index\controller\Index->index[ E:\webproject\mycms\application\index\controller\Index.php ]
[ info ] [ VIEW ] E:\webproject\mycms/application/index\view\index\index.html [ array (
) ]
[ info ] [ LOG ] INIT File
---------------------------------------------------------------
[ 2017-10-17T16:16:37+08:00 ] ::1 ::1 GET /mycms/
[ info ] localhost/mycms/ [运行时间：0.080373s][吞吐率：12.44req/s] [内存消耗：1,658.33kb] [文件加载：42]
[ info ] [ LANG ] E:\webproject\mycms\thinkphp\lang\zh-cn.php
[ info ] [ ROUTE ] array (
  'type' => 'module',
  'module' => 
  array (
    0 => '',
    1 => NULL,
    2 => NULL,
  ),
)
[ info ] [ HEADER ] array (
  'host' => 'localhost',
  'connection' => 'keep-alive',
  'cache-control' => 'max-age=0',
  'user-agent' => 'Mozilla/5.0 (Windows NT 10.0; WOW64) AppleWebKit/537.36 (KHTML, like Gecko) Chrome/61.0.3163.100 Safari/537.36',
  'upgrade-insecure-requests' => '1',
  'accept' => 'text/html,application/xhtml+xml,application/xml;q=0.9,image/webp,image/apng,*/*;q=0.8',
  'referer' => 'http://localhost/',
  'accept-encoding' => 'gzip, deflate, br',
  'accept-language' => 'zh-CN,zh;q=0.8',
  'cookie' => 'thinkphp_show_page_trace=0|0',
)
[ info ] [ PARAM ] array (
)
[ info ] [ RUN ] app\index\controller\Index->index[ E:\webproject\mycms\application\index\controller\Index.php ]
[ info ] [ VIEW ] E:\webproject\mycms/application/index\view\index\index.html [ array (
) ]
[ info ] [ LOG ] INIT File
---------------------------------------------------------------
[ 2017-10-17T16:17:46+08:00 ] ::1 ::1 GET /mycms/
[ info ] localhost/mycms/ [运行时间：0.061839s][吞吐率：16.17req/s] [内存消耗：1,658.27kb] [文件加载：42]
[ info ] [ LANG ] E:\webproject\mycms\thinkphp\lang\zh-cn.php
[ info ] [ ROUTE ] array (
  'type' => 'module',
  'module' => 
  array (
    0 => '',
    1 => NULL,
    2 => NULL,
  ),
)
[ info ] [ HEADER ] array (
  'host' => 'localhost',
  'connection' => 'keep-alive',
  'cache-control' => 'max-age=0',
  'user-agent' => 'Mozilla/5.0 (Windows NT 10.0; WOW64) AppleWebKit/537.36 (KHTML, like Gecko) Chrome/61.0.3163.100 Safari/537.36',
  'upgrade-insecure-requests' => '1',
  'accept' => 'text/html,application/xhtml+xml,application/xml;q=0.9,image/webp,image/apng,*/*;q=0.8',
  'referer' => 'http://localhost/',
  'accept-encoding' => 'gzip, deflate, br',
  'accept-language' => 'zh-CN,zh;q=0.8',
  'cookie' => 'thinkphp_show_page_trace=0|0',
)
[ info ] [ PARAM ] array (
)
[ info ] [ RUN ] app\index\controller\Index->index[ E:\webproject\mycms\application\index\controller\Index.php ]
[ info ] [ VIEW ] E:\webproject\mycms/application/index\view\index\index.html [ array (
) ]
[ info ] [ LOG ] INIT File
---------------------------------------------------------------
[ 2017-10-17T16:18:22+08:00 ] ::1 ::1 GET /mycms/
[ info ] localhost/mycms/ [运行时间：0.055691s][吞吐率：17.96req/s] [内存消耗：1,658.30kb] [文件加载：42]
[ info ] [ LANG ] E:\webproject\mycms\thinkphp\lang\zh-cn.php
[ info ] [ ROUTE ] array (
  'type' => 'module',
  'module' => 
  array (
    0 => '',
    1 => NULL,
    2 => NULL,
  ),
)
[ info ] [ HEADER ] array (
  'host' => 'localhost',
  'connection' => 'keep-alive',
  'cache-control' => 'max-age=0',
  'user-agent' => 'Mozilla/5.0 (Windows NT 10.0; WOW64) AppleWebKit/537.36 (KHTML, like Gecko) Chrome/61.0.3163.100 Safari/537.36',
  'upgrade-insecure-requests' => '1',
  'accept' => 'text/html,application/xhtml+xml,application/xml;q=0.9,image/webp,image/apng,*/*;q=0.8',
  'referer' => 'http://localhost/',
  'accept-encoding' => 'gzip, deflate, br',
  'accept-language' => 'zh-CN,zh;q=0.8',
  'cookie' => 'thinkphp_show_page_trace=0|0',
)
[ info ] [ PARAM ] array (
)
[ info ] [ RUN ] app\index\controller\Index->index[ E:\webproject\mycms\application\index\controller\Index.php ]
[ info ] [ VIEW ] E:\webproject\mycms/application/index\view\index\index.html [ array (
) ]
[ info ] [ LOG ] INIT File
---------------------------------------------------------------
[ 2017-10-17T16:19:42+08:00 ] ::1 ::1 GET /mycms/
[ info ] localhost/mycms/ [运行时间：0.078324s][吞吐率：12.77req/s] [内存消耗：1,657.17kb] [文件加载：42]
[ info ] [ LANG ] E:\webproject\mycms\thinkphp\lang\zh-cn.php
[ info ] [ ROUTE ] array (
  'type' => 'module',
  'module' => 
  array (
    0 => '',
    1 => NULL,
    2 => NULL,
  ),
)
[ info ] [ HEADER ] array (
  'host' => 'localhost',
  'connection' => 'keep-alive',
  'cache-control' => 'max-age=0',
  'user-agent' => 'Mozilla/5.0 (Windows NT 10.0; WOW64) AppleWebKit/537.36 (KHTML, like Gecko) Chrome/61.0.3163.100 Safari/537.36',
  'upgrade-insecure-requests' => '1',
  'accept' => 'text/html,application/xhtml+xml,application/xml;q=0.9,image/webp,image/apng,*/*;q=0.8',
  'referer' => 'http://localhost/',
  'accept-encoding' => 'gzip, deflate, br',
  'accept-language' => 'zh-CN,zh;q=0.8',
  'cookie' => 'thinkphp_show_page_trace=0|0',
)
[ info ] [ PARAM ] array (
)
[ info ] [ RUN ] app\index\controller\Index->index[ E:\webproject\mycms\application\index\controller\Index.php ]
[ info ] [ VIEW ] E:\webproject\mycms/application/index\view\index\index.html [ array (
) ]
[ info ] [ LOG ] INIT File
---------------------------------------------------------------
[ 2017-10-17T16:24:36+08:00 ] ::1 ::1 GET /mycms/
[ info ] localhost/mycms/ [运行时间：0.074142s][吞吐率：13.49req/s] [内存消耗：1,416.89kb] [文件加载：40]
[ info ] [ LANG ] E:\webproject\mycms\thinkphp\lang\zh-cn.php
[ info ] [ ROUTE ] array (
  'type' => 'module',
  'module' => 
  array (
    0 => '',
    1 => NULL,
    2 => NULL,
  ),
)
[ info ] [ HEADER ] array (
  'host' => 'localhost',
  'connection' => 'keep-alive',
  'cache-control' => 'max-age=0',
  'user-agent' => 'Mozilla/5.0 (Windows NT 10.0; WOW64) AppleWebKit/537.36 (KHTML, like Gecko) Chrome/61.0.3163.100 Safari/537.36',
  'upgrade-insecure-requests' => '1',
  'accept' => 'text/html,application/xhtml+xml,application/xml;q=0.9,image/webp,image/apng,*/*;q=0.8',
  'referer' => 'http://localhost/',
  'accept-encoding' => 'gzip, deflate, br',
  'accept-language' => 'zh-CN,zh;q=0.8',
  'cookie' => 'thinkphp_show_page_trace=0|0',
)
[ info ] [ PARAM ] array (
)
[ info ] [ RUN ] app\index\controller\Index->index[ E:\webproject\mycms\application\index\controller\Index.php ]
[ info ] [ VIEW ] E:\webproject\mycms/application/index\view\index\index.html [ array (
) ]
[ info ] [ LOG ] INIT File
---------------------------------------------------------------
[ 2017-10-17T16:24:37+08:00 ] ::1 ::1 GET /mycms/
[ info ] localhost/mycms/ [运行时间：0.078201s][吞吐率：12.79req/s] [内存消耗：1,416.89kb] [文件加载：40]
[ info ] [ LANG ] E:\webproject\mycms\thinkphp\lang\zh-cn.php
[ info ] [ ROUTE ] array (
  'type' => 'module',
  'module' => 
  array (
    0 => '',
    1 => NULL,
    2 => NULL,
  ),
)
[ info ] [ HEADER ] array (
  'host' => 'localhost',
  'connection' => 'keep-alive',
  'cache-control' => 'max-age=0',
  'user-agent' => 'Mozilla/5.0 (Windows NT 10.0; WOW64) AppleWebKit/537.36 (KHTML, like Gecko) Chrome/61.0.3163.100 Safari/537.36',
  'upgrade-insecure-requests' => '1',
  'accept' => 'text/html,application/xhtml+xml,application/xml;q=0.9,image/webp,image/apng,*/*;q=0.8',
  'referer' => 'http://localhost/',
  'accept-encoding' => 'gzip, deflate, br',
  'accept-language' => 'zh-CN,zh;q=0.8',
  'cookie' => 'thinkphp_show_page_trace=0|0',
)
[ info ] [ PARAM ] array (
)
[ info ] [ RUN ] app\index\controller\Index->index[ E:\webproject\mycms\application\index\controller\Index.php ]
[ info ] [ VIEW ] E:\webproject\mycms/application/index\view\index\index.html [ array (
) ]
[ info ] [ LOG ] INIT File
---------------------------------------------------------------
[ 2017-10-17T16:26:14+08:00 ] ::1 ::1 GET /mycms/
[ info ] localhost/mycms/ [运行时间：0.092336s][吞吐率：10.83req/s] [内存消耗：1,657.17kb] [文件加载：42]
[ info ] [ LANG ] E:\webproject\mycms\thinkphp\lang\zh-cn.php
[ info ] [ ROUTE ] array (
  'type' => 'module',
  'module' => 
  array (
    0 => '',
    1 => NULL,
    2 => NULL,
  ),
)
[ info ] [ HEADER ] array (
  'host' => 'localhost',
  'connection' => 'keep-alive',
  'cache-control' => 'max-age=0',
  'user-agent' => 'Mozilla/5.0 (Windows NT 10.0; WOW64) AppleWebKit/537.36 (KHTML, like Gecko) Chrome/61.0.3163.100 Safari/537.36',
  'upgrade-insecure-requests' => '1',
  'accept' => 'text/html,application/xhtml+xml,application/xml;q=0.9,image/webp,image/apng,*/*;q=0.8',
  'referer' => 'http://localhost/',
  'accept-encoding' => 'gzip, deflate, br',
  'accept-language' => 'zh-CN,zh;q=0.8',
  'cookie' => 'thinkphp_show_page_trace=0|0',
)
[ info ] [ PARAM ] array (
)
[ info ] [ RUN ] app\index\controller\Index->index[ E:\webproject\mycms\application\index\controller\Index.php ]
[ info ] [ VIEW ] E:\webproject\mycms/application/index\view\index\index.html [ array (
) ]
[ info ] [ LOG ] INIT File
---------------------------------------------------------------
[ 2017-10-17T16:45:10+08:00 ] ::1 ::1 GET /mycms/
[ info ] localhost/mycms/ [运行时间：0.100034s][吞吐率：10.00req/s] [内存消耗：1,417.95kb] [文件加载：42]
[ info ] [ LANG ] E:\webproject\mycms\thinkphp\lang\zh-cn.php
[ info ] [ ROUTE ] array (
  'type' => 'module',
  'module' => 
  array (
    0 => '',
    1 => NULL,
    2 => NULL,
  ),
)
[ info ] [ HEADER ] array (
  'host' => 'localhost',
  'connection' => 'keep-alive',
  'cache-control' => 'max-age=0',
  'user-agent' => 'Mozilla/5.0 (Windows NT 10.0; WOW64) AppleWebKit/537.36 (KHTML, like Gecko) Chrome/61.0.3163.100 Safari/537.36',
  'upgrade-insecure-requests' => '1',
  'accept' => 'text/html,application/xhtml+xml,application/xml;q=0.9,image/webp,image/apng,*/*;q=0.8',
  'referer' => 'http://localhost/',
  'accept-encoding' => 'gzip, deflate, br',
  'accept-language' => 'zh-CN,zh;q=0.8',
  'cookie' => 'thinkphp_show_page_trace=0|0; ht2hed=eo3p70kl96f9annt5n8niv6f75',
)
[ info ] [ PARAM ] array (
)
[ info ] [ RUN ] app\index\controller\Index->index[ E:\webproject\mycms\application\index\controller\Index.php ]
[ info ] [ VIEW ] E:\webproject\mycms/application/index\view\index\index.html [ array (
) ]
[ info ] [ LOG ] INIT File
[ error ] [0]模板文件不存在:E:\webproject\mycms/application/index\view\public\left_sidebar.html[E:\webproject\mycms\thinkphp\library\think\Template.php:1082]
---------------------------------------------------------------
[ 2017-10-17T16:45:49+08:00 ] ::1 ::1 GET /mycms/
[ info ] localhost/mycms/ [运行时间：0.093025s][吞吐率：10.75req/s] [内存消耗：1,554.04kb] [文件加载：42]
[ info ] [ LANG ] E:\webproject\mycms\thinkphp\lang\zh-cn.php
[ info ] [ ROUTE ] array (
  'type' => 'module',
  'module' => 
  array (
    0 => '',
    1 => NULL,
    2 => NULL,
  ),
)
[ info ] [ HEADER ] array (
  'host' => 'localhost',
  'connection' => 'keep-alive',
  'cache-control' => 'max-age=0',
  'user-agent' => 'Mozilla/5.0 (Windows NT 10.0; WOW64) AppleWebKit/537.36 (KHTML, like Gecko) Chrome/61.0.3163.100 Safari/537.36',
  'upgrade-insecure-requests' => '1',
  'accept' => 'text/html,application/xhtml+xml,application/xml;q=0.9,image/webp,image/apng,*/*;q=0.8',
  'referer' => 'http://localhost/',
  'accept-encoding' => 'gzip, deflate, br',
  'accept-language' => 'zh-CN,zh;q=0.8',
  'cookie' => 'thinkphp_show_page_trace=0|0; ht2hed=eo3p70kl96f9annt5n8niv6f75',
)
[ info ] [ PARAM ] array (
)
[ info ] [ RUN ] app\index\controller\Index->index[ E:\webproject\mycms\application\index\controller\Index.php ]
[ info ] [ VIEW ] E:\webproject\mycms/application/index\view\index\index.html [ array (
) ]
[ info ] [ LOG ] INIT File
---------------------------------------------------------------
[ 2017-10-17T16:50:00+08:00 ] ::1 ::1 GET /mycms/
[ info ] localhost/mycms/ [运行时间：0.089431s][吞吐率：11.18req/s] [内存消耗：1,427.49kb] [文件加载：42]
[ info ] [ LANG ] E:\webproject\mycms\thinkphp\lang\zh-cn.php
[ info ] [ ROUTE ] array (
  'type' => 'module',
  'module' => 
  array (
    0 => '',
    1 => NULL,
    2 => NULL,
  ),
)
[ info ] [ HEADER ] array (
  'host' => 'localhost',
  'connection' => 'keep-alive',
  'cache-control' => 'max-age=0',
  'user-agent' => 'Mozilla/5.0 (Windows NT 10.0; WOW64) AppleWebKit/537.36 (KHTML, like Gecko) Chrome/61.0.3163.100 Safari/537.36',
  'upgrade-insecure-requests' => '1',
  'accept' => 'text/html,application/xhtml+xml,application/xml;q=0.9,image/webp,image/apng,*/*;q=0.8',
  'referer' => 'http://localhost/',
  'accept-encoding' => 'gzip, deflate, br',
  'accept-language' => 'zh-CN,zh;q=0.8',
  'cookie' => 'thinkphp_show_page_trace=0|0; ht2hed=eo3p70kl96f9annt5n8niv6f75',
)
[ info ] [ PARAM ] array (
)
[ info ] [ RUN ] app\index\controller\Index->index[ E:\webproject\mycms\application\index\controller\Index.php ]
[ info ] [ VIEW ] E:\webproject\mycms/application/index\view\index\index.html [ array (
) ]
[ info ] [ LOG ] INIT File
[ error ] [0]模板文件不存在:E:\webproject\mycms/application/index\view\public\index_content.html[E:\webproject\mycms\thinkphp\library\think\Template.php:1082]
---------------------------------------------------------------
[ 2017-10-17T16:50:11+08:00 ] ::1 ::1 GET /mycms/
[ info ] localhost/mycms/ [运行时间：0.064599s][吞吐率：15.48req/s] [内存消耗：1,563.59kb] [文件加载：42]
[ info ] [ LANG ] E:\webproject\mycms\thinkphp\lang\zh-cn.php
[ info ] [ ROUTE ] array (
  'type' => 'module',
  'module' => 
  array (
    0 => '',
    1 => NULL,
    2 => NULL,
  ),
)
[ info ] [ HEADER ] array (
  'host' => 'localhost',
  'connection' => 'keep-alive',
  'cache-control' => 'max-age=0',
  'user-agent' => 'Mozilla/5.0 (Windows NT 10.0; WOW64) AppleWebKit/537.36 (KHTML, like Gecko) Chrome/61.0.3163.100 Safari/537.36',
  'upgrade-insecure-requests' => '1',
  'accept' => 'text/html,application/xhtml+xml,application/xml;q=0.9,image/webp,image/apng,*/*;q=0.8',
  'referer' => 'http://localhost/',
  'accept-encoding' => 'gzip, deflate, br',
  'accept-language' => 'zh-CN,zh;q=0.8',
  'cookie' => 'thinkphp_show_page_trace=0|0; ht2hed=eo3p70kl96f9annt5n8niv6f75',
)
[ info ] [ PARAM ] array (
)
[ info ] [ RUN ] app\index\controller\Index->index[ E:\webproject\mycms\application\index\controller\Index.php ]
[ info ] [ VIEW ] E:\webproject\mycms/application/index\view\index\index.html [ array (
) ]
[ info ] [ LOG ] INIT File
---------------------------------------------------------------
[ 2017-10-17T16:54:07+08:00 ] ::1 ::1 GET /mycms/
[ info ] localhost/mycms/ [运行时间：0.080946s][吞吐率：12.35req/s] [内存消耗：1,563.65kb] [文件加载：42]
[ info ] [ LANG ] E:\webproject\mycms\thinkphp\lang\zh-cn.php
[ info ] [ ROUTE ] array (
  'type' => 'module',
  'module' => 
  array (
    0 => '',
    1 => NULL,
    2 => NULL,
  ),
)
[ info ] [ HEADER ] array (
  'host' => 'localhost',
  'connection' => 'keep-alive',
  'cache-control' => 'max-age=0',
  'user-agent' => 'Mozilla/5.0 (Windows NT 10.0; WOW64) AppleWebKit/537.36 (KHTML, like Gecko) Chrome/61.0.3163.100 Safari/537.36',
  'upgrade-insecure-requests' => '1',
  'accept' => 'text/html,application/xhtml+xml,application/xml;q=0.9,image/webp,image/apng,*/*;q=0.8',
  'referer' => 'http://localhost/',
  'accept-encoding' => 'gzip, deflate, br',
  'accept-language' => 'zh-CN,zh;q=0.8',
  'cookie' => 'thinkphp_show_page_trace=0|0; ht2hed=eo3p70kl96f9annt5n8niv6f75',
)
[ info ] [ PARAM ] array (
)
[ info ] [ RUN ] app\index\controller\Index->index[ E:\webproject\mycms\application\index\controller\Index.php ]
[ info ] [ VIEW ] E:\webproject\mycms/application/index\view\index\index.html [ array (
) ]
[ info ] [ LOG ] INIT File
---------------------------------------------------------------
[ 2017-10-17T16:56:03+08:00 ] ::1 ::1 GET /mycms/
[ info ] localhost/mycms/ [运行时间：0.063063s][吞吐率：15.86req/s] [内存消耗：1,563.61kb] [文件加载：42]
[ info ] [ LANG ] E:\webproject\mycms\thinkphp\lang\zh-cn.php
[ info ] [ ROUTE ] array (
  'type' => 'module',
  'module' => 
  array (
    0 => '',
    1 => NULL,
    2 => NULL,
  ),
)
[ info ] [ HEADER ] array (
  'host' => 'localhost',
  'connection' => 'keep-alive',
  'cache-control' => 'max-age=0',
  'user-agent' => 'Mozilla/5.0 (Windows NT 10.0; WOW64) AppleWebKit/537.36 (KHTML, like Gecko) Chrome/61.0.3163.100 Safari/537.36',
  'upgrade-insecure-requests' => '1',
  'accept' => 'text/html,application/xhtml+xml,application/xml;q=0.9,image/webp,image/apng,*/*;q=0.8',
  'referer' => 'http://localhost/',
  'accept-encoding' => 'gzip, deflate, br',
  'accept-language' => 'zh-CN,zh;q=0.8',
  'cookie' => 'thinkphp_show_page_trace=0|0; ht2hed=eo3p70kl96f9annt5n8niv6f75',
)
[ info ] [ PARAM ] array (
)
[ info ] [ RUN ] app\index\controller\Index->index[ E:\webproject\mycms\application\index\controller\Index.php ]
[ info ] [ VIEW ] E:\webproject\mycms/application/index\view\index\index.html [ array (
) ]
[ info ] [ LOG ] INIT File
---------------------------------------------------------------
[ 2017-10-17T16:56:04+08:00 ] ::1 ::1 GET /mycms/
[ info ] localhost/mycms/ [运行时间：0.071665s][吞吐率：13.95req/s] [内存消耗：1,396.97kb] [文件加载：40]
[ info ] [ LANG ] E:\webproject\mycms\thinkphp\lang\zh-cn.php
[ info ] [ ROUTE ] array (
  'type' => 'module',
  'module' => 
  array (
    0 => '',
    1 => NULL,
    2 => NULL,
  ),
)
[ info ] [ HEADER ] array (
  'host' => 'localhost',
  'connection' => 'keep-alive',
  'cache-control' => 'max-age=0',
  'user-agent' => 'Mozilla/5.0 (Windows NT 10.0; WOW64) AppleWebKit/537.36 (KHTML, like Gecko) Chrome/61.0.3163.100 Safari/537.36',
  'upgrade-insecure-requests' => '1',
  'accept' => 'text/html,application/xhtml+xml,application/xml;q=0.9,image/webp,image/apng,*/*;q=0.8',
  'referer' => 'http://localhost/',
  'accept-encoding' => 'gzip, deflate, br',
  'accept-language' => 'zh-CN,zh;q=0.8',
  'cookie' => 'thinkphp_show_page_trace=0|0; ht2hed=eo3p70kl96f9annt5n8niv6f75',
)
[ info ] [ PARAM ] array (
)
[ info ] [ RUN ] app\index\controller\Index->index[ E:\webproject\mycms\application\index\controller\Index.php ]
[ info ] [ VIEW ] E:\webproject\mycms/application/index\view\index\index.html [ array (
) ]
[ info ] [ LOG ] INIT File
---------------------------------------------------------------
[ 2017-10-17T16:57:13+08:00 ] ::1 ::1 GET /mycms/
[ info ] localhost/mycms/ [运行时间：0.052322s][吞吐率：19.11req/s] [内存消耗：1,563.51kb] [文件加载：42]
[ info ] [ LANG ] E:\webproject\mycms\thinkphp\lang\zh-cn.php
[ info ] [ ROUTE ] array (
  'type' => 'module',
  'module' => 
  array (
    0 => '',
    1 => NULL,
    2 => NULL,
  ),
)
[ info ] [ HEADER ] array (
  'host' => 'localhost',
  'connection' => 'keep-alive',
  'cache-control' => 'max-age=0',
  'user-agent' => 'Mozilla/5.0 (Windows NT 10.0; WOW64) AppleWebKit/537.36 (KHTML, like Gecko) Chrome/61.0.3163.100 Safari/537.36',
  'upgrade-insecure-requests' => '1',
  'accept' => 'text/html,application/xhtml+xml,application/xml;q=0.9,image/webp,image/apng,*/*;q=0.8',
  'referer' => 'http://localhost/',
  'accept-encoding' => 'gzip, deflate, br',
  'accept-language' => 'zh-CN,zh;q=0.8',
  'cookie' => 'thinkphp_show_page_trace=0|0; ht2hed=eo3p70kl96f9annt5n8niv6f75',
)
[ info ] [ PARAM ] array (
)
[ info ] [ RUN ] app\index\controller\Index->index[ E:\webproject\mycms\application\index\controller\Index.php ]
[ info ] [ VIEW ] E:\webproject\mycms/application/index\view\index\index.html [ array (
) ]
[ info ] [ LOG ] INIT File
---------------------------------------------------------------
[ 2017-10-17T16:58:04+08:00 ] ::1 ::1 GET /mycms/
[ info ] localhost/mycms/ [运行时间：0.082806s][吞吐率：12.08req/s] [内存消耗：1,563.52kb] [文件加载：42]
[ info ] [ LANG ] E:\webproject\mycms\thinkphp\lang\zh-cn.php
[ info ] [ ROUTE ] array (
  'type' => 'module',
  'module' => 
  array (
    0 => '',
    1 => NULL,
    2 => NULL,
  ),
)
[ info ] [ HEADER ] array (
  'host' => 'localhost',
  'connection' => 'keep-alive',
  'cache-control' => 'max-age=0',
  'upgrade-insecure-requests' => '1',
  'user-agent' => 'Mozilla/5.0 (Windows NT 10.0; WOW64) AppleWebKit/537.36 (KHTML, like Gecko) Chrome/61.0.3163.100 Safari/537.36',
  'accept' => 'text/html,application/xhtml+xml,application/xml;q=0.9,image/webp,image/apng,*/*;q=0.8',
  'referer' => 'http://localhost/',
  'accept-encoding' => 'gzip, deflate, br',
  'accept-language' => 'zh-CN,zh;q=0.8',
  'cookie' => 'thinkphp_show_page_trace=0|0; ht2hed=eo3p70kl96f9annt5n8niv6f75',
)
[ info ] [ PARAM ] array (
)
[ info ] [ RUN ] app\index\controller\Index->index[ E:\webproject\mycms\application\index\controller\Index.php ]
[ info ] [ VIEW ] E:\webproject\mycms/application/index\view\index\index.html [ array (
) ]
[ info ] [ LOG ] INIT File
---------------------------------------------------------------
[ 2017-10-17T17:05:14+08:00 ] ::1 ::1 GET /mycms/
[ info ] localhost/mycms/ [运行时间：0.085069s][吞吐率：11.76req/s] [内存消耗：1,562.55kb] [文件加载：42]
[ info ] [ LANG ] E:\webproject\mycms\thinkphp\lang\zh-cn.php
[ info ] [ ROUTE ] array (
  'type' => 'module',
  'module' => 
  array (
    0 => '',
    1 => NULL,
    2 => NULL,
  ),
)
[ info ] [ HEADER ] array (
  'host' => 'localhost',
  'connection' => 'keep-alive',
  'cache-control' => 'max-age=0',
  'user-agent' => 'Mozilla/5.0 (Windows NT 10.0; WOW64) AppleWebKit/537.36 (KHTML, like Gecko) Chrome/61.0.3163.100 Safari/537.36',
  'upgrade-insecure-requests' => '1',
  'accept' => 'text/html,application/xhtml+xml,application/xml;q=0.9,image/webp,image/apng,*/*;q=0.8',
  'referer' => 'http://localhost/',
  'accept-encoding' => 'gzip, deflate, br',
  'accept-language' => 'zh-CN,zh;q=0.8',
  'cookie' => 'thinkphp_show_page_trace=0|0; ht2hed=eo3p70kl96f9annt5n8niv6f75',
)
[ info ] [ PARAM ] array (
)
[ info ] [ RUN ] app\index\controller\Index->index[ E:\webproject\mycms\application\index\controller\Index.php ]
[ info ] [ VIEW ] E:\webproject\mycms/application/index\view\index\index.html [ array (
) ]
[ info ] [ LOG ] INIT File
---------------------------------------------------------------
[ 2017-10-17T17:17:08+08:00 ] ::1 ::1 GET /mycms/
[ info ] localhost/mycms/ [运行时间：0.085270s][吞吐率：11.73req/s] [内存消耗：1,396.96kb] [文件加载：40]
[ info ] [ LANG ] E:\webproject\mycms\thinkphp\lang\zh-cn.php
[ info ] [ ROUTE ] array (
  'type' => 'module',
  'module' => 
  array (
    0 => '',
    1 => NULL,
    2 => NULL,
  ),
)
[ info ] [ HEADER ] array (
  'host' => 'localhost',
  'connection' => 'keep-alive',
  'cache-control' => 'max-age=0',
  'user-agent' => 'Mozilla/5.0 (Windows NT 10.0; WOW64) AppleWebKit/537.36 (KHTML, like Gecko) Chrome/61.0.3163.100 Safari/537.36',
  'upgrade-insecure-requests' => '1',
  'accept' => 'text/html,application/xhtml+xml,application/xml;q=0.9,image/webp,image/apng,*/*;q=0.8',
  'referer' => 'http://localhost/',
  'accept-encoding' => 'gzip, deflate, br',
  'accept-language' => 'zh-CN,zh;q=0.8',
  'cookie' => 'thinkphp_show_page_trace=0|0; ht2hed=eo3p70kl96f9annt5n8niv6f75',
)
[ info ] [ PARAM ] array (
)
[ info ] [ RUN ] app\index\controller\Index->index[ E:\webproject\mycms\application\index\controller\Index.php ]
[ info ] [ VIEW ] E:\webproject\mycms/application/index\view\index\index.html [ array (
) ]
[ info ] [ LOG ] INIT File
