---------------------------------------------------------------
[ 2017-10-27T23:49:55+08:00 ] ::1 ::1 POST /mycms/index/menu/add/pid/addPost
[ info ] localhost/mycms/index/menu/add/pid/addPost [运行时间：0.083089s][吞吐率：12.04req/s] [内存消耗：2,137.20kb] [文件加载：48]
[ info ] [ LANG ] E:\webproject\mycms\thinkphp\lang\zh-cn.php
[ info ] [ ROUTE ] array (
  'type' => 'module',
  'module' => 
  array (
    0 => 'index',
    1 => 'menu',
    2 => 'add',
  ),
)
[ info ] [ HEADER ] array (
  'host' => 'localhost',
  'connection' => 'keep-alive',
  'content-length' => '83',
  'accept' => '*/*',
  'origin' => 'http://localhost',
  'x-requested-with' => 'XMLHttpRequest',
  'user-agent' => 'Mozilla/5.0 (Windows NT 10.0; WOW64) AppleWebKit/537.36 (KHTML, like Gecko) Chrome/63.0.3236.0 Safari/537.36',
  'content-type' => 'application/x-www-form-urlencoded; charset=UTF-8',
  'referer' => 'http://localhost/mycms/index/menu/add/pid/0.html',
  'accept-encoding' => 'gzip, deflate, br',
  'accept-language' => 'zh-CN,zh;q=0.9',
  'cookie' => 'thinkphp_show_page_trace=0|0; thinkphp_show_page_trace=0|0; thinkphp_show_page_trace=0|0; PHPSESSID=qlvog34frdf1k3cfrp7n06eem3; admin_username=admin',
)
[ info ] [ PARAM ] array (
  'name' => '55',
  'pid' => 'addPost',
  'app' => '',
  'controller' => '',
  'action' => '',
  'param' => '',
  'icon' => '',
  'list_order' => '0',
  'type' => '1',
  'remark' => '',
  'id' => '',
)
[ info ] [ RUN ] app\index\controller\Menu->add[ E:\webproject\mycms\application\index\controller\Menu.php ]
[ info ] [ DB ] INIT mysql
[ info ] [ LOG ] INIT File
[ sql ] [ DB ] CONNECT:[ UseTime:0.001802s ] mysql:host=127.0.0.1;dbname=mycms;charset=utf8
---------------------------------------------------------------
[ 2017-10-27T23:50:41+08:00 ] ::1 ::1 POST /mycms/index/menu/add/pid/addPost
[ info ] localhost/mycms/index/menu/add/pid/addPost [运行时间：0.045443s][吞吐率：22.01req/s] [内存消耗：1,341.20kb] [文件加载：36]
[ info ] [ LANG ] E:\webproject\mycms\thinkphp\lang\zh-cn.php
[ info ] [ ROUTE ] array (
  'type' => 'module',
  'module' => 
  array (
    0 => 'index',
    1 => 'menu',
    2 => 'add',
  ),
)
[ info ] [ HEADER ] array (
  'host' => 'localhost',
  'connection' => 'keep-alive',
  'content-length' => '83',
  'accept' => '*/*',
  'origin' => 'http://localhost',
  'x-requested-with' => 'XMLHttpRequest',
  'user-agent' => 'Mozilla/5.0 (Windows NT 10.0; WOW64) AppleWebKit/537.36 (KHTML, like Gecko) Chrome/63.0.3236.0 Safari/537.36',
  'content-type' => 'application/x-www-form-urlencoded; charset=UTF-8',
  'referer' => 'http://localhost/mycms/index/menu/add/pid/0.html',
  'accept-encoding' => 'gzip, deflate, br',
  'accept-language' => 'zh-CN,zh;q=0.9',
  'cookie' => 'thinkphp_show_page_trace=0|0; thinkphp_show_page_trace=0|0; thinkphp_show_page_trace=0|0; PHPSESSID=qlvog34frdf1k3cfrp7n06eem3; admin_username=admin',
)
[ info ] [ PARAM ] array (
  'name' => '55',
  'pid' => 'addPost',
  'app' => '',
  'controller' => '',
  'action' => '',
  'param' => '',
  'icon' => '',
  'list_order' => '0',
  'type' => '1',
  'remark' => '',
  'id' => '',
)
[ info ] [ RUN ] app\index\controller\Menu->add[ E:\webproject\mycms\application\index\controller\Menu.php ]
[ info ] [ LOG ] INIT File
---------------------------------------------------------------
[ 2017-10-27T23:51:02+08:00 ] ::1 ::1 GET /mycms/
[ info ] localhost/mycms/ [运行时间：0.085268s][吞吐率：11.73req/s] [内存消耗：1,657.06kb] [文件加载：46]
[ info ] [ LANG ] E:\webproject\mycms\thinkphp\lang\zh-cn.php
[ info ] [ ROUTE ] array (
  'type' => 'module',
  'module' => 
  array (
    0 => '',
    1 => NULL,
    2 => NULL,
  ),
)
[ info ] [ HEADER ] array (
  'host' => 'localhost',
  'connection' => 'keep-alive',
  'upgrade-insecure-requests' => '1',
  'user-agent' => 'Mozilla/5.0 (Windows NT 10.0; WOW64) AppleWebKit/537.36 (KHTML, like Gecko) Chrome/63.0.3236.0 Safari/537.36',
  'accept' => 'text/html,application/xhtml+xml,application/xml;q=0.9,image/webp,image/apng,*/*;q=0.8',
  'referer' => 'http://localhost/',
  'accept-encoding' => 'gzip, deflate, br',
  'accept-language' => 'zh-CN,zh;q=0.9',
  'cookie' => 'admin_username=admin',
)
[ info ] [ PARAM ] array (
)
[ info ] [ RUN ] app\index\controller\Index->index[ E:\webproject\mycms\application\index\controller\Index.php ]
[ info ] [ VIEW ] E:\webproject\mycms/application/index\view\index\index.html [ array (
) ]
[ info ] [ LOG ] INIT File
[ error ] [8]未定义变量: title[E:\webproject\mycms\runtime\temp\ea1c6def2cc2bebad69e84d8e06799d1.php:7]
[ error ] [8]未定义变量: user_menu[E:\webproject\mycms\runtime\temp\ea1c6def2cc2bebad69e84d8e06799d1.php:151]
[ error ] [8]未定义变量: user_index[E:\webproject\mycms\runtime\temp\ea1c6def2cc2bebad69e84d8e06799d1.php:152]
[ error ] [8]未定义变量: user_role[E:\webproject\mycms\runtime\temp\ea1c6def2cc2bebad69e84d8e06799d1.php:153]
[ error ] [8]未定义变量: user_permission[E:\webproject\mycms\runtime\temp\ea1c6def2cc2bebad69e84d8e06799d1.php:154]
[ error ] [8]未定义变量: user_index[E:\webproject\mycms\runtime\temp\ea1c6def2cc2bebad69e84d8e06799d1.php:165]
---------------------------------------------------------------
[ 2017-10-27T23:51:05+08:00 ] ::1 ::1 GET /mycms/index/menu/index.html
[ info ] localhost/mycms/index/menu/index.html [运行时间：0.096211s][吞吐率：10.39req/s] [内存消耗：2,437.94kb] [文件加载：52]
[ info ] [ LANG ] E:\webproject\mycms\thinkphp\lang\zh-cn.php
[ info ] [ ROUTE ] array (
  'type' => 'module',
  'module' => 
  array (
    0 => 'index',
    1 => 'menu',
    2 => 'index',
  ),
)
[ info ] [ HEADER ] array (
  'host' => 'localhost',
  'connection' => 'keep-alive',
  'upgrade-insecure-requests' => '1',
  'user-agent' => 'Mozilla/5.0 (Windows NT 10.0; WOW64) AppleWebKit/537.36 (KHTML, like Gecko) Chrome/63.0.3236.0 Safari/537.36',
  'accept' => 'text/html,application/xhtml+xml,application/xml;q=0.9,image/webp,image/apng,*/*;q=0.8',
  'referer' => 'http://localhost/mycms/',
  'accept-encoding' => 'gzip, deflate, br',
  'accept-language' => 'zh-CN,zh;q=0.9',
  'cookie' => 'thinkphp_show_page_trace=0|0; admin_username=admin',
)
[ info ] [ PARAM ] array (
)
[ info ] [ RUN ] app\index\controller\Menu->index[ E:\webproject\mycms\application\index\controller\Menu.php ]
[ info ] [ DB ] INIT mysql
[ info ] [ VIEW ] E:\webproject\mycms/application/index\view\menu\index.html [ array (
  0 => 'title',
  1 => 'list',
) ]
[ info ] [ LOG ] INIT File
[ sql ] [ DB ] CONNECT:[ UseTime:0.001884s ] mysql:host=127.0.0.1;dbname=mycms;charset=utf8
[ sql ] [ SQL ] SHOW COLUMNS FROM `mc_menu` [ RunTime:0.011945s ]
[ sql ] [ SQL ] SELECT * FROM `mc_menu` ORDER BY sort asc,id asc [ RunTime:0.000723s ]
[ error ] [8]未定义变量: user_menu[E:\webproject\mycms\runtime\temp\30c9330362cc14548689642e2755f66c.php:151]
[ error ] [8]未定义变量: user_index[E:\webproject\mycms\runtime\temp\30c9330362cc14548689642e2755f66c.php:152]
[ error ] [8]未定义变量: user_role[E:\webproject\mycms\runtime\temp\30c9330362cc14548689642e2755f66c.php:153]
[ error ] [8]未定义变量: user_permission[E:\webproject\mycms\runtime\temp\30c9330362cc14548689642e2755f66c.php:154]
[ error ] [8]未定义变量: user_index[E:\webproject\mycms\runtime\temp\30c9330362cc14548689642e2755f66c.php:165]
[ error ] [8]未定义数组索引: is_dev_text[E:\webproject\mycms\runtime\temp\30c9330362cc14548689642e2755f66c.php:243]
[ error ] [8]未定义数组索引: is_dev_text[E:\webproject\mycms\runtime\temp\30c9330362cc14548689642e2755f66c.php:243]
[ error ] [8]未定义数组索引: is_dev_text[E:\webproject\mycms\runtime\temp\30c9330362cc14548689642e2755f66c.php:243]
[ error ] [8]未定义数组索引: is_dev_text[E:\webproject\mycms\runtime\temp\30c9330362cc14548689642e2755f66c.php:243]
[ error ] [8]未定义数组索引: is_dev_text[E:\webproject\mycms\runtime\temp\30c9330362cc14548689642e2755f66c.php:243]
[ error ] [8]未定义数组索引: is_dev_text[E:\webproject\mycms\runtime\temp\30c9330362cc14548689642e2755f66c.php:243]
[ error ] [8]未定义变量: pages[E:\webproject\mycms\runtime\temp\30c9330362cc14548689642e2755f66c.php:269]
[ error ] [8]未定义变量: pages[E:\webproject\mycms\runtime\temp\30c9330362cc14548689642e2755f66c.php:271]
[ error ] [8]未定义变量: pages[E:\webproject\mycms\runtime\temp\30c9330362cc14548689642e2755f66c.php:273]
[ error ] [8]未定义变量: pages[E:\webproject\mycms\runtime\temp\30c9330362cc14548689642e2755f66c.php:274]
[ error ] [8]未定义变量: pages[E:\webproject\mycms\runtime\temp\30c9330362cc14548689642e2755f66c.php:282]
[ error ] [8]未定义变量: pages[E:\webproject\mycms\runtime\temp\30c9330362cc14548689642e2755f66c.php:283]
---------------------------------------------------------------
[ 2017-10-27T23:51:07+08:00 ] ::1 ::1 GET /mycms/index/menu/add/pid/0.html
[ info ] localhost/mycms/index/menu/add/pid/0.html [运行时间：0.110732s][吞吐率：9.03req/s] [内存消耗：2,411.14kb] [文件加载：52]
[ info ] [ LANG ] E:\webproject\mycms\thinkphp\lang\zh-cn.php
[ info ] [ ROUTE ] array (
  'type' => 'module',
  'module' => 
  array (
    0 => 'index',
    1 => 'menu',
    2 => 'add',
  ),
)
[ info ] [ HEADER ] array (
  'host' => 'localhost',
  'connection' => 'keep-alive',
  'upgrade-insecure-requests' => '1',
  'user-agent' => 'Mozilla/5.0 (Windows NT 10.0; WOW64) AppleWebKit/537.36 (KHTML, like Gecko) Chrome/63.0.3236.0 Safari/537.36',
  'accept' => 'text/html,application/xhtml+xml,application/xml;q=0.9,image/webp,image/apng,*/*;q=0.8',
  'referer' => 'http://localhost/mycms/index/menu/index.html',
  'accept-encoding' => 'gzip, deflate, br',
  'accept-language' => 'zh-CN,zh;q=0.9',
  'cookie' => 'thinkphp_show_page_trace=0|0; thinkphp_show_page_trace=0|0; admin_username=admin',
)
[ info ] [ PARAM ] array (
  'pid' => '0',
)
[ info ] [ RUN ] app\index\controller\Menu->add[ E:\webproject\mycms\application\index\controller\Menu.php ]
[ info ] [ DB ] INIT mysql
[ info ] [ VIEW ] E:\webproject\mycms/application/index\view\menu\edit.html [ array (
  0 => 'title',
  1 => 'Menus',
) ]
[ info ] [ LOG ] INIT File
[ sql ] [ DB ] CONNECT:[ UseTime:0.002362s ] mysql:host=127.0.0.1;dbname=mycms;charset=utf8
[ sql ] [ SQL ] SHOW COLUMNS FROM `mc_menu` [ RunTime:0.012708s ]
[ sql ] [ SQL ] SELECT * FROM `mc_menu` [ RunTime:0.000676s ]
[ error ] [8]未定义变量: user_menu[E:\webproject\mycms\runtime\temp\7b37314c686c4a485372fa1ed554abdf.php:151]
[ error ] [8]未定义变量: user_index[E:\webproject\mycms\runtime\temp\7b37314c686c4a485372fa1ed554abdf.php:152]
[ error ] [8]未定义变量: user_role[E:\webproject\mycms\runtime\temp\7b37314c686c4a485372fa1ed554abdf.php:153]
[ error ] [8]未定义变量: user_permission[E:\webproject\mycms\runtime\temp\7b37314c686c4a485372fa1ed554abdf.php:154]
[ error ] [8]未定义变量: user_index[E:\webproject\mycms\runtime\temp\7b37314c686c4a485372fa1ed554abdf.php:165]
[ error ] [8]未定义变量: info[E:\webproject\mycms\runtime\temp\7b37314c686c4a485372fa1ed554abdf.php:204]
[ error ] [8]未定义变量: info[E:\webproject\mycms\runtime\temp\7b37314c686c4a485372fa1ed554abdf.php:204]
[ error ] [8]未定义变量: info[E:\webproject\mycms\runtime\temp\7b37314c686c4a485372fa1ed554abdf.php:204]
[ error ] [8]未定义变量: info[E:\webproject\mycms\runtime\temp\7b37314c686c4a485372fa1ed554abdf.php:204]
[ error ] [8]未定义变量: info[E:\webproject\mycms\runtime\temp\7b37314c686c4a485372fa1ed554abdf.php:204]
[ error ] [8]未定义变量: info[E:\webproject\mycms\runtime\temp\7b37314c686c4a485372fa1ed554abdf.php:204]
[ error ] [8]未定义变量: info[E:\webproject\mycms\runtime\temp\7b37314c686c4a485372fa1ed554abdf.php:204]
---------------------------------------------------------------
[ 2017-10-27T23:51:18+08:00 ] ::1 ::1 POST /mycms/index/menu/add/pid/addPost
[ info ] localhost/mycms/index/menu/add/pid/addPost [运行时间：0.034452s][吞吐率：29.03req/s] [内存消耗：1,341.00kb] [文件加载：36]
[ info ] [ LANG ] E:\webproject\mycms\thinkphp\lang\zh-cn.php
[ info ] [ ROUTE ] array (
  'type' => 'module',
  'module' => 
  array (
    0 => 'index',
    1 => 'menu',
    2 => 'add',
  ),
)
[ info ] [ HEADER ] array (
  'host' => 'localhost',
  'connection' => 'keep-alive',
  'content-length' => '83',
  'accept' => '*/*',
  'origin' => 'http://localhost',
  'x-requested-with' => 'XMLHttpRequest',
  'user-agent' => 'Mozilla/5.0 (Windows NT 10.0; WOW64) AppleWebKit/537.36 (KHTML, like Gecko) Chrome/63.0.3236.0 Safari/537.36',
  'content-type' => 'application/x-www-form-urlencoded; charset=UTF-8',
  'referer' => 'http://localhost/mycms/index/menu/add/pid/0.html',
  'accept-encoding' => 'gzip, deflate, br',
  'accept-language' => 'zh-CN,zh;q=0.9',
  'cookie' => 'thinkphp_show_page_trace=0|0; thinkphp_show_page_trace=0|0; thinkphp_show_page_trace=0|0; admin_username=admin',
)
[ info ] [ PARAM ] array (
  'name' => '33',
  'pid' => 'addPost',
  'app' => '',
  'controller' => '',
  'action' => '',
  'param' => '',
  'icon' => '',
  'list_order' => '0',
  'type' => '1',
  'remark' => '',
  'id' => '',
)
[ info ] [ RUN ] app\index\controller\Menu->add[ E:\webproject\mycms\application\index\controller\Menu.php ]
[ info ] [ LOG ] INIT File
---------------------------------------------------------------
[ 2017-10-27T23:52:34+08:00 ] ::1 ::1 POST /mycms/index/menu/add/pid/addPost
[ info ] localhost/mycms/index/menu/add/pid/addPost [运行时间：0.050238s][吞吐率：19.91req/s] [内存消耗：1,341.59kb] [文件加载：36]
[ info ] [ LANG ] E:\webproject\mycms\thinkphp\lang\zh-cn.php
[ info ] [ ROUTE ] array (
  'type' => 'module',
  'module' => 
  array (
    0 => 'index',
    1 => 'menu',
    2 => 'add',
  ),
)
[ info ] [ HEADER ] array (
  'host' => 'localhost',
  'connection' => 'keep-alive',
  'content-length' => '83',
  'accept' => '*/*',
  'origin' => 'http://localhost',
  'x-requested-with' => 'XMLHttpRequest',
  'user-agent' => 'Mozilla/5.0 (Windows NT 10.0; WOW64) AppleWebKit/537.36 (KHTML, like Gecko) Chrome/63.0.3236.0 Safari/537.36',
  'content-type' => 'application/x-www-form-urlencoded; charset=UTF-8',
  'referer' => 'http://localhost/mycms/index/menu/add/pid/0.html',
  'accept-encoding' => 'gzip, deflate, br',
  'accept-language' => 'zh-CN,zh;q=0.9',
  'cookie' => 'thinkphp_show_page_trace=0|0; thinkphp_show_page_trace=0|0; thinkphp_show_page_trace=0|0; admin_username=admin',
)
[ info ] [ PARAM ] array (
  'name' => '33',
  'pid' => 'addPost',
  'app' => '',
  'controller' => '',
  'action' => '',
  'param' => '',
  'icon' => '',
  'list_order' => '0',
  'type' => '1',
  'remark' => '',
  'id' => '',
)
[ info ] [ RUN ] app\index\controller\Menu->add[ E:\webproject\mycms\application\index\controller\Menu.php ]
[ info ] [ LOG ] INIT File
---------------------------------------------------------------
[ 2017-10-27T23:53:26+08:00 ] ::1 ::1 POST /mycms/index/menu/add/pid/addPost
[ info ] localhost/mycms/index/menu/add/pid/addPost [运行时间：0.046447s][吞吐率：21.53req/s] [内存消耗：1,341.00kb] [文件加载：36]
[ info ] [ LANG ] E:\webproject\mycms\thinkphp\lang\zh-cn.php
[ info ] [ ROUTE ] array (
  'type' => 'module',
  'module' => 
  array (
    0 => 'index',
    1 => 'menu',
    2 => 'add',
  ),
)
[ info ] [ HEADER ] array (
  'host' => 'localhost',
  'connection' => 'keep-alive',
  'content-length' => '83',
  'accept' => '*/*',
  'origin' => 'http://localhost',
  'x-requested-with' => 'XMLHttpRequest',
  'user-agent' => 'Mozilla/5.0 (Windows NT 10.0; WOW64) AppleWebKit/537.36 (KHTML, like Gecko) Chrome/63.0.3236.0 Safari/537.36',
  'content-type' => 'application/x-www-form-urlencoded; charset=UTF-8',
  'referer' => 'http://localhost/mycms/index/menu/add/pid/0.html',
  'accept-encoding' => 'gzip, deflate, br',
  'accept-language' => 'zh-CN,zh;q=0.9',
  'cookie' => 'thinkphp_show_page_trace=0|0; thinkphp_show_page_trace=0|0; thinkphp_show_page_trace=0|0; admin_username=admin',
)
[ info ] [ PARAM ] array (
  'name' => '33',
  'pid' => 'addPost',
  'app' => '',
  'controller' => '',
  'action' => '',
  'param' => '',
  'icon' => '',
  'list_order' => '0',
  'type' => '1',
  'remark' => '',
  'id' => '',
)
[ info ] [ RUN ] app\index\controller\Menu->add[ E:\webproject\mycms\application\index\controller\Menu.php ]
[ info ] [ LOG ] INIT File
---------------------------------------------------------------
[ 2017-10-27T23:53:59+08:00 ] ::1 ::1 GET /mycms/index/menu/add/pid/0.html
[ info ] localhost/mycms/index/menu/add/pid/0.html [运行时间：0.097302s][吞吐率：10.28req/s] [内存消耗：2,242.63kb] [文件加载：50]
[ info ] [ LANG ] E:\webproject\mycms\thinkphp\lang\zh-cn.php
[ info ] [ ROUTE ] array (
  'type' => 'module',
  'module' => 
  array (
    0 => 'index',
    1 => 'menu',
    2 => 'add',
  ),
)
[ info ] [ HEADER ] array (
  'host' => 'localhost',
  'connection' => 'keep-alive',
  'cache-control' => 'max-age=0',
  'upgrade-insecure-requests' => '1',
  'user-agent' => 'Mozilla/5.0 (Windows NT 10.0; WOW64) AppleWebKit/537.36 (KHTML, like Gecko) Chrome/63.0.3236.0 Safari/537.36',
  'accept' => 'text/html,application/xhtml+xml,application/xml;q=0.9,image/webp,image/apng,*/*;q=0.8',
  'referer' => 'http://localhost/mycms/index/menu/index.html',
  'accept-encoding' => 'gzip, deflate, br',
  'accept-language' => 'zh-CN,zh;q=0.9',
  'cookie' => 'thinkphp_show_page_trace=0|0; thinkphp_show_page_trace=0|0; thinkphp_show_page_trace=0|0; admin_username=admin',
)
[ info ] [ PARAM ] array (
  'pid' => '0',
)
[ info ] [ RUN ] app\index\controller\Menu->add[ E:\webproject\mycms\application\index\controller\Menu.php ]
[ info ] [ DB ] INIT mysql
[ info ] [ VIEW ] E:\webproject\mycms/application/index\view\menu\edit.html [ array (
  0 => 'title',
  1 => 'Menus',
) ]
[ info ] [ LOG ] INIT File
[ sql ] [ DB ] CONNECT:[ UseTime:0.002371s ] mysql:host=127.0.0.1;dbname=mycms;charset=utf8
[ sql ] [ SQL ] SHOW COLUMNS FROM `mc_menu` [ RunTime:0.012364s ]
[ sql ] [ SQL ] SELECT * FROM `mc_menu` [ RunTime:0.000649s ]
[ error ] [8]未定义变量: user_menu[E:\webproject\mycms\runtime\temp\7b37314c686c4a485372fa1ed554abdf.php:151]
[ error ] [8]未定义变量: user_index[E:\webproject\mycms\runtime\temp\7b37314c686c4a485372fa1ed554abdf.php:152]
[ error ] [8]未定义变量: user_role[E:\webproject\mycms\runtime\temp\7b37314c686c4a485372fa1ed554abdf.php:153]
[ error ] [8]未定义变量: user_permission[E:\webproject\mycms\runtime\temp\7b37314c686c4a485372fa1ed554abdf.php:154]
[ error ] [8]未定义变量: user_index[E:\webproject\mycms\runtime\temp\7b37314c686c4a485372fa1ed554abdf.php:165]
[ error ] [8]未定义变量: info[E:\webproject\mycms\runtime\temp\7b37314c686c4a485372fa1ed554abdf.php:204]
[ error ] [8]未定义变量: info[E:\webproject\mycms\runtime\temp\7b37314c686c4a485372fa1ed554abdf.php:204]
[ error ] [8]未定义变量: info[E:\webproject\mycms\runtime\temp\7b37314c686c4a485372fa1ed554abdf.php:204]
[ error ] [8]未定义变量: info[E:\webproject\mycms\runtime\temp\7b37314c686c4a485372fa1ed554abdf.php:204]
[ error ] [8]未定义变量: info[E:\webproject\mycms\runtime\temp\7b37314c686c4a485372fa1ed554abdf.php:204]
[ error ] [8]未定义变量: info[E:\webproject\mycms\runtime\temp\7b37314c686c4a485372fa1ed554abdf.php:204]
[ error ] [8]未定义变量: info[E:\webproject\mycms\runtime\temp\7b37314c686c4a485372fa1ed554abdf.php:204]
---------------------------------------------------------------
[ 2017-10-27T23:54:01+08:00 ] ::1 ::1 GET /mycms/index/menu/add/pid/0.html
[ info ] localhost/mycms/index/menu/add/pid/0.html [运行时间：0.096581s][吞吐率：10.35req/s] [内存消耗：2,242.63kb] [文件加载：50]
[ info ] [ LANG ] E:\webproject\mycms\thinkphp\lang\zh-cn.php
[ info ] [ ROUTE ] array (
  'type' => 'module',
  'module' => 
  array (
    0 => 'index',
    1 => 'menu',
    2 => 'add',
  ),
)
[ info ] [ HEADER ] array (
  'host' => 'localhost',
  'connection' => 'keep-alive',
  'cache-control' => 'max-age=0',
  'upgrade-insecure-requests' => '1',
  'user-agent' => 'Mozilla/5.0 (Windows NT 10.0; WOW64) AppleWebKit/537.36 (KHTML, like Gecko) Chrome/63.0.3236.0 Safari/537.36',
  'accept' => 'text/html,application/xhtml+xml,application/xml;q=0.9,image/webp,image/apng,*/*;q=0.8',
  'referer' => 'http://localhost/mycms/index/menu/index.html',
  'accept-encoding' => 'gzip, deflate, br',
  'accept-language' => 'zh-CN,zh;q=0.9',
  'cookie' => 'thinkphp_show_page_trace=0|0; thinkphp_show_page_trace=0|0; thinkphp_show_page_trace=0|0; admin_username=admin',
)
[ info ] [ PARAM ] array (
  'pid' => '0',
)
[ info ] [ RUN ] app\index\controller\Menu->add[ E:\webproject\mycms\application\index\controller\Menu.php ]
[ info ] [ DB ] INIT mysql
[ info ] [ VIEW ] E:\webproject\mycms/application/index\view\menu\edit.html [ array (
  0 => 'title',
  1 => 'Menus',
) ]
[ info ] [ LOG ] INIT File
[ sql ] [ DB ] CONNECT:[ UseTime:0.001815s ] mysql:host=127.0.0.1;dbname=mycms;charset=utf8
[ sql ] [ SQL ] SHOW COLUMNS FROM `mc_menu` [ RunTime:0.015060s ]
[ sql ] [ SQL ] SELECT * FROM `mc_menu` [ RunTime:0.000576s ]
[ error ] [8]未定义变量: user_menu[E:\webproject\mycms\runtime\temp\7b37314c686c4a485372fa1ed554abdf.php:151]
[ error ] [8]未定义变量: user_index[E:\webproject\mycms\runtime\temp\7b37314c686c4a485372fa1ed554abdf.php:152]
[ error ] [8]未定义变量: user_role[E:\webproject\mycms\runtime\temp\7b37314c686c4a485372fa1ed554abdf.php:153]
[ error ] [8]未定义变量: user_permission[E:\webproject\mycms\runtime\temp\7b37314c686c4a485372fa1ed554abdf.php:154]
[ error ] [8]未定义变量: user_index[E:\webproject\mycms\runtime\temp\7b37314c686c4a485372fa1ed554abdf.php:165]
[ error ] [8]未定义变量: info[E:\webproject\mycms\runtime\temp\7b37314c686c4a485372fa1ed554abdf.php:204]
[ error ] [8]未定义变量: info[E:\webproject\mycms\runtime\temp\7b37314c686c4a485372fa1ed554abdf.php:204]
[ error ] [8]未定义变量: info[E:\webproject\mycms\runtime\temp\7b37314c686c4a485372fa1ed554abdf.php:204]
[ error ] [8]未定义变量: info[E:\webproject\mycms\runtime\temp\7b37314c686c4a485372fa1ed554abdf.php:204]
[ error ] [8]未定义变量: info[E:\webproject\mycms\runtime\temp\7b37314c686c4a485372fa1ed554abdf.php:204]
[ error ] [8]未定义变量: info[E:\webproject\mycms\runtime\temp\7b37314c686c4a485372fa1ed554abdf.php:204]
[ error ] [8]未定义变量: info[E:\webproject\mycms\runtime\temp\7b37314c686c4a485372fa1ed554abdf.php:204]
---------------------------------------------------------------
[ 2017-10-27T23:54:07+08:00 ] ::1 ::1 POST /mycms/index/menu/add/pid/addPost
[ info ] localhost/mycms/index/menu/add/pid/addPost [运行时间：0.082757s][吞吐率：12.08req/s] [内存消耗：2,203.40kb] [文件加载：49]
[ info ] [ LANG ] E:\webproject\mycms\thinkphp\lang\zh-cn.php
[ info ] [ ROUTE ] array (
  'type' => 'module',
  'module' => 
  array (
    0 => 'index',
    1 => 'menu',
    2 => 'add',
  ),
)
[ info ] [ HEADER ] array (
  'host' => 'localhost',
  'connection' => 'keep-alive',
  'content-length' => '84',
  'accept' => '*/*',
  'origin' => 'http://localhost',
  'x-requested-with' => 'XMLHttpRequest',
  'user-agent' => 'Mozilla/5.0 (Windows NT 10.0; WOW64) AppleWebKit/537.36 (KHTML, like Gecko) Chrome/63.0.3236.0 Safari/537.36',
  'content-type' => 'application/x-www-form-urlencoded; charset=UTF-8',
  'referer' => 'http://localhost/mycms/index/menu/add/pid/0.html',
  'accept-encoding' => 'gzip, deflate, br',
  'accept-language' => 'zh-CN,zh;q=0.9',
  'cookie' => 'thinkphp_show_page_trace=0|0; thinkphp_show_page_trace=0|0; thinkphp_show_page_trace=0|0; admin_username=admin',
)
[ info ] [ PARAM ] array (
  'name' => '444',
  'pid' => 'addPost',
  'app' => '',
  'controller' => '',
  'action' => '',
  'param' => '',
  'icon' => '',
  'list_order' => '0',
  'type' => '1',
  'remark' => '',
  'id' => '',
)
[ info ] [ RUN ] app\index\controller\Menu->add[ E:\webproject\mycms\application\index\controller\Menu.php ]
[ info ] [ DB ] INIT mysql
[ info ] [ VIEW ] E:\webproject\mycms/application/index\view\menu\edit.html [ array (
  0 => 'title',
  1 => 'Menus',
) ]
[ info ] [ LOG ] INIT File
[ sql ] [ DB ] CONNECT:[ UseTime:0.002813s ] mysql:host=127.0.0.1;dbname=mycms;charset=utf8
[ sql ] [ SQL ] SHOW COLUMNS FROM `mc_menu` [ RunTime:0.011096s ]
[ sql ] [ SQL ] SELECT * FROM `mc_menu` [ RunTime:0.000483s ]
[ error ] [8]未定义变量: user_menu[E:\webproject\mycms\runtime\temp\7b37314c686c4a485372fa1ed554abdf.php:151]
[ error ] [8]未定义变量: user_index[E:\webproject\mycms\runtime\temp\7b37314c686c4a485372fa1ed554abdf.php:152]
[ error ] [8]未定义变量: user_role[E:\webproject\mycms\runtime\temp\7b37314c686c4a485372fa1ed554abdf.php:153]
[ error ] [8]未定义变量: user_permission[E:\webproject\mycms\runtime\temp\7b37314c686c4a485372fa1ed554abdf.php:154]
[ error ] [8]未定义变量: user_index[E:\webproject\mycms\runtime\temp\7b37314c686c4a485372fa1ed554abdf.php:165]
[ error ] [8]未定义变量: info[E:\webproject\mycms\runtime\temp\7b37314c686c4a485372fa1ed554abdf.php:204]
[ error ] [8]未定义变量: info[E:\webproject\mycms\runtime\temp\7b37314c686c4a485372fa1ed554abdf.php:204]
[ error ] [8]未定义变量: info[E:\webproject\mycms\runtime\temp\7b37314c686c4a485372fa1ed554abdf.php:204]
[ error ] [8]未定义变量: info[E:\webproject\mycms\runtime\temp\7b37314c686c4a485372fa1ed554abdf.php:204]
[ error ] [8]未定义变量: info[E:\webproject\mycms\runtime\temp\7b37314c686c4a485372fa1ed554abdf.php:204]
[ error ] [8]未定义变量: info[E:\webproject\mycms\runtime\temp\7b37314c686c4a485372fa1ed554abdf.php:204]
[ error ] [8]未定义变量: info[E:\webproject\mycms\runtime\temp\7b37314c686c4a485372fa1ed554abdf.php:204]
---------------------------------------------------------------
[ 2017-10-27T23:56:12+08:00 ] ::1 ::1 GET /mycms/index/menu/add/pid/0.html
[ info ] localhost/mycms/index/menu/add/pid/0.html [运行时间：0.118294s][吞吐率：8.45req/s] [内存消耗：2,242.74kb] [文件加载：50]
[ info ] [ LANG ] E:\webproject\mycms\thinkphp\lang\zh-cn.php
[ info ] [ ROUTE ] array (
  'type' => 'module',
  'module' => 
  array (
    0 => 'index',
    1 => 'menu',
    2 => 'add',
  ),
)
[ info ] [ HEADER ] array (
  'host' => 'localhost',
  'connection' => 'keep-alive',
  'cache-control' => 'max-age=0',
  'upgrade-insecure-requests' => '1',
  'user-agent' => 'Mozilla/5.0 (Windows NT 10.0; WOW64) AppleWebKit/537.36 (KHTML, like Gecko) Chrome/63.0.3236.0 Safari/537.36',
  'accept' => 'text/html,application/xhtml+xml,application/xml;q=0.9,image/webp,image/apng,*/*;q=0.8',
  'referer' => 'http://localhost/mycms/index/menu/index.html',
  'accept-encoding' => 'gzip, deflate, br',
  'accept-language' => 'zh-CN,zh;q=0.9',
  'cookie' => 'thinkphp_show_page_trace=0|0; thinkphp_show_page_trace=0|0; thinkphp_show_page_trace=0|0; admin_username=admin',
)
[ info ] [ PARAM ] array (
  'pid' => '0',
)
[ info ] [ RUN ] app\index\controller\Menu->add[ E:\webproject\mycms\application\index\controller\Menu.php ]
[ info ] [ DB ] INIT mysql
[ info ] [ VIEW ] E:\webproject\mycms/application/index\view\menu\edit.html [ array (
  0 => 'title',
  1 => 'Menus',
) ]
[ info ] [ LOG ] INIT File
[ sql ] [ DB ] CONNECT:[ UseTime:0.002210s ] mysql:host=127.0.0.1;dbname=mycms;charset=utf8
[ sql ] [ SQL ] SHOW COLUMNS FROM `mc_menu` [ RunTime:0.014813s ]
[ sql ] [ SQL ] SELECT * FROM `mc_menu` [ RunTime:0.000538s ]
[ error ] [8]未定义变量: user_menu[E:\webproject\mycms\runtime\temp\7b37314c686c4a485372fa1ed554abdf.php:151]
[ error ] [8]未定义变量: user_index[E:\webproject\mycms\runtime\temp\7b37314c686c4a485372fa1ed554abdf.php:152]
[ error ] [8]未定义变量: user_role[E:\webproject\mycms\runtime\temp\7b37314c686c4a485372fa1ed554abdf.php:153]
[ error ] [8]未定义变量: user_permission[E:\webproject\mycms\runtime\temp\7b37314c686c4a485372fa1ed554abdf.php:154]
[ error ] [8]未定义变量: user_index[E:\webproject\mycms\runtime\temp\7b37314c686c4a485372fa1ed554abdf.php:165]
[ error ] [8]未定义变量: info[E:\webproject\mycms\runtime\temp\7b37314c686c4a485372fa1ed554abdf.php:204]
[ error ] [8]未定义变量: info[E:\webproject\mycms\runtime\temp\7b37314c686c4a485372fa1ed554abdf.php:204]
[ error ] [8]未定义变量: info[E:\webproject\mycms\runtime\temp\7b37314c686c4a485372fa1ed554abdf.php:204]
[ error ] [8]未定义变量: info[E:\webproject\mycms\runtime\temp\7b37314c686c4a485372fa1ed554abdf.php:204]
[ error ] [8]未定义变量: info[E:\webproject\mycms\runtime\temp\7b37314c686c4a485372fa1ed554abdf.php:204]
[ error ] [8]未定义变量: info[E:\webproject\mycms\runtime\temp\7b37314c686c4a485372fa1ed554abdf.php:204]
[ error ] [8]未定义变量: info[E:\webproject\mycms\runtime\temp\7b37314c686c4a485372fa1ed554abdf.php:204]
---------------------------------------------------------------
[ 2017-10-27T23:56:16+08:00 ] ::1 ::1 POST /mycms/index/menu/add/pid/addPostd
[ info ] localhost/mycms/index/menu/add/pid/addPostd [运行时间：0.070885s][吞吐率：14.11req/s] [内存消耗：2,203.35kb] [文件加载：49]
[ info ] [ LANG ] E:\webproject\mycms\thinkphp\lang\zh-cn.php
[ info ] [ ROUTE ] array (
  'type' => 'module',
  'module' => 
  array (
    0 => 'index',
    1 => 'menu',
    2 => 'add',
  ),
)
[ info ] [ HEADER ] array (
  'host' => 'localhost',
  'connection' => 'keep-alive',
  'content-length' => '83',
  'accept' => '*/*',
  'origin' => 'http://localhost',
  'x-requested-with' => 'XMLHttpRequest',
  'user-agent' => 'Mozilla/5.0 (Windows NT 10.0; WOW64) AppleWebKit/537.36 (KHTML, like Gecko) Chrome/63.0.3236.0 Safari/537.36',
  'content-type' => 'application/x-www-form-urlencoded; charset=UTF-8',
  'referer' => 'http://localhost/mycms/index/menu/add/pid/0.html',
  'accept-encoding' => 'gzip, deflate, br',
  'accept-language' => 'zh-CN,zh;q=0.9',
  'cookie' => 'thinkphp_show_page_trace=0|0; thinkphp_show_page_trace=0|0; thinkphp_show_page_trace=0|0; admin_username=admin',
)
[ info ] [ PARAM ] array (
  'name' => '55',
  'pid' => 'addPostd',
  'app' => '',
  'controller' => '',
  'action' => '',
  'param' => '',
  'icon' => '',
  'list_order' => '0',
  'type' => '1',
  'remark' => '',
  'id' => '',
)
[ info ] [ RUN ] app\index\controller\Menu->add[ E:\webproject\mycms\application\index\controller\Menu.php ]
[ info ] [ DB ] INIT mysql
[ info ] [ VIEW ] E:\webproject\mycms/application/index\view\menu\edit.html [ array (
  0 => 'title',
  1 => 'Menus',
) ]
[ info ] [ LOG ] INIT File
[ sql ] [ DB ] CONNECT:[ UseTime:0.001776s ] mysql:host=127.0.0.1;dbname=mycms;charset=utf8
[ sql ] [ SQL ] SHOW COLUMNS FROM `mc_menu` [ RunTime:0.013816s ]
[ sql ] [ SQL ] SELECT * FROM `mc_menu` [ RunTime:0.000524s ]
[ error ] [8]未定义变量: user_menu[E:\webproject\mycms\runtime\temp\7b37314c686c4a485372fa1ed554abdf.php:151]
[ error ] [8]未定义变量: user_index[E:\webproject\mycms\runtime\temp\7b37314c686c4a485372fa1ed554abdf.php:152]
[ error ] [8]未定义变量: user_role[E:\webproject\mycms\runtime\temp\7b37314c686c4a485372fa1ed554abdf.php:153]
[ error ] [8]未定义变量: user_permission[E:\webproject\mycms\runtime\temp\7b37314c686c4a485372fa1ed554abdf.php:154]
[ error ] [8]未定义变量: user_index[E:\webproject\mycms\runtime\temp\7b37314c686c4a485372fa1ed554abdf.php:165]
[ error ] [8]未定义变量: info[E:\webproject\mycms\runtime\temp\7b37314c686c4a485372fa1ed554abdf.php:204]
[ error ] [8]未定义变量: info[E:\webproject\mycms\runtime\temp\7b37314c686c4a485372fa1ed554abdf.php:204]
[ error ] [8]未定义变量: info[E:\webproject\mycms\runtime\temp\7b37314c686c4a485372fa1ed554abdf.php:204]
[ error ] [8]未定义变量: info[E:\webproject\mycms\runtime\temp\7b37314c686c4a485372fa1ed554abdf.php:204]
[ error ] [8]未定义变量: info[E:\webproject\mycms\runtime\temp\7b37314c686c4a485372fa1ed554abdf.php:204]
[ error ] [8]未定义变量: info[E:\webproject\mycms\runtime\temp\7b37314c686c4a485372fa1ed554abdf.php:204]
[ error ] [8]未定义变量: info[E:\webproject\mycms\runtime\temp\7b37314c686c4a485372fa1ed554abdf.php:204]
---------------------------------------------------------------
[ 2017-10-27T23:56:22+08:00 ] ::1 ::1 POST /mycms/index/menu/add/pid/addPostd
[ info ] localhost/mycms/index/menu/add/pid/addPostd [运行时间：0.201680s][吞吐率：4.96req/s] [内存消耗：2,203.35kb] [文件加载：49]
[ info ] [ LANG ] E:\webproject\mycms\thinkphp\lang\zh-cn.php
[ info ] [ ROUTE ] array (
  'type' => 'module',
  'module' => 
  array (
    0 => 'index',
    1 => 'menu',
    2 => 'add',
  ),
)
[ info ] [ HEADER ] array (
  'host' => 'localhost',
  'connection' => 'keep-alive',
  'content-length' => '83',
  'accept' => '*/*',
  'origin' => 'http://localhost',
  'x-requested-with' => 'XMLHttpRequest',
  'user-agent' => 'Mozilla/5.0 (Windows NT 10.0; WOW64) AppleWebKit/537.36 (KHTML, like Gecko) Chrome/63.0.3236.0 Safari/537.36',
  'content-type' => 'application/x-www-form-urlencoded; charset=UTF-8',
  'referer' => 'http://localhost/mycms/index/menu/add/pid/0.html',
  'accept-encoding' => 'gzip, deflate, br',
  'accept-language' => 'zh-CN,zh;q=0.9',
  'cookie' => 'thinkphp_show_page_trace=0|0; thinkphp_show_page_trace=0|0; thinkphp_show_page_trace=0|0; admin_username=admin',
)
[ info ] [ PARAM ] array (
  'name' => '55',
  'pid' => 'addPostd',
  'app' => '',
  'controller' => '',
  'action' => '',
  'param' => '',
  'icon' => '',
  'list_order' => '0',
  'type' => '1',
  'remark' => '',
  'id' => '',
)
[ info ] [ RUN ] app\index\controller\Menu->add[ E:\webproject\mycms\application\index\controller\Menu.php ]
[ info ] [ DB ] INIT mysql
[ info ] [ VIEW ] E:\webproject\mycms/application/index\view\menu\edit.html [ array (
  0 => 'title',
  1 => 'Menus',
) ]
[ info ] [ LOG ] INIT File
[ sql ] [ DB ] CONNECT:[ UseTime:0.001809s ] mysql:host=127.0.0.1;dbname=mycms;charset=utf8
[ sql ] [ SQL ] SHOW COLUMNS FROM `mc_menu` [ RunTime:0.092892s ]
[ sql ] [ SQL ] SELECT * FROM `mc_menu` [ RunTime:0.001512s ]
[ error ] [8]未定义变量: user_menu[E:\webproject\mycms\runtime\temp\7b37314c686c4a485372fa1ed554abdf.php:151]
[ error ] [8]未定义变量: user_index[E:\webproject\mycms\runtime\temp\7b37314c686c4a485372fa1ed554abdf.php:152]
[ error ] [8]未定义变量: user_role[E:\webproject\mycms\runtime\temp\7b37314c686c4a485372fa1ed554abdf.php:153]
[ error ] [8]未定义变量: user_permission[E:\webproject\mycms\runtime\temp\7b37314c686c4a485372fa1ed554abdf.php:154]
[ error ] [8]未定义变量: user_index[E:\webproject\mycms\runtime\temp\7b37314c686c4a485372fa1ed554abdf.php:165]
[ error ] [8]未定义变量: info[E:\webproject\mycms\runtime\temp\7b37314c686c4a485372fa1ed554abdf.php:204]
[ error ] [8]未定义变量: info[E:\webproject\mycms\runtime\temp\7b37314c686c4a485372fa1ed554abdf.php:204]
[ error ] [8]未定义变量: info[E:\webproject\mycms\runtime\temp\7b37314c686c4a485372fa1ed554abdf.php:204]
[ error ] [8]未定义变量: info[E:\webproject\mycms\runtime\temp\7b37314c686c4a485372fa1ed554abdf.php:204]
[ error ] [8]未定义变量: info[E:\webproject\mycms\runtime\temp\7b37314c686c4a485372fa1ed554abdf.php:204]
[ error ] [8]未定义变量: info[E:\webproject\mycms\runtime\temp\7b37314c686c4a485372fa1ed554abdf.php:204]
[ error ] [8]未定义变量: info[E:\webproject\mycms\runtime\temp\7b37314c686c4a485372fa1ed554abdf.php:204]
---------------------------------------------------------------
[ 2017-10-27T23:56:43+08:00 ] ::1 ::1 POST /mycms/index/menu/add/pid/addPostd
[ info ] localhost/mycms/index/menu/add/pid/addPostd [运行时间：0.064671s][吞吐率：15.46req/s] [内存消耗：2,203.38kb] [文件加载：49]
[ info ] [ LANG ] E:\webproject\mycms\thinkphp\lang\zh-cn.php
[ info ] [ ROUTE ] array (
  'type' => 'module',
  'module' => 
  array (
    0 => 'index',
    1 => 'menu',
    2 => 'add',
  ),
)
[ info ] [ HEADER ] array (
  'host' => 'localhost',
  'connection' => 'keep-alive',
  'content-length' => '83',
  'accept' => '*/*',
  'origin' => 'http://localhost',
  'x-requested-with' => 'XMLHttpRequest',
  'user-agent' => 'Mozilla/5.0 (Windows NT 10.0; WOW64) AppleWebKit/537.36 (KHTML, like Gecko) Chrome/63.0.3236.0 Safari/537.36',
  'content-type' => 'application/x-www-form-urlencoded; charset=UTF-8',
  'referer' => 'http://localhost/mycms/index/menu/add/pid/0.html',
  'accept-encoding' => 'gzip, deflate, br',
  'accept-language' => 'zh-CN,zh;q=0.9',
  'cookie' => 'thinkphp_show_page_trace=0|0; thinkphp_show_page_trace=0|0; thinkphp_show_page_trace=0|0; admin_username=admin',
)
[ info ] [ PARAM ] array (
  'name' => '55',
  'pid' => 'addPostd',
  'app' => '',
  'controller' => '',
  'action' => '',
  'param' => '',
  'icon' => '',
  'list_order' => '0',
  'type' => '1',
  'remark' => '',
  'id' => '',
)
[ info ] [ RUN ] app\index\controller\Menu->add[ E:\webproject\mycms\application\index\controller\Menu.php ]
[ info ] [ DB ] INIT mysql
[ info ] [ VIEW ] E:\webproject\mycms/application/index\view\menu\edit.html [ array (
  0 => 'title',
  1 => 'Menus',
) ]
[ info ] [ LOG ] INIT File
[ sql ] [ DB ] CONNECT:[ UseTime:0.002899s ] mysql:host=127.0.0.1;dbname=mycms;charset=utf8
[ sql ] [ SQL ] SHOW COLUMNS FROM `mc_menu` [ RunTime:0.011602s ]
[ sql ] [ SQL ] SELECT * FROM `mc_menu` [ RunTime:0.000607s ]
[ error ] [8]未定义变量: user_menu[E:\webproject\mycms\runtime\temp\7b37314c686c4a485372fa1ed554abdf.php:151]
[ error ] [8]未定义变量: user_index[E:\webproject\mycms\runtime\temp\7b37314c686c4a485372fa1ed554abdf.php:152]
[ error ] [8]未定义变量: user_role[E:\webproject\mycms\runtime\temp\7b37314c686c4a485372fa1ed554abdf.php:153]
[ error ] [8]未定义变量: user_permission[E:\webproject\mycms\runtime\temp\7b37314c686c4a485372fa1ed554abdf.php:154]
[ error ] [8]未定义变量: user_index[E:\webproject\mycms\runtime\temp\7b37314c686c4a485372fa1ed554abdf.php:165]
[ error ] [8]未定义变量: info[E:\webproject\mycms\runtime\temp\7b37314c686c4a485372fa1ed554abdf.php:204]
[ error ] [8]未定义变量: info[E:\webproject\mycms\runtime\temp\7b37314c686c4a485372fa1ed554abdf.php:204]
[ error ] [8]未定义变量: info[E:\webproject\mycms\runtime\temp\7b37314c686c4a485372fa1ed554abdf.php:204]
[ error ] [8]未定义变量: info[E:\webproject\mycms\runtime\temp\7b37314c686c4a485372fa1ed554abdf.php:204]
[ error ] [8]未定义变量: info[E:\webproject\mycms\runtime\temp\7b37314c686c4a485372fa1ed554abdf.php:204]
[ error ] [8]未定义变量: info[E:\webproject\mycms\runtime\temp\7b37314c686c4a485372fa1ed554abdf.php:204]
[ error ] [8]未定义变量: info[E:\webproject\mycms\runtime\temp\7b37314c686c4a485372fa1ed554abdf.php:204]
---------------------------------------------------------------
[ 2017-10-27T23:57:17+08:00 ] ::1 ::1 GET /mycms/index/menu/add/pid/0.html
[ info ] localhost/mycms/index/menu/add/pid/0.html [运行时间：0.132672s][吞吐率：7.54req/s] [内存消耗：2,242.74kb] [文件加载：50]
[ info ] [ LANG ] E:\webproject\mycms\thinkphp\lang\zh-cn.php
[ info ] [ ROUTE ] array (
  'type' => 'module',
  'module' => 
  array (
    0 => 'index',
    1 => 'menu',
    2 => 'add',
  ),
)
[ info ] [ HEADER ] array (
  'host' => 'localhost',
  'connection' => 'keep-alive',
  'cache-control' => 'max-age=0',
  'upgrade-insecure-requests' => '1',
  'user-agent' => 'Mozilla/5.0 (Windows NT 10.0; WOW64) AppleWebKit/537.36 (KHTML, like Gecko) Chrome/63.0.3236.0 Safari/537.36',
  'accept' => 'text/html,application/xhtml+xml,application/xml;q=0.9,image/webp,image/apng,*/*;q=0.8',
  'referer' => 'http://localhost/mycms/index/menu/index.html',
  'accept-encoding' => 'gzip, deflate, br',
  'accept-language' => 'zh-CN,zh;q=0.9',
  'cookie' => 'thinkphp_show_page_trace=0|0; thinkphp_show_page_trace=0|0; thinkphp_show_page_trace=0|0; admin_username=admin',
)
[ info ] [ PARAM ] array (
  'pid' => '0',
)
[ info ] [ RUN ] app\index\controller\Menu->add[ E:\webproject\mycms\application\index\controller\Menu.php ]
[ info ] [ DB ] INIT mysql
[ info ] [ VIEW ] E:\webproject\mycms/application/index\view\menu\edit.html [ array (
  0 => 'title',
  1 => 'Menus',
) ]
[ info ] [ LOG ] INIT File
[ sql ] [ DB ] CONNECT:[ UseTime:0.002127s ] mysql:host=127.0.0.1;dbname=mycms;charset=utf8
[ sql ] [ SQL ] SHOW COLUMNS FROM `mc_menu` [ RunTime:0.016089s ]
[ sql ] [ SQL ] SELECT * FROM `mc_menu` [ RunTime:0.000627s ]
[ error ] [8]未定义变量: user_menu[E:\webproject\mycms\runtime\temp\7b37314c686c4a485372fa1ed554abdf.php:151]
[ error ] [8]未定义变量: user_index[E:\webproject\mycms\runtime\temp\7b37314c686c4a485372fa1ed554abdf.php:152]
[ error ] [8]未定义变量: user_role[E:\webproject\mycms\runtime\temp\7b37314c686c4a485372fa1ed554abdf.php:153]
[ error ] [8]未定义变量: user_permission[E:\webproject\mycms\runtime\temp\7b37314c686c4a485372fa1ed554abdf.php:154]
[ error ] [8]未定义变量: user_index[E:\webproject\mycms\runtime\temp\7b37314c686c4a485372fa1ed554abdf.php:165]
[ error ] [8]未定义变量: info[E:\webproject\mycms\runtime\temp\7b37314c686c4a485372fa1ed554abdf.php:204]
[ error ] [8]未定义变量: info[E:\webproject\mycms\runtime\temp\7b37314c686c4a485372fa1ed554abdf.php:204]
[ error ] [8]未定义变量: info[E:\webproject\mycms\runtime\temp\7b37314c686c4a485372fa1ed554abdf.php:204]
[ error ] [8]未定义变量: info[E:\webproject\mycms\runtime\temp\7b37314c686c4a485372fa1ed554abdf.php:204]
[ error ] [8]未定义变量: info[E:\webproject\mycms\runtime\temp\7b37314c686c4a485372fa1ed554abdf.php:204]
[ error ] [8]未定义变量: info[E:\webproject\mycms\runtime\temp\7b37314c686c4a485372fa1ed554abdf.php:204]
[ error ] [8]未定义变量: info[E:\webproject\mycms\runtime\temp\7b37314c686c4a485372fa1ed554abdf.php:204]
---------------------------------------------------------------
[ 2017-10-27T23:57:21+08:00 ] ::1 ::1 POST /mycms/index/menu/add/pid/menu/addPostd
[ info ] localhost/mycms/index/menu/add/pid/menu/addPostd [运行时间：0.074205s][吞吐率：13.48req/s] [内存消耗：2,203.33kb] [文件加载：49]
[ info ] [ LANG ] E:\webproject\mycms\thinkphp\lang\zh-cn.php
[ info ] [ ROUTE ] array (
  'type' => 'module',
  'module' => 
  array (
    0 => 'index',
    1 => 'menu',
    2 => 'add',
  ),
)
[ info ] [ HEADER ] array (
  'host' => 'localhost',
  'connection' => 'keep-alive',
  'content-length' => '83',
  'accept' => '*/*',
  'origin' => 'http://localhost',
  'x-requested-with' => 'XMLHttpRequest',
  'user-agent' => 'Mozilla/5.0 (Windows NT 10.0; WOW64) AppleWebKit/537.36 (KHTML, like Gecko) Chrome/63.0.3236.0 Safari/537.36',
  'content-type' => 'application/x-www-form-urlencoded; charset=UTF-8',
  'referer' => 'http://localhost/mycms/index/menu/add/pid/0.html',
  'accept-encoding' => 'gzip, deflate, br',
  'accept-language' => 'zh-CN,zh;q=0.9',
  'cookie' => 'thinkphp_show_page_trace=0|0; thinkphp_show_page_trace=0|0; thinkphp_show_page_trace=0|0; admin_username=admin',
)
[ info ] [ PARAM ] array (
  'name' => '55',
  'pid' => 'menu',
  'app' => '',
  'controller' => '',
  'action' => '',
  'param' => '',
  'icon' => '',
  'list_order' => '0',
  'type' => '1',
  'remark' => '',
  'id' => '',
)
[ info ] [ RUN ] app\index\controller\Menu->add[ E:\webproject\mycms\application\index\controller\Menu.php ]
[ info ] [ DB ] INIT mysql
[ info ] [ VIEW ] E:\webproject\mycms/application/index\view\menu\edit.html [ array (
  0 => 'title',
  1 => 'Menus',
) ]
[ info ] [ LOG ] INIT File
[ sql ] [ DB ] CONNECT:[ UseTime:0.001725s ] mysql:host=127.0.0.1;dbname=mycms;charset=utf8
[ sql ] [ SQL ] SHOW COLUMNS FROM `mc_menu` [ RunTime:0.014398s ]
[ sql ] [ SQL ] SELECT * FROM `mc_menu` [ RunTime:0.000575s ]
[ error ] [8]未定义变量: user_menu[E:\webproject\mycms\runtime\temp\7b37314c686c4a485372fa1ed554abdf.php:151]
[ error ] [8]未定义变量: user_index[E:\webproject\mycms\runtime\temp\7b37314c686c4a485372fa1ed554abdf.php:152]
[ error ] [8]未定义变量: user_role[E:\webproject\mycms\runtime\temp\7b37314c686c4a485372fa1ed554abdf.php:153]
[ error ] [8]未定义变量: user_permission[E:\webproject\mycms\runtime\temp\7b37314c686c4a485372fa1ed554abdf.php:154]
[ error ] [8]未定义变量: user_index[E:\webproject\mycms\runtime\temp\7b37314c686c4a485372fa1ed554abdf.php:165]
[ error ] [8]未定义变量: info[E:\webproject\mycms\runtime\temp\7b37314c686c4a485372fa1ed554abdf.php:204]
[ error ] [8]未定义变量: info[E:\webproject\mycms\runtime\temp\7b37314c686c4a485372fa1ed554abdf.php:204]
[ error ] [8]未定义变量: info[E:\webproject\mycms\runtime\temp\7b37314c686c4a485372fa1ed554abdf.php:204]
[ error ] [8]未定义变量: info[E:\webproject\mycms\runtime\temp\7b37314c686c4a485372fa1ed554abdf.php:204]
[ error ] [8]未定义变量: info[E:\webproject\mycms\runtime\temp\7b37314c686c4a485372fa1ed554abdf.php:204]
[ error ] [8]未定义变量: info[E:\webproject\mycms\runtime\temp\7b37314c686c4a485372fa1ed554abdf.php:204]
[ error ] [8]未定义变量: info[E:\webproject\mycms\runtime\temp\7b37314c686c4a485372fa1ed554abdf.php:204]
---------------------------------------------------------------
[ 2017-10-27T23:57:27+08:00 ] ::1 ::1 POST /mycms/index/menu/add/pid/menu/addPostd
[ info ] localhost/mycms/index/menu/add/pid/menu/addPostd [运行时间：0.066003s][吞吐率：15.15req/s] [内存消耗：2,203.33kb] [文件加载：49]
[ info ] [ LANG ] E:\webproject\mycms\thinkphp\lang\zh-cn.php
[ info ] [ ROUTE ] array (
  'type' => 'module',
  'module' => 
  array (
    0 => 'index',
    1 => 'menu',
    2 => 'add',
  ),
)
[ info ] [ HEADER ] array (
  'host' => 'localhost',
  'connection' => 'keep-alive',
  'content-length' => '83',
  'accept' => '*/*',
  'origin' => 'http://localhost',
  'x-requested-with' => 'XMLHttpRequest',
  'user-agent' => 'Mozilla/5.0 (Windows NT 10.0; WOW64) AppleWebKit/537.36 (KHTML, like Gecko) Chrome/63.0.3236.0 Safari/537.36',
  'content-type' => 'application/x-www-form-urlencoded; charset=UTF-8',
  'referer' => 'http://localhost/mycms/index/menu/add/pid/0.html',
  'accept-encoding' => 'gzip, deflate, br',
  'accept-language' => 'zh-CN,zh;q=0.9',
  'cookie' => 'thinkphp_show_page_trace=0|0; thinkphp_show_page_trace=0|0; thinkphp_show_page_trace=0|0; admin_username=admin',
)
[ info ] [ PARAM ] array (
  'name' => '55',
  'pid' => 'menu',
  'app' => '',
  'controller' => '',
  'action' => '',
  'param' => '',
  'icon' => '',
  'list_order' => '0',
  'type' => '1',
  'remark' => '',
  'id' => '',
)
[ info ] [ RUN ] app\index\controller\Menu->add[ E:\webproject\mycms\application\index\controller\Menu.php ]
[ info ] [ DB ] INIT mysql
[ info ] [ VIEW ] E:\webproject\mycms/application/index\view\menu\edit.html [ array (
  0 => 'title',
  1 => 'Menus',
) ]
[ info ] [ LOG ] INIT File
[ sql ] [ DB ] CONNECT:[ UseTime:0.001665s ] mysql:host=127.0.0.1;dbname=mycms;charset=utf8
[ sql ] [ SQL ] SHOW COLUMNS FROM `mc_menu` [ RunTime:0.013685s ]
[ sql ] [ SQL ] SELECT * FROM `mc_menu` [ RunTime:0.000534s ]
[ error ] [8]未定义变量: user_menu[E:\webproject\mycms\runtime\temp\7b37314c686c4a485372fa1ed554abdf.php:151]
[ error ] [8]未定义变量: user_index[E:\webproject\mycms\runtime\temp\7b37314c686c4a485372fa1ed554abdf.php:152]
[ error ] [8]未定义变量: user_role[E:\webproject\mycms\runtime\temp\7b37314c686c4a485372fa1ed554abdf.php:153]
[ error ] [8]未定义变量: user_permission[E:\webproject\mycms\runtime\temp\7b37314c686c4a485372fa1ed554abdf.php:154]
[ error ] [8]未定义变量: user_index[E:\webproject\mycms\runtime\temp\7b37314c686c4a485372fa1ed554abdf.php:165]
[ error ] [8]未定义变量: info[E:\webproject\mycms\runtime\temp\7b37314c686c4a485372fa1ed554abdf.php:204]
[ error ] [8]未定义变量: info[E:\webproject\mycms\runtime\temp\7b37314c686c4a485372fa1ed554abdf.php:204]
[ error ] [8]未定义变量: info[E:\webproject\mycms\runtime\temp\7b37314c686c4a485372fa1ed554abdf.php:204]
[ error ] [8]未定义变量: info[E:\webproject\mycms\runtime\temp\7b37314c686c4a485372fa1ed554abdf.php:204]
[ error ] [8]未定义变量: info[E:\webproject\mycms\runtime\temp\7b37314c686c4a485372fa1ed554abdf.php:204]
[ error ] [8]未定义变量: info[E:\webproject\mycms\runtime\temp\7b37314c686c4a485372fa1ed554abdf.php:204]
[ error ] [8]未定义变量: info[E:\webproject\mycms\runtime\temp\7b37314c686c4a485372fa1ed554abdf.php:204]
---------------------------------------------------------------
[ 2017-10-27T23:57:36+08:00 ] ::1 ::1 POST /mycms/index/menu/add/pid/menu/addPostd
[ info ] localhost/mycms/index/menu/add/pid/menu/addPostd [运行时间：0.118615s][吞吐率：8.43req/s] [内存消耗：2,203.33kb] [文件加载：49]
[ info ] [ LANG ] E:\webproject\mycms\thinkphp\lang\zh-cn.php
[ info ] [ ROUTE ] array (
  'type' => 'module',
  'module' => 
  array (
    0 => 'index',
    1 => 'menu',
    2 => 'add',
  ),
)
[ info ] [ HEADER ] array (
  'host' => 'localhost',
  'connection' => 'keep-alive',
  'content-length' => '83',
  'accept' => '*/*',
  'origin' => 'http://localhost',
  'x-requested-with' => 'XMLHttpRequest',
  'user-agent' => 'Mozilla/5.0 (Windows NT 10.0; WOW64) AppleWebKit/537.36 (KHTML, like Gecko) Chrome/63.0.3236.0 Safari/537.36',
  'content-type' => 'application/x-www-form-urlencoded; charset=UTF-8',
  'referer' => 'http://localhost/mycms/index/menu/add/pid/0.html',
  'accept-encoding' => 'gzip, deflate, br',
  'accept-language' => 'zh-CN,zh;q=0.9',
  'cookie' => 'thinkphp_show_page_trace=0|0; thinkphp_show_page_trace=0|0; thinkphp_show_page_trace=0|0; admin_username=admin',
)
[ info ] [ PARAM ] array (
  'name' => '55',
  'pid' => 'menu',
  'app' => '',
  'controller' => '',
  'action' => '',
  'param' => '',
  'icon' => '',
  'list_order' => '0',
  'type' => '1',
  'remark' => '',
  'id' => '',
)
[ info ] [ RUN ] app\index\controller\Menu->add[ E:\webproject\mycms\application\index\controller\Menu.php ]
[ info ] [ DB ] INIT mysql
[ info ] [ VIEW ] E:\webproject\mycms/application/index\view\menu\edit.html [ array (
  0 => 'title',
  1 => 'Menus',
) ]
[ info ] [ LOG ] INIT File
[ sql ] [ DB ] CONNECT:[ UseTime:0.001772s ] mysql:host=127.0.0.1;dbname=mycms;charset=utf8
[ sql ] [ SQL ] SHOW COLUMNS FROM `mc_menu` [ RunTime:0.064117s ]
[ sql ] [ SQL ] SELECT * FROM `mc_menu` [ RunTime:0.000563s ]
[ error ] [8]未定义变量: user_menu[E:\webproject\mycms\runtime\temp\7b37314c686c4a485372fa1ed554abdf.php:151]
[ error ] [8]未定义变量: user_index[E:\webproject\mycms\runtime\temp\7b37314c686c4a485372fa1ed554abdf.php:152]
[ error ] [8]未定义变量: user_role[E:\webproject\mycms\runtime\temp\7b37314c686c4a485372fa1ed554abdf.php:153]
[ error ] [8]未定义变量: user_permission[E:\webproject\mycms\runtime\temp\7b37314c686c4a485372fa1ed554abdf.php:154]
[ error ] [8]未定义变量: user_index[E:\webproject\mycms\runtime\temp\7b37314c686c4a485372fa1ed554abdf.php:165]
[ error ] [8]未定义变量: info[E:\webproject\mycms\runtime\temp\7b37314c686c4a485372fa1ed554abdf.php:204]
[ error ] [8]未定义变量: info[E:\webproject\mycms\runtime\temp\7b37314c686c4a485372fa1ed554abdf.php:204]
[ error ] [8]未定义变量: info[E:\webproject\mycms\runtime\temp\7b37314c686c4a485372fa1ed554abdf.php:204]
[ error ] [8]未定义变量: info[E:\webproject\mycms\runtime\temp\7b37314c686c4a485372fa1ed554abdf.php:204]
[ error ] [8]未定义变量: info[E:\webproject\mycms\runtime\temp\7b37314c686c4a485372fa1ed554abdf.php:204]
[ error ] [8]未定义变量: info[E:\webproject\mycms\runtime\temp\7b37314c686c4a485372fa1ed554abdf.php:204]
[ error ] [8]未定义变量: info[E:\webproject\mycms\runtime\temp\7b37314c686c4a485372fa1ed554abdf.php:204]
---------------------------------------------------------------
[ 2017-10-27T23:57:37+08:00 ] ::1 ::1 POST /mycms/index/menu/add/pid/menu/addPostd
[ info ] localhost/mycms/index/menu/add/pid/menu/addPostd [运行时间：0.058740s][吞吐率：17.02req/s] [内存消耗：2,203.33kb] [文件加载：49]
[ info ] [ LANG ] E:\webproject\mycms\thinkphp\lang\zh-cn.php
[ info ] [ ROUTE ] array (
  'type' => 'module',
  'module' => 
  array (
    0 => 'index',
    1 => 'menu',
    2 => 'add',
  ),
)
[ info ] [ HEADER ] array (
  'host' => 'localhost',
  'connection' => 'keep-alive',
  'content-length' => '83',
  'accept' => '*/*',
  'origin' => 'http://localhost',
  'x-requested-with' => 'XMLHttpRequest',
  'user-agent' => 'Mozilla/5.0 (Windows NT 10.0; WOW64) AppleWebKit/537.36 (KHTML, like Gecko) Chrome/63.0.3236.0 Safari/537.36',
  'content-type' => 'application/x-www-form-urlencoded; charset=UTF-8',
  'referer' => 'http://localhost/mycms/index/menu/add/pid/0.html',
  'accept-encoding' => 'gzip, deflate, br',
  'accept-language' => 'zh-CN,zh;q=0.9',
  'cookie' => 'thinkphp_show_page_trace=0|0; thinkphp_show_page_trace=0|0; thinkphp_show_page_trace=0|0; admin_username=admin',
)
[ info ] [ PARAM ] array (
  'name' => '55',
  'pid' => 'menu',
  'app' => '',
  'controller' => '',
  'action' => '',
  'param' => '',
  'icon' => '',
  'list_order' => '0',
  'type' => '1',
  'remark' => '',
  'id' => '',
)
[ info ] [ RUN ] app\index\controller\Menu->add[ E:\webproject\mycms\application\index\controller\Menu.php ]
[ info ] [ DB ] INIT mysql
[ info ] [ VIEW ] E:\webproject\mycms/application/index\view\menu\edit.html [ array (
  0 => 'title',
  1 => 'Menus',
) ]
[ info ] [ LOG ] INIT File
[ sql ] [ DB ] CONNECT:[ UseTime:0.001686s ] mysql:host=127.0.0.1;dbname=mycms;charset=utf8
[ sql ] [ SQL ] SHOW COLUMNS FROM `mc_menu` [ RunTime:0.013771s ]
[ sql ] [ SQL ] SELECT * FROM `mc_menu` [ RunTime:0.000547s ]
[ error ] [8]未定义变量: user_menu[E:\webproject\mycms\runtime\temp\7b37314c686c4a485372fa1ed554abdf.php:151]
[ error ] [8]未定义变量: user_index[E:\webproject\mycms\runtime\temp\7b37314c686c4a485372fa1ed554abdf.php:152]
[ error ] [8]未定义变量: user_role[E:\webproject\mycms\runtime\temp\7b37314c686c4a485372fa1ed554abdf.php:153]
[ error ] [8]未定义变量: user_permission[E:\webproject\mycms\runtime\temp\7b37314c686c4a485372fa1ed554abdf.php:154]
[ error ] [8]未定义变量: user_index[E:\webproject\mycms\runtime\temp\7b37314c686c4a485372fa1ed554abdf.php:165]
[ error ] [8]未定义变量: info[E:\webproject\mycms\runtime\temp\7b37314c686c4a485372fa1ed554abdf.php:204]
[ error ] [8]未定义变量: info[E:\webproject\mycms\runtime\temp\7b37314c686c4a485372fa1ed554abdf.php:204]
[ error ] [8]未定义变量: info[E:\webproject\mycms\runtime\temp\7b37314c686c4a485372fa1ed554abdf.php:204]
[ error ] [8]未定义变量: info[E:\webproject\mycms\runtime\temp\7b37314c686c4a485372fa1ed554abdf.php:204]
[ error ] [8]未定义变量: info[E:\webproject\mycms\runtime\temp\7b37314c686c4a485372fa1ed554abdf.php:204]
[ error ] [8]未定义变量: info[E:\webproject\mycms\runtime\temp\7b37314c686c4a485372fa1ed554abdf.php:204]
[ error ] [8]未定义变量: info[E:\webproject\mycms\runtime\temp\7b37314c686c4a485372fa1ed554abdf.php:204]
---------------------------------------------------------------
[ 2017-10-27T23:57:37+08:00 ] ::1 ::1 POST /mycms/index/menu/add/pid/menu/addPostd
[ info ] localhost/mycms/index/menu/add/pid/menu/addPostd [运行时间：0.052998s][吞吐率：18.87req/s] [内存消耗：2,203.33kb] [文件加载：49]
[ info ] [ LANG ] E:\webproject\mycms\thinkphp\lang\zh-cn.php
[ info ] [ ROUTE ] array (
  'type' => 'module',
  'module' => 
  array (
    0 => 'index',
    1 => 'menu',
    2 => 'add',
  ),
)
[ info ] [ HEADER ] array (
  'host' => 'localhost',
  'connection' => 'keep-alive',
  'content-length' => '83',
  'accept' => '*/*',
  'origin' => 'http://localhost',
  'x-requested-with' => 'XMLHttpRequest',
  'user-agent' => 'Mozilla/5.0 (Windows NT 10.0; WOW64) AppleWebKit/537.36 (KHTML, like Gecko) Chrome/63.0.3236.0 Safari/537.36',
  'content-type' => 'application/x-www-form-urlencoded; charset=UTF-8',
  'referer' => 'http://localhost/mycms/index/menu/add/pid/0.html',
  'accept-encoding' => 'gzip, deflate, br',
  'accept-language' => 'zh-CN,zh;q=0.9',
  'cookie' => 'thinkphp_show_page_trace=0|0; thinkphp_show_page_trace=0|0; thinkphp_show_page_trace=0|0; admin_username=admin',
)
[ info ] [ PARAM ] array (
  'name' => '55',
  'pid' => 'menu',
  'app' => '',
  'controller' => '',
  'action' => '',
  'param' => '',
  'icon' => '',
  'list_order' => '0',
  'type' => '1',
  'remark' => '',
  'id' => '',
)
[ info ] [ RUN ] app\index\controller\Menu->add[ E:\webproject\mycms\application\index\controller\Menu.php ]
[ info ] [ DB ] INIT mysql
[ info ] [ VIEW ] E:\webproject\mycms/application/index\view\menu\edit.html [ array (
  0 => 'title',
  1 => 'Menus',
) ]
[ info ] [ LOG ] INIT File
[ sql ] [ DB ] CONNECT:[ UseTime:0.001618s ] mysql:host=127.0.0.1;dbname=mycms;charset=utf8
[ sql ] [ SQL ] SHOW COLUMNS FROM `mc_menu` [ RunTime:0.010133s ]
[ sql ] [ SQL ] SELECT * FROM `mc_menu` [ RunTime:0.000494s ]
[ error ] [8]未定义变量: user_menu[E:\webproject\mycms\runtime\temp\7b37314c686c4a485372fa1ed554abdf.php:151]
[ error ] [8]未定义变量: user_index[E:\webproject\mycms\runtime\temp\7b37314c686c4a485372fa1ed554abdf.php:152]
[ error ] [8]未定义变量: user_role[E:\webproject\mycms\runtime\temp\7b37314c686c4a485372fa1ed554abdf.php:153]
[ error ] [8]未定义变量: user_permission[E:\webproject\mycms\runtime\temp\7b37314c686c4a485372fa1ed554abdf.php:154]
[ error ] [8]未定义变量: user_index[E:\webproject\mycms\runtime\temp\7b37314c686c4a485372fa1ed554abdf.php:165]
[ error ] [8]未定义变量: info[E:\webproject\mycms\runtime\temp\7b37314c686c4a485372fa1ed554abdf.php:204]
[ error ] [8]未定义变量: info[E:\webproject\mycms\runtime\temp\7b37314c686c4a485372fa1ed554abdf.php:204]
[ error ] [8]未定义变量: info[E:\webproject\mycms\runtime\temp\7b37314c686c4a485372fa1ed554abdf.php:204]
[ error ] [8]未定义变量: info[E:\webproject\mycms\runtime\temp\7b37314c686c4a485372fa1ed554abdf.php:204]
[ error ] [8]未定义变量: info[E:\webproject\mycms\runtime\temp\7b37314c686c4a485372fa1ed554abdf.php:204]
[ error ] [8]未定义变量: info[E:\webproject\mycms\runtime\temp\7b37314c686c4a485372fa1ed554abdf.php:204]
[ error ] [8]未定义变量: info[E:\webproject\mycms\runtime\temp\7b37314c686c4a485372fa1ed554abdf.php:204]
---------------------------------------------------------------
[ 2017-10-27T23:57:38+08:00 ] ::1 ::1 POST /mycms/index/menu/add/pid/menu/addPostd
[ info ] localhost/mycms/index/menu/add/pid/menu/addPostd [运行时间：0.054442s][吞吐率：18.37req/s] [内存消耗：2,203.33kb] [文件加载：49]
[ info ] [ LANG ] E:\webproject\mycms\thinkphp\lang\zh-cn.php
[ info ] [ ROUTE ] array (
  'type' => 'module',
  'module' => 
  array (
    0 => 'index',
    1 => 'menu',
    2 => 'add',
  ),
)
[ info ] [ HEADER ] array (
  'host' => 'localhost',
  'connection' => 'keep-alive',
  'content-length' => '83',
  'accept' => '*/*',
  'origin' => 'http://localhost',
  'x-requested-with' => 'XMLHttpRequest',
  'user-agent' => 'Mozilla/5.0 (Windows NT 10.0; WOW64) AppleWebKit/537.36 (KHTML, like Gecko) Chrome/63.0.3236.0 Safari/537.36',
  'content-type' => 'application/x-www-form-urlencoded; charset=UTF-8',
  'referer' => 'http://localhost/mycms/index/menu/add/pid/0.html',
  'accept-encoding' => 'gzip, deflate, br',
  'accept-language' => 'zh-CN,zh;q=0.9',
  'cookie' => 'thinkphp_show_page_trace=0|0; thinkphp_show_page_trace=0|0; thinkphp_show_page_trace=0|0; admin_username=admin',
)
[ info ] [ PARAM ] array (
  'name' => '55',
  'pid' => 'menu',
  'app' => '',
  'controller' => '',
  'action' => '',
  'param' => '',
  'icon' => '',
  'list_order' => '0',
  'type' => '1',
  'remark' => '',
  'id' => '',
)
[ info ] [ RUN ] app\index\controller\Menu->add[ E:\webproject\mycms\application\index\controller\Menu.php ]
[ info ] [ DB ] INIT mysql
[ info ] [ VIEW ] E:\webproject\mycms/application/index\view\menu\edit.html [ array (
  0 => 'title',
  1 => 'Menus',
) ]
[ info ] [ LOG ] INIT File
[ sql ] [ DB ] CONNECT:[ UseTime:0.001679s ] mysql:host=127.0.0.1;dbname=mycms;charset=utf8
[ sql ] [ SQL ] SHOW COLUMNS FROM `mc_menu` [ RunTime:0.010402s ]
[ sql ] [ SQL ] SELECT * FROM `mc_menu` [ RunTime:0.000544s ]
[ error ] [8]未定义变量: user_menu[E:\webproject\mycms\runtime\temp\7b37314c686c4a485372fa1ed554abdf.php:151]
[ error ] [8]未定义变量: user_index[E:\webproject\mycms\runtime\temp\7b37314c686c4a485372fa1ed554abdf.php:152]
[ error ] [8]未定义变量: user_role[E:\webproject\mycms\runtime\temp\7b37314c686c4a485372fa1ed554abdf.php:153]
[ error ] [8]未定义变量: user_permission[E:\webproject\mycms\runtime\temp\7b37314c686c4a485372fa1ed554abdf.php:154]
[ error ] [8]未定义变量: user_index[E:\webproject\mycms\runtime\temp\7b37314c686c4a485372fa1ed554abdf.php:165]
[ error ] [8]未定义变量: info[E:\webproject\mycms\runtime\temp\7b37314c686c4a485372fa1ed554abdf.php:204]
[ error ] [8]未定义变量: info[E:\webproject\mycms\runtime\temp\7b37314c686c4a485372fa1ed554abdf.php:204]
[ error ] [8]未定义变量: info[E:\webproject\mycms\runtime\temp\7b37314c686c4a485372fa1ed554abdf.php:204]
[ error ] [8]未定义变量: info[E:\webproject\mycms\runtime\temp\7b37314c686c4a485372fa1ed554abdf.php:204]
[ error ] [8]未定义变量: info[E:\webproject\mycms\runtime\temp\7b37314c686c4a485372fa1ed554abdf.php:204]
[ error ] [8]未定义变量: info[E:\webproject\mycms\runtime\temp\7b37314c686c4a485372fa1ed554abdf.php:204]
[ error ] [8]未定义变量: info[E:\webproject\mycms\runtime\temp\7b37314c686c4a485372fa1ed554abdf.php:204]
---------------------------------------------------------------
[ 2017-10-27T23:57:50+08:00 ] ::1 ::1 GET /mycms/index/menu/add/pid/0.html
[ info ] localhost/mycms/index/menu/add/pid/0.html [运行时间：0.129427s][吞吐率：7.73req/s] [内存消耗：2,242.74kb] [文件加载：50]
[ info ] [ LANG ] E:\webproject\mycms\thinkphp\lang\zh-cn.php
[ info ] [ ROUTE ] array (
  'type' => 'module',
  'module' => 
  array (
    0 => 'index',
    1 => 'menu',
    2 => 'add',
  ),
)
[ info ] [ HEADER ] array (
  'host' => 'localhost',
  'connection' => 'keep-alive',
  'cache-control' => 'max-age=0',
  'upgrade-insecure-requests' => '1',
  'user-agent' => 'Mozilla/5.0 (Windows NT 10.0; WOW64) AppleWebKit/537.36 (KHTML, like Gecko) Chrome/63.0.3236.0 Safari/537.36',
  'accept' => 'text/html,application/xhtml+xml,application/xml;q=0.9,image/webp,image/apng,*/*;q=0.8',
  'referer' => 'http://localhost/mycms/index/menu/index.html',
  'accept-encoding' => 'gzip, deflate, br',
  'accept-language' => 'zh-CN,zh;q=0.9',
  'cookie' => 'thinkphp_show_page_trace=0|0; thinkphp_show_page_trace=0|0; thinkphp_show_page_trace=0|0; admin_username=admin',
)
[ info ] [ PARAM ] array (
  'pid' => '0',
)
[ info ] [ RUN ] app\index\controller\Menu->add[ E:\webproject\mycms\application\index\controller\Menu.php ]
[ info ] [ DB ] INIT mysql
[ info ] [ VIEW ] E:\webproject\mycms/application/index\view\menu\edit.html [ array (
  0 => 'title',
  1 => 'Menus',
) ]
[ info ] [ LOG ] INIT File
[ sql ] [ DB ] CONNECT:[ UseTime:0.003113s ] mysql:host=127.0.0.1;dbname=mycms;charset=utf8
[ sql ] [ SQL ] SHOW COLUMNS FROM `mc_menu` [ RunTime:0.021348s ]
[ sql ] [ SQL ] SELECT * FROM `mc_menu` [ RunTime:0.000811s ]
[ error ] [8]未定义变量: user_menu[E:\webproject\mycms\runtime\temp\7b37314c686c4a485372fa1ed554abdf.php:151]
[ error ] [8]未定义变量: user_index[E:\webproject\mycms\runtime\temp\7b37314c686c4a485372fa1ed554abdf.php:152]
[ error ] [8]未定义变量: user_role[E:\webproject\mycms\runtime\temp\7b37314c686c4a485372fa1ed554abdf.php:153]
[ error ] [8]未定义变量: user_permission[E:\webproject\mycms\runtime\temp\7b37314c686c4a485372fa1ed554abdf.php:154]
[ error ] [8]未定义变量: user_index[E:\webproject\mycms\runtime\temp\7b37314c686c4a485372fa1ed554abdf.php:165]
[ error ] [8]未定义变量: info[E:\webproject\mycms\runtime\temp\7b37314c686c4a485372fa1ed554abdf.php:204]
[ error ] [8]未定义变量: info[E:\webproject\mycms\runtime\temp\7b37314c686c4a485372fa1ed554abdf.php:204]
[ error ] [8]未定义变量: info[E:\webproject\mycms\runtime\temp\7b37314c686c4a485372fa1ed554abdf.php:204]
[ error ] [8]未定义变量: info[E:\webproject\mycms\runtime\temp\7b37314c686c4a485372fa1ed554abdf.php:204]
[ error ] [8]未定义变量: info[E:\webproject\mycms\runtime\temp\7b37314c686c4a485372fa1ed554abdf.php:204]
[ error ] [8]未定义变量: info[E:\webproject\mycms\runtime\temp\7b37314c686c4a485372fa1ed554abdf.php:204]
[ error ] [8]未定义变量: info[E:\webproject\mycms\runtime\temp\7b37314c686c4a485372fa1ed554abdf.php:204]
---------------------------------------------------------------
[ 2017-10-27T23:57:54+08:00 ] ::1 ::1 POST /mycms/index/menu/add/pid/addPostd
[ info ] localhost/mycms/index/menu/add/pid/addPostd [运行时间：0.055722s][吞吐率：17.95req/s] [内存消耗：2,203.35kb] [文件加载：49]
[ info ] [ LANG ] E:\webproject\mycms\thinkphp\lang\zh-cn.php
[ info ] [ ROUTE ] array (
  'type' => 'module',
  'module' => 
  array (
    0 => 'index',
    1 => 'menu',
    2 => 'add',
  ),
)
[ info ] [ HEADER ] array (
  'host' => 'localhost',
  'connection' => 'keep-alive',
  'content-length' => '83',
  'accept' => '*/*',
  'origin' => 'http://localhost',
  'x-requested-with' => 'XMLHttpRequest',
  'user-agent' => 'Mozilla/5.0 (Windows NT 10.0; WOW64) AppleWebKit/537.36 (KHTML, like Gecko) Chrome/63.0.3236.0 Safari/537.36',
  'content-type' => 'application/x-www-form-urlencoded; charset=UTF-8',
  'referer' => 'http://localhost/mycms/index/menu/add/pid/0.html',
  'accept-encoding' => 'gzip, deflate, br',
  'accept-language' => 'zh-CN,zh;q=0.9',
  'cookie' => 'thinkphp_show_page_trace=0|0; thinkphp_show_page_trace=0|0; thinkphp_show_page_trace=0|0; admin_username=admin',
)
[ info ] [ PARAM ] array (
  'name' => '55',
  'pid' => 'addPostd',
  'app' => '',
  'controller' => '',
  'action' => '',
  'param' => '',
  'icon' => '',
  'list_order' => '0',
  'type' => '1',
  'remark' => '',
  'id' => '',
)
[ info ] [ RUN ] app\index\controller\Menu->add[ E:\webproject\mycms\application\index\controller\Menu.php ]
[ info ] [ DB ] INIT mysql
[ info ] [ VIEW ] E:\webproject\mycms/application/index\view\menu\edit.html [ array (
  0 => 'title',
  1 => 'Menus',
) ]
[ info ] [ LOG ] INIT File
[ sql ] [ DB ] CONNECT:[ UseTime:0.001710s ] mysql:host=127.0.0.1;dbname=mycms;charset=utf8
[ sql ] [ SQL ] SHOW COLUMNS FROM `mc_menu` [ RunTime:0.010359s ]
[ sql ] [ SQL ] SELECT * FROM `mc_menu` [ RunTime:0.000521s ]
[ error ] [8]未定义变量: user_menu[E:\webproject\mycms\runtime\temp\7b37314c686c4a485372fa1ed554abdf.php:151]
[ error ] [8]未定义变量: user_index[E:\webproject\mycms\runtime\temp\7b37314c686c4a485372fa1ed554abdf.php:152]
[ error ] [8]未定义变量: user_role[E:\webproject\mycms\runtime\temp\7b37314c686c4a485372fa1ed554abdf.php:153]
[ error ] [8]未定义变量: user_permission[E:\webproject\mycms\runtime\temp\7b37314c686c4a485372fa1ed554abdf.php:154]
[ error ] [8]未定义变量: user_index[E:\webproject\mycms\runtime\temp\7b37314c686c4a485372fa1ed554abdf.php:165]
[ error ] [8]未定义变量: info[E:\webproject\mycms\runtime\temp\7b37314c686c4a485372fa1ed554abdf.php:204]
[ error ] [8]未定义变量: info[E:\webproject\mycms\runtime\temp\7b37314c686c4a485372fa1ed554abdf.php:204]
[ error ] [8]未定义变量: info[E:\webproject\mycms\runtime\temp\7b37314c686c4a485372fa1ed554abdf.php:204]
[ error ] [8]未定义变量: info[E:\webproject\mycms\runtime\temp\7b37314c686c4a485372fa1ed554abdf.php:204]
[ error ] [8]未定义变量: info[E:\webproject\mycms\runtime\temp\7b37314c686c4a485372fa1ed554abdf.php:204]
[ error ] [8]未定义变量: info[E:\webproject\mycms\runtime\temp\7b37314c686c4a485372fa1ed554abdf.php:204]
[ error ] [8]未定义变量: info[E:\webproject\mycms\runtime\temp\7b37314c686c4a485372fa1ed554abdf.php:204]
---------------------------------------------------------------
[ 2017-10-27T23:58:55+08:00 ] ::1 ::1 GET /mycms/index/user/index.html
[ info ] localhost/mycms/index/user/index.html [运行时间：0.151722s][吞吐率：6.59req/s] [内存消耗：2,394.39kb] [文件加载：51]
[ info ] [ LANG ] E:\webproject\mycms\thinkphp\lang\zh-cn.php
[ info ] [ ROUTE ] array (
  'type' => 'module',
  'module' => 
  array (
    0 => 'index',
    1 => 'user',
    2 => 'index',
  ),
)
[ info ] [ HEADER ] array (
  'host' => 'localhost',
  'connection' => 'keep-alive',
  'upgrade-insecure-requests' => '1',
  'user-agent' => 'Mozilla/5.0 (Windows NT 10.0; WOW64) AppleWebKit/537.36 (KHTML, like Gecko) Chrome/63.0.3236.0 Safari/537.36',
  'accept' => 'text/html,application/xhtml+xml,application/xml;q=0.9,image/webp,image/apng,*/*;q=0.8',
  'referer' => 'http://localhost/mycms/index/menu/add/pid/0.html',
  'accept-encoding' => 'gzip, deflate, br',
  'accept-language' => 'zh-CN,zh;q=0.9',
  'cookie' => 'thinkphp_show_page_trace=0|0; admin_username=admin',
)
[ info ] [ PARAM ] array (
)
[ info ] [ RUN ] app\index\controller\User->index[ E:\webproject\mycms\application\index\controller\User.php ]
[ info ] [ DB ] INIT mysql
[ info ] [ VIEW ] E:\webproject\mycms/application/index\view\user\index.html [ array (
  0 => 'title',
  1 => 'users',
  2 => 'user_index',
) ]
[ info ] [ LOG ] INIT File
[ sql ] [ DB ] CONNECT:[ UseTime:0.001857s ] mysql:host=127.0.0.1;dbname=mycms;charset=utf8
[ sql ] [ SQL ] select id,user_name,user_nickname,last_login_time,user_status,user_logintimes from mc_user [ RunTime:0.055088s ]
[ error ] [8]未定义变量: user_menu[E:\webproject\mycms\runtime\temp\d1fe5ebd7adc87146b0c00c290c1767f.php:151]
[ error ] [8]未定义变量: user_role[E:\webproject\mycms\runtime\temp\d1fe5ebd7adc87146b0c00c290c1767f.php:153]
[ error ] [8]未定义变量: user_permission[E:\webproject\mycms\runtime\temp\d1fe5ebd7adc87146b0c00c290c1767f.php:154]
[ error ] [8]Use of undefined constant admin - assumed 'admin'[E:\webproject\mycms\runtime\temp\d1fe5ebd7adc87146b0c00c290c1767f.php:277]
[ error ] [8]Use of undefined constant admin - assumed 'admin'[E:\webproject\mycms\runtime\temp\d1fe5ebd7adc87146b0c00c290c1767f.php:277]
[ error ] [8]未定义变量: pages[E:\webproject\mycms\runtime\temp\d1fe5ebd7adc87146b0c00c290c1767f.php:307]
[ error ] [8]未定义变量: pages[E:\webproject\mycms\runtime\temp\d1fe5ebd7adc87146b0c00c290c1767f.php:309]
[ error ] [8]未定义变量: pages[E:\webproject\mycms\runtime\temp\d1fe5ebd7adc87146b0c00c290c1767f.php:311]
[ error ] [8]未定义变量: pages[E:\webproject\mycms\runtime\temp\d1fe5ebd7adc87146b0c00c290c1767f.php:312]
[ error ] [8]未定义变量: pages[E:\webproject\mycms\runtime\temp\d1fe5ebd7adc87146b0c00c290c1767f.php:320]
[ error ] [8]未定义变量: pages[E:\webproject\mycms\runtime\temp\d1fe5ebd7adc87146b0c00c290c1767f.php:321]
---------------------------------------------------------------
[ 2017-10-27T23:58:56+08:00 ] ::1 ::1 GET /mycms/index/menu/index.html
[ info ] localhost/mycms/index/menu/index.html [运行时间：0.070602s][吞吐率：14.16req/s] [内存消耗：2,257.18kb] [文件加载：50]
[ info ] [ LANG ] E:\webproject\mycms\thinkphp\lang\zh-cn.php
[ info ] [ ROUTE ] array (
  'type' => 'module',
  'module' => 
  array (
    0 => 'index',
    1 => 'menu',
    2 => 'index',
  ),
)
[ info ] [ HEADER ] array (
  'host' => 'localhost',
  'connection' => 'keep-alive',
  'upgrade-insecure-requests' => '1',
  'user-agent' => 'Mozilla/5.0 (Windows NT 10.0; WOW64) AppleWebKit/537.36 (KHTML, like Gecko) Chrome/63.0.3236.0 Safari/537.36',
  'accept' => 'text/html,application/xhtml+xml,application/xml;q=0.9,image/webp,image/apng,*/*;q=0.8',
  'referer' => 'http://localhost/mycms/index/user/index.html',
  'accept-encoding' => 'gzip, deflate, br',
  'accept-language' => 'zh-CN,zh;q=0.9',
  'cookie' => 'thinkphp_show_page_trace=0|0; thinkphp_show_page_trace=0|0; admin_username=admin',
)
[ info ] [ PARAM ] array (
)
[ info ] [ RUN ] app\index\controller\Menu->index[ E:\webproject\mycms\application\index\controller\Menu.php ]
[ info ] [ DB ] INIT mysql
[ info ] [ VIEW ] E:\webproject\mycms/application/index\view\menu\index.html [ array (
  0 => 'title',
  1 => 'list',
) ]
[ info ] [ LOG ] INIT File
[ sql ] [ DB ] CONNECT:[ UseTime:0.001698s ] mysql:host=127.0.0.1;dbname=mycms;charset=utf8
[ sql ] [ SQL ] SHOW COLUMNS FROM `mc_menu` [ RunTime:0.014985s ]
[ sql ] [ SQL ] SELECT * FROM `mc_menu` ORDER BY sort asc,id asc [ RunTime:0.000691s ]
[ error ] [8]未定义变量: user_menu[E:\webproject\mycms\runtime\temp\30c9330362cc14548689642e2755f66c.php:151]
[ error ] [8]未定义变量: user_index[E:\webproject\mycms\runtime\temp\30c9330362cc14548689642e2755f66c.php:152]
[ error ] [8]未定义变量: user_role[E:\webproject\mycms\runtime\temp\30c9330362cc14548689642e2755f66c.php:153]
[ error ] [8]未定义变量: user_permission[E:\webproject\mycms\runtime\temp\30c9330362cc14548689642e2755f66c.php:154]
[ error ] [8]未定义变量: user_index[E:\webproject\mycms\runtime\temp\30c9330362cc14548689642e2755f66c.php:165]
[ error ] [8]未定义数组索引: is_dev_text[E:\webproject\mycms\runtime\temp\30c9330362cc14548689642e2755f66c.php:243]
[ error ] [8]未定义数组索引: is_dev_text[E:\webproject\mycms\runtime\temp\30c9330362cc14548689642e2755f66c.php:243]
[ error ] [8]未定义数组索引: is_dev_text[E:\webproject\mycms\runtime\temp\30c9330362cc14548689642e2755f66c.php:243]
[ error ] [8]未定义数组索引: is_dev_text[E:\webproject\mycms\runtime\temp\30c9330362cc14548689642e2755f66c.php:243]
[ error ] [8]未定义数组索引: is_dev_text[E:\webproject\mycms\runtime\temp\30c9330362cc14548689642e2755f66c.php:243]
[ error ] [8]未定义数组索引: is_dev_text[E:\webproject\mycms\runtime\temp\30c9330362cc14548689642e2755f66c.php:243]
[ error ] [8]未定义变量: pages[E:\webproject\mycms\runtime\temp\30c9330362cc14548689642e2755f66c.php:269]
[ error ] [8]未定义变量: pages[E:\webproject\mycms\runtime\temp\30c9330362cc14548689642e2755f66c.php:271]
[ error ] [8]未定义变量: pages[E:\webproject\mycms\runtime\temp\30c9330362cc14548689642e2755f66c.php:273]
[ error ] [8]未定义变量: pages[E:\webproject\mycms\runtime\temp\30c9330362cc14548689642e2755f66c.php:274]
[ error ] [8]未定义变量: pages[E:\webproject\mycms\runtime\temp\30c9330362cc14548689642e2755f66c.php:282]
[ error ] [8]未定义变量: pages[E:\webproject\mycms\runtime\temp\30c9330362cc14548689642e2755f66c.php:283]
---------------------------------------------------------------
[ 2017-10-27T23:58:59+08:00 ] ::1 ::1 GET /mycms/index/menu/add/pid/0.html
[ info ] localhost/mycms/index/menu/add/pid/0.html [运行时间：0.155035s][吞吐率：6.45req/s] [内存消耗：2,242.66kb] [文件加载：50]
[ info ] [ LANG ] E:\webproject\mycms\thinkphp\lang\zh-cn.php
[ info ] [ ROUTE ] array (
  'type' => 'module',
  'module' => 
  array (
    0 => 'index',
    1 => 'menu',
    2 => 'add',
  ),
)
[ info ] [ HEADER ] array (
  'host' => 'localhost',
  'connection' => 'keep-alive',
  'upgrade-insecure-requests' => '1',
  'user-agent' => 'Mozilla/5.0 (Windows NT 10.0; WOW64) AppleWebKit/537.36 (KHTML, like Gecko) Chrome/63.0.3236.0 Safari/537.36',
  'accept' => 'text/html,application/xhtml+xml,application/xml;q=0.9,image/webp,image/apng,*/*;q=0.8',
  'referer' => 'http://localhost/mycms/index/menu/index.html',
  'accept-encoding' => 'gzip, deflate, br',
  'accept-language' => 'zh-CN,zh;q=0.9',
  'cookie' => 'thinkphp_show_page_trace=0|0; thinkphp_show_page_trace=0|0; thinkphp_show_page_trace=0|0; admin_username=admin',
)
[ info ] [ PARAM ] array (
  'pid' => '0',
)
[ info ] [ RUN ] app\index\controller\Menu->add[ E:\webproject\mycms\application\index\controller\Menu.php ]
[ info ] [ DB ] INIT mysql
[ info ] [ VIEW ] E:\webproject\mycms/application/index\view\menu\edit.html [ array (
  0 => 'title',
  1 => 'Menus',
) ]
[ info ] [ LOG ] INIT File
[ sql ] [ DB ] CONNECT:[ UseTime:0.001701s ] mysql:host=127.0.0.1;dbname=mycms;charset=utf8
[ sql ] [ SQL ] SHOW COLUMNS FROM `mc_menu` [ RunTime:0.084473s ]
[ sql ] [ SQL ] SELECT * FROM `mc_menu` [ RunTime:0.001317s ]
[ error ] [8]未定义变量: user_menu[E:\webproject\mycms\runtime\temp\7b37314c686c4a485372fa1ed554abdf.php:151]
[ error ] [8]未定义变量: user_index[E:\webproject\mycms\runtime\temp\7b37314c686c4a485372fa1ed554abdf.php:152]
[ error ] [8]未定义变量: user_role[E:\webproject\mycms\runtime\temp\7b37314c686c4a485372fa1ed554abdf.php:153]
[ error ] [8]未定义变量: user_permission[E:\webproject\mycms\runtime\temp\7b37314c686c4a485372fa1ed554abdf.php:154]
[ error ] [8]未定义变量: user_index[E:\webproject\mycms\runtime\temp\7b37314c686c4a485372fa1ed554abdf.php:165]
[ error ] [8]未定义变量: info[E:\webproject\mycms\runtime\temp\7b37314c686c4a485372fa1ed554abdf.php:204]
[ error ] [8]未定义变量: info[E:\webproject\mycms\runtime\temp\7b37314c686c4a485372fa1ed554abdf.php:204]
[ error ] [8]未定义变量: info[E:\webproject\mycms\runtime\temp\7b37314c686c4a485372fa1ed554abdf.php:204]
[ error ] [8]未定义变量: info[E:\webproject\mycms\runtime\temp\7b37314c686c4a485372fa1ed554abdf.php:204]
[ error ] [8]未定义变量: info[E:\webproject\mycms\runtime\temp\7b37314c686c4a485372fa1ed554abdf.php:204]
[ error ] [8]未定义变量: info[E:\webproject\mycms\runtime\temp\7b37314c686c4a485372fa1ed554abdf.php:204]
[ error ] [8]未定义变量: info[E:\webproject\mycms\runtime\temp\7b37314c686c4a485372fa1ed554abdf.php:204]
---------------------------------------------------------------
[ 2017-10-27T23:59:07+08:00 ] ::1 ::1 POST /mycms/index/menu/add/pid/addPostd
[ info ] localhost/mycms/index/menu/add/pid/addPostd [运行时间：0.059426s][吞吐率：16.83req/s] [内存消耗：2,203.35kb] [文件加载：49]
[ info ] [ LANG ] E:\webproject\mycms\thinkphp\lang\zh-cn.php
[ info ] [ ROUTE ] array (
  'type' => 'module',
  'module' => 
  array (
    0 => 'index',
    1 => 'menu',
    2 => 'add',
  ),
)
[ info ] [ HEADER ] array (
  'host' => 'localhost',
  'connection' => 'keep-alive',
  'content-length' => '83',
  'accept' => '*/*',
  'origin' => 'http://localhost',
  'x-requested-with' => 'XMLHttpRequest',
  'user-agent' => 'Mozilla/5.0 (Windows NT 10.0; WOW64) AppleWebKit/537.36 (KHTML, like Gecko) Chrome/63.0.3236.0 Safari/537.36',
  'content-type' => 'application/x-www-form-urlencoded; charset=UTF-8',
  'referer' => 'http://localhost/mycms/index/menu/add/pid/0.html',
  'accept-encoding' => 'gzip, deflate, br',
  'accept-language' => 'zh-CN,zh;q=0.9',
  'cookie' => 'thinkphp_show_page_trace=0|0; thinkphp_show_page_trace=0|0; thinkphp_show_page_trace=0|0; admin_username=admin',
)
[ info ] [ PARAM ] array (
  'name' => 'rr',
  'pid' => 'addPostd',
  'app' => '',
  'controller' => '',
  'action' => '',
  'param' => '',
  'icon' => '',
  'list_order' => '0',
  'type' => '1',
  'remark' => '',
  'id' => '',
)
[ info ] [ RUN ] app\index\controller\Menu->add[ E:\webproject\mycms\application\index\controller\Menu.php ]
[ info ] [ DB ] INIT mysql
[ info ] [ VIEW ] E:\webproject\mycms/application/index\view\menu\edit.html [ array (
  0 => 'title',
  1 => 'Menus',
) ]
[ info ] [ LOG ] INIT File
[ sql ] [ DB ] CONNECT:[ UseTime:0.001750s ] mysql:host=127.0.0.1;dbname=mycms;charset=utf8
[ sql ] [ SQL ] SHOW COLUMNS FROM `mc_menu` [ RunTime:0.014762s ]
[ sql ] [ SQL ] SELECT * FROM `mc_menu` [ RunTime:0.000543s ]
[ error ] [8]未定义变量: user_menu[E:\webproject\mycms\runtime\temp\7b37314c686c4a485372fa1ed554abdf.php:151]
[ error ] [8]未定义变量: user_index[E:\webproject\mycms\runtime\temp\7b37314c686c4a485372fa1ed554abdf.php:152]
[ error ] [8]未定义变量: user_role[E:\webproject\mycms\runtime\temp\7b37314c686c4a485372fa1ed554abdf.php:153]
[ error ] [8]未定义变量: user_permission[E:\webproject\mycms\runtime\temp\7b37314c686c4a485372fa1ed554abdf.php:154]
[ error ] [8]未定义变量: user_index[E:\webproject\mycms\runtime\temp\7b37314c686c4a485372fa1ed554abdf.php:165]
[ error ] [8]未定义变量: info[E:\webproject\mycms\runtime\temp\7b37314c686c4a485372fa1ed554abdf.php:204]
[ error ] [8]未定义变量: info[E:\webproject\mycms\runtime\temp\7b37314c686c4a485372fa1ed554abdf.php:204]
[ error ] [8]未定义变量: info[E:\webproject\mycms\runtime\temp\7b37314c686c4a485372fa1ed554abdf.php:204]
[ error ] [8]未定义变量: info[E:\webproject\mycms\runtime\temp\7b37314c686c4a485372fa1ed554abdf.php:204]
[ error ] [8]未定义变量: info[E:\webproject\mycms\runtime\temp\7b37314c686c4a485372fa1ed554abdf.php:204]
[ error ] [8]未定义变量: info[E:\webproject\mycms\runtime\temp\7b37314c686c4a485372fa1ed554abdf.php:204]
[ error ] [8]未定义变量: info[E:\webproject\mycms\runtime\temp\7b37314c686c4a485372fa1ed554abdf.php:204]
---------------------------------------------------------------
[ 2017-10-27T23:59:20+08:00 ] ::1 ::1 POST /mycms/index/menu/add/pid/addPostd
[ info ] localhost/mycms/index/menu/add/pid/addPostd [运行时间：0.077577s][吞吐率：12.89req/s] [内存消耗：2,203.35kb] [文件加载：49]
[ info ] [ LANG ] E:\webproject\mycms\thinkphp\lang\zh-cn.php
[ info ] [ ROUTE ] array (
  'type' => 'module',
  'module' => 
  array (
    0 => 'index',
    1 => 'menu',
    2 => 'add',
  ),
)
[ info ] [ HEADER ] array (
  'host' => 'localhost',
  'connection' => 'keep-alive',
  'content-length' => '83',
  'accept' => '*/*',
  'origin' => 'http://localhost',
  'x-requested-with' => 'XMLHttpRequest',
  'user-agent' => 'Mozilla/5.0 (Windows NT 10.0; WOW64) AppleWebKit/537.36 (KHTML, like Gecko) Chrome/63.0.3236.0 Safari/537.36',
  'content-type' => 'application/x-www-form-urlencoded; charset=UTF-8',
  'referer' => 'http://localhost/mycms/index/menu/add/pid/0.html',
  'accept-encoding' => 'gzip, deflate, br',
  'accept-language' => 'zh-CN,zh;q=0.9',
  'cookie' => 'thinkphp_show_page_trace=0|0; thinkphp_show_page_trace=0|0; thinkphp_show_page_trace=0|0; admin_username=admin',
)
[ info ] [ PARAM ] array (
  'name' => 'rr',
  'pid' => 'addPostd',
  'app' => '',
  'controller' => '',
  'action' => '',
  'param' => '',
  'icon' => '',
  'list_order' => '0',
  'type' => '1',
  'remark' => '',
  'id' => '',
)
[ info ] [ RUN ] app\index\controller\Menu->add[ E:\webproject\mycms\application\index\controller\Menu.php ]
[ info ] [ DB ] INIT mysql
[ info ] [ VIEW ] E:\webproject\mycms/application/index\view\menu\edit.html [ array (
  0 => 'title',
  1 => 'Menus',
) ]
[ info ] [ LOG ] INIT File
[ sql ] [ DB ] CONNECT:[ UseTime:0.001757s ] mysql:host=127.0.0.1;dbname=mycms;charset=utf8
[ sql ] [ SQL ] SHOW COLUMNS FROM `mc_menu` [ RunTime:0.014141s ]
[ sql ] [ SQL ] SELECT * FROM `mc_menu` [ RunTime:0.000545s ]
[ error ] [8]未定义变量: user_menu[E:\webproject\mycms\runtime\temp\7b37314c686c4a485372fa1ed554abdf.php:151]
[ error ] [8]未定义变量: user_index[E:\webproject\mycms\runtime\temp\7b37314c686c4a485372fa1ed554abdf.php:152]
[ error ] [8]未定义变量: user_role[E:\webproject\mycms\runtime\temp\7b37314c686c4a485372fa1ed554abdf.php:153]
[ error ] [8]未定义变量: user_permission[E:\webproject\mycms\runtime\temp\7b37314c686c4a485372fa1ed554abdf.php:154]
[ error ] [8]未定义变量: user_index[E:\webproject\mycms\runtime\temp\7b37314c686c4a485372fa1ed554abdf.php:165]
[ error ] [8]未定义变量: info[E:\webproject\mycms\runtime\temp\7b37314c686c4a485372fa1ed554abdf.php:204]
[ error ] [8]未定义变量: info[E:\webproject\mycms\runtime\temp\7b37314c686c4a485372fa1ed554abdf.php:204]
[ error ] [8]未定义变量: info[E:\webproject\mycms\runtime\temp\7b37314c686c4a485372fa1ed554abdf.php:204]
[ error ] [8]未定义变量: info[E:\webproject\mycms\runtime\temp\7b37314c686c4a485372fa1ed554abdf.php:204]
[ error ] [8]未定义变量: info[E:\webproject\mycms\runtime\temp\7b37314c686c4a485372fa1ed554abdf.php:204]
[ error ] [8]未定义变量: info[E:\webproject\mycms\runtime\temp\7b37314c686c4a485372fa1ed554abdf.php:204]
[ error ] [8]未定义变量: info[E:\webproject\mycms\runtime\temp\7b37314c686c4a485372fa1ed554abdf.php:204]
---------------------------------------------------------------
[ 2017-10-27T23:59:56+08:00 ] ::1 ::1 GET /mycms/index/menu/add/pid/0.html
[ info ] localhost/mycms/index/menu/add/pid/0.html [运行时间：0.049354s][吞吐率：20.26req/s] [内存消耗：1,516.41kb] [文件加载：44]
[ info ] [ LANG ] E:\webproject\mycms\thinkphp\lang\zh-cn.php
[ info ] [ ROUTE ] array (
  'type' => 'module',
  'module' => 
  array (
    0 => 'index',
    1 => 'menu',
    2 => 'add',
  ),
)
[ info ] [ HEADER ] array (
  'host' => 'localhost',
  'connection' => 'keep-alive',
  'cache-control' => 'max-age=0',
  'upgrade-insecure-requests' => '1',
  'user-agent' => 'Mozilla/5.0 (Windows NT 10.0; WOW64) AppleWebKit/537.36 (KHTML, like Gecko) Chrome/63.0.3236.0 Safari/537.36',
  'accept' => 'text/html,application/xhtml+xml,application/xml;q=0.9,image/webp,image/apng,*/*;q=0.8',
  'referer' => 'http://localhost/mycms/index/menu/index.html',
  'accept-encoding' => 'gzip, deflate, br',
  'accept-language' => 'zh-CN,zh;q=0.9',
  'cookie' => 'thinkphp_show_page_trace=0|0; thinkphp_show_page_trace=0|0; thinkphp_show_page_trace=0|0; admin_username=admin',
)
[ info ] [ PARAM ] array (
  'pid' => '0',
)
[ info ] [ RUN ] app\index\controller\Menu->add[ E:\webproject\mycms\application\index\controller\Menu.php ]
[ info ] [ VIEW ] E:\webproject\mycms/application/index\view\menu\edit.html [ array (
  0 => 'title',
) ]
[ info ] [ LOG ] INIT File
[ error ] [8]未定义变量: user_menu[E:\webproject\mycms\runtime\temp\7b37314c686c4a485372fa1ed554abdf.php:151]
[ error ] [8]未定义变量: user_index[E:\webproject\mycms\runtime\temp\7b37314c686c4a485372fa1ed554abdf.php:152]
[ error ] [8]未定义变量: user_role[E:\webproject\mycms\runtime\temp\7b37314c686c4a485372fa1ed554abdf.php:153]
[ error ] [8]未定义变量: user_permission[E:\webproject\mycms\runtime\temp\7b37314c686c4a485372fa1ed554abdf.php:154]
[ error ] [8]未定义变量: user_index[E:\webproject\mycms\runtime\temp\7b37314c686c4a485372fa1ed554abdf.php:165]
[ error ] [8]未定义变量: Menus[E:\webproject\mycms\runtime\temp\7b37314c686c4a485372fa1ed554abdf.php:203]
[ error ] [8]未定义变量: Menus[E:\webproject\mycms\runtime\temp\7b37314c686c4a485372fa1ed554abdf.php:203]
[ error ] [8]未定义变量: Menus[E:\webproject\mycms\runtime\temp\7b37314c686c4a485372fa1ed554abdf.php:203]
