用户：zjp
时间：2017-07-31 09:04:40
系统名称：一体化运维管理平台监控系统柜面助手应用服务器1机
所在地：亦庄中金
SERVICEID:L767
主机名：gmzsap1
操作系统：Linux
应用：
----------------------------------------------------------------
用户：zjp
时间：2017-07-31 09:04:40
系统名称：一体化运维管理平台监控系统柜面助手应用服务器1机
所在地：亦庄中金
SERVICEID:L767
主机名：gmzsap1
操作系统：Linux
应用：系统名称：一体化运维管理平台监控系统柜面助手应用服务器2机
所在地：亦庄中金
SERVICEID:L768
主机名：gmzsap2
操作系统：Linux
应用：
----------------------------------------------------------------
用户：zjp
时间：2017-07-31 09:04:40
系统名称：一体化运维管理平台监控系统柜面助手应用服务器1机
所在地：亦庄中金
SERVICEID:L767
主机名：gmzsap1
操作系统：Linux
应用：系统名称：一体化运维管理平台监控系统柜面助手应用服务器2机
所在地：亦庄中金
SERVICEID:L768
主机名：gmzsap2
操作系统：Linux
应用：系统名称：一体化运维管理平台监控系统柜面助手应用服务器3机
所在地：亦庄中金
SERVICEID:L769
主机名：gmzsap3
操作系统：Linux
应用：
----------------------------------------------------------------
用户：zjp
时间：2017-07-31 09:04:40
系统名称：一体化运维管理平台监控系统柜面助手应用服务器1机
所在地：亦庄中金
SERVICEID:L767
主机名：gmzsap1
操作系统：Linux
应用：系统名称：一体化运维管理平台监控系统柜面助手应用服务器2机
所在地：亦庄中金
SERVICEID:L768
主机名：gmzsap2
操作系统：Linux
应用：系统名称：一体化运维管理平台监控系统柜面助手应用服务器3机
所在地：亦庄中金
SERVICEID:L769
主机名：gmzsap3
操作系统：Linux
应用：系统名称：一体化运维管理平台监控系统柜面助手应用服务器4机
所在地：亦庄中金
SERVICEID:L770
主机名：gmzsap4
操作系统：Linux
应用：
----------------------------------------------------------------
用户：zjp
时间：2017-07-31 09:04:40
系统名称：一体化运维管理平台监控系统柜面助手应用服务器1机
所在地：亦庄中金
SERVICEID:L767
主机名：gmzsap1
操作系统：Linux
应用：系统名称：一体化运维管理平台监控系统柜面助手应用服务器2机
所在地：亦庄中金
SERVICEID:L768
主机名：gmzsap2
操作系统：Linux
应用：系统名称：一体化运维管理平台监控系统柜面助手应用服务器3机
所在地：亦庄中金
SERVICEID:L769
主机名：gmzsap3
操作系统：Linux
应用：系统名称：一体化运维管理平台监控系统柜面助手应用服务器4机
所在地：亦庄中金
SERVICEID:L770
主机名：gmzsap4
操作系统：Linux
应用：系统名称：非税收入代缴电子凭证库应用服务器1机
所在地：亦庄中金
SERVICEID:L771
主机名：dzpzkap1
操作系统：Linux
应用：
----------------------------------------------------------------
用户：zjp
时间：2017-07-31 09:04:40
系统名称：一体化运维管理平台监控系统柜面助手应用服务器1机
所在地：亦庄中金
SERVICEID:L767
主机名：gmzsap1
操作系统：Linux
应用：系统名称：一体化运维管理平台监控系统柜面助手应用服务器2机
所在地：亦庄中金
SERVICEID:L768
主机名：gmzsap2
操作系统：Linux
应用：系统名称：一体化运维管理平台监控系统柜面助手应用服务器3机
所在地：亦庄中金
SERVICEID:L769
主机名：gmzsap3
操作系统：Linux
应用：系统名称：一体化运维管理平台监控系统柜面助手应用服务器4机
所在地：亦庄中金
SERVICEID:L770
主机名：gmzsap4
操作系统：Linux
应用：系统名称：非税收入代缴电子凭证库应用服务器1机
所在地：亦庄中金
SERVICEID:L771
主机名：dzpzkap1
操作系统：Linux
应用：系统名称：非税收入代缴电子凭证库应用服务器2机
所在地：亦庄中金
SERVICEID:L772
主机名：dzpzkap2
操作系统：Linux
应用：
----------------------------------------------------------------
用户：zjp
时间：2017-07-31 09:04:40
系统名称：一体化运维管理平台监控系统柜面助手应用服务器1机
所在地：亦庄中金
SERVICEID:L767
主机名：gmzsap1
操作系统：Linux
应用：系统名称：一体化运维管理平台监控系统柜面助手应用服务器2机
所在地：亦庄中金
SERVICEID:L768
主机名：gmzsap2
操作系统：Linux
应用：系统名称：一体化运维管理平台监控系统柜面助手应用服务器3机
所在地：亦庄中金
SERVICEID:L769
主机名：gmzsap3
操作系统：Linux
应用：系统名称：一体化运维管理平台监控系统柜面助手应用服务器4机
所在地：亦庄中金
SERVICEID:L770
主机名：gmzsap4
操作系统：Linux
应用：系统名称：非税收入代缴电子凭证库应用服务器1机
所在地：亦庄中金
SERVICEID:L771
主机名：dzpzkap1
操作系统：Linux
应用：系统名称：非税收入代缴电子凭证库应用服务器2机
所在地：亦庄中金
SERVICEID:L772
主机名：dzpzkap2
操作系统：Linux
应用：系统名称：非税收入代缴电子凭证库电子印章服务器1机
所在地：亦庄中金
SERVICEID:L773
主机名：dzpzkyz1
操作系统：Linux
应用：
----------------------------------------------------------------
用户：zjp
时间：2017-07-31 09:04:40
系统名称：一体化运维管理平台监控系统柜面助手应用服务器1机
所在地：亦庄中金
SERVICEID:L767
主机名：gmzsap1
操作系统：Linux
应用：系统名称：一体化运维管理平台监控系统柜面助手应用服务器2机
所在地：亦庄中金
SERVICEID:L768
主机名：gmzsap2
操作系统：Linux
应用：系统名称：一体化运维管理平台监控系统柜面助手应用服务器3机
所在地：亦庄中金
SERVICEID:L769
主机名：gmzsap3
操作系统：Linux
应用：系统名称：一体化运维管理平台监控系统柜面助手应用服务器4机
所在地：亦庄中金
SERVICEID:L770
主机名：gmzsap4
操作系统：Linux
应用：系统名称：非税收入代缴电子凭证库应用服务器1机
所在地：亦庄中金
SERVICEID:L771
主机名：dzpzkap1
操作系统：Linux
应用：系统名称：非税收入代缴电子凭证库应用服务器2机
所在地：亦庄中金
SERVICEID:L772
主机名：dzpzkap2
操作系统：Linux
应用：系统名称：非税收入代缴电子凭证库电子印章服务器1机
所在地：亦庄中金
SERVICEID:L773
主机名：dzpzkyz1
操作系统：Linux
应用：系统名称：非税收入代缴电子凭证库电子印章服务器2机
所在地：亦庄中金
SERVICEID:L774
主机名：dzpzkyz2
操作系统：Linux
应用：
----------------------------------------------------------------
