用户：zjp
时间：2017-07-10 02:44:07
系统名称：预填单系统应用服务器1
所在地：亦庄中金
SERVICEID:L738
主机名：ytdap1
操作系统：Linux
应用：
----------------------------------------------------------------
用户：zjp
时间：2017-07-10 02:44:07
系统名称：预填单系统应用服务器1
所在地：亦庄中金
SERVICEID:L738
主机名：ytdap1
操作系统：Linux
应用：系统名称：预填单系统应用服务器2
所在地：亦庄中金
SERVICEID:L739
主机名：ytdap2
操作系统：Linux
应用：
----------------------------------------------------------------
用户：zjp
时间：2017-07-10 02:44:07
系统名称：预填单系统应用服务器1
所在地：亦庄中金
SERVICEID:L738
主机名：ytdap1
操作系统：Linux
应用：系统名称：预填单系统应用服务器2
所在地：亦庄中金
SERVICEID:L739
主机名：ytdap2
操作系统：Linux
应用：系统名称：预填单系统应用服务器3
所在地：亦庄中金
SERVICEID:L740
主机名：ytdap3
操作系统：Linux
应用：
----------------------------------------------------------------
用户：zjp
时间：2017-07-10 02:44:07
系统名称：预填单系统应用服务器1
所在地：亦庄中金
SERVICEID:L738
主机名：ytdap1
操作系统：Linux
应用：系统名称：预填单系统应用服务器2
所在地：亦庄中金
SERVICEID:L739
主机名：ytdap2
操作系统：Linux
应用：系统名称：预填单系统应用服务器3
所在地：亦庄中金
SERVICEID:L740
主机名：ytdap3
操作系统：Linux
应用：系统名称：终端密钥集中管理-集中自助设备前置系统应用服务器1
所在地：亦庄中金
SERVICEID:L741
主机名：xtopsap1
操作系统：Linux
应用：
----------------------------------------------------------------
用户：zjp
时间：2017-07-10 02:44:07
系统名称：预填单系统应用服务器1
所在地：亦庄中金
SERVICEID:L738
主机名：ytdap1
操作系统：Linux
应用：系统名称：预填单系统应用服务器2
所在地：亦庄中金
SERVICEID:L739
主机名：ytdap2
操作系统：Linux
应用：系统名称：预填单系统应用服务器3
所在地：亦庄中金
SERVICEID:L740
主机名：ytdap3
操作系统：Linux
应用：系统名称：终端密钥集中管理-集中自助设备前置系统应用服务器1
所在地：亦庄中金
SERVICEID:L741
主机名：xtopsap1
操作系统：Linux
应用：系统名称：终端密钥集中管理-集中自助设备前置系统应用服务器2
所在地：亦庄中金
SERVICEID:L742
主机名：xtopsap2
操作系统：Linux
应用：
----------------------------------------------------------------
用户：zjp
时间：2017-07-10 02:44:07
系统名称：预填单系统应用服务器1
所在地：亦庄中金
SERVICEID:L738
主机名：ytdap1
操作系统：Linux
应用：系统名称：预填单系统应用服务器2
所在地：亦庄中金
SERVICEID:L739
主机名：ytdap2
操作系统：Linux
应用：系统名称：预填单系统应用服务器3
所在地：亦庄中金
SERVICEID:L740
主机名：ytdap3
操作系统：Linux
应用：系统名称：终端密钥集中管理-集中自助设备前置系统应用服务器1
所在地：亦庄中金
SERVICEID:L741
主机名：xtopsap1
操作系统：Linux
应用：系统名称：终端密钥集中管理-集中自助设备前置系统应用服务器2
所在地：亦庄中金
SERVICEID:L742
主机名：xtopsap2
操作系统：Linux
应用：系统名称：终端密钥集中管理-集中自助设备前置系统应用服务器3
所在地：亦庄中金
SERVICEID:L743
主机名：xtopsap3
操作系统：Linux
应用：
----------------------------------------------------------------
用户：zjp
时间：2017-07-10 02:44:07
系统名称：预填单系统应用服务器1
所在地：亦庄中金
SERVICEID:L738
主机名：ytdap1
操作系统：Linux
应用：系统名称：预填单系统应用服务器2
所在地：亦庄中金
SERVICEID:L739
主机名：ytdap2
操作系统：Linux
应用：系统名称：预填单系统应用服务器3
所在地：亦庄中金
SERVICEID:L740
主机名：ytdap3
操作系统：Linux
应用：系统名称：终端密钥集中管理-集中自助设备前置系统应用服务器1
所在地：亦庄中金
SERVICEID:L741
主机名：xtopsap1
操作系统：Linux
应用：系统名称：终端密钥集中管理-集中自助设备前置系统应用服务器2
所在地：亦庄中金
SERVICEID:L742
主机名：xtopsap2
操作系统：Linux
应用：系统名称：终端密钥集中管理-集中自助设备前置系统应用服务器3
所在地：亦庄中金
SERVICEID:L743
主机名：xtopsap3
操作系统：Linux
应用：系统名称：终端密钥集中管理-集中自助设备前置系统应用服务器4
所在地：亦庄中金
SERVICEID:L744
主机名：xtopsap4
操作系统：Linux
应用：
----------------------------------------------------------------
