用户：zjp
时间：2017-07-25 08:56:47
系统名称：理财报送系统1机
所在地：亦庄中金
SERVICEID:L761
主机名：lcbs1
操作系统：Linux
应用：
----------------------------------------------------------------
用户：zjp
时间：2017-07-25 08:56:47
系统名称：理财报送系统1机
所在地：亦庄中金
SERVICEID:L761
主机名：lcbs1
操作系统：Linux
应用：系统名称：理财报送系统2机
所在地：亦庄中金
SERVICEID:L762
主机名：lcbs2
操作系统：Linux
应用：
----------------------------------------------------------------
用户：zjp
时间：2017-07-25 08:56:47
系统名称：理财报送系统1机
所在地：亦庄中金
SERVICEID:L761
主机名：lcbs1
操作系统：Linux
应用：系统名称：理财报送系统2机
所在地：亦庄中金
SERVICEID:L762
主机名：lcbs2
操作系统：Linux
应用：系统名称：信贷高时效系统交易子系统应用服务器1机
所在地：亦庄中金
SERVICEID:L763
主机名：xdgsxap1
操作系统：Linux
应用：WAS,Oracle,GTP
----------------------------------------------------------------
用户：zjp
时间：2017-07-25 08:56:47
系统名称：理财报送系统1机
所在地：亦庄中金
SERVICEID:L761
主机名：lcbs1
操作系统：Linux
应用：系统名称：理财报送系统2机
所在地：亦庄中金
SERVICEID:L762
主机名：lcbs2
操作系统：Linux
应用：系统名称：信贷高时效系统交易子系统应用服务器1机
所在地：亦庄中金
SERVICEID:L763
主机名：xdgsxap1
操作系统：Linux
应用：WAS,Oracle,GTP系统名称：信贷高时效系统交易子系统应用服务器2机
所在地：亦庄中金
SERVICEID:L764
主机名：xdgsxap2
操作系统：Linux
应用：WAS,Oracle,GTP
----------------------------------------------------------------
