用户：zjp
时间：2017-07-12 03:26:32
系统名称：人民银行账户管理应用服务器1机
所在地：亦庄中金
SERVICEID:L745
主机名：rhzhglap1
操作系统：Linux
应用：
----------------------------------------------------------------
用户：zjp
时间：2017-07-12 03:26:32
系统名称：人民银行账户管理应用服务器1机
所在地：亦庄中金
SERVICEID:L745
主机名：rhzhglap1
操作系统：Linux
应用：系统名称：人民银行账户管理应用服务器2机
所在地：亦庄中金
SERVICEID:L746
主机名：rhzhglap2
操作系统：Linux
应用：
----------------------------------------------------------------
用户：zjp
时间：2017-07-12 03:26:32
系统名称：人民银行账户管理应用服务器1机
所在地：亦庄中金
SERVICEID:L745
主机名：rhzhglap1
操作系统：Linux
应用：系统名称：人民银行账户管理应用服务器2机
所在地：亦庄中金
SERVICEID:L746
主机名：rhzhglap2
操作系统：Linux
应用：系统名称：人民银行账户管理系统-人民银行账户管理应用服务器1机
所在地：亦庄中金
SERVICEID:L747
主机名：rhzhglwas1
操作系统：Linux
应用：WAS
----------------------------------------------------------------
用户：zjp
时间：2017-07-12 03:26:32
系统名称：人民银行账户管理应用服务器1机
所在地：亦庄中金
SERVICEID:L745
主机名：rhzhglap1
操作系统：Linux
应用：系统名称：人民银行账户管理应用服务器2机
所在地：亦庄中金
SERVICEID:L746
主机名：rhzhglap2
操作系统：Linux
应用：系统名称：人民银行账户管理系统-人民银行账户管理应用服务器1机
所在地：亦庄中金
SERVICEID:L747
主机名：rhzhglwas1
操作系统：Linux
应用：WAS系统名称：人民银行账户管理系统-人民银行账户管理应用服务器1机
所在地：亦庄中金
SERVICEID:L748
主机名：rhzhglwas2
操作系统：Linux
应用：WAS
----------------------------------------------------------------
用户：zjp
时间：2017-07-12 03:26:32
系统名称：人民银行账户管理应用服务器1机
所在地：亦庄中金
SERVICEID:L745
主机名：rhzhglap1
操作系统：Linux
应用：系统名称：人民银行账户管理应用服务器2机
所在地：亦庄中金
SERVICEID:L746
主机名：rhzhglap2
操作系统：Linux
应用：系统名称：人民银行账户管理系统-人民银行账户管理应用服务器1机
所在地：亦庄中金
SERVICEID:L747
主机名：rhzhglwas1
操作系统：Linux
应用：WAS系统名称：人民银行账户管理系统-人民银行账户管理应用服务器1机
所在地：亦庄中金
SERVICEID:L748
主机名：rhzhglwas2
操作系统：Linux
应用：WAS系统名称：人民银行账户管理系统-数据库共享平台11机
所在地：亦庄中金
SERVICEID:L749
主机名：dbgxpt11
操作系统：Linux
应用：Oracle
----------------------------------------------------------------
用户：zjp
时间：2017-07-12 03:26:32
系统名称：人民银行账户管理应用服务器1机
所在地：亦庄中金
SERVICEID:L745
主机名：rhzhglap1
操作系统：Linux
应用：系统名称：人民银行账户管理应用服务器2机
所在地：亦庄中金
SERVICEID:L746
主机名：rhzhglap2
操作系统：Linux
应用：系统名称：人民银行账户管理系统-人民银行账户管理应用服务器1机
所在地：亦庄中金
SERVICEID:L747
主机名：rhzhglwas1
操作系统：Linux
应用：WAS系统名称：人民银行账户管理系统-人民银行账户管理应用服务器1机
所在地：亦庄中金
SERVICEID:L748
主机名：rhzhglwas2
操作系统：Linux
应用：WAS系统名称：人民银行账户管理系统-数据库共享平台11机
所在地：亦庄中金
SERVICEID:L749
主机名：dbgxpt11
操作系统：Linux
应用：Oracle系统名称：人民银行账户管理系统-数据库共享平台12机
所在地：亦庄中金
SERVICEID:L750
主机名：dbgxpt12
操作系统：Linux
应用：Oracle
----------------------------------------------------------------
用户：zjp
时间：2017-07-12 03:26:32
系统名称：人民银行账户管理应用服务器1机
所在地：亦庄中金
SERVICEID:L745
主机名：rhzhglap1
操作系统：Linux
应用：系统名称：人民银行账户管理应用服务器2机
所在地：亦庄中金
SERVICEID:L746
主机名：rhzhglap2
操作系统：Linux
应用：系统名称：人民银行账户管理系统-人民银行账户管理应用服务器1机
所在地：亦庄中金
SERVICEID:L747
主机名：rhzhglwas1
操作系统：Linux
应用：WAS系统名称：人民银行账户管理系统-人民银行账户管理应用服务器1机
所在地：亦庄中金
SERVICEID:L748
主机名：rhzhglwas2
操作系统：Linux
应用：WAS系统名称：人民银行账户管理系统-数据库共享平台11机
所在地：亦庄中金
SERVICEID:L749
主机名：dbgxpt11
操作系统：Linux
应用：Oracle系统名称：人民银行账户管理系统-数据库共享平台12机
所在地：亦庄中金
SERVICEID:L750
主机名：dbgxpt12
操作系统：Linux
应用：Oracle系统名称：千里眼系统-千里眼系统应用服务器1机
所在地：亦庄中金
SERVICEID:L751
主机名：qlyap1
操作系统：Linux
应用：Oracle
----------------------------------------------------------------
用户：zjp
时间：2017-07-12 03:26:32
系统名称：人民银行账户管理应用服务器1机
所在地：亦庄中金
SERVICEID:L745
主机名：rhzhglap1
操作系统：Linux
应用：系统名称：人民银行账户管理应用服务器2机
所在地：亦庄中金
SERVICEID:L746
主机名：rhzhglap2
操作系统：Linux
应用：系统名称：人民银行账户管理系统-人民银行账户管理应用服务器1机
所在地：亦庄中金
SERVICEID:L747
主机名：rhzhglwas1
操作系统：Linux
应用：WAS系统名称：人民银行账户管理系统-人民银行账户管理应用服务器1机
所在地：亦庄中金
SERVICEID:L748
主机名：rhzhglwas2
操作系统：Linux
应用：WAS系统名称：人民银行账户管理系统-数据库共享平台11机
所在地：亦庄中金
SERVICEID:L749
主机名：dbgxpt11
操作系统：Linux
应用：Oracle系统名称：人民银行账户管理系统-数据库共享平台12机
所在地：亦庄中金
SERVICEID:L750
主机名：dbgxpt12
操作系统：Linux
应用：Oracle系统名称：千里眼系统-千里眼系统应用服务器1机
所在地：亦庄中金
SERVICEID:L751
主机名：qlyap1
操作系统：Linux
应用：Oracle系统名称：千里眼系统-千里眼系统应用服务器2机
所在地：亦庄中金
SERVICEID:L752
主机名：qlyap2
操作系统：Linux
应用：Oracle
----------------------------------------------------------------
用户：zjp
时间：2017-07-12 03:26:32
系统名称：人民银行账户管理应用服务器1机
所在地：亦庄中金
SERVICEID:L745
主机名：rhzhglap1
操作系统：Linux
应用：系统名称：人民银行账户管理应用服务器2机
所在地：亦庄中金
SERVICEID:L746
主机名：rhzhglap2
操作系统：Linux
应用：系统名称：人民银行账户管理系统-人民银行账户管理应用服务器1机
所在地：亦庄中金
SERVICEID:L747
主机名：rhzhglwas1
操作系统：Linux
应用：WAS系统名称：人民银行账户管理系统-人民银行账户管理应用服务器1机
所在地：亦庄中金
SERVICEID:L748
主机名：rhzhglwas2
操作系统：Linux
应用：WAS系统名称：人民银行账户管理系统-数据库共享平台11机
所在地：亦庄中金
SERVICEID:L749
主机名：dbgxpt11
操作系统：Linux
应用：Oracle系统名称：人民银行账户管理系统-数据库共享平台12机
所在地：亦庄中金
SERVICEID:L750
主机名：dbgxpt12
操作系统：Linux
应用：Oracle系统名称：千里眼系统-千里眼系统应用服务器1机
所在地：亦庄中金
SERVICEID:L751
主机名：qlyap1
操作系统：Linux
应用：Oracle系统名称：千里眼系统-千里眼系统应用服务器2机
所在地：亦庄中金
SERVICEID:L752
主机名：qlyap2
操作系统：Linux
应用：Oracle系统名称：千里眼系统-千里眼系统匹配应用服务器1机
所在地：亦庄中金
SERVICEID: L753
主机名：qlyppap1
操作系统：Linux
应用：Oracle
----------------------------------------------------------------
用户：zjp
时间：2017-07-12 03:26:32
系统名称：人民银行账户管理应用服务器1机
所在地：亦庄中金
SERVICEID:L745
主机名：rhzhglap1
操作系统：Linux
应用：系统名称：人民银行账户管理应用服务器2机
所在地：亦庄中金
SERVICEID:L746
主机名：rhzhglap2
操作系统：Linux
应用：系统名称：人民银行账户管理系统-人民银行账户管理应用服务器1机
所在地：亦庄中金
SERVICEID:L747
主机名：rhzhglwas1
操作系统：Linux
应用：WAS系统名称：人民银行账户管理系统-人民银行账户管理应用服务器1机
所在地：亦庄中金
SERVICEID:L748
主机名：rhzhglwas2
操作系统：Linux
应用：WAS系统名称：人民银行账户管理系统-数据库共享平台11机
所在地：亦庄中金
SERVICEID:L749
主机名：dbgxpt11
操作系统：Linux
应用：Oracle系统名称：人民银行账户管理系统-数据库共享平台12机
所在地：亦庄中金
SERVICEID:L750
主机名：dbgxpt12
操作系统：Linux
应用：Oracle系统名称：千里眼系统-千里眼系统应用服务器1机
所在地：亦庄中金
SERVICEID:L751
主机名：qlyap1
操作系统：Linux
应用：Oracle系统名称：千里眼系统-千里眼系统应用服务器2机
所在地：亦庄中金
SERVICEID:L752
主机名：qlyap2
操作系统：Linux
应用：Oracle系统名称：千里眼系统-千里眼系统匹配应用服务器1机
所在地：亦庄中金
SERVICEID: L753
主机名：qlyppap1
操作系统：Linux
应用：Oracle系统名称：千里眼系统-千里眼系统匹配应用服务器2机
所在地：亦庄中金
SERVICEID: L754
主机名：qlyppap2
操作系统：Linux
应用：Oracle
----------------------------------------------------------------
用户：zjp
时间：2017-07-12 03:26:32
系统名称：人民银行账户管理应用服务器1机
所在地：亦庄中金
SERVICEID:L745
主机名：rhzhglap1
操作系统：Linux
应用：系统名称：人民银行账户管理应用服务器2机
所在地：亦庄中金
SERVICEID:L746
主机名：rhzhglap2
操作系统：Linux
应用：系统名称：人民银行账户管理系统-人民银行账户管理应用服务器1机
所在地：亦庄中金
SERVICEID:L747
主机名：rhzhglwas1
操作系统：Linux
应用：WAS系统名称：人民银行账户管理系统-人民银行账户管理应用服务器1机
所在地：亦庄中金
SERVICEID:L748
主机名：rhzhglwas2
操作系统：Linux
应用：WAS系统名称：人民银行账户管理系统-数据库共享平台11机
所在地：亦庄中金
SERVICEID:L749
主机名：dbgxpt11
操作系统：Linux
应用：Oracle系统名称：人民银行账户管理系统-数据库共享平台12机
所在地：亦庄中金
SERVICEID:L750
主机名：dbgxpt12
操作系统：Linux
应用：Oracle系统名称：千里眼系统-千里眼系统应用服务器1机
所在地：亦庄中金
SERVICEID:L751
主机名：qlyap1
操作系统：Linux
应用：Oracle系统名称：千里眼系统-千里眼系统应用服务器2机
所在地：亦庄中金
SERVICEID:L752
主机名：qlyap2
操作系统：Linux
应用：Oracle系统名称：千里眼系统-千里眼系统匹配应用服务器1机
所在地：亦庄中金
SERVICEID: L753
主机名：qlyppap1
操作系统：Linux
应用：Oracle系统名称：千里眼系统-千里眼系统匹配应用服务器2机
所在地：亦庄中金
SERVICEID: L754
主机名：qlyppap2
操作系统：Linux
应用：Oracle系统名称：千里眼系统-千里眼系统数据库服务器1机
所在地：亦庄中金
SERVICEID:L755
主机名：qlydb1
操作系统：Linux
应用：Oracle
----------------------------------------------------------------
用户：zjp
时间：2017-07-12 03:26:32
系统名称：人民银行账户管理应用服务器1机
所在地：亦庄中金
SERVICEID:L745
主机名：rhzhglap1
操作系统：Linux
应用：系统名称：人民银行账户管理应用服务器2机
所在地：亦庄中金
SERVICEID:L746
主机名：rhzhglap2
操作系统：Linux
应用：系统名称：人民银行账户管理系统-人民银行账户管理应用服务器1机
所在地：亦庄中金
SERVICEID:L747
主机名：rhzhglwas1
操作系统：Linux
应用：WAS系统名称：人民银行账户管理系统-人民银行账户管理应用服务器1机
所在地：亦庄中金
SERVICEID:L748
主机名：rhzhglwas2
操作系统：Linux
应用：WAS系统名称：人民银行账户管理系统-数据库共享平台11机
所在地：亦庄中金
SERVICEID:L749
主机名：dbgxpt11
操作系统：Linux
应用：Oracle系统名称：人民银行账户管理系统-数据库共享平台12机
所在地：亦庄中金
SERVICEID:L750
主机名：dbgxpt12
操作系统：Linux
应用：Oracle系统名称：千里眼系统-千里眼系统应用服务器1机
所在地：亦庄中金
SERVICEID:L751
主机名：qlyap1
操作系统：Linux
应用：Oracle系统名称：千里眼系统-千里眼系统应用服务器2机
所在地：亦庄中金
SERVICEID:L752
主机名：qlyap2
操作系统：Linux
应用：Oracle系统名称：千里眼系统-千里眼系统匹配应用服务器1机
所在地：亦庄中金
SERVICEID: L753
主机名：qlyppap1
操作系统：Linux
应用：Oracle系统名称：千里眼系统-千里眼系统匹配应用服务器2机
所在地：亦庄中金
SERVICEID: L754
主机名：qlyppap2
操作系统：Linux
应用：Oracle系统名称：千里眼系统-千里眼系统数据库服务器1机
所在地：亦庄中金
SERVICEID:L755
主机名：qlydb1
操作系统：Linux
应用：Oracle系统名称：千里眼系统-千里眼系统数据库服务器2机
所在地：亦庄中金
SERVICEID: L756
主机名：qlydb2
操作系统：Linux
应用：Oracle
----------------------------------------------------------------
用户：zjp
时间：2017-07-12 03:26:32
系统名称：人民银行账户管理应用服务器1机
所在地：亦庄中金
SERVICEID:L745
主机名：rhzhglap1
操作系统：Linux
应用：系统名称：人民银行账户管理应用服务器2机
所在地：亦庄中金
SERVICEID:L746
主机名：rhzhglap2
操作系统：Linux
应用：系统名称：人民银行账户管理系统-人民银行账户管理应用服务器1机
所在地：亦庄中金
SERVICEID:L747
主机名：rhzhglwas1
操作系统：Linux
应用：WAS系统名称：人民银行账户管理系统-人民银行账户管理应用服务器1机
所在地：亦庄中金
SERVICEID:L748
主机名：rhzhglwas2
操作系统：Linux
应用：WAS系统名称：人民银行账户管理系统-数据库共享平台11机
所在地：亦庄中金
SERVICEID:L749
主机名：dbgxpt11
操作系统：Linux
应用：Oracle系统名称：人民银行账户管理系统-数据库共享平台12机
所在地：亦庄中金
SERVICEID:L750
主机名：dbgxpt12
操作系统：Linux
应用：Oracle系统名称：千里眼系统-千里眼系统应用服务器1机
所在地：亦庄中金
SERVICEID:L751
主机名：qlyap1
操作系统：Linux
应用：Oracle系统名称：千里眼系统-千里眼系统应用服务器2机
所在地：亦庄中金
SERVICEID:L752
主机名：qlyap2
操作系统：Linux
应用：Oracle系统名称：千里眼系统-千里眼系统匹配应用服务器1机
所在地：亦庄中金
SERVICEID: L753
主机名：qlyppap1
操作系统：Linux
应用：Oracle系统名称：千里眼系统-千里眼系统匹配应用服务器2机
所在地：亦庄中金
SERVICEID: L754
主机名：qlyppap2
操作系统：Linux
应用：Oracle系统名称：千里眼系统-千里眼系统数据库服务器1机
所在地：亦庄中金
SERVICEID:L755
主机名：qlydb1
操作系统：Linux
应用：Oracle系统名称：千里眼系统-千里眼系统数据库服务器2机
所在地：亦庄中金
SERVICEID: L756
主机名：qlydb2
操作系统：Linux
应用：Oracle系统名称：p2p(三期和四期)-p2p应用服务器5机
所在地：亦庄中金
SERVICEID:L757
主机名：p2papp5
操作系统：Linux
应用：Oracle
----------------------------------------------------------------
用户：zjp
时间：2017-07-12 03:26:32
系统名称：人民银行账户管理应用服务器1机
所在地：亦庄中金
SERVICEID:L745
主机名：rhzhglap1
操作系统：Linux
应用：系统名称：人民银行账户管理应用服务器2机
所在地：亦庄中金
SERVICEID:L746
主机名：rhzhglap2
操作系统：Linux
应用：系统名称：人民银行账户管理系统-人民银行账户管理应用服务器1机
所在地：亦庄中金
SERVICEID:L747
主机名：rhzhglwas1
操作系统：Linux
应用：WAS系统名称：人民银行账户管理系统-人民银行账户管理应用服务器1机
所在地：亦庄中金
SERVICEID:L748
主机名：rhzhglwas2
操作系统：Linux
应用：WAS系统名称：人民银行账户管理系统-数据库共享平台11机
所在地：亦庄中金
SERVICEID:L749
主机名：dbgxpt11
操作系统：Linux
应用：Oracle系统名称：人民银行账户管理系统-数据库共享平台12机
所在地：亦庄中金
SERVICEID:L750
主机名：dbgxpt12
操作系统：Linux
应用：Oracle系统名称：千里眼系统-千里眼系统应用服务器1机
所在地：亦庄中金
SERVICEID:L751
主机名：qlyap1
操作系统：Linux
应用：Oracle系统名称：千里眼系统-千里眼系统应用服务器2机
所在地：亦庄中金
SERVICEID:L752
主机名：qlyap2
操作系统：Linux
应用：Oracle系统名称：千里眼系统-千里眼系统匹配应用服务器1机
所在地：亦庄中金
SERVICEID: L753
主机名：qlyppap1
操作系统：Linux
应用：Oracle系统名称：千里眼系统-千里眼系统匹配应用服务器2机
所在地：亦庄中金
SERVICEID: L754
主机名：qlyppap2
操作系统：Linux
应用：Oracle系统名称：千里眼系统-千里眼系统数据库服务器1机
所在地：亦庄中金
SERVICEID:L755
主机名：qlydb1
操作系统：Linux
应用：Oracle系统名称：千里眼系统-千里眼系统数据库服务器2机
所在地：亦庄中金
SERVICEID: L756
主机名：qlydb2
操作系统：Linux
应用：Oracle系统名称：p2p(三期和四期)-p2p应用服务器5机
所在地：亦庄中金
SERVICEID:L757
主机名：p2papp5
操作系统：Linux
应用：Oracle系统名称：p2p(三期和四期)-p2p应用服务器6机
所在地：亦庄中金
SERVICEID:L758
主机名：p2papp6 
操作系统：Linux
应用：Oracle
----------------------------------------------------------------
用户：zjp
时间：2017-07-12 03:26:32
系统名称：人民银行账户管理应用服务器1机
所在地：亦庄中金
SERVICEID:L745
主机名：rhzhglap1
操作系统：Linux
应用：系统名称：人民银行账户管理应用服务器2机
所在地：亦庄中金
SERVICEID:L746
主机名：rhzhglap2
操作系统：Linux
应用：系统名称：人民银行账户管理系统-人民银行账户管理应用服务器1机
所在地：亦庄中金
SERVICEID:L747
主机名：rhzhglwas1
操作系统：Linux
应用：WAS系统名称：人民银行账户管理系统-人民银行账户管理应用服务器1机
所在地：亦庄中金
SERVICEID:L748
主机名：rhzhglwas2
操作系统：Linux
应用：WAS系统名称：人民银行账户管理系统-数据库共享平台11机
所在地：亦庄中金
SERVICEID:L749
主机名：dbgxpt11
操作系统：Linux
应用：Oracle系统名称：人民银行账户管理系统-数据库共享平台12机
所在地：亦庄中金
SERVICEID:L750
主机名：dbgxpt12
操作系统：Linux
应用：Oracle系统名称：千里眼系统-千里眼系统应用服务器1机
所在地：亦庄中金
SERVICEID:L751
主机名：qlyap1
操作系统：Linux
应用：Oracle系统名称：千里眼系统-千里眼系统应用服务器2机
所在地：亦庄中金
SERVICEID:L752
主机名：qlyap2
操作系统：Linux
应用：Oracle系统名称：千里眼系统-千里眼系统匹配应用服务器1机
所在地：亦庄中金
SERVICEID: L753
主机名：qlyppap1
操作系统：Linux
应用：Oracle系统名称：千里眼系统-千里眼系统匹配应用服务器2机
所在地：亦庄中金
SERVICEID: L754
主机名：qlyppap2
操作系统：Linux
应用：Oracle系统名称：千里眼系统-千里眼系统数据库服务器1机
所在地：亦庄中金
SERVICEID:L755
主机名：qlydb1
操作系统：Linux
应用：Oracle系统名称：千里眼系统-千里眼系统数据库服务器2机
所在地：亦庄中金
SERVICEID: L756
主机名：qlydb2
操作系统：Linux
应用：Oracle系统名称：p2p(三期和四期)-p2p应用服务器5机
所在地：亦庄中金
SERVICEID:L757
主机名：p2papp5
操作系统：Linux
应用：Oracle系统名称：p2p(三期和四期)-p2p应用服务器6机
所在地：亦庄中金
SERVICEID:L758
主机名：p2papp6 
操作系统：Linux
应用：Oracle系统名称：p2p(三期和四期)-p2p应用服务器7机
所在地：亦庄中金
SERVICEID:L759
主机名：p2papp7
操作系统：Linux
应用：Oracle
----------------------------------------------------------------
用户：zjp
时间：2017-07-12 03:26:32
系统名称：人民银行账户管理应用服务器1机
所在地：亦庄中金
SERVICEID:L745
主机名：rhzhglap1
操作系统：Linux
应用：系统名称：人民银行账户管理应用服务器2机
所在地：亦庄中金
SERVICEID:L746
主机名：rhzhglap2
操作系统：Linux
应用：系统名称：人民银行账户管理系统-人民银行账户管理应用服务器1机
所在地：亦庄中金
SERVICEID:L747
主机名：rhzhglwas1
操作系统：Linux
应用：WAS系统名称：人民银行账户管理系统-人民银行账户管理应用服务器1机
所在地：亦庄中金
SERVICEID:L748
主机名：rhzhglwas2
操作系统：Linux
应用：WAS系统名称：人民银行账户管理系统-数据库共享平台11机
所在地：亦庄中金
SERVICEID:L749
主机名：dbgxpt11
操作系统：Linux
应用：Oracle系统名称：人民银行账户管理系统-数据库共享平台12机
所在地：亦庄中金
SERVICEID:L750
主机名：dbgxpt12
操作系统：Linux
应用：Oracle系统名称：千里眼系统-千里眼系统应用服务器1机
所在地：亦庄中金
SERVICEID:L751
主机名：qlyap1
操作系统：Linux
应用：Oracle系统名称：千里眼系统-千里眼系统应用服务器2机
所在地：亦庄中金
SERVICEID:L752
主机名：qlyap2
操作系统：Linux
应用：Oracle系统名称：千里眼系统-千里眼系统匹配应用服务器1机
所在地：亦庄中金
SERVICEID: L753
主机名：qlyppap1
操作系统：Linux
应用：Oracle系统名称：千里眼系统-千里眼系统匹配应用服务器2机
所在地：亦庄中金
SERVICEID: L754
主机名：qlyppap2
操作系统：Linux
应用：Oracle系统名称：千里眼系统-千里眼系统数据库服务器1机
所在地：亦庄中金
SERVICEID:L755
主机名：qlydb1
操作系统：Linux
应用：Oracle系统名称：千里眼系统-千里眼系统数据库服务器2机
所在地：亦庄中金
SERVICEID: L756
主机名：qlydb2
操作系统：Linux
应用：Oracle系统名称：p2p(三期和四期)-p2p应用服务器5机
所在地：亦庄中金
SERVICEID:L757
主机名：p2papp5
操作系统：Linux
应用：Oracle系统名称：p2p(三期和四期)-p2p应用服务器6机
所在地：亦庄中金
SERVICEID:L758
主机名：p2papp6 
操作系统：Linux
应用：Oracle系统名称：p2p(三期和四期)-p2p应用服务器7机
所在地：亦庄中金
SERVICEID:L759
主机名：p2papp7
操作系统：Linux
应用：Oracle系统名称：p2p(三期和四期)-p2p应用服务器8机
所在地：亦庄中金
SERVICEID:L760
主机名：p2papp8
操作系统：Linux
应用：Oracle
----------------------------------------------------------------
