用户：zjp
时间：2017-04-26 17:04:17
操作：从index.html把数据更新到data.txt
----------------------------------------------------------------
用户：zjp
时间：2017-04-26 09:05:23
系统名称：移动运维前置1机
所在地：亦庄中金
SERVICEID:L653
主机名：ydywappqz1
操作系统：Linux
应用：
----------------------------------------------------------------
用户：zjp
时间：2017-04-26 09:05:23
系统名称：移动运维前置1机
所在地：亦庄中金
SERVICEID:L653
主机名：ydywappqz1
操作系统：Linux
应用：系统名称：移动运维前置2机
所在地：亦庄中金
SERVICEID:L654
主机名：ydywappqz2
操作系统：Linux
应用：
----------------------------------------------------------------
用户：zjp
时间：2017-04-26 17:05:25
操作：从index.html把数据更新到data.txt
----------------------------------------------------------------
