用户：zjp
时间：2017-04-21 09:44:27
操作：从index.html把数据更新到data.txt
----------------------------------------------------------------
用户：zjp
时间：2017-04-21 10:01:17
操作：从index.html把数据更新到data.txt
----------------------------------------------------------------
用户：zjp
时间：2017-04-21 02:05:30
系统名称：移动办公应用服务器1机
所在地：亦庄中金
SERVICEID:L643
主机名：oaydap1
操作系统：Linux
应用：
----------------------------------------------------------------
用户：zjp
时间：2017-04-21 02:05:30
系统名称：移动办公应用服务器1机
所在地：亦庄中金
SERVICEID:L643
主机名：oaydap1
操作系统：Linux
应用：系统名称：移动办公应用服务器2机
所在地：亦庄中金
SERVICEID:L644
主机名：oaydap2
操作系统：Linux
应用：
----------------------------------------------------------------
用户：zjp
时间：2017-04-21 02:05:30
系统名称：移动办公应用服务器1机
所在地：亦庄中金
SERVICEID:L643
主机名：oaydap1
操作系统：Linux
应用：系统名称：移动办公应用服务器2机
所在地：亦庄中金
SERVICEID:L644
主机名：oaydap2
操作系统：Linux
应用：系统名称：移动办公应用服务器3机
所在地：亦庄中金
SERVICEID:L645
主机名：oaydap3
操作系统：Linux
应用：
----------------------------------------------------------------
用户：zjp
时间：2017-04-21 02:05:30
系统名称：移动办公应用服务器1机
所在地：亦庄中金
SERVICEID:L643
主机名：oaydap1
操作系统：Linux
应用：系统名称：移动办公应用服务器2机
所在地：亦庄中金
SERVICEID:L644
主机名：oaydap2
操作系统：Linux
应用：系统名称：移动办公应用服务器3机
所在地：亦庄中金
SERVICEID:L645
主机名：oaydap3
操作系统：Linux
应用：系统名称：移动办公应用服务器4机
所在地：亦庄中金
SERVICEID:L646
主机名：oaydap4
操作系统：Linux
应用：
----------------------------------------------------------------
用户：zjp
时间：2017-04-21 02:05:30
系统名称：移动办公应用服务器1机
所在地：亦庄中金
SERVICEID:L643
主机名：oaydap1
操作系统：Linux
应用：系统名称：移动办公应用服务器2机
所在地：亦庄中金
SERVICEID:L644
主机名：oaydap2
操作系统：Linux
应用：系统名称：移动办公应用服务器3机
所在地：亦庄中金
SERVICEID:L645
主机名：oaydap3
操作系统：Linux
应用：系统名称：移动办公应用服务器4机
所在地：亦庄中金
SERVICEID:L646
主机名：oaydap4
操作系统：Linux
应用：系统名称：移动办公数据库(mysql)1机
所在地：亦庄中金
SERVICEID:L647
主机名：oaydap1
操作系统：Linux
应用：
----------------------------------------------------------------
用户：zjp
时间：2017-04-21 02:05:30
系统名称：移动办公应用服务器1机
所在地：亦庄中金
SERVICEID:L643
主机名：oaydap1
操作系统：Linux
应用：系统名称：移动办公应用服务器2机
所在地：亦庄中金
SERVICEID:L644
主机名：oaydap2
操作系统：Linux
应用：系统名称：移动办公应用服务器3机
所在地：亦庄中金
SERVICEID:L645
主机名：oaydap3
操作系统：Linux
应用：系统名称：移动办公应用服务器4机
所在地：亦庄中金
SERVICEID:L646
主机名：oaydap4
操作系统：Linux
应用：系统名称：移动办公数据库(mysql)1机
所在地：亦庄中金
SERVICEID:L647
主机名：oaydap1
操作系统：Linux
应用：系统名称：移动办公数据库(mysql)2机
所在地：亦庄中金
SERVICEID:L648
主机名：oaydap2
操作系统：Linux
应用：
----------------------------------------------------------------
用户：zjp
时间：2017-04-21 02:05:30
系统名称：移动办公应用服务器1机
所在地：亦庄中金
SERVICEID:L643
主机名：oaydap1
操作系统：Linux
应用：系统名称：移动办公应用服务器2机
所在地：亦庄中金
SERVICEID:L644
主机名：oaydap2
操作系统：Linux
应用：系统名称：移动办公应用服务器3机
所在地：亦庄中金
SERVICEID:L645
主机名：oaydap3
操作系统：Linux
应用：系统名称：移动办公应用服务器4机
所在地：亦庄中金
SERVICEID:L646
主机名：oaydap4
操作系统：Linux
应用：系统名称：移动办公数据库(mysql)1机
所在地：亦庄中金
SERVICEID:L647
主机名：oaydap1
操作系统：Linux
应用：系统名称：移动办公数据库(mysql)2机
所在地：亦庄中金
SERVICEID:L648
主机名：oaydap2
操作系统：Linux
应用：系统名称：移动办公消息服务器DMZ区1机
所在地：亦庄中金
SERVICEID:L649
主机名：oaydmsg1
操作系统：Linux
应用：
----------------------------------------------------------------
用户：zjp
时间：2017-04-21 02:05:30
系统名称：移动办公应用服务器1机
所在地：亦庄中金
SERVICEID:L643
主机名：oaydap1
操作系统：Linux
应用：系统名称：移动办公应用服务器2机
所在地：亦庄中金
SERVICEID:L644
主机名：oaydap2
操作系统：Linux
应用：系统名称：移动办公应用服务器3机
所在地：亦庄中金
SERVICEID:L645
主机名：oaydap3
操作系统：Linux
应用：系统名称：移动办公应用服务器4机
所在地：亦庄中金
SERVICEID:L646
主机名：oaydap4
操作系统：Linux
应用：系统名称：移动办公数据库(mysql)1机
所在地：亦庄中金
SERVICEID:L647
主机名：oaydap1
操作系统：Linux
应用：系统名称：移动办公数据库(mysql)2机
所在地：亦庄中金
SERVICEID:L648
主机名：oaydap2
操作系统：Linux
应用：系统名称：移动办公消息服务器DMZ区1机
所在地：亦庄中金
SERVICEID:L649
主机名：oaydmsg1
操作系统：Linux
应用：系统名称：移动办公消息服务器DMZ区2机
所在地：亦庄中金
SERVICEID:L650
主机名：oaydmsg2
操作系统：Linux
应用：
----------------------------------------------------------------
用户：zjp
时间：2017-04-21 10:05:32
操作：从index.html把数据更新到data.txt
----------------------------------------------------------------
用户：zjp
时间：2017-04-21 10:27:55
操作：从index.html把数据更新到data.txt
----------------------------------------------------------------
用户：zjp
时间：2017-04-21 10:29:06
操作：从index.html把数据更新到data.txt
----------------------------------------------------------------
用户：zjp
时间：2017-04-21 02:31:09
系统名称：反洗钱系统-反洗钱系统app1机（应用服务器）
所在地：亦庄中金
SERVICEID:L635
主机名：xfxqap1
操作系统：Linux
应用：
----------------------------------------------------------------
用户：zjp
时间：2017-04-21 10:31:11
操作：从index.html把数据更新到data.txt
----------------------------------------------------------------
用户：zjp
时间：2017-04-21 02:31:35
系统名称：反洗钱系统-反洗钱系统app2机（应用服务器）
所在地：亦庄中金
SERVICEID:L636
主机名：xfxqap2
操作系统：Linux
应用：
----------------------------------------------------------------
用户：zjp
时间：2017-04-21 10:31:37
操作：从index.html把数据更新到data.txt
----------------------------------------------------------------
用户：zjp
时间：2017-04-21 10:34:28
操作：从index.html把数据更新到data.txt
----------------------------------------------------------------
用户：zjp
时间：2017-04-21 02:35:18
系统名称：反洗钱系统-反洗钱系统app1机（应用服务器）
所在地：亦庄中金
SERVICEID:L635
主机名：  xfxqap1
操作系统：Linux
应用：
----------------------------------------------------------------
用户：zjp
时间：2017-04-21 10:35:19
操作：从index.html把数据更新到data.txt
----------------------------------------------------------------
用户：zjp
时间：2017-04-21 02:45:09
系统名称：黄金同城灾备-黄金报盘机1
所在地：西三旗
SERVICEID:L639
主机名：hjbp1
操作系统：Linux
应用：
----------------------------------------------------------------
用户：zjp
时间：2017-04-21 10:45:11
操作：从index.html把数据更新到data.txt
----------------------------------------------------------------
