用户：zjp
时间：2017-04-10 14:16:24
操作：从index.html把数据更新到data.txt
----------------------------------------------------------------
用户：zjp
时间：2017-04-10 06:22:26
系统名称：移动运维管理app(前置服务器)1机
所在地：亦庄中金
SERVICEID:L629
主机名：ydywappqz1
操作系统：Linux
应用：
----------------------------------------------------------------
用户：zjp
时间：2017-04-10 06:22:26
系统名称：移动运维管理app(前置服务器)1机
所在地：亦庄中金
SERVICEID:L629
主机名：ydywappqz1
操作系统：Linux
应用：系统名称：移动运维管理app(前置服务器)2机
所在地：亦庄中金
SERVICEID:L630
主机名：ydywappqz1
操作系统：Linux
应用：
----------------------------------------------------------------
用户：zjp
时间：2017-04-10 06:22:26
系统名称：移动运维管理app(前置服务器)1机
所在地：亦庄中金
SERVICEID:L629
主机名：ydywappqz1
操作系统：Linux
应用：系统名称：移动运维管理app(前置服务器)2机
所在地：亦庄中金
SERVICEID:L630
主机名：ydywappqz1
操作系统：Linux
应用：系统名称：移动运维管理app（文件服务器)
所在地：亦庄中金
SERVICEID:L631
主机名：ydywappqz1
操作系统：Linux
应用：
----------------------------------------------------------------
用户：zjp
时间：2017-04-10 06:22:26
系统名称：移动运维管理app(前置服务器)1机
所在地：亦庄中金
SERVICEID:L629
主机名：ydywappqz1
操作系统：Linux
应用：系统名称：移动运维管理app(前置服务器)2机
所在地：亦庄中金
SERVICEID:L630
主机名：ydywappqz1
操作系统：Linux
应用：系统名称：移动运维管理app（文件服务器)
所在地：亦庄中金
SERVICEID:L631
主机名：ydywappqz1
操作系统：Linux
应用：系统名称：移动运维管理app（dmc服务器）
所在地：亦庄中金
SERVICEID:L632
主机名：ydywappqz1
操作系统：Linux
应用：
----------------------------------------------------------------
用户：zjp
时间：2017-04-10 06:22:26
系统名称：移动运维管理app(前置服务器)1机
所在地：亦庄中金
SERVICEID:L629
主机名：ydywappqz1
操作系统：Linux
应用：系统名称：移动运维管理app(前置服务器)2机
所在地：亦庄中金
SERVICEID:L630
主机名：ydywappqz1
操作系统：Linux
应用：系统名称：移动运维管理app（文件服务器)
所在地：亦庄中金
SERVICEID:L631
主机名：ydywappqz1
操作系统：Linux
应用：系统名称：移动运维管理app（dmc服务器）
所在地：亦庄中金
SERVICEID:L632
主机名：ydywappqz1
操作系统：Linux
应用：系统名称：移动运维管理app（应用服务器）1机
所在地：亦庄中金
SERVICEID:L633
主机名：ydywappap1
操作系统：Linux
应用：
----------------------------------------------------------------
用户：zjp
时间：2017-04-10 06:22:26
系统名称：移动运维管理app(前置服务器)1机
所在地：亦庄中金
SERVICEID:L629
主机名：ydywappqz1
操作系统：Linux
应用：系统名称：移动运维管理app(前置服务器)2机
所在地：亦庄中金
SERVICEID:L630
主机名：ydywappqz1
操作系统：Linux
应用：系统名称：移动运维管理app（文件服务器)
所在地：亦庄中金
SERVICEID:L631
主机名：ydywappqz1
操作系统：Linux
应用：系统名称：移动运维管理app（dmc服务器）
所在地：亦庄中金
SERVICEID:L632
主机名：ydywappqz1
操作系统：Linux
应用：系统名称：移动运维管理app（应用服务器）1机
所在地：亦庄中金
SERVICEID:L633
主机名：ydywappap1
操作系统：Linux
应用：系统名称：移动运维管理app（应用服务器）2机
所在地：亦庄中金
SERVICEID:L634
主机名：ydywappap2
操作系统：Linux
应用：
----------------------------------------------------------------
用户：zjp
时间：2017-04-10 14:22:29
操作：从index.html把数据更新到data.txt
----------------------------------------------------------------
