用户：zjp
时间：2017-08-21 06:51:09
系统名称：
所在地：
SERVICEID:
主机名：
操作系统：
应用：
----------------------------------------------------------------
用户：zjp
时间：2017-08-21 06:51:09
系统名称：
所在地：
SERVICEID:
主机名：
操作系统：
应用：系统名称：
所在地：
SERVICEID:
主机名：
操作系统：
应用：
----------------------------------------------------------------
用户：zjp
时间：2017-08-21 06:51:09
系统名称：
所在地：
SERVICEID:
主机名：
操作系统：
应用：系统名称：
所在地：
SERVICEID:
主机名：
操作系统：
应用：系统名称：
所在地：
SERVICEID:
主机名：
操作系统：
应用：
----------------------------------------------------------------
用户：zjp
时间：2017-08-21 06:51:09
系统名称：
所在地：
SERVICEID:
主机名：
操作系统：
应用：系统名称：
所在地：
SERVICEID:
主机名：
操作系统：
应用：系统名称：
所在地：
SERVICEID:
主机名：
操作系统：
应用：系统名称：
所在地：
SERVICEID:
主机名：
操作系统：
应用：
----------------------------------------------------------------
用户：zjp
时间：2017-08-21 06:51:09
系统名称：
所在地：
SERVICEID:
主机名：
操作系统：
应用：系统名称：
所在地：
SERVICEID:
主机名：
操作系统：
应用：系统名称：
所在地：
SERVICEID:
主机名：
操作系统：
应用：系统名称：
所在地：
SERVICEID:
主机名：
操作系统：
应用：系统名称：
所在地：
SERVICEID:
主机名：
操作系统：
应用：
----------------------------------------------------------------
用户：zjp
时间：2017-08-21 06:51:09
系统名称：
所在地：
SERVICEID:
主机名：
操作系统：
应用：系统名称：
所在地：
SERVICEID:
主机名：
操作系统：
应用：系统名称：
所在地：
SERVICEID:
主机名：
操作系统：
应用：系统名称：
所在地：
SERVICEID:
主机名：
操作系统：
应用：系统名称：
所在地：
SERVICEID:
主机名：
操作系统：
应用：系统名称：
所在地：
SERVICEID:
主机名：
操作系统：
应用：
----------------------------------------------------------------
用户：zjp
时间：2017-08-21 06:51:09
系统名称：
所在地：
SERVICEID:
主机名：
操作系统：
应用：系统名称：
所在地：
SERVICEID:
主机名：
操作系统：
应用：系统名称：
所在地：
SERVICEID:
主机名：
操作系统：
应用：系统名称：
所在地：
SERVICEID:
主机名：
操作系统：
应用：系统名称：
所在地：
SERVICEID:
主机名：
操作系统：
应用：系统名称：
所在地：
SERVICEID:
主机名：
操作系统：
应用：系统名称：
所在地：
SERVICEID:
主机名：
操作系统：
应用：Oracle
----------------------------------------------------------------
用户：zjp
时间：2017-08-21 06:51:09
系统名称：
所在地：
SERVICEID:
主机名：
操作系统：
应用：系统名称：
所在地：
SERVICEID:
主机名：
操作系统：
应用：系统名称：
所在地：
SERVICEID:
主机名：
操作系统：
应用：系统名称：
所在地：
SERVICEID:
主机名：
操作系统：
应用：系统名称：
所在地：
SERVICEID:
主机名：
操作系统：
应用：系统名称：
所在地：
SERVICEID:
主机名：
操作系统：
应用：系统名称：
所在地：
SERVICEID:
主机名：
操作系统：
应用：Oracle系统名称：
所在地：
SERVICEID:
主机名：
操作系统：
应用：Oracle
----------------------------------------------------------------
