用户：wzw
时间：2017-08-01 08:50:02
系统名称：test
所在地：亦庄中金
SERVICEID:l776
主机名：test
操作系统：AIX
应用：MQ
----------------------------------------------------------------
用户：wzw
时间：2017-08-01 09:00:30
系统名称：12
所在地：亦庄中金
SERVICEID:1575
主机名：12
操作系统：AIX
应用：MQ
----------------------------------------------------------------
用户：wzw
时间：2017-08-01 09:03:32
系统名称：333
所在地：亦庄中金
SERVICEID:1576
主机名：333
操作系统：AIX
应用：MQ
----------------------------------------------------------------
用户：wzw
时间：2017-08-01 09:05:34
系统名称：888
所在地：亦庄中金
SERVICEID:1577
主机名：888
操作系统：AIX
应用：MQ
----------------------------------------------------------------
