用户：zjp
时间：2017-08-02 02:28:28
系统名称：
所在地：
SERVICEID:
主机名：
操作系统：
应用：MQ
----------------------------------------------------------------
用户：zjp
时间：2017-08-02 02:31:42
系统名称：
所在地：
SERVICEID:
主机名：
操作系统：
应用：MQ
----------------------------------------------------------------
用户：zjp
时间：2017-08-02 02:40:04
系统名称：
所在地：
SERVICEID:
主机名：
操作系统：
应用：MQ
----------------------------------------------------------------
用户：zjp
时间：2017-08-02 02:43:00
系统名称：
所在地：
SERVICEID:
主机名：
操作系统：
应用：MQ,WAS
----------------------------------------------------------------
用户：zjp
时间：2017-08-02 02:48:09
系统名称：
所在地：
SERVICEID:
主机名：
操作系统：
应用：WAS,Oracle
----------------------------------------------------------------
用户：zjp
时间：2017-08-02 02:49:11
系统名称：
所在地：
SERVICEID:
主机名：
操作系统：
应用：WAS,TongEASY
----------------------------------------------------------------
用户：zjp
时间：2017-08-02 02:50:13
系统名称：
所在地：
SERVICEID:
主机名：
操作系统：
应用：MQ,WAS
----------------------------------------------------------------
用户：zjp
时间：2017-08-02 03:32:26
系统名称：
所在地：
SERVICEID:
主机名：
操作系统：
应用：MQ
----------------------------------------------------------------
用户：zjp
时间：2017-08-02 03:36:18
系统名称：
所在地：
SERVICEID:
主机名：
操作系统：
应用：TongEASY,Informix
----------------------------------------------------------------
用户：zjp
时间：2017-08-02 03:43:28
系统名称：
所在地：
SERVICEID:
主机名：
操作系统：
应用：WAS
----------------------------------------------------------------
用户：zjp
时间：2017-08-02 03:44:05
系统名称：
所在地：
SERVICEID:
主机名：
操作系统：
应用：WAS
----------------------------------------------------------------
用户：zjp
时间：2017-08-02 03:44:05
系统名称：
所在地：
SERVICEID:
主机名：
操作系统：
应用：WAS系统名称：
所在地：
SERVICEID:
主机名：
操作系统：
应用：GTP
----------------------------------------------------------------
用户：zjp
时间：2017-08-02 03:46:34
系统名称：
所在地：
SERVICEID:
主机名：
操作系统：
应用：TongEASY
----------------------------------------------------------------
用户：zjp
时间：2017-08-02 03:46:34
系统名称：
所在地：
SERVICEID:
主机名：
操作系统：
应用：TongEASY系统名称：
所在地：
SERVICEID:
主机名：
操作系统：
应用：Informix
----------------------------------------------------------------
