用户：zjp
时间：2016-06-22 03:10:09

系统名称：ITIL二期缓存服务器1机
所在地：亦庄中金
SERVICEID:L475
主机名：itsmhc1
操作系统：Linux
应用：
----------------------------------------------------------------
用户：zjp
时间：2016-06-22 03:11:28

系统名称：ITIL二期缓存服务器2机
所在地：亦庄中金
SERVICEID:L476
主机名：itsmhc2
操作系统：Linux
应用：
----------------------------------------------------------------
用户：zjp
时间：2016-06-22 03:12:12

系统名称：村镇诈骗web1机
所在地：亦庄中金
SERVICEID:L477
主机名：czzpjyweb1
操作系统：Linux
应用：WAS,Oracle
----------------------------------------------------------------
用户：zjp
时间：2016-06-22 03:12:36

系统名称：村镇诈骗web2机
所在地：亦庄中金
SERVICEID:L478
主机名：czzpjyweb2
操作系统：Linux
应用：WAS,Oracle
----------------------------------------------------------------
用户：zjp
时间：2016-06-22 03:13:14

系统名称：村镇诈骗app1机
所在地：亦庄中金
SERVICEID:L479
主机名：czzpjyapp1
操作系统：Linux
应用：Oracle
----------------------------------------------------------------
用户：zjp
时间：2016-06-22 03:13:39

系统名称：村镇诈骗app2机
所在地：亦庄中金
SERVICEID:L480
主机名：czzpjyapp2
操作系统：Linux
应用：Oracle
----------------------------------------------------------------
用户：zjp
时间：2016-06-22 03:15:08

系统名称：微信分行通讯子系统1机
所在地：亦庄中金
SERVICEID:L481
主机名：wx-fhtx1
操作系统：Linux
应用：WAS
----------------------------------------------------------------
用户：zjp
时间：2016-06-22 03:15:44

系统名称：微信分行通讯子系统2机
所在地：亦庄中金
SERVICEID:L482
主机名：wx-fhtx2
操作系统：Linux
应用：WAS
----------------------------------------------------------------
