用户：zjp
时间：2016-06-30 08:46:32

系统名称：资产托管
所在地：亦庄中金
SERVICEID:L488
主机名：zctgkfptmg1
操作系统：Linux
应用：WAS,TongEASY,GTP
----------------------------------------------------------------
用户：zjp
时间：2016-06-30 08:46:50

系统名称：资产托管
所在地：亦庄中金
SERVICEID:L488
主机名：zctgkfptmg2
操作系统：Linux
应用：WAS,TongEASY,GTP
----------------------------------------------------------------
用户：zjp
时间：2016-06-30 08:48:04

系统名称：资产托管
所在地：亦庄中金
SERVICEID:L487
主机名：zctgkfptmg1
操作系统：Linux
应用：WAS,TongEASY,GTP
----------------------------------------------------------------
