用户：zjp
时间：2016-06-01 02:08:02

系统名称：电商服务系统APP服务器1机
所在地：亦庄中金
SERVICEID:L456
主机名：dsxtapp1
操作系统：Linux
应用：WAS
----------------------------------------------------------------
用户：zjp
时间：2016-06-01 02:08:39

系统名称：电商服务系统APP服务器2机
所在地：亦庄中金
SERVICEID:L457
主机名：dsxtapp2
操作系统：Linux
应用：WAS
----------------------------------------------------------------
用户：zjp
时间：2016-06-01 02:09:13

系统名称：电商服务系统APP服务器3机
所在地：亦庄中金
SERVICEID:L458
主机名：dsxtapp3
操作系统：Linux
应用：WAS
----------------------------------------------------------------
用户：zjp
时间：2016-06-01 02:09:37

系统名称：电商服务系统APP服务器4机
所在地：亦庄中金
SERVICEID:L459
主机名：dsxtapp4
操作系统：Linux
应用：WAS
----------------------------------------------------------------
用户：zjp
时间：2016-06-01 02:09:57

系统名称：电商服务系统APP服务器5机
所在地：亦庄中金
SERVICEID:L460
主机名：dsxtapp5
操作系统：Linux
应用：WAS
----------------------------------------------------------------
用户：zjp
时间：2016-06-01 02:10:18

系统名称：电商服务系统APP服务器6机
所在地：亦庄中金
SERVICEID:L461
主机名：dsxtapp6
操作系统：Linux
应用：WAS
----------------------------------------------------------------
用户：zjp
时间：2016-06-01 02:11:00

系统名称：电商服务系统APP服务器7机
所在地：亦庄中金
SERVICEID:L462
主机名：dsxtapp7
操作系统：Linux
应用：WAS
----------------------------------------------------------------
用户：zjp
时间：2016-06-01 02:11:25

系统名称：电商服务系统APP服务器8机
所在地：亦庄中金
SERVICEID:L463
主机名：dsxtapp8
操作系统：Linux
应用：WAS
----------------------------------------------------------------
用户：zjp
时间：2016-06-01 02:11:47

系统名称：电商服务系统APP服务器9机
所在地：亦庄中金
SERVICEID:L464
主机名：dsxtapp9
操作系统：Linux
应用：WAS
----------------------------------------------------------------
用户：zjp
时间：2016-06-01 02:12:11

系统名称：电商服务系统APP服务器10机
所在地：亦庄中金
SERVICEID:L465
主机名：dsxtapp10
操作系统：Linux
应用：WAS
----------------------------------------------------------------
用户：zjp
时间：2016-06-01 02:12:57

系统名称：电商服务系统APP服务器11机
所在地：亦庄中金
SERVICEID:L466
主机名：dsxtapp11
操作系统：Linux
应用：WAS
----------------------------------------------------------------
用户：zjp
时间：2016-06-01 02:13:19

系统名称：电商服务系统APP服务器12机
所在地：亦庄中金
SERVICEID:L467
主机名：dsxtapp12
操作系统：Linux
应用：WAS
----------------------------------------------------------------
用户：zjp
时间：2016-06-01 02:14:19

系统名称：电商服务系统内存服务器1机
所在地：亦庄中金
SERVICEID:L468
主机名：dsxtmem1
操作系统：Linux
应用：
----------------------------------------------------------------
用户：zjp
时间：2016-06-01 02:15:00

系统名称：电商服务系统内存服务器2机
所在地：亦庄中金
SERVICEID:L469
主机名：dsxtmem2
操作系统：Linux
应用：
----------------------------------------------------------------
用户：zjp
时间：2016-06-01 02:15:52

系统名称：电商定时任务服务器1机
所在地：亦庄中金
SERVICEID:L470
主机名：dsxtdsrw1
操作系统：Linux
应用：WAS
----------------------------------------------------------------
用户：zjp
时间：2016-06-01 02:16:12

系统名称：电商定时任务服务器2机
所在地：亦庄中金
SERVICEID:L471
主机名：dsxtdsrw2
操作系统：Linux
应用：WAS
----------------------------------------------------------------
用户：zjp
时间：2016-06-01 02:16:41

系统名称：电商日志服务器
所在地：亦庄中金
SERVICEID:L472
主机名：dsxtlog
操作系统：Linux
应用：
----------------------------------------------------------------
用户：zjp
时间：2016-06-01 02:19:29

系统名称：同业业务系统生产应用服务器1机
所在地：亦庄中金
SERVICEID:L473
主机名：tyywapp1
操作系统：Linux
应用：WAS,Oracle
----------------------------------------------------------------
用户：zjp
时间：2016-06-01 02:19:53

系统名称：同业业务系统生产应用服务器2机
所在地：亦庄中金
SERVICEID:L474
主机名：tyywapp2
操作系统：Linux
应用：WAS,Oracle
----------------------------------------------------------------
