用户：zjp
时间：2017-05-26 14:57:42
操作：从index.html把数据更新到data.txt
----------------------------------------------------------------
用户：zjp
时间：2017-05-26 15:00:33
操作：从index.html把数据更新到data.txt
----------------------------------------------------------------
用户：zjp
时间：2017-05-26 07:09:53
系统名称：公安部身份联网核查系统数据库服务器1
所在地：亦庄中金
SERVICEID:L671
主机名：gabsfhcdb1
操作系统：Linux
应用：Oracle
----------------------------------------------------------------
用户：zjp
时间：2017-05-26 15:09:56
操作：从index.html把数据更新到data.txt
----------------------------------------------------------------
用户：zjp
时间：2017-05-26 07:11:00
系统名称：公安部身份联网核查系统数据库服务器2
所在地：亦庄中金
SERVICEID:L672
主机名：gabsfhcdb2
操作系统：Linux
应用：Oracle
----------------------------------------------------------------
用户：zjp
时间：2017-05-26 15:11:06
操作：从index.html把数据更新到data.txt
----------------------------------------------------------------
