用户：zjp
时间：2017-05-22 10:16:40
操作：从index.html把数据更新到data.txt
----------------------------------------------------------------
用户：zjp
时间：2017-05-22 02:21:57
系统名称：移动办公前置服务器1机
所在地：亦庄中金
SERVICEID:L655
主机名：oaydqz1
操作系统：Linux
应用：
----------------------------------------------------------------
用户：zjp
时间：2017-05-22 02:21:57
系统名称：移动办公前置服务器1机
所在地：亦庄中金
SERVICEID:L655
主机名：oaydqz1
操作系统：Linux
应用：系统名称：移动办公前置服务器2机
所在地：亦庄中金
SERVICEID:L656
主机名：oaydqz2
操作系统：Linux
应用：
----------------------------------------------------------------
用户：zjp
时间：2017-05-22 02:21:57
系统名称：移动办公前置服务器1机
所在地：亦庄中金
SERVICEID:L655
主机名：oaydqz1
操作系统：Linux
应用：系统名称：移动办公前置服务器2机
所在地：亦庄中金
SERVICEID:L656
主机名：oaydqz2
操作系统：Linux
应用：系统名称：银企集中对账及回单管理系统生产环境应用服务器1
所在地：亦庄中金
SERVICEID:L657
主机名：yqjzhdgl1
操作系统：Linux
应用：
----------------------------------------------------------------
用户：zjp
时间：2017-05-22 02:21:57
系统名称：移动办公前置服务器1机
所在地：亦庄中金
SERVICEID:L655
主机名：oaydqz1
操作系统：Linux
应用：系统名称：移动办公前置服务器2机
所在地：亦庄中金
SERVICEID:L656
主机名：oaydqz2
操作系统：Linux
应用：系统名称：银企集中对账及回单管理系统生产环境应用服务器1
所在地：亦庄中金
SERVICEID:L657
主机名：yqjzhdgl1
操作系统：Linux
应用：系统名称：银企集中对账及回单管理系统生产环境应用服务器2
所在地：亦庄中金
SERVICEID:L658
主机名：yqjzhdgl2
操作系统：Linux
应用：
----------------------------------------------------------------
用户：zjp
时间：2017-05-22 02:21:57
系统名称：移动办公前置服务器1机
所在地：亦庄中金
SERVICEID:L655
主机名：oaydqz1
操作系统：Linux
应用：系统名称：移动办公前置服务器2机
所在地：亦庄中金
SERVICEID:L656
主机名：oaydqz2
操作系统：Linux
应用：系统名称：银企集中对账及回单管理系统生产环境应用服务器1
所在地：亦庄中金
SERVICEID:L657
主机名：yqjzhdgl1
操作系统：Linux
应用：系统名称：银企集中对账及回单管理系统生产环境应用服务器2
所在地：亦庄中金
SERVICEID:L658
主机名：yqjzhdgl2
操作系统：Linux
应用：系统名称：反假币信息报送系统应用服务器1机
所在地：亦庄中金
SERVICEID:L659
主机名：fjbxxbs1 
操作系统：Linux
应用：
----------------------------------------------------------------
用户：zjp
时间：2017-05-22 02:21:57
系统名称：移动办公前置服务器1机
所在地：亦庄中金
SERVICEID:L655
主机名：oaydqz1
操作系统：Linux
应用：系统名称：移动办公前置服务器2机
所在地：亦庄中金
SERVICEID:L656
主机名：oaydqz2
操作系统：Linux
应用：系统名称：银企集中对账及回单管理系统生产环境应用服务器1
所在地：亦庄中金
SERVICEID:L657
主机名：yqjzhdgl1
操作系统：Linux
应用：系统名称：银企集中对账及回单管理系统生产环境应用服务器2
所在地：亦庄中金
SERVICEID:L658
主机名：yqjzhdgl2
操作系统：Linux
应用：系统名称：反假币信息报送系统应用服务器1机
所在地：亦庄中金
SERVICEID:L659
主机名：fjbxxbs1 
操作系统：Linux
应用：系统名称：反假币信息报送系统应用服务器2机
所在地：亦庄中金
SERVICEID:L660
主机名：fjbxxbs2
操作系统：Linux
应用：
----------------------------------------------------------------
用户：zjp
时间：2017-05-22 10:21:59
操作：从index.html把数据更新到data.txt
----------------------------------------------------------------
